16923 ns 17132 ns 209 ns
17174 ns 17404 ns 230 ns
17440 ns 17648 ns 208 ns
17695 ns 17908 ns 213 ns
17957 ns 18168 ns 211 ns
18974 ns 19184 ns 210 ns
20020 ns 20228 ns 208 ns
20307 ns 20516 ns 209 ns
20568 ns 20776 ns 208 ns
22412 ns 22620 ns 208 ns
22635 ns 22844 ns 209 ns
22742 ns 22952 ns 210 ns
23208 ns 23416 ns 208 ns
23249 ns 23500 ns 251 ns
23327 ns 23916 ns 589 ns
23614 ns 23936 ns 322 ns
23714 ns 24012 ns 298 ns
23831 ns 24092 ns 261 ns
24319 ns 24528 ns 209 ns
24335 ns 24548 ns 213 ns
24594 ns 24804 ns 210 ns
24891 ns 25100 ns 209 ns
26104 ns 26312 ns 208 ns
26720 ns 26928 ns 208 ns
27046 ns 27256 ns 210 ns
27842 ns 28052 ns 210 ns
28107 ns 28324 ns 217 ns
28679 ns 28888 ns 209 ns
34994 ns 35204 ns 210 ns
35455 ns 35700 ns 245 ns
35722 ns 36036 ns 314 ns
35983 ns 36212 ns 229 ns
36256 ns 36476 ns 220 ns
36512 ns 36728 ns 216 ns
36831 ns 37156 ns 325 ns
37193 ns 37436 ns 243 ns
37451 ns 37712 ns 261 ns
37850 ns 38060 ns 210 ns
37852 ns 38104 ns 252 ns
37910 ns 38140 ns 230 ns
38085 ns 38300 ns 215 ns
38128 ns 38380 ns 252 ns
38464 ns 38708 ns 244 ns
38766 ns 39024 ns 258 ns
39112 ns 39496 ns 384 ns
39508 ns 39796 ns 288 ns
40693 ns 41 us 307 ns
40914 ns 41124 ns 210 ns
40968 ns 41224 ns 256 ns
41078 ns 41288 ns 210 ns
41124 ns 41400 ns 276 ns
41166 ns 41420 ns 254 ns
41282 ns 41556 ns 274 ns
41398 ns 41652 ns 254 ns
41461 ns 41672 ns 211 ns
41503 ns 41732 ns 229 ns
41578 ns 41788 ns 210 ns
41692 ns 41900 ns 208 ns
41916 ns 42124 ns 208 ns
42124 ns 42332 ns 208 ns
42315 ns 42524 ns 209 ns
42387 ns 42604 ns 217 ns
42494 ns 42728 ns 234 ns
42575 ns 42784 ns 209 ns
42693 ns 42900 ns 207 ns
42709 ns 42940 ns 231 ns
42808 ns 43016 ns 208 ns
42980 ns 43188 ns 208 ns
44170 ns 44380 ns 210 ns
44272 ns 44480 ns 208 ns
44381 ns 44588 ns 207 ns
44485 ns 44692 ns 207 ns
44817 ns 45024 ns 207 ns
45331 ns 45540 ns 209 ns
45487 ns 45696 ns 209 ns
45764 ns 45972 ns 208 ns
45870 ns 46080 ns 210 ns
45906 ns 46116 ns 210 ns
46179 ns 46388 ns 209 ns
46290 ns 46500 ns 210 ns
46331 ns 46540 ns 209 ns
46587 ns 46796 ns 209 ns
46828 ns 47188 ns 360 ns
47129 ns 47336 ns 207 ns
223151 ns 223360 ns 209 ns
223260 ns 223468 ns 208 ns
223402 ns 223680 ns 278 ns
223513 ns 223824 ns 311 ns
261241 ns 261448 ns 207 ns
261487 ns 261696 ns 209 ns
262938 ns 263148 ns 210 ns
263197 ns 263404 ns 207 ns
1462699 ns 1462908 ns 209 ns
1463499 ns 1463708 ns 209 ns
1464300 ns 1464508 ns 208 ns
1464556 ns 1464764 ns 208 ns
1465576 ns 1465784 ns 208 ns
1472501 ns 1472708 ns 207 ns
1472755 ns 1472976 ns 221 ns
1473005 ns 1473212 ns 207 ns
1474559 ns 1474768 ns 209 ns
1474819 ns 1475028 ns 209 ns
1476400 ns 1476608 ns 208 ns
1476663 ns 1476872 ns 209 ns
1476934 ns 1477144 ns 210 ns
1477187 ns 1477396 ns 209 ns
1477441 ns 1477648 ns 207 ns
1477742 ns 1477952 ns 210 ns
1478514 ns 1478724 ns 210 ns
1478769 ns 1478976 ns 207 ns
1480307 ns 1480524 ns 217 ns
1480561 ns 1480768 ns 207 ns
1480848 ns 1481056 ns 208 ns
1543509 ns 1543716 ns 207 ns
1623330 ns 1623548 ns 218 ns
1630101 ns 1630308 ns 207 ns
1634162 ns 1634372 ns 210 ns
1634431 ns 1634640 ns 209 ns
1643550 ns 1643764 ns 214 ns
1646270 ns 1646480 ns 210 ns
1649718 ns 1649928 ns 210 ns
1649902 ns 1650112 ns 210 ns
1650308 ns 1650516 ns 208 ns
1650569 ns 1650776 ns 207 ns
1651057 ns 1651264 ns 207 ns
1651241 ns 1651448 ns 207 ns
1651686 ns 1651896 ns 210 ns
1651947 ns 1652156 ns 209 ns
1654547 ns 1654756 ns 209 ns
1667096 ns 1667304 ns 208 ns
1670139 ns 1670348 ns 209 ns
1672656 ns 1672864 ns 208 ns
1673108 ns 1673316 ns 208 ns
1673253 ns 1673460 ns 207 ns
1673764 ns 1673972 ns 208 ns
1674024 ns 1674232 ns 208 ns
1674450 ns 1674660 ns 210 ns
1674596 ns 1674804 ns 208 ns
1674782 ns 1674992 ns 210 ns
1674966 ns 1675176 ns 210 ns
1675156 ns 1675364 ns 208 ns
1675413 ns 1675620 ns 207 ns
1675673 ns 1675880 ns 207 ns
1675839 ns 1676048 ns 209 ns
1675985 ns 1676192 ns 207 ns
1676170 ns 1676380 ns 210 ns
1676354 ns 1676564 ns 210 ns
1676543 ns 1676752 ns 209 ns
1677061 ns 1677388 ns 327 ns
1677228 ns 1677436 ns 208 ns
1677373 ns 1677580 ns 207 ns
1677560 ns 1677768 ns 208 ns
1677709 ns 1677916 ns 207 ns
1677862 ns 1678072 ns 210 ns
1678381 ns 1678588 ns 207 ns
1678548 ns 1678756 ns 208 ns
1678693 ns 1678900 ns 207 ns
1678878 ns 1679088 ns 210 ns
1679063 ns 1679272 ns 209 ns
1679252 ns 1679460 ns 208 ns
1679768 ns 1679976 ns 208 ns
1679935 ns 1680144 ns 209 ns
1680081 ns 1680288 ns 207 ns
1680230 ns 1680440 ns 210 ns
1680378 ns 1680588 ns 210 ns
1680567 ns 1680816 ns 249 ns
1681088 ns 1681296 ns 208 ns
1681255 ns 1681464 ns 209 ns
1681401 ns 1681608 ns 207 ns
1681937 ns 1682144 ns 207 ns
1682617 ns 1682824 ns 207 ns
1682763 ns 1682972 ns 209 ns
1683299 ns 1683508 ns 209 ns
1683975 ns 1684184 ns 209 ns
1684121 ns 1684328 ns 207 ns
1684658 ns 1684868 ns 210 ns
1684913 ns 1685188 ns 275 ns
1685363 ns 1685572 ns 209 ns
1685509 ns 1685716 ns 207 ns
1685984 ns 1686192 ns 208 ns
1686664 ns 1686872 ns 208 ns
1686809 ns 1687016 ns 207 ns
1687345 ns 1687552 ns 207 ns
1688022 ns 1688232 ns 210 ns
1688168 ns 1688376 ns 208 ns
1688668 ns 1688876 ns 208 ns
1689350 ns 1689560 ns 210 ns
1689496 ns 1689704 ns 208 ns
1690031 ns 1690240 ns 209 ns
1690740 ns 1690948 ns 208 ns
1690886 ns 1691096 ns 210 ns
1691337 ns 1691544 ns 207 ns
1692351 ns 1692560 ns 209 ns
1692499 ns 1692708 ns 209 ns
1693188 ns 1693396 ns 208 ns
1693674 ns 1693884 ns 210 ns
1693858 ns 1694068 ns 210 ns
1694308 ns 1694516 ns 208 ns
1694567 ns 1694776 ns 209 ns
1695056 ns 1695264 ns 208 ns
1695204 ns 1695412 ns 208 ns
1695915 ns 1696124 ns 209 ns
1696404 ns 1696612 ns 208 ns
1696589 ns 1696796 ns 207 ns
1697256 ns 1697464 ns 208 ns
1698746 ns 1698956 ns 210 ns
1698932 ns 1699140 ns 208 ns
1699645 ns 1699852 ns 207 ns
1700174 ns 1700396 ns 222 ns
1700358 ns 1700788 ns 430 ns
1701076 ns 1701284 ns 208 ns
1701582 ns 1701792 ns 210 ns
1701766 ns 1701976 ns 210 ns
1702212 ns 1702424 ns 212 ns
1702514 ns 1702724 ns 210 ns
1703011 ns 1703220 ns 209 ns
1703158 ns 1703368 ns 210 ns
1703611 ns 1703820 ns 209 ns
1703871 ns 1704080 ns 209 ns
1704360 ns 1704568 ns 208 ns
1704545 ns 1704752 ns 207 ns
1705210 ns 1705420 ns 210 ns
1705710 ns 1705920 ns 210 ns
1705894 ns 1706104 ns 210 ns
1706340 ns 1706548 ns 208 ns
1706630 ns 1706840 ns 210 ns
1707118 ns 1707328 ns 210 ns
1707302 ns 1707512 ns 210 ns
1707970 ns 1708180 ns 210 ns
1708434 ns 1708644 ns 210 ns
1708617 ns 1708824 ns 207 ns
1709329 ns 1709536 ns 207 ns
1709817 ns 1710024 ns 207 ns
1710001 ns 1710208 ns 207 ns
1710706 ns 1710916 ns 210 ns
1711230 ns 1711440 ns 210 ns
1711378 ns 1711588 ns 210 ns
1712050 ns 1712260 ns 210 ns
1712539 ns 1712748 ns 209 ns
1712722 ns 1712932 ns 210 ns
1713427 ns 1713636 ns 209 ns
1713908 ns 1714116 ns 208 ns
1714092 ns 1714300 ns 208 ns
1714795 ns 1715040 ns 245 ns
1715274 ns 1715484 ns 210 ns
1715459 ns 1715668 ns 209 ns
1715905 ns 1716112 ns 207 ns
1716166 ns 1716424 ns 258 ns
1716646 ns 1716856 ns 210 ns
1716830 ns 1717040 ns 210 ns
1717505 ns 1717720 ns 215 ns
1718022 ns 1718232 ns 210 ns
1718171 ns 1718380 ns 209 ns
1718841 ns 1719084 ns 243 ns
1722652 ns 1722860 ns 208 ns
1723390 ns 1723600 ns 210 ns
1723575 ns 1723784 ns 209 ns
1724282 ns 1724500 ns 218 ns
1724801 ns 1725008 ns 207 ns
1724985 ns 1725192 ns 207 ns
1725692 ns 1725936 ns 244 ns
1726175 ns 1726384 ns 209 ns
1726324 ns 1726532 ns 208 ns
1727031 ns 1727248 ns 217 ns
1730840 ns 1731052 ns 212 ns
1733490 ns 1733700 ns 210 ns
1733918 ns 1734128 ns 210 ns
1734100 ns 1734308 ns 208 ns
1734602 ns 1734812 ns 210 ns
1735312 ns 1735520 ns 208 ns
1735494 ns 1735704 ns 210 ns
1735995 ns 1736204 ns 209 ns
1736678 ns 1736888 ns 210 ns
1738294 ns 1738504 ns 210 ns
1738780 ns 1738988 ns 208 ns
1739491 ns 1739812 ns 321 ns
1739683 ns 1739892 ns 209 ns
1740184 ns 1740392 ns 208 ns
1740437 ns 1740644 ns 207 ns
1740867 ns 1741076 ns 209 ns
1741051 ns 1741260 ns 209 ns
1741557 ns 1741764 ns 207 ns
1742413 ns 1742620 ns 207 ns
1742594 ns 1742804 ns 210 ns
1743097 ns 1743304 ns 207 ns
1743784 ns 1743992 ns 208 ns
1743967 ns 1744176 ns 209 ns
1744469 ns 1744676 ns 207 ns
1744724 ns 1744932 ns 208 ns
1745175 ns 1745384 ns 209 ns
1745357 ns 1745564 ns 207 ns
1745865 ns 1746072 ns 207 ns
1746125 ns 1746332 ns 207 ns
1746546 ns 1746756 ns 210 ns
1746729 ns 1746936 ns 207 ns
1747230 ns 1747588 ns 358 ns
1747484 ns 1747692 ns 208 ns
1747934 ns 1748144 ns 210 ns
1748115 ns 1748324 ns 209 ns
1748614 ns 1748824 ns 210 ns
1748882 ns 1749092 ns 210 ns
1749332 ns 1749540 ns 208 ns
1749514 ns 1749724 ns 210 ns
1750014 ns 1750224 ns 210 ns
1750689 ns 1750896 ns 207 ns
1750873 ns 1751080 ns 207 ns
1751376 ns 1751584 ns 208 ns
1751641 ns 1751848 ns 207 ns
1752090 ns 1752300 ns 210 ns
1752271 ns 1752480 ns 209 ns
1752709 ns 1752916 ns 207 ns
1753388 ns 1753596 ns 208 ns
1753569 ns 1753776 ns 207 ns
1753719 ns 1753928 ns 209 ns
1753904 ns 1754112 ns 208 ns
1754094 ns 1754304 ns 210 ns
1754606 ns 1754816 ns 210 ns
1754809 ns 1755016 ns 207 ns
1754991 ns 1755388 ns 397 ns
1755141 ns 1755408 ns 267 ns
1755325 ns 1755532 ns 207 ns
1755515 ns 1755724 ns 209 ns
1755777 ns 1755984 ns 207 ns
1756037 ns 1756244 ns 207 ns
1756204 ns 1756412 ns 208 ns
1756349 ns 1756556 ns 207 ns
1756534 ns 1756744 ns 210 ns
1756719 ns 1756928 ns 209 ns
1756908 ns 1757116 ns 208 ns
1757167 ns 1757376 ns 209 ns
1757425 ns 1757632 ns 207 ns
1757628 ns 1757836 ns 208 ns
1757774 ns 1757984 ns 210 ns
1757959 ns 1758168 ns 209 ns
1758144 ns 1758352 ns 208 ns
1758333 ns 1758540 ns 207 ns
1758852 ns 1759060 ns 208 ns
1759055 ns 1759264 ns 209 ns
1759201 ns 1759408 ns 207 ns
1759388 ns 1759596 ns 208 ns
1759572 ns 1759780 ns 208 ns
1759763 ns 1759972 ns 209 ns
1760283 ns 1760492 ns 209 ns
1760451 ns 1760660 ns 209 ns
1760596 ns 1760804 ns 208 ns
1760781 ns 1760988 ns 207 ns
1760966 ns 1761176 ns 210 ns
1761156 ns 1761364 ns 208 ns
1761672 ns 1761880 ns 208 ns
1761875 ns 1762084 ns 209 ns
1762021 ns 1762228 ns 207 ns
1762207 ns 1762416 ns 209 ns
1762392 ns 1762600 ns 208 ns
1762581 ns 1762788 ns 207 ns
1763102 ns 1763312 ns 210 ns
1763304 ns 1763512 ns 208 ns
1763450 ns 1763660 ns 210 ns
1763636 ns 1763844 ns 208 ns
1763822 ns 1764032 ns 210 ns
1764012 ns 1764220 ns 208 ns
1764531 ns 1764740 ns 209 ns
1764698 ns 1764908 ns 210 ns
1764843 ns 1765052 ns 209 ns
1765029 ns 1765236 ns 207 ns
1765178 ns 1765388 ns 210 ns
1765368 ns 1765576 ns 208 ns
1765888 ns 1766096 ns 208 ns
1766091 ns 1766300 ns 209 ns
1766272 ns 1766480 ns 208 ns
1766458 ns 1766668 ns 210 ns
1766643 ns 1766852 ns 209 ns
1766832 ns 1767040 ns 208 ns
1767346 ns 1767556 ns 210 ns
1767549 ns 1767756 ns 207 ns
1767731 ns 1767940 ns 209 ns
1767916 ns 1768124 ns 208 ns
1768100 ns 1768308 ns 208 ns
1768290 ns 1768500 ns 210 ns
1768806 ns 1769016 ns 210 ns
1768973 ns 1769180 ns 207 ns
1769155 ns 1769364 ns 209 ns
1769341 ns 1769548 ns 207 ns
1769527 ns 1769736 ns 209 ns
1769718 ns 1769928 ns 210 ns
1770243 ns 1770452 ns 209 ns
1770446 ns 1770656 ns 210 ns
1770629 ns 1770992 ns 363 ns
1770814 ns 1771024 ns 210 ns
1771 us 1771208 ns 208 ns
1771190 ns 1771400 ns 210 ns
1771722 ns 1771932 ns 210 ns
1771890 ns 1772100 ns 210 ns
1772037 ns 1772244 ns 207 ns
1772224 ns 1772432 ns 208 ns
1772407 ns 1772616 ns 209 ns
1772596 ns 1772804 ns 208 ns
1773121 ns 1773328 ns 207 ns
1773324 ns 1773532 ns 208 ns
1773507 ns 1773716 ns 209 ns
1773692 ns 1773900 ns 208 ns
1773876 ns 1774084 ns 208 ns
1774064 ns 1774272 ns 208 ns
1774581 ns 1774788 ns 207 ns
1774748 ns 1774956 ns 208 ns
1774930 ns 1775140 ns 210 ns
1775116 ns 1775324 ns 208 ns
1775300 ns 1775508 ns 208 ns
1775490 ns 1775700 ns 210 ns
1776027 ns 1776236 ns 209 ns
1776230 ns 1776440 ns 210 ns
1776377 ns 1776584 ns 207 ns
1776563 ns 1776848 ns 285 ns
1776747 ns 1776956 ns 209 ns
1776937 ns 1777144 ns 207 ns
1777461 ns 1777668 ns 207 ns
1779766 ns 1779976 ns 210 ns
1779960 ns 1780168 ns 208 ns
1780667 ns 1780876 ns 209 ns
1781403 ns 1781612 ns 209 ns
1781846 ns 1782056 ns 210 ns
1782148 ns 1782356 ns 208 ns
1781219 ns 1782668 ns 1449 ns
1782698 ns 1782908 ns 210 ns
1782883 ns 1783092 ns 209 ns
1783334 ns 1783544 ns 210 ns
1783593 ns 1783800 ns 207 ns
1784147 ns 1784356 ns 209 ns
1784333 ns 1784540 ns 207 ns
1785043 ns 1785252 ns 209 ns
1785596 ns 1785804 ns 208 ns
1785781 ns 1785988 ns 207 ns
1786494 ns 1786704 ns 210 ns
1787045 ns 1787252 ns 207 ns
1787230 ns 1787440 ns 210 ns
1787942 ns 1788168 ns 226 ns
1788492 ns 1788700 ns 208 ns
1788676 ns 1788884 ns 208 ns
1789382 ns 1789592 ns 210 ns
1789933 ns 1790140 ns 207 ns
1790117 ns 1790324 ns 207 ns
1790821 ns 1791028 ns 207 ns
1791370 ns 1791580 ns 210 ns
1791554 ns 1791764 ns 210 ns
1792261 ns 1792468 ns 207 ns
1792812 ns 1793024 ns 212 ns
1792997 ns 1793204 ns 207 ns
1793712 ns 1793920 ns 208 ns
1794263 ns 1794472 ns 209 ns
1794411 ns 1794620 ns 209 ns
1795120 ns 1795328 ns 208 ns
1795673 ns 1795880 ns 207 ns
1795856 ns 1796064 ns 208 ns
1796568 ns 1796776 ns 208 ns
1797122 ns 1797332 ns 210 ns
1797307 ns 1797516 ns 209 ns
1798017 ns 1798224 ns 207 ns
1798567 ns 1798776 ns 209 ns
1798751 ns 1798960 ns 209 ns
1799456 ns 1799664 ns 208 ns
1800013 ns 1800220 ns 207 ns
1800162 ns 1800372 ns 210 ns
1800833 ns 1801040 ns 207 ns
1801378 ns 1801588 ns 210 ns
1801562 ns 1801772 ns 210 ns
1802273 ns 1802480 ns 207 ns
1802822 ns 1803032 ns 210 ns
1803008 ns 1803216 ns 208 ns
1803722 ns 1803936 ns 214 ns
1804267 ns 1804476 ns 209 ns
1804451 ns 1804688 ns 237 ns
1805162 ns 1805376 ns 214 ns
1805710 ns 1805920 ns 210 ns
1805894 ns 1806104 ns 210 ns
1806600 ns 1806808 ns 208 ns
1807143 ns 1807352 ns 209 ns
1807329 ns 1807536 ns 207 ns
1808038 ns 1808252 ns 214 ns
1808586 ns 1808796 ns 210 ns
1808770 ns 1808980 ns 210 ns
1809477 ns 1809688 ns 211 ns
1810024 ns 1810232 ns 208 ns
1810210 ns 1810420 ns 210 ns
1810918 ns 1811132 ns 214 ns
1811468 ns 1811676 ns 208 ns
1811654 ns 1811864 ns 210 ns
1812096 ns 1812304 ns 208 ns
1812357 ns 1812564 ns 207 ns
1812902 ns 1813112 ns 210 ns
1813087 ns 1813296 ns 209 ns
1813536 ns 1813744 ns 208 ns
1813797 ns 1814004 ns 207 ns
1814342 ns 1814596 ns 254 ns
1814526 ns 1814736 ns 210 ns
1814974 ns 1815184 ns 210 ns
1815234 ns 1815444 ns 210 ns
1815780 ns 1815988 ns 208 ns
1815965 ns 1816172 ns 207 ns
1816414 ns 1816624 ns 210 ns
1816674 ns 1816884 ns 210 ns
1818725 ns 1818932 ns 207 ns
1819174 ns 1819384 ns 210 ns
1819438 ns 1819648 ns 210 ns
1819995 ns 1820204 ns 209 ns
1820180 ns 1820388 ns 208 ns
1818575 ns 1820816 ns 2241 ns
1820631 ns 1820840 ns 209 ns
1820892 ns 1821104 ns 212 ns
1821447 ns 1821656 ns 209 ns
1821635 ns 1821844 ns 209 ns
1822511 ns 1822720 ns 209 ns
1823056 ns 1823264 ns 208 ns
1823240 ns 1823464 ns 224 ns
1823972 ns 1824180 ns 208 ns
1863136 ns 1863344 ns 208 ns
1863955 ns 1864164 ns 209 ns
1864220 ns 1864604 ns 384 ns
1864487 ns 1864696 ns 209 ns
1864749 ns 1864956 ns 207 ns
1865283 ns 1865492 ns 209 ns
1865554 ns 1865780 ns 226 ns
1865818 ns 1866028 ns 210 ns
1866389 ns 1866596 ns 207 ns
1867706 ns 1867916 ns 210 ns
1871926 ns 1872388 ns 462 ns
1872186 ns 1872408 ns 222 ns
1872447 ns 1872668 ns 221 ns
1875846 ns 1876060 ns 214 ns
1876116 ns 1876324 ns 208 ns
1876397 ns 1876604 ns 207 ns
1876659 ns 1876868 ns 209 ns
1876924 ns 1877132 ns 208 ns
1877235 ns 1877444 ns 209 ns
1878025 ns 1878232 ns 207 ns
1878292 ns 1878500 ns 208 ns
1879714 ns 1879924 ns 210 ns
1880004 ns 1880276 ns 272 ns
1880298 ns 1880508 ns 210 ns
3511205 ns 3511412 ns 207 ns
3511379 ns 3511588 ns 209 ns
3515267 ns 3515476 ns 209 ns
3789428 ns 3789636 ns 208 ns
3789590 ns 3789800 ns 210 ns
4958627 ns 4958836 ns 209 ns
4958800 ns 4959012 ns 212 ns
5192315 ns 5192524 ns 209 ns
5192491 ns 5192700 ns 209 ns
5460797 ns 5461004 ns 207 ns
5462607 ns 5462816 ns 209 ns
5471252 ns 5471460 ns 208 ns
5471427 ns 5471636 ns 209 ns
5471596 ns 5471804 ns 208 ns
5471781 ns 5471988 ns 207 ns
5472930 ns 5473140 ns 210 ns
5473373 ns 5473580 ns 207 ns
5473770 ns 5473980 ns 210 ns
5473941 ns 5474148 ns 207 ns
5474688 ns 5474896 ns 208 ns
5476689 ns 5476896 ns 207 ns
5476858 ns 5477068 ns 210 ns
5477035 ns 5477256 ns 221 ns
5477205 ns 5477412 ns 207 ns
5481323 ns 5481532 ns 209 ns
5482013 ns 5482220 ns 207 ns
5482564 ns 5482772 ns 208 ns
5482892 ns 5483100 ns 208 ns
5483060 ns 5483268 ns 208 ns
5483237 ns 5483444 ns 207 ns
5483555 ns 5483788 ns 233 ns
5483385 ns 5483808 ns 423 ns
5483732 ns 5483940 ns 208 ns
5484097 ns 5484304 ns 207 ns
5484275 ns 5484484 ns 209 ns
5486863 ns 5487072 ns 209 ns
5487231 ns 5487440 ns 209 ns
5487412 ns 5487620 ns 208 ns
5488001 ns 5488208 ns 207 ns
5488699 ns 5488908 ns 209 ns
5489049 ns 5489256 ns 207 ns
5489219 ns 5489428 ns 209 ns
5489399 ns 5489608 ns 209 ns
5489569 ns 5489776 ns 207 ns
5489927 ns 5490136 ns 209 ns
5490177 ns 5490384 ns 207 ns
5490353 ns 5490560 ns 207 ns
5490526 ns 5490736 ns 210 ns
5490686 ns 5490896 ns 210 ns
5492166 ns 5492388 ns 222 ns
5707077 ns 5707284 ns 207 ns
5707245 ns 5707452 ns 207 ns
5940687 ns 5940896 ns 209 ns
5944465 ns 5944672 ns 207 ns
6225053 ns 6225260 ns 207 ns
6225222 ns 6225432 ns 210 ns
6460865 ns 6461072 ns 207 ns
6462611 ns 6462820 ns 209 ns
6473546 ns 6473756 ns 210 ns
6473722 ns 6473932 ns 210 ns
6473893 ns 6474100 ns 207 ns
6474924 ns 6475132 ns 208 ns
6475441 ns 6475648 ns 207 ns
6475608 ns 6475816 ns 208 ns
6475785 ns 6475992 ns 207 ns
6475954 ns 6476164 ns 210 ns
6479815 ns 6480024 ns 209 ns
6479986 ns 6480196 ns 210 ns
6480129 ns 6480336 ns 207 ns
6480304 ns 6480512 ns 208 ns
6480474 ns 6480684 ns 210 ns
6480656 ns 6480864 ns 208 ns
6480835 ns 6481044 ns 209 ns
6481004 ns 6481212 ns 208 ns
6481185 ns 6481392 ns 207 ns
6481386 ns 6481596 ns 210 ns
6481564 ns 6481772 ns 208 ns
6483642 ns 6483852 ns 210 ns
6483829 ns 6484036 ns 207 ns
6484011 ns 6484220 ns 209 ns
6484601 ns 6484808 ns 207 ns
6485001 ns 6485208 ns 207 ns
6485339 ns 6485548 ns 209 ns
6485510 ns 6485720 ns 210 ns
6485690 ns 6485900 ns 210 ns
6485861 ns 6486068 ns 207 ns
6486231 ns 6486440 ns 209 ns
6486480 ns 6486688 ns 208 ns
6486654 ns 6486864 ns 210 ns
6486829 ns 6487036 ns 207 ns
6487020 ns 6487228 ns 208 ns
6488469 ns 6488676 ns 207 ns
6750379 ns 6750588 ns 209 ns
6750548 ns 6750756 ns 208 ns
6996332 ns 6996540 ns 208 ns
7266287 ns 7266496 ns 209 ns
7266463 ns 7266684 ns 221 ns
7509014 ns 7509224 ns 210 ns
7797112 ns 7797320 ns 208 ns
7797274 ns 7797484 ns 210 ns
8022862 ns 8023068 ns 206 ns
8316982 ns 8317200 ns 218 ns
8317156 ns 8317364 ns 208 ns
8515918 ns 8516124 ns 206 ns
8545602 ns 8545812 ns 210 ns
8545766 ns 8545976 ns 210 ns
8548852 ns 8549348 ns 496 ns
8551625 ns 8551832 ns 207 ns
8552271 ns 8552480 ns 209 ns
8552440 ns 8552648 ns 208 ns
8559737 ns 8559944 ns 207 ns
8566186 ns 8566392 ns 206 ns
8566439 ns 8566648 ns 209 ns
8567244 ns 8567452 ns 208 ns
8567497 ns 8567704 ns 207 ns
8571246 ns 8571460 ns 214 ns
8571799 ns 8572008 ns 209 ns
8572344 ns 8572588 ns 244 ns
8572594 ns 8572812 ns 218 ns
8573154 ns 8573364 ns 210 ns
8574758 ns 8574964 ns 206 ns
8575248 ns 8575456 ns 208 ns
8576902 ns 8577112 ns 210 ns
8577381 ns 8577588 ns 207 ns
8578670 ns 8578876 ns 206 ns
8579427 ns 8579636 ns 209 ns
8579777 ns 8579984 ns 207 ns
8582125 ns 8582332 ns 207 ns
8585867 ns 8586076 ns 209 ns
8586044 ns 8586252 ns 208 ns
8587419 ns 8587628 ns 209 ns
8590229 ns 8590436 ns 207 ns
8590539 ns 8590768 ns 229 ns
8590688 ns 8590924 ns 236 ns
8590829 ns 8591036 ns 207 ns
8591305 ns 8591512 ns 207 ns
8591495 ns 8591720 ns 225 ns
8591679 ns 8591888 ns 209 ns
8591863 ns 8592072 ns 209 ns
8592055 ns 8592264 ns 209 ns
8592252 ns 8592460 ns 208 ns
8592432 ns 8592640 ns 208 ns
8592617 ns 8592828 ns 211 ns
8592801 ns 8593008 ns 207 ns
8592986 ns 8593192 ns 206 ns
8593166 ns 8593376 ns 210 ns
8593347 ns 8593556 ns 209 ns
8593535 ns 8593744 ns 209 ns
8593643 ns 8593856 ns 213 ns
8593729 ns 8593936 ns 207 ns
8593908 ns 8594116 ns 208 ns
8594089 ns 8594296 ns 207 ns
8594274 ns 8594480 ns 206 ns
8594464 ns 8594672 ns 208 ns
8594654 ns 8594876 ns 222 ns
8594839 ns 8595052 ns 213 ns
8595028 ns 8595236 ns 208 ns
8595219 ns 8595428 ns 209 ns
8595403 ns 8595612 ns 209 ns
8595583 ns 8596004 ns 421 ns
8595769 ns 8596028 ns 259 ns
8595959 ns 8596168 ns 209 ns
8596146 ns 8596364 ns 218 ns
8596326 ns 8596552 ns 226 ns
8596340 ns 8596572 ns 232 ns
8596512 ns 8596720 ns 208 ns
8596701 ns 8596948 ns 247 ns
8596882 ns 8597104 ns 222 ns
8597613 ns 8597820 ns 207 ns
8597925 ns 8598132 ns 207 ns
8599457 ns 8599668 ns 211 ns
8602330 ns 8602536 ns 206 ns
8602510 ns 8602716 ns 206 ns
8602881 ns 8603088 ns 207 ns
8603465 ns 8603788 ns 323 ns
8603646 ns 8603856 ns 210 ns
8603829 ns 8604036 ns 207 ns
8604007 ns 8604216 ns 209 ns
8604394 ns 8604604 ns 210 ns
8604740 ns 8604948 ns 208 ns
8606027 ns 8606236 ns 209 ns
8606343 ns 8606552 ns 209 ns
8606990 ns 8607196 ns 206 ns
8607134 ns 8607340 ns 206 ns
8607293 ns 8607500 ns 207 ns
8607465 ns 8607672 ns 207 ns
8607606 ns 8607864 ns 258 ns
8610578 ns 8610784 ns 206 ns
8610940 ns 8611204 ns 264 ns
8611308 ns 8611588 ns 280 ns
8614727 ns 8614936 ns 209 ns
8616073 ns 8616280 ns 207 ns
8616236 ns 8616444 ns 208 ns
8617608 ns 8617816 ns 208 ns
8618298 ns 8618504 ns 206 ns
8618664 ns 8618872 ns 208 ns
8619283 ns 8619492 ns 209 ns
8619478 ns 8619684 ns 206 ns
8619658 ns 8619864 ns 206 ns
8619831 ns 8620040 ns 209 ns
8620049 ns 8620256 ns 207 ns
8620958 ns 8621168 ns 210 ns
8621132 ns 8621340 ns 208 ns
8632236 ns 8632444 ns 208 ns
8632394 ns 8632600 ns 206 ns
8632564 ns 8632772 ns 208 ns
8632727 ns 8632936 ns 209 ns
8632891 ns 8633100 ns 209 ns
8633054 ns 8633264 ns 210 ns
8633216 ns 8633424 ns 208 ns
8633382 ns 8633588 ns 206 ns
8633550 ns 8633756 ns 206 ns
8634143 ns 8634352 ns 209 ns
8641506 ns 8641712 ns 206 ns
8642068 ns 8642276 ns 208 ns
8642442 ns 8642788 ns 346 ns
8643386 ns 8643596 ns 210 ns
8643591 ns 8643800 ns 209 ns
8643779 ns 8643992 ns 213 ns
8643965 ns 8644172 ns 207 ns
8644179 ns 8644388 ns 209 ns
8646948 ns 8647156 ns 208 ns
8647084 ns 8647292 ns 208 ns
8647456 ns 8647664 ns 208 ns
8647816 ns 8648024 ns 208 ns
8648281 ns 8648488 ns 207 ns
8648465 ns 8648672 ns 207 ns
8648636 ns 8648844 ns 208 ns
8648804 ns 8649012 ns 208 ns
8649003 ns 8649212 ns 209 ns
8650460 ns 8650748 ns 288 ns
8650624 ns 8650832 ns 208 ns
8651044 ns 8651252 ns 208 ns
8651599 ns 8651816 ns 217 ns
8651991 ns 8652200 ns 209 ns
8652412 ns 8652620 ns 208 ns
8652622 ns 8652880 ns 258 ns
8652808 ns 8653040 ns 232 ns
8652996 ns 8653204 ns 208 ns
8653206 ns 8653412 ns 206 ns
8654476 ns 8654684 ns 208 ns
8654661 ns 8654868 ns 207 ns
8660338 ns 8660552 ns 214 ns
8660815 ns 8661024 ns 209 ns
8661296 ns 8661504 ns 208 ns
8663875 ns 8664100 ns 225 ns
8664440 ns 8664648 ns 208 ns
8664733 ns 8664940 ns 207 ns
8664986 ns 8665196 ns 210 ns
8665248 ns 8665456 ns 208 ns
8666367 ns 8666576 ns 209 ns
8666600 ns 8666808 ns 208 ns
8667299 ns 8667508 ns 209 ns
8668317 ns 8668524 ns 207 ns
8668574 ns 8668780 ns 206 ns
8668721 ns 8668928 ns 207 ns
8668835 ns 8669044 ns 209 ns
8669080 ns 8669288 ns 208 ns
8669331 ns 8669540 ns 209 ns
8669880 ns 8670088 ns 208 ns
8670166 ns 8670372 ns 206 ns
8671399 ns 8671608 ns 209 ns
8671822 ns 8672032 ns 210 ns
8675483 ns 8675692 ns 209 ns
8682593 ns 8682800 ns 207 ns
8682780 ns 8682988 ns 208 ns
8682925 ns 8683132 ns 207 ns
8683261 ns 8683468 ns 207 ns
8683441 ns 8683648 ns 207 ns
8683620 ns 8683828 ns 208 ns
8683801 ns 8684008 ns 207 ns
8683983 ns 8684192 ns 209 ns
8684321 ns 8684528 ns 207 ns
8684496 ns 8684704 ns 208 ns
8684722 ns 8684928 ns 206 ns
8685062 ns 8685268 ns 206 ns
8685207 ns 8685416 ns 209 ns
8685558 ns 8685768 ns 210 ns
8685696 ns 8685904 ns 208 ns
8685840 ns 8686048 ns 208 ns
8685983 ns 8686192 ns 209 ns
8686121 ns 8686328 ns 207 ns
8686259 ns 8686468 ns 209 ns
8686402 ns 8686612 ns 210 ns
8686545 ns 8686752 ns 207 ns
8686683 ns 8686892 ns 209 ns
8686821 ns 8687028 ns 207 ns
8686965 ns 8687172 ns 207 ns
8687109 ns 8687316 ns 207 ns
8687247 ns 8687456 ns 209 ns
8687386 ns 8687592 ns 206 ns
8687529 ns 8687736 ns 207 ns
8687672 ns 8687880 ns 208 ns
8687811 ns 8688020 ns 209 ns
8687949 ns 8688156 ns 207 ns
8688092 ns 8688300 ns 208 ns
8688235 ns 8688444 ns 209 ns
8688373 ns 8688580 ns 207 ns
8688553 ns 8688760 ns 207 ns
8688734 ns 8688940 ns 206 ns
8688918 ns 8689132 ns 214 ns
8689099 ns 8689308 ns 209 ns
8689279 ns 8689636 ns 357 ns
8689462 ns 8689668 ns 206 ns
8689605 ns 8689812 ns 207 ns
8689744 ns 8689952 ns 208 ns
8689881 ns 8690088 ns 207 ns
8690024 ns 8690232 ns 208 ns
8716805 ns 8717012 ns 207 ns
8716987 ns 8717196 ns 209 ns
8718340 ns 8718548 ns 208 ns
8718478 ns 8718684 ns 206 ns
8723154 ns 8723360 ns 206 ns
8723575 ns 8723784 ns 209 ns
8723763 ns 8723972 ns 209 ns
8724068 ns 8724276 ns 208 ns
8724809 ns 8725016 ns 207 ns
8725957 ns 8726164 ns 207 ns
8726125 ns 8726332 ns 207 ns
8726329 ns 8726536 ns 207 ns
8726783 ns 8726992 ns 209 ns
8729926 ns 8730132 ns 206 ns
8903180 ns 8903388 ns 208 ns
8903714 ns 8903928 ns 214 ns
8904015 ns 8904224 ns 209 ns
8904276 ns 8904484 ns 208 ns
8904542 ns 8904752 ns 210 ns
8905781 ns 8905988 ns 207 ns
8906227 ns 8906436 ns 209 ns
8907278 ns 8907488 ns 210 ns
8907550 ns 8908008 ns 458 ns
8908080 ns 8908288 ns 208 ns
8911066 ns 8911272 ns 206 ns
8914117 ns 8914324 ns 207 ns
8915926 ns 8916136 ns 210 ns
8924067 ns 8924276 ns 209 ns
8924234 ns 8924444 ns 210 ns
8925223 ns 8925432 ns 209 ns
8932946 ns 8933152 ns 206 ns
8933128 ns 8933336 ns 208 ns
8933298 ns 8933508 ns 210 ns
8937586 ns 8937792 ns 206 ns
8937987 ns 8938200 ns 213 ns
8938241 ns 8938448 ns 207 ns
8938496 ns 8938704 ns 208 ns
8938774 ns 8939188 ns 414 ns
8939244 ns 8939452 ns 208 ns
8944879 ns 8945088 ns 209 ns
8945419 ns 8945628 ns 209 ns
8945938 ns 8946144 ns 206 ns
8946716 ns 8946988 ns 272 ns
8946908 ns 8947116 ns 208 ns
8947141 ns 8947348 ns 207 ns
8947364 ns 8947572 ns 208 ns
9002186 ns 9002392 ns 206 ns
9002787 ns 9002996 ns 209 ns
9002946 ns 9003156 ns 210 ns
9004607 ns 9004816 ns 209 ns
9004974 ns 9005180 ns 206 ns
9005358 ns 9005568 ns 210 ns
9005755 ns 9005964 ns 209 ns
9006079 ns 9006288 ns 209 ns
9007208 ns 9007416 ns 208 ns
9007652 ns 9007860 ns 208 ns
9007818 ns 9008024 ns 206 ns
9008966 ns 9009424 ns 458 ns
9009199 ns 9009444 ns 245 ns
9009456 ns 9009664 ns 208 ns
9009720 ns 9009928 ns 208 ns
9009908 ns 9010116 ns 208 ns
9015042 ns 9015252 ns 210 ns
9015205 ns 9015412 ns 207 ns
9015365 ns 9015572 ns 207 ns
9015532 ns 9015740 ns 208 ns
9015704 ns 9015912 ns 208 ns
9017825 ns 9018032 ns 207 ns
9019242 ns 9019448 ns 206 ns
9020135 ns 9020344 ns 209 ns
9020317 ns 9020524 ns 207 ns
9020494 ns 9020700 ns 206 ns
9020687 ns 9020896 ns 209 ns
9020838 ns 9021048 ns 210 ns
9021018 ns 9021224 ns 206 ns
9033820 ns 9034028 ns 208 ns
9033994 ns 9034200 ns 206 ns
9056705 ns 9057020 ns 315 ns
9090361 ns 9090568 ns 207 ns
9090962 ns 9091172 ns 210 ns
9091125 ns 9091332 ns 207 ns
9092188 ns 9092396 ns 208 ns
9094304 ns 9094512 ns 208 ns
9094508 ns 9094716 ns 208 ns
9094728 ns 9095224 ns 496 ns
9095302 ns 9095512 ns 210 ns
9095476 ns 9095684 ns 208 ns
9100210 ns 9100420 ns 210 ns
9100388 ns 9100596 ns 208 ns
9112205 ns 9112412 ns 207 ns
9112373 ns 9112580 ns 207 ns
9112548 ns 9112756 ns 208 ns
9112726 ns 9112936 ns 210 ns
9112907 ns 9113116 ns 209 ns
9114129 ns 9114336 ns 207 ns
9148101 ns 9148308 ns 207 ns
9148279 ns 9148488 ns 209 ns
9173088 ns 9173296 ns 208 ns
9173274 ns 9173480 ns 206 ns
9173442 ns 9173648 ns 206 ns
9173632 ns 9173840 ns 208 ns
9173817 ns 9174024 ns 207 ns
9173995 ns 9174204 ns 209 ns
9174134 ns 9174340 ns 206 ns
9174498 ns 9174708 ns 210 ns
9174856 ns 9175064 ns 208 ns
9175117 ns 9175324 ns 207 ns
9175291 ns 9175500 ns 209 ns
9175497 ns 9175708 ns 211 ns
9176679 ns 9176888 ns 209 ns
9176696 ns 9176968 ns 272 ns
9176852 ns 9177060 ns 208 ns
9207893 ns 9208100 ns 207 ns
9208495 ns 9208704 ns 209 ns
9208653 ns 9208864 ns 211 ns
9210862 ns 9211068 ns 206 ns
9211015 ns 9211224 ns 209 ns
9211173 ns 9211396 ns 223 ns
9211326 ns 9211544 ns 218 ns
9211486 ns 9211696 ns 210 ns
9211632 ns 9211840 ns 208 ns
9212256 ns 9212464 ns 208 ns
9212439 ns 9212704 ns 265 ns
9212699 ns 9212908 ns 209 ns
9212863 ns 9213072 ns 209 ns
9214164 ns 9214392 ns 228 ns
9214619 ns 9214828 ns 209 ns
9214710 ns 9214920 ns 210 ns
9214783 ns 9214992 ns 209 ns
9214968 ns 9215176 ns 208 ns
9214948 ns 9215228 ns 280 ns
9215109 ns 9215316 ns 207 ns
9215240 ns 9215448 ns 208 ns
9215276 ns 9215496 ns 220 ns
9215428 ns 9215636 ns 208 ns
9215492 ns 9215720 ns 228 ns
9215758 ns 9215968 ns 210 ns
9215843 ns 9216052 ns 209 ns
9220904 ns 9221208 ns 304 ns
9221120 ns 9221396 ns 276 ns
9221278 ns 9221488 ns 210 ns
9221452 ns 9221672 ns 220 ns
9221658 ns 9221868 ns 210 ns
9224334 ns 9224540 ns 206 ns
9224606 ns 9224816 ns 210 ns
9225704 ns 9225968 ns 264 ns
9225965 ns 9226172 ns 207 ns
9226233 ns 9226444 ns 211 ns
9226478 ns 9226688 ns 210 ns
9226489 ns 9226708 ns 219 ns
9226626 ns 9226832 ns 206 ns
9226745 ns 9226952 ns 207 ns
9226774 ns 9226980 ns 206 ns
9226977 ns 9227184 ns 207 ns
9227003 ns 9227212 ns 209 ns
9227138 ns 9227348 ns 210 ns
9227269 ns 9227476 ns 207 ns
9227529 ns 9227840 ns 311 ns
9227329 ns 9227876 ns 547 ns
9227793 ns 9228 us 207 ns
9228054 ns 9228264 ns 210 ns
9228317 ns 9228532 ns 215 ns
9228595 ns 9228804 ns 209 ns
9228851 ns 9229060 ns 209 ns
9229061 ns 9229268 ns 207 ns
9229109 ns 9229316 ns 207 ns
9229375 ns 9229584 ns 209 ns
9229654 ns 9229860 ns 206 ns
9229910 ns 9230120 ns 210 ns
9230169 ns 9230376 ns 207 ns
9230433 ns 9230640 ns 207 ns
9230692 ns 9230900 ns 208 ns
9230948 ns 9231156 ns 208 ns
9231207 ns 9231424 ns 217 ns
9231474 ns 9231688 ns 214 ns
9231731 ns 9231940 ns 209 ns
9231988 ns 9232196 ns 208 ns
9232246 ns 9232456 ns 210 ns
9232512 ns 9232720 ns 208 ns
9232771 ns 9232980 ns 209 ns
9233027 ns 9233236 ns 209 ns
9233285 ns 9233492 ns 207 ns
9233550 ns 9233756 ns 206 ns
9233849 ns 9234056 ns 207 ns
9234104 ns 9234312 ns 208 ns
9234366 ns 9234584 ns 218 ns
9234629 ns 9234836 ns 207 ns
9234888 ns 9235096 ns 208 ns
9235143 ns 9235604 ns 461 ns
9235404 ns 9235624 ns 220 ns
9235669 ns 9235876 ns 207 ns
9235927 ns 9236140 ns 213 ns
9236183 ns 9236392 ns 209 ns
9236444 ns 9236652 ns 208 ns
9236711 ns 9236924 ns 213 ns
9236760 ns 9236976 ns 216 ns
9236967 ns 9237176 ns 209 ns
9237223 ns 9237432 ns 209 ns
9237483 ns 9237692 ns 209 ns
9237749 ns 9237956 ns 207 ns
9238008 ns 9238216 ns 208 ns
9238265 ns 9238472 ns 207 ns
9238523 ns 9238732 ns 209 ns
9238790 ns 9238996 ns 206 ns
9239048 ns 9239256 ns 208 ns
9239303 ns 9239512 ns 209 ns
9239561 ns 9239768 ns 207 ns
9239826 ns 9240036 ns 210 ns
9240084 ns 9240292 ns 208 ns
9240341 ns 9240552 ns 211 ns
9240603 ns 9240816 ns 213 ns
9240865 ns 9241080 ns 215 ns
9241124 ns 9241340 ns 216 ns
9241380 ns 9241596 ns 216 ns
9241640 ns 9241852 ns 212 ns
9241906 ns 9242120 ns 214 ns
9242166 ns 9242388 ns 222 ns
9242429 ns 9242640 ns 211 ns
9242690 ns 9242912 ns 222 ns
9242955 ns 9243408 ns 453 ns
9243213 ns 9243448 ns 235 ns
9243469 ns 9243680 ns 211 ns
9243729 ns 9243940 ns 211 ns
9243998 ns 9244220 ns 222 ns
9244256 ns 9244468 ns 212 ns
9244521 ns 9244728 ns 207 ns
9244781 ns 9244988 ns 207 ns
9245043 ns 9245252 ns 209 ns
9245300 ns 9245508 ns 208 ns
9245560 ns 9245768 ns 208 ns
9245820 ns 9246028 ns 208 ns
9246081 ns 9246288 ns 207 ns
9246339 ns 9246548 ns 209 ns
9246598 ns 9246804 ns 206 ns
9246858 ns 9247064 ns 206 ns
9247121 ns 9247344 ns 223 ns
9247393 ns 9247604 ns 211 ns
9247658 ns 9247868 ns 210 ns
9247925 ns 9248132 ns 207 ns
9248191 ns 9248400 ns 209 ns
9248448 ns 9248656 ns 208 ns
9248708 ns 9248920 ns 212 ns
9248967 ns 9249180 ns 213 ns
9249230 ns 9249440 ns 210 ns
9249487 ns 9249700 ns 213 ns
9249744 ns 9249956 ns 212 ns
9250003 ns 9250216 ns 213 ns
9250269 ns 9250476 ns 207 ns
9250529 ns 9250740 ns 211 ns
9250792 ns 9251188 ns 396 ns
9251052 ns 9251304 ns 252 ns
9251317 ns 9251524 ns 207 ns
9251575 ns 9251788 ns 213 ns
9251832 ns 9252044 ns 212 ns
9252092 ns 9252304 ns 212 ns
9252360 ns 9252572 ns 212 ns
9252615 ns 9252828 ns 213 ns
9252870 ns 9253092 ns 222 ns
9253130 ns 9253352 ns 222 ns
9253396 ns 9253616 ns 220 ns
9253668 ns 9253876 ns 208 ns
9253935 ns 9254144 ns 209 ns
9254192 ns 9254400 ns 208 ns
9254454 ns 9254668 ns 214 ns
9254714 ns 9254932 ns 218 ns
9254979 ns 9255188 ns 209 ns
9255264 ns 9255488 ns 224 ns
9255526 ns 9255732 ns 206 ns
9255782 ns 9255988 ns 206 ns
9256037 ns 9256244 ns 207 ns
9256303 ns 9256512 ns 209 ns
9256566 ns 9256808 ns 242 ns
9257731 ns 9258116 ns 385 ns
9257992 ns 9258200 ns 208 ns
9258223 ns 9258440 ns 217 ns
9258256 ns 9258472 ns 216 ns
9258521 ns 9259060 ns 539 ns
9258785 ns 9259148 ns 363 ns
9259044 ns 9259292 ns 248 ns
9259305 ns 9259556 ns 251 ns
9259570 ns 9259804 ns 234 ns
9259828 ns 9260068 ns 240 ns
9260084 ns 9260332 ns 248 ns
9260374 ns 9260600 ns 226 ns
9260639 ns 9260868 ns 229 ns
9260898 ns 9261152 ns 254 ns
9261154 ns 9261416 ns 262 ns
9261423 ns 9261676 ns 253 ns
9261688 ns 9261948 ns 260 ns
9261947 ns 9262204 ns 257 ns
9262203 ns 9262468 ns 265 ns
9262463 ns 9262728 ns 265 ns
9262727 ns 9262992 ns 265 ns
9262986 ns 9263300 ns 314 ns
9263242 ns 9263532 ns 290 ns
9263501 ns 9263788 ns 287 ns
9263766 ns 9264060 ns 294 ns
9264024 ns 9264312 ns 288 ns
9264280 ns 9264536 ns 256 ns
9264540 ns 9264748 ns 208 ns
9264804 ns 9265012 ns 208 ns
9265064 ns 9265272 ns 208 ns
9265322 ns 9265532 ns 210 ns
9265581 ns 9265804 ns 223 ns
9265845 ns 9266052 ns 207 ns
9266103 ns 9266312 ns 209 ns
9266619 ns 9266848 ns 229 ns
9266359 ns 9266888 ns 529 ns
9266885 ns 9267092 ns 207 ns
9267144 ns 9267352 ns 208 ns
9267367 ns 9267576 ns 209 ns
9267401 ns 9267612 ns 211 ns
9267660 ns 9267868 ns 208 ns
9267925 ns 9268132 ns 207 ns
9268183 ns 9268392 ns 209 ns
9268449 ns 9268656 ns 207 ns
9268708 ns 9268916 ns 208 ns
9268972 ns 9269192 ns 220 ns
9269230 ns 9269448 ns 218 ns
9269266 ns 9269472 ns 206 ns
9269486 ns 9269692 ns 206 ns
9269565 ns 9269816 ns 251 ns
9269747 ns 9269960 ns 213 ns
9270013 ns 9270220 ns 207 ns
9270270 ns 9270476 ns 206 ns
9270524 ns 9270732 ns 208 ns
9270784 ns 9270992 ns 208 ns
9271051 ns 9271260 ns 209 ns
9271307 ns 9271532 ns 225 ns
9271563 ns 9271788 ns 225 ns
9271824 ns 9272044 ns 220 ns
9272089 ns 9272300 ns 211 ns
9272347 ns 9272556 ns 209 ns
9272603 ns 9272812 ns 209 ns
9272863 ns 9273072 ns 209 ns
9273129 ns 9273344 ns 215 ns
9273387 ns 9273596 ns 209 ns
9273643 ns 9273852 ns 209 ns
9273907 ns 9274116 ns 209 ns
9274427 ns 9274708 ns 281 ns
9274170 ns 9274728 ns 558 ns
9274683 ns 9274892 ns 209 ns
9274942 ns 9275152 ns 210 ns
9275206 ns 9275416 ns 210 ns
9275464 ns 9275672 ns 208 ns
9275719 ns 9275948 ns 229 ns
9275989 ns 9276196 ns 207 ns
9276254 ns 9276492 ns 238 ns
9276514 ns 9276724 ns 210 ns
9276778 ns 9276988 ns 210 ns
9277047 ns 9277256 ns 209 ns
9277313 ns 9277520 ns 207 ns
9277572 ns 9277780 ns 208 ns
9277839 ns 9278048 ns 209 ns
9278117 ns 9278324 ns 207 ns
9278397 ns 9278616 ns 219 ns
9278651 ns 9278864 ns 213 ns
9278906 ns 9279116 ns 210 ns
9279166 ns 9279380 ns 214 ns
9279434 ns 9279692 ns 258 ns
9279690 ns 9279896 ns 206 ns
9279965 ns 9280176 ns 211 ns
9280236 ns 9280444 ns 208 ns
9280502 ns 9280712 ns 210 ns
9280759 ns 9280968 ns 209 ns
9281024 ns 9281248 ns 224 ns
9281284 ns 9281500 ns 216 ns
9281559 ns 9281768 ns 209 ns
9281840 ns 9282048 ns 208 ns
9282095 ns 9282528 ns 433 ns
9282353 ns 9282588 ns 235 ns
9282621 ns 9282828 ns 207 ns
9282878 ns 9283092 ns 214 ns
9283152 ns 9283360 ns 208 ns
9283412 ns 9283620 ns 208 ns
9283677 ns 9283884 ns 207 ns
9283936 ns 9284160 ns 224 ns
9284192 ns 9284412 ns 220 ns
9284454 ns 9284664 ns 210 ns
9284719 ns 9284932 ns 213 ns
9284976 ns 9285184 ns 208 ns
9285231 ns 9285440 ns 209 ns
9285491 ns 9285700 ns 209 ns
9285761 ns 9285976 ns 215 ns
9286015 ns 9286224 ns 209 ns
9286270 ns 9286480 ns 210 ns
9286530 ns 9286740 ns 210 ns
9286795 ns 9287004 ns 209 ns
9287053 ns 9287260 ns 207 ns
9287308 ns 9287524 ns 216 ns
9287568 ns 9287864 ns 296 ns
9287833 ns 9288040 ns 207 ns
9288092 ns 9288300 ns 208 ns
9288347 ns 9288556 ns 209 ns
9288607 ns 9288816 ns 209 ns
9288725 ns 9288932 ns 207 ns
9288872 ns 9289080 ns 208 ns
9288994 ns 9289268 ns 274 ns
9289129 ns 9289348 ns 219 ns
9289385 ns 9289592 ns 207 ns
9289647 ns 9289856 ns 209 ns
9289911 ns 9290228 ns 317 ns
9290169 ns 9290380 ns 211 ns
9290425 ns 9290632 ns 207 ns
9290439 ns 9290672 ns 233 ns
9290575 ns 9290784 ns 209 ns
9290684 ns 9290904 ns 220 ns
9290718 ns 9290924 ns 206 ns
9290856 ns 9291076 ns 220 ns
9290951 ns 9291164 ns 213 ns
9291220 ns 9291428 ns 208 ns
9291483 ns 9291708 ns 225 ns
9291743 ns 9291952 ns 209 ns
9292009 ns 9292216 ns 207 ns
9292269 ns 9292492 ns 223 ns
9292523 ns 9292760 ns 237 ns
9292783 ns 9292996 ns 213 ns
9293048 ns 9293256 ns 208 ns
9293307 ns 9293516 ns 209 ns
9294162 ns 9294368 ns 206 ns
9294301 ns 9294508 ns 207 ns
9294444 ns 9294664 ns 220 ns
9294581 ns 9294820 ns 239 ns
9295260 ns 9295540 ns 280 ns
9295539 ns 9295788 ns 249 ns
9299127 ns 9299340 ns 213 ns
9299264 ns 9299476 ns 212 ns
9299410 ns 9299620 ns 210 ns
9299549 ns 9299772 ns 223 ns
9299603 ns 9299832 ns 229 ns
9299748 ns 9299956 ns 208 ns
9299907 ns 9300132 ns 225 ns
9300051 ns 9300324 ns 273 ns
9302796 ns 9303016 ns 220 ns
9302941 ns 9303148 ns 207 ns
9303091 ns 9303320 ns 229 ns
9303235 ns 9303444 ns 209 ns
9306097 ns 9306336 ns 239 ns
9306241 ns 9306456 ns 215 ns
9306388 ns 9306624 ns 236 ns
9306529 ns 9306736 ns 207 ns
9309665 ns 9309872 ns 207 ns
9309927 ns 9310136 ns 209 ns
9310211 ns 9310420 ns 209 ns
9310403 ns 9310636 ns 233 ns
9311085 ns 9311292 ns 207 ns
9311062 ns 9311356 ns 294 ns
9311242 ns 9311448 ns 206 ns
9311399 ns 9311616 ns 217 ns
9311553 ns 9311760 ns 207 ns
9311712 ns 9311920 ns 208 ns
9311864 ns 9312128 ns 264 ns
9312039 ns 9312248 ns 209 ns
9312196 ns 9312404 ns 208 ns
9312355 ns 9312584 ns 229 ns
9312511 ns 9312720 ns 209 ns
9312671 ns 9312904 ns 233 ns
9312829 ns 9313048 ns 219 ns
9312988 ns 9313196 ns 208 ns
9313143 ns 9313628 ns 485 ns
9313459 ns 9313808 ns 349 ns
9313303 ns 9313848 ns 545 ns
9313624 ns 9313928 ns 304 ns
9313791 ns 9314068 ns 277 ns
9313950 ns 9314188 ns 238 ns
9314105 ns 9314312 ns 207 ns
9314262 ns 9314468 ns 206 ns
9314365 ns 9314580 ns 215 ns
9314415 ns 9314644 ns 229 ns
9314548 ns 9314756 ns 208 ns
9314577 ns 9314804 ns 227 ns
9314731 ns 9314964 ns 233 ns
9314733 ns 9314984 ns 251 ns
9314892 ns 9315120 ns 228 ns
9315044 ns 9315284 ns 240 ns
9315116 ns 9315324 ns 208 ns
9315201 ns 9315428 ns 227 ns
9315319 ns 9315536 ns 217 ns
9315359 ns 9315568 ns 209 ns
9315510 ns 9315732 ns 222 ns
9315518 ns 9315752 ns 234 ns
9315672 ns 9315880 ns 208 ns
9315691 ns 9315920 ns 229 ns
9315830 ns 9316040 ns 210 ns
9315989 ns 9316196 ns 207 ns
9316094 ns 9316304 ns 210 ns
9316462 ns 9316684 ns 222 ns
9316691 ns 9316916 ns 225 ns
9316875 ns 9317084 ns 209 ns
9317054 ns 9317260 ns 206 ns
9317230 ns 9317452 ns 222 ns
9317447 ns 9317664 ns 217 ns
9318628 ns 9318856 ns 228 ns
9318781 ns 9319 us 219 ns
9318941 ns 9319148 ns 207 ns
9319095 ns 9319304 ns 209 ns
9319252 ns 9319460 ns 208 ns
9319407 ns 9319636 ns 229 ns
9319572 ns 9319780 ns 208 ns
9319728 ns 9319952 ns 224 ns
9319890 ns 9320116 ns 226 ns
9320069 ns 9320304 ns 235 ns
9320230 ns 9320456 ns 226 ns
9320386 ns 9320632 ns 246 ns
9320544 ns 9320840 ns 296 ns
9320699 ns 9320924 ns 225 ns
9320861 ns 9321108 ns 247 ns
9321015 ns 9321404 ns 389 ns
9321173 ns 9321424 ns 251 ns
9321326 ns 9321604 ns 278 ns
9321483 ns 9321704 ns 221 ns
9321635 ns 9321852 ns 217 ns
9321794 ns 9322020 ns 226 ns
9321949 ns 9322160 ns 211 ns
9322106 ns 9322312 ns 206 ns
9322260 ns 9322468 ns 208 ns
9322431 ns 9322656 ns 225 ns
9322584 ns 9322820 ns 236 ns
9322747 ns 9322980 ns 233 ns
9322901 ns 9323136 ns 235 ns
9323059 ns 9323280 ns 221 ns
9323221 ns 9323436 ns 215 ns
9323379 ns 9323588 ns 209 ns
9323534 ns 9323756 ns 222 ns
9344532 ns 9344808 ns 276 ns
9344864 ns 9345076 ns 212 ns
9346538 ns 9346752 ns 214 ns
9346681 ns 9346892 ns 211 ns
9346828 ns 9347040 ns 212 ns
9346969 ns 9347180 ns 211 ns
9350082 ns 9350400 ns 318 ns
9350227 ns 9350440 ns 213 ns
9350375 ns 9350588 ns 213 ns
9350518 ns 9350740 ns 222 ns
9353124 ns 9353332 ns 208 ns
9353267 ns 9353476 ns 209 ns
9353413 ns 9353620 ns 207 ns
9353557 ns 9353764 ns 207 ns
9358158 ns 9358364 ns 206 ns
9358313 ns 9358520 ns 207 ns
9358467 ns 9358680 ns 213 ns
9358651 ns 9358860 ns 209 ns
9358802 ns 9359028 ns 226 ns
9358955 ns 9359164 ns 209 ns
9359108 ns 9359316 ns 208 ns
9359257 ns 9359464 ns 207 ns
9359407 ns 9359616 ns 209 ns
9359561 ns 9359784 ns 223 ns
9359746 ns 9359952 ns 206 ns
9359925 ns 9360408 ns 483 ns
9360258 ns 9360564 ns 306 ns
9360074 ns 9360588 ns 514 ns
9360442 ns 9360648 ns 206 ns
9360590 ns 9360828 ns 238 ns
9360738 ns 9360944 ns 206 ns
9360923 ns 9361132 ns 209 ns
9361077 ns 9361296 ns 219 ns
9361256 ns 9361464 ns 208 ns
9361439 ns 9361648 ns 209 ns
9361626 ns 9361836 ns 210 ns
9361779 ns 9361988 ns 209 ns
9361928 ns 9362136 ns 208 ns
9362077 ns 9362284 ns 207 ns
9362230 ns 9362440 ns 210 ns
9362383 ns 9362592 ns 209 ns
9362531 ns 9362756 ns 225 ns
9362680 ns 9362888 ns 208 ns
9362833 ns 9363040 ns 207 ns
9362985 ns 9363200 ns 215 ns
9363132 ns 9363340 ns 208 ns
9365758 ns 9365964 ns 206 ns
9365912 ns 9366120 ns 208 ns
9366065 ns 9366272 ns 207 ns
9366213 ns 9366420 ns 207 ns
9366362 ns 9366572 ns 210 ns
9366516 ns 9366784 ns 268 ns
9366669 ns 9366876 ns 207 ns
9366820 ns 9367028 ns 208 ns
9366968 ns 9367176 ns 208 ns
9367122 ns 9367328 ns 206 ns
9367275 ns 9367484 ns 209 ns
9367423 ns 9367636 ns 213 ns
9367571 ns 9367780 ns 209 ns
9367877 ns 9368204 ns 327 ns
9367724 ns 9368224 ns 500 ns
9368025 ns 9368244 ns 219 ns
9368172 ns 9368380 ns 208 ns
9368326 ns 9368536 ns 210 ns
9368479 ns 9368688 ns 209 ns
9368661 ns 9368872 ns 211 ns
9368840 ns 9369048 ns 208 ns
9368993 ns 9369200 ns 207 ns
9369147 ns 9369360 ns 213 ns
9369295 ns 9369504 ns 209 ns
9369442 ns 9369652 ns 210 ns
9369596 ns 9369808 ns 212 ns
9369749 ns 9369956 ns 207 ns
9369897 ns 9370104 ns 207 ns
9370046 ns 9370252 ns 206 ns
9370200 ns 9370408 ns 208 ns
9370353 ns 9370572 ns 219 ns
9370500 ns 9370708 ns 208 ns
9406833 ns 9407228 ns 395 ns
9407090 ns 9407296 ns 206 ns
9407348 ns 9407556 ns 208 ns
9408868 ns 9409076 ns 208 ns
9409128 ns 9409336 ns 208 ns
9409569 ns 9409776 ns 207 ns
9409891 ns 9410100 ns 209 ns
9410145 ns 9410352 ns 207 ns
9410690 ns 9410900 ns 210 ns
9412052 ns 9412260 ns 208 ns
9412566 ns 9412772 ns 206 ns
9412924 ns 9413136 ns 212 ns
9415978 ns 9416184 ns 206 ns
9416154 ns 9416364 ns 210 ns
9416878 ns 9417084 ns 206 ns
9417678 ns 9417884 ns 206 ns
9420242 ns 9420448 ns 206 ns
9420501 ns 9420708 ns 207 ns
9420791 ns 9421 us 209 ns
9475568 ns 9475776 ns 208 ns
9476182 ns 9476392 ns 210 ns
9476353 ns 9476560 ns 207 ns
9479838 ns 9480044 ns 206 ns
9480329 ns 9480536 ns 207 ns
9480504 ns 9480712 ns 208 ns
9480906 ns 9481112 ns 206 ns
9481230 ns 9481436 ns 206 ns
9481417 ns 9481624 ns 207 ns
9481535 ns 9481744 ns 209 ns
9481729 ns 9481936 ns 207 ns
9481834 ns 9482044 ns 210 ns
9482047 ns 9482256 ns 209 ns
9482358 ns 9482568 ns 210 ns
9484807 ns 9485252 ns 445 ns
9485082 ns 9485304 ns 222 ns
9485367 ns 9485576 ns 209 ns
9485391 ns 9485600 ns 209 ns
9485673 ns 9485880 ns 207 ns
9485686 ns 9485900 ns 214 ns
9485985 ns 9486192 ns 207 ns
9486269 ns 9486504 ns 235 ns
9492453 ns 9492660 ns 207 ns
9492763 ns 9493100 ns 337 ns
9493085 ns 9493292 ns 207 ns
9493210 ns 9493420 ns 210 ns
9493397 ns 9493604 ns 207 ns
9493510 ns 9493724 ns 214 ns
9493827 ns 9494048 ns 221 ns
9494147 ns 9494364 ns 217 ns
9496617 ns 9496824 ns 207 ns
9496659 ns 9496904 ns 245 ns
9501840 ns 9502048 ns 208 ns
9502212 ns 9502428 ns 216 ns
9502477 ns 9502712 ns 235 ns
9503247 ns 9503456 ns 209 ns
9504852 ns 9505060 ns 208 ns
9505061 ns 9505288 ns 227 ns
9505326 ns 9505536 ns 210 ns
9505652 ns 9505872 ns 220 ns
9516769 ns 9516976 ns 207 ns
9517088 ns 9517312 ns 224 ns
9517409 ns 9517616 ns 207 ns
9517723 ns 9517932 ns 209 ns
9520570 ns 9520776 ns 206 ns
9520857 ns 9521064 ns 207 ns
9521147 ns 9521356 ns 209 ns
9521433 ns 9521640 ns 207 ns
9527742 ns 9527948 ns 206 ns
9528035 ns 9528244 ns 209 ns
9528330 ns 9528540 ns 210 ns
9528645 ns 9528852 ns 207 ns
9538280 ns 9538488 ns 208 ns
9538511 ns 9538756 ns 245 ns
9539020 ns 9539232 ns 212 ns
9539171 ns 9539384 ns 213 ns
9539604 ns 9540832 ns 1228 ns
9543096 ns 9543316 ns 220 ns
9543254 ns 9543464 ns 210 ns
9544012 ns 9544220 ns 208 ns
9544247 ns 9544456 ns 209 ns
9546201 ns 9546480 ns 279 ns
9546392 ns 9546668 ns 276 ns
9546608 ns 9546816 ns 208 ns
9547362 ns 9547588 ns 226 ns
9547629 ns 9547836 ns 207 ns
9547809 ns 9548016 ns 207 ns
9548171 ns 9548380 ns 209 ns
9548374 ns 9548580 ns 206 ns
9548570 ns 9548792 ns 222 ns
9548742 ns 9548948 ns 206 ns
9549097 ns 9549304 ns 207 ns
9549487 ns 9549696 ns 209 ns
9549770 ns 9549976 ns 206 ns
9549952 ns 9550160 ns 208 ns
9550176 ns 9550384 ns 208 ns
9550394 ns 9550600 ns 206 ns
9552296 ns 9552504 ns 208 ns
9613500 ns 9613716 ns 216 ns
9613818 ns 9614028 ns 210 ns
9614141 ns 9614348 ns 207 ns
9614459 ns 9614680 ns 221 ns
9621502 ns 9621708 ns 206 ns
9621811 ns 9622020 ns 209 ns
9622096 ns 9622304 ns 208 ns
9622402 ns 9622608 ns 206 ns
9626140 ns 9626348 ns 208 ns
9626830 ns 9627040 ns 210 ns
9627007 ns 9627216 ns 209 ns
9627908 ns 9628116 ns 208 ns
9628199 ns 9628408 ns 209 ns
9628496 ns 9628708 ns 212 ns
9628797 ns 9629004 ns 207 ns
9628993 ns 9629212 ns 219 ns
9629282 ns 9629492 ns 210 ns
9629641 ns 9629848 ns 207 ns
9629968 ns 9630176 ns 208 ns
9632684 ns 9632916 ns 232 ns
9633159 ns 9633448 ns 289 ns
9633341 ns 9633568 ns 227 ns
9633894 ns 9634100 ns 206 ns
9634192 ns 9634400 ns 208 ns
9634492 ns 9634700 ns 208 ns
9634786 ns 9634996 ns 210 ns
9635131 ns 9635340 ns 209 ns
9635456 ns 9635664 ns 208 ns
9635786 ns 9635992 ns 206 ns
9635980 ns 9636188 ns 208 ns
9636108 ns 9636316 ns 208 ns
9636270 ns 9636476 ns 206 ns
9636444 ns 9636724 ns 280 ns
9636589 ns 9636796 ns 207 ns
9636755 ns 9636964 ns 209 ns
9636883 ns 9637092 ns 209 ns
9637071 ns 9637280 ns 209 ns
9637404 ns 9637616 ns 212 ns
9637588 ns 9637796 ns 208 ns
9637753 ns 9637960 ns 207 ns
9637898 ns 9638104 ns 206 ns
9638061 ns 9638276 ns 215 ns
9638210 ns 9638420 ns 210 ns
9638383 ns 9638592 ns 209 ns
9638524 ns 9638732 ns 208 ns
9638663 ns 9638872 ns 209 ns
9638993 ns 9639200 ns 207 ns
9639304 ns 9639512 ns 208 ns
9639615 ns 9639824 ns 209 ns
9639930 ns 9640196 ns 266 ns
9640285 ns 9640492 ns 207 ns
9640613 ns 9640820 ns 207 ns
9640928 ns 9641332 ns 404 ns
9641239 ns 9641448 ns 209 ns
9641598 ns 9641808 ns 210 ns
9641936 ns 9642144 ns 208 ns
9642273 ns 9642480 ns 207 ns
9642552 ns 9642760 ns 208 ns
9642615 ns 9642824 ns 209 ns
9642865 ns 9643072 ns 207 ns
9642980 ns 9643188 ns 208 ns
9643190 ns 9643400 ns 210 ns
9643308 ns 9643524 ns 216 ns
9643477 ns 9643704 ns 227 ns
9643640 ns 9643848 ns 208 ns
9643968 ns 9644176 ns 208 ns
9644140 ns 9644360 ns 220 ns
9644283 ns 9644492 ns 209 ns
9644429 ns 9644636 ns 207 ns
9644577 ns 9644784 ns 207 ns
9644730 ns 9644936 ns 206 ns
9644904 ns 9645128 ns 224 ns
9645056 ns 9645264 ns 208 ns
9645238 ns 9645444 ns 206 ns
9645604 ns 9645820 ns 216 ns
9645922 ns 9646132 ns 210 ns
9646052 ns 9646264 ns 212 ns
9646249 ns 9646456 ns 207 ns
9646433 ns 9646640 ns 207 ns
9646574 ns 9646784 ns 210 ns
9646704 ns 9646928 ns 224 ns
9647621 ns 9647828 ns 207 ns
9647664 ns 9647892 ns 228 ns
9647944 ns 9648152 ns 208 ns
9648272 ns 9648480 ns 208 ns
9648776 ns 9649004 ns 228 ns
9648596 ns 9649024 ns 428 ns
9648952 ns 9649160 ns 208 ns
9649096 ns 9649304 ns 208 ns
9649272 ns 9649480 ns 208 ns
9649420 ns 9649632 ns 212 ns
9649595 ns 9649804 ns 209 ns
9649737 ns 9649948 ns 211 ns
9649913 ns 9650120 ns 207 ns
9650258 ns 9650464 ns 206 ns
9650572 ns 9650780 ns 208 ns
9650897 ns 9651104 ns 207 ns
9651221 ns 9651428 ns 207 ns
9651911 ns 9652120 ns 209 ns
9652290 ns 9652500 ns 210 ns
9652528 ns 9652744 ns 216 ns
9652814 ns 9653024 ns 210 ns
9653010 ns 9653216 ns 206 ns
9732903 ns 9733112 ns 209 ns
9733504 ns 9733712 ns 208 ns
9733668 ns 9733876 ns 208 ns
9734553 ns 9734788 ns 235 ns
9736541 ns 9736760 ns 219 ns
9737513 ns 9737720 ns 207 ns
9738162 ns 9738372 ns 210 ns
9738362 ns 9738568 ns 206 ns
9738582 ns 9738788 ns 206 ns
9739164 ns 9739372 ns 208 ns
9737926 ns 9739620 ns 1694 ns
9743703 ns 9743912 ns 209 ns
9743880 ns 9744088 ns 208 ns
9815509 ns 9815720 ns 211 ns
9816111 ns 9816320 ns 209 ns
9816274 ns 9816516 ns 242 ns
9816646 ns 9816852 ns 206 ns
9819176 ns 9819384 ns 208 ns
9819376 ns 9819584 ns 208 ns
9819602 ns 9819808 ns 206 ns
9820209 ns 9820588 ns 379 ns
9821284 ns 9821492 ns 208 ns
9821740 ns 9821948 ns 208 ns
9821909 ns 9822116 ns 207 ns
9822256 ns 9822464 ns 208 ns
9822502 ns 9822708 ns 206 ns
9822734 ns 9822944 ns 210 ns
9823181 ns 9823388 ns 207 ns
9823583 ns 9823792 ns 209 ns
9933278 ns 9933484 ns 206 ns
9933879 ns 9934088 ns 209 ns
9934044 ns 9934252 ns 208 ns
9935161 ns 9935368 ns 207 ns
9936965 ns 9937192 ns 227 ns
9938489 ns 9938696 ns 207 ns
9938691 ns 9938900 ns 209 ns
9938917 ns 9939124 ns 207 ns
9939524 ns 9939824 ns 300 ns
9993982 ns 9994200 ns 218 ns
9994627 ns 9994836 ns 209 ns
9998403 ns 9998672 ns 269 ns
10001405 ns 10001656 ns 251 ns
10002418 ns 10002624 ns 206 ns
10003168 ns 10003376 ns 208 ns
10004431 ns 10004648 ns 217 ns
10005029 ns 10005236 ns 207 ns
10005192 ns 10005400 ns 208 ns
10008206 ns 10008412 ns 206 ns
10008314 ns 10008520 ns 206 ns
10008370 ns 10008576 ns 206 ns
10009057 ns 10009264 ns 207 ns
10009227 ns 10009436 ns 209 ns
10011809 ns 10012044 ns 235 ns
10011855 ns 10012064 ns 209 ns
10012030 ns 10012240 ns 210 ns
10012819 ns 10013028 ns 209 ns
10015276 ns 10015608 ns 332 ns
10081272 ns 10081480 ns 208 ns
10082247 ns 10082456 ns 209 ns
10082430 ns 10082640 ns 210 ns
10082605 ns 10082812 ns 207 ns
10082784 ns 10082992 ns 208 ns
10082963 ns 10083172 ns 209 ns
10084628 ns 10084836 ns 208 ns
10085364 ns 10085788 ns 424 ns
10146067 ns 10146276 ns 209 ns
10146994 ns 10147204 ns 210 ns
10176842 ns 10177048 ns 206 ns
10177392 ns 10177600 ns 208 ns
10177946 ns 10178152 ns 206 ns
10203389 ns 10203596 ns 207 ns
10203639 ns 10203848 ns 209 ns
10285953 ns 10286160 ns 207 ns
10286300 ns 10286508 ns 208 ns
10286465 ns 10286688 ns 223 ns
10287389 ns 10287596 ns 207 ns
11063746 ns 11063956 ns 210 ns
