16964 ns 18208 ns 1244 ns
17857 ns 18428 ns 571 ns
18144 ns 18692 ns 548 ns
18722 ns 18944 ns 222 ns
18408 ns 18964 ns 556 ns
18680 ns 19304 ns 624 ns
19500 ns 19716 ns 216 ns
20342 ns 20568 ns 226 ns
20708 ns 21276 ns 568 ns
20826 ns 21384 ns 558 ns
21168 ns 21724 ns 556 ns
21590 ns 21820 ns 230 ns
21863 ns 22084 ns 221 ns
21868 ns 22104 ns 236 ns
22154 ns 22372 ns 218 ns
22271 ns 22532 ns 261 ns
22410 ns 22628 ns 218 ns
22669 ns 22884 ns 215 ns
22886 ns 23108 ns 222 ns
22997 ns 23236 ns 239 ns
23785 ns 24004 ns 219 ns
24058 ns 24276 ns 218 ns
24575 ns 24792 ns 217 ns
25314 ns 25540 ns 226 ns
25596 ns 25812 ns 216 ns
27402 ns 27620 ns 218 ns
27662 ns 27880 ns 218 ns
28101 ns 28316 ns 215 ns
28380 ns 28596 ns 216 ns
28401 ns 28620 ns 219 ns
28612 ns 28828 ns 216 ns
28963 ns 29204 ns 241 ns
29308 ns 29536 ns 228 ns
29838 ns 30056 ns 218 ns
29956 ns 30172 ns 216 ns
30139 ns 30356 ns 217 ns
30640 ns 30856 ns 216 ns
31123 ns 31592 ns 469 ns
31229 ns 31700 ns 471 ns
31476 ns 31840 ns 364 ns
31691 ns 31916 ns 225 ns
31818 ns 32072 ns 254 ns
32309 ns 32524 ns 215 ns
32748 ns 32964 ns 216 ns
33310 ns 33536 ns 226 ns
33914 ns 34144 ns 230 ns
35127 ns 35344 ns 217 ns
34990 ns 35432 ns 442 ns
35324 ns 35624 ns 300 ns
35599 ns 35952 ns 353 ns
35883 ns 36136 ns 253 ns
36141 ns 36400 ns 259 ns
36400 ns 36660 ns 260 ns
36732 ns 37012 ns 280 ns
37087 ns 37360 ns 273 ns
37348 ns 37616 ns 268 ns
37810 ns 38028 ns 218 ns
38329 ns 38544 ns 215 ns
38590 ns 38808 ns 218 ns
38848 ns 39068 ns 220 ns
39539 ns 39872 ns 333 ns
40215 ns 40432 ns 217 ns
40397 ns 40612 ns 215 ns
40726 ns 41084 ns 358 ns
42111 ns 42328 ns 217 ns
42335 ns 42568 ns 233 ns
43691 ns 43996 ns 305 ns
43918 ns 44136 ns 218 ns
44025 ns 44240 ns 215 ns
44141 ns 44408 ns 267 ns
61237 ns 61460 ns 223 ns
62300 ns 62516 ns 216 ns
63267 ns 63484 ns 217 ns
63304 ns 63564 ns 260 ns
63340 ns 63644 ns 304 ns
63381 ns 63724 ns 343 ns
63645 ns 63860 ns 215 ns
63903 ns 64120 ns 217 ns
141500 ns 141716 ns 216 ns
142454 ns 142672 ns 218 ns
142498 ns 142752 ns 254 ns
142540 ns 142832 ns 292 ns
142609 ns 142912 ns 303 ns
181886 ns 182104 ns 218 ns
182514 ns 183328 ns 814 ns
221731 ns 221948 ns 217 ns
222883 ns 223100 ns 217 ns
222992 ns 223208 ns 216 ns
220523 ns 223380 ns 2857 ns
222609 ns 223460 ns 851 ns
222658 ns 223540 ns 882 ns
223670 ns 223892 ns 222 ns
223781 ns 224396 ns 615 ns
260895 ns 261164 ns 269 ns
261749 ns 261972 ns 223 ns
261917 ns 262132 ns 215 ns
262595 ns 262836 ns 241 ns
263459 ns 263676 ns 217 ns
341044 ns 341260 ns 216 ns
342138 ns 342356 ns 218 ns
421101 ns 421316 ns 215 ns
421787 ns 422004 ns 217 ns
501134 ns 501352 ns 218 ns
501805 ns 502020 ns 215 ns
541720 ns 541936 ns 216 ns
580747 ns 580964 ns 217 ns
620956 ns 621172 ns 216 ns
621819 ns 622036 ns 217 ns
701570 ns 701788 ns 218 ns
741698 ns 741916 ns 218 ns
821138 ns 821356 ns 218 ns
822213 ns 822428 ns 215 ns
901014 ns 901232 ns 218 ns
902073 ns 902288 ns 215 ns
902635 ns 902852 ns 217 ns
902674 ns 903012 ns 338 ns
902716 ns 903092 ns 376 ns
902759 ns 903172 ns 413 ns
941683 ns 941900 ns 217 ns
981708 ns 981924 ns 216 ns
982383 ns 982604 ns 221 ns
982483 ns 982700 ns 217 ns
982526 ns 982780 ns 254 ns
1061064 ns 1061280 ns 216 ns
1061731 ns 1061948 ns 217 ns
1062467 ns 1062684 ns 217 ns
1062512 ns 1062764 ns 252 ns
1062599 ns 1062844 ns 245 ns
1062638 ns 1062864 ns 226 ns
1062990 ns 1063204 ns 214 ns
1141153 ns 1141368 ns 215 ns
1141792 ns 1142008 ns 216 ns
1142478 ns 1142696 ns 218 ns
1142514 ns 1142776 ns 262 ns
1142555 ns 1142856 ns 301 ns
1142597 ns 1142936 ns 339 ns
1182151 ns 1182368 ns 217 ns
1221514 ns 1221732 ns 218 ns
1222204 ns 1222456 ns 252 ns
1222239 ns 1222536 ns 297 ns
1222282 ns 1222616 ns 334 ns
1222310 ns 1222696 ns 386 ns
1261457 ns 1261712 ns 255 ns
1301943 ns 1302160 ns 217 ns
1302861 ns 1303076 ns 215 ns
1340509 ns 1340792 ns 283 ns
1341679 ns 1342072 ns 393 ns
1342318 ns 1342672 ns 354 ns
1342409 ns 1342832 ns 423 ns
1381771 ns 1381992 ns 221 ns
1382660 ns 1382876 ns 216 ns
1382769 ns 1382984 ns 215 ns
1421893 ns 1422108 ns 215 ns
1422638 ns 1422896 ns 258 ns
1461698 ns 1461916 ns 218 ns
1462398 ns 1462616 ns 218 ns
1462414 ns 1462696 ns 282 ns
1465298 ns 1465516 ns 218 ns
1466351 ns 1466812 ns 461 ns
1466900 ns 1467116 ns 216 ns
1467160 ns 1467384 ns 224 ns
1467425 ns 1467640 ns 215 ns
1467688 ns 1467904 ns 216 ns
1468209 ns 1468424 ns 215 ns
1470144 ns 1470424 ns 280 ns
1472224 ns 1472440 ns 216 ns
1473251 ns 1473468 ns 217 ns
1473512 ns 1473728 ns 216 ns
1473773 ns 1473988 ns 215 ns
1474288 ns 1474592 ns 304 ns
1475061 ns 1475276 ns 215 ns
1475579 ns 1475796 ns 217 ns
1476106 ns 1476324 ns 218 ns
1478290 ns 1478508 ns 218 ns
1479040 ns 1479256 ns 216 ns
1479912 ns 1480128 ns 216 ns
1482421 ns 1482636 ns 215 ns
1483785 ns 1484004 ns 219 ns
1502031 ns 1502276 ns 245 ns
1502635 ns 1502928 ns 293 ns
1541786 ns 1542004 ns 218 ns
1542725 ns 1542940 ns 215 ns
1552177 ns 1552592 ns 415 ns
1553242 ns 1553460 ns 218 ns
1553507 ns 1553724 ns 217 ns
1553762 ns 1553980 ns 218 ns
1554266 ns 1554484 ns 218 ns
1554521 ns 1554736 ns 215 ns
1554788 ns 1555004 ns 216 ns
1555048 ns 1555264 ns 216 ns
1555566 ns 1555784 ns 218 ns
1556086 ns 1556304 ns 218 ns
1559012 ns 1559228 ns 216 ns
1580775 ns 1580992 ns 217 ns
1581694 ns 1581924 ns 230 ns
1582437 ns 1582780 ns 343 ns
1621622 ns 1621872 ns 250 ns
1622613 ns 1622924 ns 311 ns
1622687 ns 1623004 ns 317 ns
1622694 ns 1623084 ns 390 ns
1624638 ns 1624856 ns 218 ns
1624889 ns 1625104 ns 215 ns
1625675 ns 1625892 ns 217 ns
1625932 ns 1626148 ns 216 ns
1626493 ns 1626708 ns 215 ns
1627776 ns 1627992 ns 216 ns
1629413 ns 1629632 ns 219 ns
1629672 ns 1629888 ns 216 ns
1630335 ns 1630648 ns 313 ns
1631554 ns 1631772 ns 218 ns
1633114 ns 1633332 ns 218 ns
1633367 ns 1633584 ns 217 ns
1634914 ns 1635132 ns 218 ns
1635435 ns 1635652 ns 217 ns
1637964 ns 1638392 ns 428 ns
1638136 ns 1638412 ns 276 ns
1638888 ns 1639104 ns 216 ns
1639036 ns 1639252 ns 216 ns
1639719 ns 1639936 ns 217 ns
1640225 ns 1640440 ns 215 ns
1640398 ns 1640616 ns 218 ns
1641090 ns 1641308 ns 218 ns
1641594 ns 1641812 ns 218 ns
1641740 ns 1641956 ns 216 ns
1642408 ns 1642624 ns 216 ns
1642911 ns 1643128 ns 217 ns
1643083 ns 1643300 ns 217 ns
1643778 ns 1643996 ns 218 ns
1644282 ns 1644500 ns 218 ns
1644455 ns 1644672 ns 217 ns
1645146 ns 1645364 ns 218 ns
1645650 ns 1645868 ns 218 ns
1645823 ns 1646208 ns 385 ns
1646497 ns 1646712 ns 215 ns
1647026 ns 1647244 ns 218 ns
1647174 ns 1647392 ns 218 ns
1647586 ns 1647812 ns 226 ns
1647846 ns 1648076 ns 230 ns
1648349 ns 1648564 ns 215 ns
1648522 ns 1648740 ns 218 ns
1648936 ns 1649152 ns 216 ns
1649196 ns 1649412 ns 216 ns
1649362 ns 1649580 ns 218 ns
1649534 ns 1649752 ns 218 ns
1650022 ns 1650240 ns 218 ns
1650702 ns 1650920 ns 218 ns
1650874 ns 1651104 ns 230 ns
1651396 ns 1651612 ns 216 ns
1653084 ns 1653300 ns 216 ns
1653934 ns 1654152 ns 218 ns
1654106 ns 1654324 ns 218 ns
1654774 ns 1654992 ns 218 ns
1655247 ns 1655464 ns 217 ns
1655394 ns 1655612 ns 218 ns
1656093 ns 1656308 ns 215 ns
1656597 ns 1656812 ns 215 ns
1656769 ns 1656984 ns 215 ns
1657212 ns 1657428 ns 216 ns
1657472 ns 1657688 ns 216 ns
1661896 ns 1662176 ns 280 ns
1663803 ns 1664020 ns 217 ns
1663974 ns 1664192 ns 218 ns
1664410 ns 1664628 ns 218 ns
1664669 ns 1664884 ns 215 ns
1664835 ns 1665052 ns 217 ns
1665008 ns 1665224 ns 216 ns
1665157 ns 1665372 ns 215 ns
1665330 ns 1665548 ns 218 ns
1665507 ns 1665724 ns 217 ns
1666026 ns 1666244 ns 218 ns
1666218 ns 1666436 ns 218 ns
1666365 ns 1666580 ns 215 ns
1666804 ns 1667020 ns 216 ns
1667478 ns 1667696 ns 218 ns
1667650 ns 1667868 ns 218 ns
1667800 ns 1668016 ns 216 ns
1667948 ns 1668164 ns 216 ns
1668101 ns 1668316 ns 215 ns
1668355 ns 1668572 ns 217 ns
1668615 ns 1668832 ns 217 ns
1668782 ns 1669 us 218 ns
1668954 ns 1669172 ns 218 ns
1669103 ns 1669320 ns 217 ns
1669250 ns 1669656 ns 406 ns
1669403 ns 1669676 ns 273 ns
1669945 ns 1670160 ns 215 ns
1670378 ns 1670596 ns 218 ns
1670550 ns 1670768 ns 218 ns
1670699 ns 1670916 ns 217 ns
1670848 ns 1671064 ns 216 ns
1671025 ns 1671240 ns 215 ns
1671540 ns 1671756 ns 216 ns
1671707 ns 1671924 ns 217 ns
1671880 ns 1672096 ns 216 ns
1672030 ns 1672248 ns 218 ns
1672202 ns 1672420 ns 218 ns
1672355 ns 1672572 ns 217 ns
1672871 ns 1673088 ns 217 ns
1673394 ns 1673612 ns 218 ns
1673566 ns 1673784 ns 218 ns
1674240 ns 1674524 ns 284 ns
1679470 ns 1679688 ns 218 ns
1682160 ns 1682376 ns 216 ns
1683519 ns 1683736 ns 217 ns
1688900 ns 1689116 ns 216 ns
1690258 ns 1690476 ns 218 ns
1691005 ns 1691220 ns 215 ns
1691152 ns 1691368 ns 216 ns
1691830 ns 1692048 ns 218 ns
1691998 ns 1692216 ns 218 ns
1692170 ns 1692388 ns 218 ns
1692620 ns 1693048 ns 428 ns
1692876 ns 1693092 ns 216 ns
1693322 ns 1693540 ns 218 ns
1693492 ns 1693708 ns 216 ns
1694015 ns 1694232 ns 217 ns
1694702 ns 1694920 ns 218 ns
1694874 ns 1695092 ns 218 ns
1695364 ns 1695628 ns 264 ns
1696051 ns 1696268 ns 217 ns
1696223 ns 1696440 ns 217 ns
1696712 ns 1696928 ns 216 ns
1698395 ns 1698612 ns 217 ns
1698567 ns 1698784 ns 217 ns
1699093 ns 1699308 ns 215 ns
1699355 ns 1699572 ns 217 ns
1699819 ns 1700036 ns 217 ns
1699992 ns 1700208 ns 216 ns
1700523 ns 1700872 ns 349 ns
1701253 ns 1701468 ns 215 ns
1701400 ns 1701616 ns 216 ns
1701709 ns 1701924 ns 215 ns
1701924 ns 1702140 ns 216 ns
1702612 ns 1702828 ns 216 ns
1702650 ns 1702868 ns 218 ns
1702699 ns 1702916 ns 217 ns
1702753 ns 1702996 ns 243 ns
1702824 ns 1703040 ns 216 ns
1703317 ns 1703532 ns 215 ns
1704007 ns 1704224 ns 217 ns
1704179 ns 1704396 ns 217 ns
1704666 ns 1704884 ns 218 ns
1704918 ns 1705172 ns 254 ns
1705382 ns 1705612 ns 230 ns
1705528 ns 1705744 ns 216 ns
1706051 ns 1706268 ns 217 ns
1706764 ns 1706980 ns 216 ns
1706936 ns 1707152 ns 216 ns
1707423 ns 1707640 ns 217 ns
1708104 ns 1708320 ns 216 ns
1708250 ns 1708656 ns 406 ns
1708773 ns 1708988 ns 215 ns
1709462 ns 1709680 ns 218 ns
1709634 ns 1709852 ns 218 ns
1710158 ns 1710376 ns 218 ns
1710876 ns 1711092 ns 216 ns
1711047 ns 1711264 ns 217 ns
1711499 ns 1711716 ns 217 ns
1711753 ns 1711968 ns 215 ns
1712184 ns 1712400 ns 216 ns
1712356 ns 1712572 ns 216 ns
1712878 ns 1713096 ns 218 ns
1719921 ns 1720136 ns 215 ns
1721302 ns 1721520 ns 218 ns
1723991 ns 1724208 ns 217 ns
1726741 ns 1726956 ns 215 ns
1727520 ns 1727736 ns 216 ns
1727668 ns 1727896 ns 228 ns
1728099 ns 1728316 ns 217 ns
1728361 ns 1728576 ns 215 ns
1728840 ns 1729056 ns 216 ns
1729013 ns 1729240 ns 227 ns
1729458 ns 1729676 ns 218 ns
1729722 ns 1729940 ns 218 ns
1730204 ns 1730420 ns 216 ns
1730375 ns 1730600 ns 225 ns
1731070 ns 1731348 ns 278 ns
1731551 ns 1731992 ns 441 ns
1731723 ns 1732012 ns 289 ns
1732417 ns 1732632 ns 215 ns
1732894 ns 1733112 ns 218 ns
1733042 ns 1733260 ns 218 ns
1733719 ns 1733936 ns 217 ns
1734218 ns 1734436 ns 218 ns
1734392 ns 1734608 ns 216 ns
1735089 ns 1735304 ns 215 ns
1735612 ns 1735828 ns 216 ns
1735785 ns 1736 us 215 ns
1736217 ns 1736432 ns 215 ns
1736479 ns 1736696 ns 217 ns
1737963 ns 1738180 ns 217 ns
1738416 ns 1738632 ns 216 ns
1738564 ns 1738780 ns 216 ns
1739006 ns 1739224 ns 218 ns
1739265 ns 1739480 ns 215 ns
1739798 ns 1740020 ns 222 ns
1739971 ns 1740188 ns 217 ns
1740665 ns 1740904 ns 239 ns
1741172 ns 1741388 ns 216 ns
1741345 ns 1741560 ns 215 ns
1742214 ns 1742432 ns 218 ns
1742712 ns 1742928 ns 216 ns
1742885 ns 1743100 ns 215 ns
1743585 ns 1743800 ns 215 ns
1762823 ns 1763192 ns 369 ns
1777194 ns 1777412 ns 218 ns
1778988 ns 1779204 ns 216 ns
1779410 ns 1779628 ns 218 ns
1779584 ns 1779800 ns 216 ns
1780148 ns 1780364 ns 216 ns
1780402 ns 1780620 ns 218 ns
1780868 ns 1781084 ns 216 ns
1781039 ns 1781256 ns 217 ns
1781586 ns 1781804 ns 218 ns
1781686 ns 1781904 ns 218 ns
1782346 ns 1782564 ns 218 ns
1782357 ns 1782584 ns 227 ns
1782430 ns 1782656 ns 226 ns
1782516 ns 1782732 ns 216 ns
1783067 ns 1783284 ns 217 ns
1783792 ns 1784008 ns 216 ns
1783965 ns 1784180 ns 215 ns
1784518 ns 1784736 ns 218 ns
1784778 ns 1784996 ns 218 ns
1785240 ns 1785456 ns 216 ns
1785414 ns 1785632 ns 218 ns
1785965 ns 1786180 ns 215 ns
1786691 ns 1786908 ns 217 ns
1786863 ns 1787080 ns 217 ns
1787414 ns 1787632 ns 218 ns
1788137 ns 1788352 ns 215 ns
1788311 ns 1788528 ns 217 ns
1788860 ns 1789076 ns 216 ns
1789579 ns 1789796 ns 217 ns
1789752 ns 1789968 ns 216 ns
1790299 ns 1790516 ns 217 ns
1791016 ns 1791232 ns 216 ns
1791188 ns 1791404 ns 216 ns
1791736 ns 1791952 ns 216 ns
1792456 ns 1792672 ns 216 ns
1792628 ns 1792844 ns 216 ns
1793179 ns 1793396 ns 217 ns
1793907 ns 1794124 ns 217 ns
1794080 ns 1794460 ns 380 ns
1794594 ns 1794812 ns 218 ns
1795316 ns 1795532 ns 216 ns
1795489 ns 1795704 ns 215 ns
1796037 ns 1796252 ns 215 ns
1796765 ns 1796980 ns 215 ns
1796938 ns 1797156 ns 218 ns
1797490 ns 1797708 ns 218 ns
1798215 ns 1798432 ns 217 ns
1798386 ns 1798604 ns 218 ns
1798935 ns 1799152 ns 217 ns
1799656 ns 1799872 ns 216 ns
1799829 ns 1800044 ns 215 ns
1800312 ns 1800528 ns 216 ns
1800569 ns 1800784 ns 215 ns
1802006 ns 1802224 ns 218 ns
1803456 ns 1803672 ns 216 ns
1804896 ns 1805112 ns 216 ns
1817907 ns 1818124 ns 217 ns
1822087 ns 1822304 ns 217 ns
1823717 ns 1823932 ns 215 ns
1824183 ns 1824400 ns 217 ns
1824354 ns 1824572 ns 218 ns
1824609 ns 1824824 ns 215 ns
1827765 ns 1827980 ns 215 ns
1828071 ns 1828288 ns 217 ns
1828391 ns 1828608 ns 217 ns
1860923 ns 1861152 ns 229 ns
1861642 ns 1861860 ns 218 ns
1862315 ns 1862532 ns 217 ns
1862355 ns 1862628 ns 273 ns
1862391 ns 1862708 ns 317 ns
1869267 ns 1869484 ns 217 ns
1869516 ns 1869732 ns 216 ns
1869873 ns 1870088 ns 215 ns
1870173 ns 1870388 ns 215 ns
1870426 ns 1870644 ns 218 ns
1871419 ns 1871636 ns 217 ns
1872993 ns 1873208 ns 215 ns
1873242 ns 1873460 ns 218 ns
1874817 ns 1875032 ns 215 ns
1875329 ns 1875544 ns 215 ns
1877818 ns 1878036 ns 218 ns
1878594 ns 1878812 ns 218 ns
1882312 ns 1882528 ns 216 ns
1882564 ns 1882780 ns 216 ns
1882825 ns 1883040 ns 215 ns
1940937 ns 1941164 ns 227 ns
1941983 ns 1942200 ns 217 ns
1942748 ns 1943028 ns 280 ns
1942802 ns 1943108 ns 306 ns
1942842 ns 1943188 ns 346 ns
1942912 ns 1943268 ns 356 ns
2020825 ns 2021040 ns 215 ns
2021887 ns 2022104 ns 217 ns
2022861 ns 2023076 ns 215 ns
2022912 ns 2023156 ns 244 ns
2022941 ns 2023236 ns 295 ns
2023075 ns 2023292 ns 217 ns
2061783 ns 2062 us 217 ns
2101708 ns 2101924 ns 216 ns
2102599 ns 2102816 ns 217 ns
2102705 ns 2102920 ns 215 ns
2102745 ns 2103 us 255 ns
2140463 ns 2140720 ns 257 ns
2180983 ns 2181200 ns 217 ns
2181655 ns 2181872 ns 217 ns
2182619 ns 2182836 ns 217 ns
2182667 ns 2182916 ns 249 ns
2182709 ns 2182996 ns 287 ns
2182752 ns 2183076 ns 324 ns
2221852 ns 2222068 ns 216 ns
2261661 ns 2261876 ns 215 ns
2262282 ns 2262500 ns 218 ns
2262382 ns 2262600 ns 218 ns
2262419 ns 2262680 ns 261 ns
2262429 ns 2262760 ns 331 ns
2341048 ns 2341264 ns 216 ns
2342113 ns 2342328 ns 215 ns
2342683 ns 2342904 ns 221 ns
2342721 ns 2342984 ns 263 ns
2342757 ns 2343064 ns 307 ns
2342799 ns 2343144 ns 345 ns
2421024 ns 2421240 ns 216 ns
2422093 ns 2422308 ns 215 ns
2422666 ns 2422948 ns 282 ns
2422704 ns 2423028 ns 324 ns
2422744 ns 2423108 ns 364 ns
2422788 ns 2423188 ns 400 ns
2461828 ns 2462044 ns 216 ns
2540834 ns 2541052 ns 218 ns
2541472 ns 2541696 ns 224 ns
2542428 ns 2542644 ns 216 ns
2542288 ns 2542664 ns 376 ns
2542376 ns 2542736 ns 360 ns
2542439 ns 2542816 ns 377 ns
2620795 ns 2621252 ns 457 ns
2621804 ns 2622020 ns 216 ns
2622432 ns 2622648 ns 216 ns
2622485 ns 2622728 ns 243 ns
2622531 ns 2622808 ns 277 ns
2622569 ns 2622888 ns 319 ns
2661668 ns 2661884 ns 216 ns
2662297 ns 2662528 ns 231 ns
2700460 ns 2700684 ns 224 ns
2701951 ns 2702168 ns 217 ns
2702981 ns 2703196 ns 215 ns
2703019 ns 2703276 ns 257 ns
2741731 ns 2741948 ns 217 ns
2742394 ns 2742612 ns 218 ns
2781820 ns 2782036 ns 216 ns
2782794 ns 2783504 ns 710 ns
2782828 ns 2783584 ns 756 ns
2782914 ns 2783664 ns 750 ns
2821782 ns 2822 us 218 ns
2822427 ns 2822644 ns 217 ns
2860629 ns 2860904 ns 275 ns
2861698 ns 2861916 ns 218 ns
2862860 ns 2863152 ns 292 ns
2862908 ns 2863232 ns 324 ns
2901870 ns 2902088 ns 218 ns
2902519 ns 2902828 ns 309 ns
2941542 ns 2941760 ns 218 ns
2942486 ns 2942704 ns 218 ns
2942570 ns 2942788 ns 218 ns
2942650 ns 2942868 ns 218 ns
3021087 ns 3021304 ns 217 ns
3022138 ns 3022356 ns 218 ns
3022760 ns 3022976 ns 216 ns
3022810 ns 3023028 ns 218 ns
3022796 ns 3023056 ns 260 ns
3022839 ns 3023136 ns 297 ns
3100973 ns 3101188 ns 215 ns
3102025 ns 3102240 ns 215 ns
3102598 ns 3102816 ns 218 ns
3102644 ns 3102908 ns 264 ns
3102679 ns 3102988 ns 309 ns
3102721 ns 3103088 ns 367 ns
3141439 ns 3141656 ns 217 ns
3142100 ns 3142364 ns 264 ns
3180585 ns 3180800 ns 215 ns
3181688 ns 3181904 ns 216 ns
3182578 ns 3182864 ns 286 ns
3182676 ns 3182944 ns 268 ns
3221577 ns 3221888 ns 311 ns
3222226 ns 3222444 ns 218 ns
3261687 ns 3261904 ns 217 ns
3262627 ns 3262844 ns 217 ns
3262631 ns 3262924 ns 293 ns
3262779 ns 3263004 ns 225 ns
3340954 ns 3341172 ns 218 ns
3341819 ns 3342036 ns 217 ns
3342518 ns 3342736 ns 218 ns
3342562 ns 3342816 ns 254 ns
3342598 ns 3342896 ns 298 ns
3342639 ns 3342976 ns 337 ns
3381610 ns 3381828 ns 218 ns
3382245 ns 3382460 ns 215 ns
3420590 ns 3420820 ns 230 ns
3421817 ns 3422032 ns 215 ns
3422629 ns 3422844 ns 215 ns
3422679 ns 3422924 ns 245 ns
3461612 ns 3461828 ns 216 ns
3462310 ns 3462528 ns 218 ns
3510742 ns 3510960 ns 218 ns
3514578 ns 3514796 ns 218 ns
3517210 ns 3517428 ns 218 ns
3558440 ns 3558656 ns 216 ns
3558872 ns 3559088 ns 216 ns
3558906 ns 3559124 ns 218 ns
3559124 ns 3559340 ns 216 ns
3559258 ns 3559476 ns 218 ns
3559446 ns 3559664 ns 218 ns
3620890 ns 3621248 ns 358 ns
3621618 ns 3621836 ns 218 ns
3622585 ns 3622800 ns 215 ns
3622630 ns 3622880 ns 250 ns
3622671 ns 3622960 ns 289 ns
3622753 ns 3623040 ns 287 ns
3700989 ns 3701204 ns 215 ns
3701668 ns 3701884 ns 216 ns
3703078 ns 3703352 ns 274 ns
3703125 ns 3703432 ns 307 ns
3703164 ns 3703512 ns 348 ns
3703207 ns 3703592 ns 385 ns
3790856 ns 3791212 ns 356 ns
3791258 ns 3791476 ns 218 ns
3791299 ns 3791636 ns 337 ns
3796758 ns 3796976 ns 218 ns
3797167 ns 3797384 ns 217 ns
3860881 ns 3861104 ns 223 ns
3861697 ns 3861976 ns 279 ns
3862374 ns 3862644 ns 270 ns
3862416 ns 3862816 ns 400 ns
3862462 ns 3862964 ns 502 ns
3862501 ns 3863124 ns 623 ns
3940818 ns 3941036 ns 218 ns
3941855 ns 3942072 ns 217 ns
3942489 ns 3942736 ns 247 ns
3942542 ns 3942816 ns 274 ns
3942582 ns 3942896 ns 314 ns
3942654 ns 3942976 ns 322 ns
3981701 ns 3981916 ns 215 ns
4021686 ns 4021904 ns 218 ns
4022672 ns 4022888 ns 216 ns
4022724 ns 4022988 ns 264 ns
4060728 ns 4060948 ns 220 ns
4061951 ns 4062168 ns 217 ns
4062637 ns 4062852 ns 215 ns
4101594 ns 4101812 ns 218 ns
4102754 ns 4103212 ns 458 ns
4102767 ns 4103288 ns 521 ns
4102862 ns 4103352 ns 490 ns
4140626 ns 4140856 ns 230 ns
4180917 ns 4181192 ns 275 ns
4181991 ns 4182208 ns 217 ns
4182942 ns 4183160 ns 218 ns
4182977 ns 4183240 ns 263 ns
4183014 ns 4183320 ns 306 ns
4183058 ns 4183400 ns 342 ns
4260814 ns 4261028 ns 214 ns
4261535 ns 4261752 ns 217 ns
4262511 ns 4262728 ns 217 ns
4262569 ns 4262808 ns 239 ns
4262610 ns 4262888 ns 278 ns
4262643 ns 4262968 ns 325 ns
4301724 ns 4301940 ns 216 ns
4380982 ns 4381200 ns 218 ns
4381688 ns 4381904 ns 216 ns
4382362 ns 4382580 ns 218 ns
4382409 ns 4382660 ns 251 ns
4382450 ns 4382740 ns 290 ns
4382490 ns 4382820 ns 330 ns
4460970 ns 4461188 ns 218 ns
4462062 ns 4462292 ns 230 ns
4462621 ns 4462836 ns 215 ns
4462660 ns 4462916 ns 256 ns
4462705 ns 4462996 ns 291 ns
4462741 ns 4463084 ns 343 ns
4538245 ns 4538460 ns 215 ns
4538633 ns 4538852 ns 219 ns
4540757 ns 4540976 ns 219 ns
4541685 ns 4541908 ns 223 ns
4542352 ns 4542568 ns 216 ns
4542382 ns 4542648 ns 266 ns
4618215 ns 4618432 ns 217 ns
4618602 ns 4618820 ns 218 ns
4620672 ns 4620964 ns 292 ns
4621856 ns 4622072 ns 216 ns
4622529 ns 4622744 ns 215 ns
4622608 ns 4622824 ns 216 ns
4698216 ns 4698432 ns 216 ns
4698605 ns 4698824 ns 219 ns
4701672 ns 4701888 ns 216 ns
4702338 ns 4702556 ns 218 ns
4702369 ns 4702636 ns 267 ns
4702382 ns 4702716 ns 334 ns
4741683 ns 4741900 ns 217 ns
4742758 ns 4743128 ns 370 ns
4781707 ns 4781924 ns 217 ns
4782367 ns 4782584 ns 217 ns
4782404 ns 4782664 ns 260 ns
4782411 ns 4782744 ns 333 ns
4858220 ns 4858436 ns 216 ns
4858610 ns 4858848 ns 238 ns
4860728 ns 4860944 ns 216 ns
4861720 ns 4861936 ns 216 ns
4862394 ns 4862612 ns 218 ns
4862428 ns 4862692 ns 264 ns
4938233 ns 4938448 ns 215 ns
4938621 ns 4938836 ns 215 ns
4960222 ns 4960440 ns 218 ns
4960580 ns 4960796 ns 216 ns
4960618 ns 4960876 ns 258 ns
4960768 ns 4961232 ns 464 ns
4981708 ns 4981924 ns 216 ns
4982697 ns 4982912 ns 215 ns
5021692 ns 5021908 ns 216 ns
5022349 ns 5022564 ns 215 ns
5022394 ns 5022644 ns 250 ns
5022476 ns 5022692 ns 216 ns
5098232 ns 5098448 ns 216 ns
5098613 ns 5098828 ns 215 ns
5100628 ns 5100844 ns 216 ns
5101669 ns 5101884 ns 215 ns
5102330 ns 5102548 ns 218 ns
5102380 ns 5102628 ns 248 ns
5141488 ns 5141704 ns 216 ns
5142788 ns 5143184 ns 396 ns
5193884 ns 5194100 ns 216 ns
5195815 ns 5196032 ns 217 ns
5196834 ns 5197052 ns 218 ns
5220788 ns 5221024 ns 236 ns
5222046 ns 5222264 ns 218 ns
5223057 ns 5223280 ns 223 ns
5223111 ns 5223360 ns 249 ns
5223154 ns 5223440 ns 286 ns
5223228 ns 5223520 ns 292 ns
5300776 ns 5301008 ns 232 ns
5301422 ns 5301640 ns 218 ns
5302745 ns 5303076 ns 331 ns
5302781 ns 5303156 ns 375 ns
5302824 ns 5303236 ns 412 ns
5302861 ns 5303316 ns 455 ns
5341799 ns 5342016 ns 217 ns
5381747 ns 5381964 ns 217 ns
5382902 ns 5383312 ns 410 ns
5382939 ns 5383392 ns 453 ns
5420732 ns 5420948 ns 216 ns
5421939 ns 5422156 ns 217 ns
5422640 ns 5422856 ns 216 ns
5461319 ns 5461536 ns 217 ns
5461494 ns 5461712 ns 218 ns
5461671 ns 5461888 ns 217 ns
5461840 ns 5462056 ns 216 ns
5462031 ns 5462248 ns 217 ns
5462382 ns 5462600 ns 218 ns
5469810 ns 5470028 ns 218 ns
5471034 ns 5471252 ns 218 ns
5471985 ns 5472200 ns 215 ns
5472165 ns 5472380 ns 215 ns
5472349 ns 5472576 ns 227 ns
5472519 ns 5472736 ns 217 ns
5472694 ns 5472912 ns 218 ns
5475742 ns 5475992 ns 250 ns
5476466 ns 5476716 ns 250 ns
5482660 ns 5482876 ns 216 ns
5487004 ns 5487220 ns 216 ns
5488129 ns 5488344 ns 215 ns
5488828 ns 5489044 ns 216 ns
5492325 ns 5492540 ns 215 ns
5500785 ns 5501076 ns 291 ns
5501817 ns 5502032 ns 215 ns
5502811 ns 5503028 ns 217 ns
5502856 ns 5503108 ns 252 ns
5502892 ns 5503188 ns 296 ns
5503036 ns 5503268 ns 232 ns
5541824 ns 5542040 ns 216 ns
5542460 ns 5542676 ns 216 ns
5580500 ns 5580716 ns 216 ns
5581748 ns 5581964 ns 216 ns
5582680 ns 5582896 ns 216 ns
5582766 ns 5582984 ns 218 ns
5621800 ns 5622016 ns 216 ns
5622506 ns 5622724 ns 218 ns
5660397 ns 5660612 ns 215 ns
5661591 ns 5661808 ns 217 ns
5662895 ns 5663316 ns 421 ns
5662932 ns 5663396 ns 464 ns
5740992 ns 5741272 ns 280 ns
5741662 ns 5741880 ns 218 ns
5742612 ns 5742828 ns 216 ns
5742665 ns 5742908 ns 243 ns
5742707 ns 5742988 ns 281 ns
5742781 ns 5743068 ns 287 ns
5820879 ns 5821096 ns 217 ns
5821622 ns 5821840 ns 218 ns
5822577 ns 5822792 ns 215 ns
5822621 ns 5822872 ns 251 ns
5822664 ns 5822952 ns 288 ns
5822727 ns 5823032 ns 305 ns
5900850 ns 5901092 ns 242 ns
5901920 ns 5902136 ns 216 ns
5902483 ns 5902700 ns 217 ns
5902521 ns 5902780 ns 259 ns
5902563 ns 5902860 ns 297 ns
5902607 ns 5902940 ns 333 ns
5945813 ns 5946028 ns 215 ns
5946168 ns 5946384 ns 216 ns
5949334 ns 5949552 ns 218 ns
5949697 ns 5949912 ns 215 ns
5950599 ns 5950816 ns 217 ns
5981757 ns 5981972 ns 215 ns
5982510 ns 5982728 ns 218 ns
6020373 ns 6020588 ns 215 ns
6060888 ns 6061104 ns 216 ns
6061959 ns 6062176 ns 217 ns
6062524 ns 6062740 ns 216 ns
6062561 ns 6062820 ns 259 ns
6062604 ns 6062900 ns 296 ns
6062643 ns 6062980 ns 337 ns
6140813 ns 6141044 ns 231 ns
6141541 ns 6141756 ns 215 ns
6142210 ns 6142428 ns 218 ns
6142258 ns 6142508 ns 250 ns
6142296 ns 6142588 ns 292 ns
6142340 ns 6142668 ns 328 ns
6227107 ns 6227324 ns 217 ns
6227488 ns 6227704 ns 216 ns
6227528 ns 6227792 ns 264 ns
6230 us 6230216 ns 216 ns
6230979 ns 6231196 ns 217 ns
6260897 ns 6261112 ns 215 ns
6261966 ns 6262184 ns 218 ns
6262747 ns 6262964 ns 217 ns
6262808 ns 6263044 ns 236 ns
6262844 ns 6263124 ns 280 ns
6262927 ns 6263284 ns 357 ns
6301559 ns 6301776 ns 217 ns
6341711 ns 6341928 ns 217 ns
6342678 ns 6342984 ns 306 ns
6342715 ns 6343064 ns 349 ns
6342740 ns 6343144 ns 404 ns
6342792 ns 6343240 ns 448 ns
6420923 ns 6421140 ns 217 ns
6421604 ns 6421820 ns 216 ns
6422563 ns 6422780 ns 217 ns
6422609 ns 6422860 ns 251 ns
6422647 ns 6422940 ns 293 ns
6484687 ns 6484904 ns 217 ns
6490111 ns 6490328 ns 217 ns
6500733 ns 6500960 ns 227 ns
6501779 ns 6502012 ns 233 ns
6502469 ns 6502684 ns 215 ns
6540190 ns 6540408 ns 218 ns
6540381 ns 6540596 ns 215 ns
6540591 ns 6540808 ns 217 ns
6580814 ns 6581088 ns 274 ns
6581877 ns 6582092 ns 215 ns
6582519 ns 6582736 ns 217 ns
6582558 ns 6582816 ns 258 ns
6582606 ns 6582896 ns 290 ns
6582644 ns 6582976 ns 332 ns
6660776 ns 6660992 ns 216 ns
6661845 ns 6662060 ns 215 ns
6662417 ns 6662632 ns 215 ns
6662454 ns 6662712 ns 258 ns
6662497 ns 6662792 ns 295 ns
6662535 ns 6662872 ns 337 ns
6752953 ns 6753168 ns 215 ns
6780934 ns 6781152 ns 218 ns
6782144 ns 6782360 ns 216 ns
6782915 ns 6783132 ns 217 ns
6782954 ns 6783212 ns 258 ns
6782996 ns 6783292 ns 296 ns
6783042 ns 6783372 ns 330 ns
6860639 ns 6860856 ns 217 ns
6861721 ns 6861936 ns 215 ns
6862578 ns 6862796 ns 218 ns
6862617 ns 6862876 ns 259 ns
6862662 ns 6862956 ns 294 ns
6862697 ns 6863036 ns 339 ns
6940838 ns 6941136 ns 298 ns
6941704 ns 6941920 ns 216 ns
6942684 ns 6943004 ns 320 ns
6942728 ns 6943084 ns 356 ns
6942907 ns 6943124 ns 217 ns
6942762 ns 6943164 ns 402 ns
6998632 ns 6998848 ns 216 ns
6999008 ns 6999224 ns 216 ns
6999053 ns 6999304 ns 251 ns
6999103 ns 6999384 ns 281 ns
6999446 ns 6999664 ns 218 ns
7021561 ns 7021776 ns 215 ns
7061540 ns 7061756 ns 216 ns
7062157 ns 7062372 ns 215 ns
7062215 ns 7062452 ns 237 ns
7062299 ns 7062532 ns 233 ns
7062342 ns 7062612 ns 270 ns
7140841 ns 7141056 ns 215 ns
7141899 ns 7142116 ns 217 ns
7142534 ns 7142752 ns 218 ns
7142572 ns 7142832 ns 260 ns
7142617 ns 7142912 ns 295 ns
7142663 ns 7142992 ns 329 ns
7220877 ns 7221092 ns 215 ns
7221944 ns 7222160 ns 216 ns
7222514 ns 7222732 ns 218 ns
7222555 ns 7222812 ns 257 ns
7222595 ns 7222892 ns 297 ns
7222639 ns 7223228 ns 589 ns
7300822 ns 7301192 ns 370 ns
7301873 ns 7302088 ns 215 ns
7302660 ns 7302960 ns 300 ns
7302714 ns 7303040 ns 326 ns
7302756 ns 7303120 ns 364 ns
7302825 ns 7303200 ns 375 ns
7341583 ns 7341800 ns 217 ns
7381750 ns 7381968 ns 218 ns
7382942 ns 7383160 ns 218 ns
7382966 ns 7383240 ns 274 ns
7382996 ns 7383320 ns 324 ns
7460874 ns 7461092 ns 218 ns
7461925 ns 7462140 ns 215 ns
7463217 ns 7463432 ns 215 ns
7463301 ns 7463516 ns 215 ns
7463344 ns 7463560 ns 216 ns
7463346 ns 7463676 ns 330 ns
7463700 ns 7463996 ns 296 ns
7540914 ns 7541132 ns 218 ns
7541986 ns 7542204 ns 218 ns
7542589 ns 7542992 ns 403 ns
7542629 ns 7543072 ns 443 ns
7542664 ns 7543152 ns 488 ns
7542706 ns 7543232 ns 526 ns
7581689 ns 7581992 ns 303 ns
7621534 ns 7621752 ns 218 ns
7622197 ns 7622412 ns 215 ns
7622207 ns 7622492 ns 285 ns
7622293 ns 7622592 ns 299 ns
7622341 ns 7622652 ns 311 ns
7700788 ns 7701004 ns 216 ns
7701856 ns 7702072 ns 216 ns
7702523 ns 7702740 ns 217 ns
7702563 ns 7702820 ns 257 ns
7702599 ns 7702900 ns 301 ns
7702642 ns 7702980 ns 338 ns
7798988 ns 7799204 ns 216 ns
7799369 ns 7799624 ns 255 ns
7799617 ns 7799832 ns 215 ns
7800397 ns 7800628 ns 231 ns
7801098 ns 7801316 ns 218 ns
7860776 ns 7861068 ns 292 ns
7861670 ns 7861888 ns 218 ns
7862371 ns 7862792 ns 421 ns
7862412 ns 7862872 ns 460 ns
7862461 ns 7863032 ns 571 ns
7862501 ns 7863192 ns 691 ns
7940686 ns 7940972 ns 286 ns
7942006 ns 7942224 ns 218 ns
7944752 ns 7944968 ns 216 ns
7945152 ns 7945376 ns 224 ns
7945021 ns 7945492 ns 471 ns
7945105 ns 7945572 ns 467 ns
7945147 ns 7945652 ns 505 ns
8021760 ns 8021976 ns 216 ns
8023228 ns 8023444 ns 216 ns
8023864 ns 8024164 ns 300 ns
8024233 ns 8024448 ns 215 ns
8024681 ns 8024896 ns 215 ns
8025053 ns 8025268 ns 215 ns
8100613 ns 8100828 ns 215 ns
8101790 ns 8102008 ns 218 ns
8102798 ns 8103060 ns 262 ns
8102848 ns 8103140 ns 292 ns
8102883 ns 8103232 ns 349 ns
8102949 ns 8103300 ns 351 ns
8141515 ns 8141732 ns 217 ns
8181515 ns 8181732 ns 217 ns
8182800 ns 8183136 ns 336 ns
8182859 ns 8183216 ns 357 ns
8182946 ns 8183296 ns 350 ns
8182993 ns 8183376 ns 383 ns
8260867 ns 8261084 ns 217 ns
8261555 ns 8261772 ns 217 ns
8262672 ns 8262892 ns 220 ns
8262725 ns 8262972 ns 247 ns
8262772 ns 8263052 ns 280 ns
8262844 ns 8263212 ns 368 ns
8319067 ns 8319284 ns 217 ns
8380861 ns 8381076 ns 215 ns
8381917 ns 8382132 ns 215 ns
8382729 ns 8382944 ns 215 ns
8382778 ns 8383024 ns 246 ns
8382815 ns 8383104 ns 289 ns
8382890 ns 8383184 ns 294 ns
8421572 ns 8421788 ns 216 ns
8422216 ns 8422432 ns 216 ns
8460482 ns 8460696 ns 214 ns
8461531 ns 8461748 ns 217 ns
8462600 ns 8462816 ns 216 ns
8462699 ns 8462916 ns 217 ns
8517432 ns 8517648 ns 216 ns
8517810 ns 8518040 ns 230 ns
8517843 ns 8518112 ns 269 ns
8517892 ns 8518192 ns 300 ns
8518417 ns 8518632 ns 215 ns
8544442 ns 8544660 ns 218 ns
8544617 ns 8544832 ns 215 ns
8544985 ns 8545200 ns 215 ns
8545155 ns 8545376 ns 221 ns
8545842 ns 8546060 ns 218 ns
8546355 ns 8546572 ns 217 ns
8546531 ns 8546748 ns 217 ns
8547055 ns 8547272 ns 217 ns
8549607 ns 8549824 ns 217 ns
8550331 ns 8550552 ns 221 ns
8550499 ns 8550716 ns 217 ns
8550676 ns 8550892 ns 216 ns
8552006 ns 8552224 ns 218 ns
8554542 ns 8554756 ns 214 ns
8555190 ns 8555408 ns 218 ns
8555726 ns 8555944 ns 218 ns
8556264 ns 8556480 ns 216 ns
8557193 ns 8557408 ns 215 ns
8560275 ns 8560540 ns 265 ns
8560429 ns 8560668 ns 239 ns
8560574 ns 8560792 ns 218 ns
8560762 ns 8560980 ns 218 ns
8560903 ns 8561120 ns 217 ns
8561090 ns 8561304 ns 214 ns
8561276 ns 8561492 ns 216 ns
8561426 ns 8561640 ns 214 ns
8561900 ns 8562116 ns 216 ns
8562053 ns 8562268 ns 215 ns
8563214 ns 8563436 ns 222 ns
8563358 ns 8563572 ns 214 ns
8565823 ns 8566040 ns 217 ns
8566882 ns 8567100 ns 218 ns
8567649 ns 8567908 ns 259 ns
8570581 ns 8570796 ns 215 ns
8570730 ns 8570944 ns 214 ns
8572754 ns 8572976 ns 222 ns
8572903 ns 8573120 ns 217 ns
8573340 ns 8573572 ns 232 ns
8573906 ns 8574124 ns 218 ns
8574050 ns 8574268 ns 218 ns
8574248 ns 8574484 ns 236 ns
8578016 ns 8578232 ns 216 ns
8578394 ns 8578612 ns 218 ns
8581795 ns 8582012 ns 217 ns
8585004 ns 8585228 ns 224 ns
8588795 ns 8589028 ns 233 ns
8589663 ns 8589880 ns 217 ns
8590141 ns 8590356 ns 215 ns
8590675 ns 8590916 ns 241 ns
8590812 ns 8591068 ns 256 ns
8590988 ns 8591204 ns 216 ns
8591127 ns 8591356 ns 229 ns
8591582 ns 8591796 ns 214 ns
8591761 ns 8591984 ns 223 ns
8591950 ns 8592168 ns 218 ns
8592089 ns 8592364 ns 275 ns
8592229 ns 8592460 ns 231 ns
8592370 ns 8592596 ns 226 ns
8592512 ns 8592740 ns 228 ns
8592977 ns 8593192 ns 215 ns
8593322 ns 8593600 ns 278 ns
8593572 ns 8593804 ns 232 ns
8593836 ns 8594052 ns 216 ns
8594714 ns 8594936 ns 222 ns
8595581 ns 8595992 ns 411 ns
8595755 ns 8596064 ns 309 ns
8595529 ns 8596084 ns 555 ns
8595940 ns 8596156 ns 216 ns
8596115 ns 8596332 ns 217 ns
8596253 ns 8596480 ns 227 ns
8596444 ns 8596660 ns 216 ns
8596573 ns 8596788 ns 215 ns
8597004 ns 8597220 ns 216 ns
8597140 ns 8597380 ns 240 ns
8597280 ns 8597500 ns 220 ns
8597425 ns 8597640 ns 215 ns
8597566 ns 8597784 ns 218 ns
8597706 ns 8597972 ns 266 ns
8597845 ns 8598072 ns 227 ns
8597987 ns 8598264 ns 277 ns
8600583 ns 8600800 ns 217 ns
8600721 ns 8600936 ns 215 ns
8600867 ns 8601128 ns 261 ns
8600999 ns 8601216 ns 217 ns
8601139 ns 8601356 ns 217 ns
8601626 ns 8601844 ns 218 ns
8602311 ns 8602528 ns 217 ns
8604481 ns 8604696 ns 215 ns
8604669 ns 8604884 ns 215 ns
8605070 ns 8605288 ns 218 ns
8605222 ns 8605440 ns 218 ns
8605365 ns 8605580 ns 215 ns
8605540 ns 8605756 ns 216 ns
8605699 ns 8605948 ns 249 ns
8607926 ns 8608156 ns 230 ns
8613735 ns 8613952 ns 217 ns
8615459 ns 8615676 ns 217 ns
8615627 ns 8615844 ns 217 ns
8615795 ns 8616016 ns 221 ns
8616651 ns 8616868 ns 217 ns
8620200 ns 8620460 ns 260 ns
8620423 ns 8620640 ns 217 ns
8621203 ns 8621420 ns 217 ns
8621386 ns 8621600 ns 214 ns
8626577 ns 8626792 ns 215 ns
8626925 ns 8627296 ns 371 ns
8629678 ns 8629916 ns 238 ns
8634413 ns 8634632 ns 219 ns
8638457 ns 8638672 ns 215 ns
8638637 ns 8638852 ns 215 ns
8641592 ns 8641808 ns 216 ns
8642972 ns 8643188 ns 216 ns
8643122 ns 8643340 ns 218 ns
8644678 ns 8644896 ns 218 ns
8655568 ns 8655784 ns 216 ns
8658682 ns 8658900 ns 218 ns
8659047 ns 8659284 ns 237 ns
8660250 ns 8660468 ns 218 ns
8660885 ns 8661100 ns 215 ns
8661244 ns 8661508 ns 264 ns
8661784 ns 8662 us 216 ns
8661807 ns 8662024 ns 217 ns
8662619 ns 8662836 ns 217 ns
8662667 ns 8662916 ns 249 ns
8662873 ns 8663092 ns 219 ns
8666935 ns 8667152 ns 217 ns
8667211 ns 8667444 ns 233 ns
8667978 ns 8668196 ns 218 ns
8668170 ns 8668388 ns 218 ns
8671824 ns 8672052 ns 228 ns
8680720 ns 8680936 ns 216 ns
8701491 ns 8701708 ns 217 ns
8715162 ns 8715376 ns 214 ns
8715337 ns 8715552 ns 215 ns
8715547 ns 8715764 ns 217 ns
8716551 ns 8716772 ns 221 ns
8718545 ns 8718768 ns 223 ns
8719004 ns 8719220 ns 216 ns
8724173 ns 8724388 ns 215 ns
8741520 ns 8741736 ns 216 ns
8743360 ns 8743576 ns 216 ns
8743424 ns 8743672 ns 248 ns
8743479 ns 8743736 ns 257 ns
8743480 ns 8743816 ns 336 ns
8820667 ns 8820884 ns 217 ns
8821717 ns 8821932 ns 215 ns
8822296 ns 8822512 ns 216 ns
8822333 ns 8822592 ns 259 ns
8822375 ns 8822684 ns 309 ns
8822989 ns 8823204 ns 215 ns
8823543 ns 8823760 ns 217 ns
8823835 ns 8824052 ns 217 ns
8824089 ns 8824304 ns 215 ns
8824360 ns 8824576 ns 216 ns
8825177 ns 8825392 ns 215 ns
8825617 ns 8825832 ns 215 ns
8826053 ns 8826268 ns 215 ns
8827129 ns 8827344 ns 215 ns
8827390 ns 8827608 ns 218 ns
8827658 ns 8827872 ns 214 ns
8827916 ns 8828132 ns 216 ns
8828167 ns 8828384 ns 217 ns
8830785 ns 8831 us 215 ns
8833864 ns 8834080 ns 216 ns
8900658 ns 8900872 ns 214 ns
8901729 ns 8901944 ns 215 ns
8902607 ns 8902824 ns 217 ns
8902686 ns 8902936 ns 250 ns
8905264 ns 8905480 ns 216 ns
8905357 ns 8905572 ns 215 ns
8921901 ns 8922116 ns 215 ns
8922079 ns 8922296 ns 217 ns
8936674 ns 8936888 ns 214 ns
8936838 ns 8937052 ns 214 ns
8937028 ns 8937244 ns 216 ns
8939122 ns 8939336 ns 214 ns
8939284 ns 8939500 ns 216 ns
8939447 ns 8939664 ns 217 ns
8939620 ns 8939836 ns 216 ns
8940596 ns 8940812 ns 216 ns
8941047 ns 8941268 ns 221 ns
8941213 ns 8941428 ns 215 ns
8941376 ns 8941592 ns 216 ns
8941720 ns 8941936 ns 216 ns
8943755 ns 8943972 ns 217 ns
8944297 ns 8944512 ns 215 ns
8944463 ns 8944680 ns 217 ns
8944625 ns 8944840 ns 215 ns
8944972 ns 8945188 ns 216 ns
8945156 ns 8945372 ns 216 ns
8945517 ns 8945732 ns 215 ns
8957318 ns 8957532 ns 214 ns
8957694 ns 8957908 ns 214 ns
8958624 ns 8958840 ns 216 ns
8959195 ns 8959412 ns 217 ns
8959364 ns 8959580 ns 216 ns
8981477 ns 8981692 ns 215 ns
8982464 ns 8982680 ns 216 ns
9000582 ns 9000796 ns 214 ns
9000767 ns 9000992 ns 225 ns
9000959 ns 9001176 ns 217 ns
9001163 ns 9001592 ns 429 ns
9002517 ns 9002748 ns 231 ns
9005480 ns 9005696 ns 216 ns
9005816 ns 9006068 ns 252 ns
9006155 ns 9006372 ns 217 ns
9006672 ns 9006888 ns 216 ns
9018845 ns 9019100 ns 255 ns
9020280 ns 9020496 ns 216 ns
9021781 ns 9021996 ns 215 ns
9021872 ns 9022100 ns 228 ns
9021970 ns 9022184 ns 214 ns
9022849 ns 9023064 ns 215 ns
9039514 ns 9039728 ns 214 ns
9039887 ns 9040104 ns 217 ns
9048311 ns 9048528 ns 217 ns
9048501 ns 9048716 ns 215 ns
9049825 ns 9050040 ns 215 ns
9050003 ns 9050220 ns 217 ns
9050177 ns 9050392 ns 215 ns
9050359 ns 9050576 ns 217 ns
9051176 ns 9051392 ns 216 ns
9051604 ns 9051820 ns 216 ns
9051780 ns 9051996 ns 216 ns
9051960 ns 9052176 ns 216 ns
9053324 ns 9053544 ns 220 ns
9053536 ns 9053760 ns 224 ns
9053814 ns 9054028 ns 214 ns
9054198 ns 9054416 ns 218 ns
9054374 ns 9054588 ns 214 ns
9054732 ns 9054948 ns 216 ns
9054898 ns 9055112 ns 214 ns
9057564 ns 9057780 ns 216 ns
9057849 ns 9058064 ns 215 ns
9058395 ns 9058612 ns 217 ns
9058639 ns 9058856 ns 217 ns
9058885 ns 9059100 ns 215 ns
9059139 ns 9059356 ns 217 ns
9059595 ns 9059816 ns 221 ns
9061673 ns 9061888 ns 215 ns
9062375 ns 9062592 ns 217 ns
9062445 ns 9062672 ns 227 ns
9088893 ns 9089108 ns 215 ns
9089079 ns 9089296 ns 217 ns
9089265 ns 9089480 ns 215 ns
9089459 ns 9089676 ns 217 ns
9090694 ns 9090908 ns 214 ns
9091725 ns 9091940 ns 215 ns
9091923 ns 9092140 ns 217 ns
9095561 ns 9095776 ns 215 ns
9099805 ns 9100052 ns 247 ns
9100473 ns 9100688 ns 215 ns
9100654 ns 9100872 ns 218 ns
9103095 ns 9103312 ns 217 ns
9103482 ns 9103700 ns 218 ns
9115054 ns 9115272 ns 218 ns
9115237 ns 9115452 ns 215 ns
9115924 ns 9116140 ns 216 ns
9141494 ns 9141708 ns 214 ns
9142185 ns 9142400 ns 215 ns
9142186 ns 9142480 ns 294 ns
9152049 ns 9152264 ns 215 ns
9152241 ns 9152456 ns 215 ns
9168657 ns 9168872 ns 215 ns
9168829 ns 9169044 ns 215 ns
9170134 ns 9170348 ns 214 ns
9170298 ns 9170512 ns 214 ns
9170461 ns 9170676 ns 215 ns
9170632 ns 9170848 ns 216 ns
9171424 ns 9171640 ns 216 ns
9171835 ns 9172052 ns 217 ns
9171999 ns 9172216 ns 217 ns
9172162 ns 9172380 ns 218 ns
9172662 ns 9172880 ns 218 ns
9172836 ns 9173192 ns 356 ns
9177387 ns 9177604 ns 217 ns
9177870 ns 9178088 ns 218 ns
9178075 ns 9178292 ns 217 ns
9178307 ns 9178524 ns 217 ns
9178774 ns 9178992 ns 218 ns
9179274 ns 9179492 ns 218 ns
9179475 ns 9179692 ns 217 ns
9179700 ns 9179916 ns 216 ns
9180239 ns 9180456 ns 217 ns
9180281 ns 9180496 ns 215 ns
9180440 ns 9180716 ns 276 ns
9206384 ns 9206600 ns 216 ns
9206572 ns 9206788 ns 216 ns
9206769 ns 9206984 ns 215 ns
9206984 ns 9207204 ns 220 ns
9208221 ns 9208444 ns 223 ns
9209931 ns 9210148 ns 217 ns
9210112 ns 9210328 ns 216 ns
9211806 ns 9212276 ns 470 ns
9212174 ns 9212388 ns 214 ns
9212814 ns 9213040 ns 226 ns
9213146 ns 9213384 ns 238 ns
9213813 ns 9214028 ns 215 ns
9215971 ns 9216196 ns 225 ns
9216073 ns 9216288 ns 215 ns
9216238 ns 9216452 ns 214 ns
9216501 ns 9216744 ns 243 ns
9216648 ns 9216864 ns 216 ns
9217017 ns 9217232 ns 215 ns
9218570 ns 9218784 ns 214 ns
9218991 ns 9219208 ns 217 ns
9219255 ns 9219472 ns 217 ns
9219520 ns 9220024 ns 504 ns
9219779 ns 9220064 ns 285 ns
9220044 ns 9220260 ns 216 ns
9220303 ns 9220524 ns 221 ns
9220570 ns 9220900 ns 330 ns
9220838 ns 9221052 ns 214 ns
9221104 ns 9221320 ns 216 ns
9221361 ns 9221576 ns 215 ns
9221646 ns 9221868 ns 222 ns
9221686 ns 9221908 ns 222 ns
9221906 ns 9222144 ns 238 ns
9222202 ns 9222440 ns 238 ns
9222460 ns 9222712 ns 252 ns
9222496 ns 9222764 ns 268 ns
9222726 ns 9222940 ns 214 ns
9222989 ns 9223220 ns 231 ns
9223260 ns 9223500 ns 240 ns
9223307 ns 9223524 ns 217 ns
9223521 ns 9223752 ns 231 ns
9223781 ns 9224028 ns 247 ns
9223805 ns 9224048 ns 243 ns
9224077 ns 9224292 ns 215 ns
9224349 ns 9224564 ns 215 ns
9224608 ns 9224824 ns 216 ns
9224874 ns 9225092 ns 218 ns
9225133 ns 9225348 ns 215 ns
9225349 ns 9225564 ns 215 ns
9225399 ns 9225616 ns 217 ns
9225657 ns 9225872 ns 215 ns
9225921 ns 9226136 ns 215 ns
9226180 ns 9226396 ns 216 ns
9226447 ns 9226664 ns 217 ns
9226707 ns 9226924 ns 217 ns
9226970 ns 9227188 ns 218 ns
9227232 ns 9227464 ns 232 ns
9227514 ns 9227868 ns 354 ns
9227775 ns 9228028 ns 253 ns
9228039 ns 9228256 ns 217 ns
9228300 ns 9228516 ns 216 ns
9228564 ns 9228780 ns 216 ns
9228823 ns 9229040 ns 217 ns
9229088 ns 9229304 ns 216 ns
9229350 ns 9229564 ns 214 ns
9229535 ns 9229752 ns 217 ns
9229613 ns 9229828 ns 215 ns
9229871 ns 9230088 ns 217 ns
9230140 ns 9230356 ns 216 ns
9230407 ns 9230624 ns 217 ns
9230673 ns 9230888 ns 215 ns
9230742 ns 9230956 ns 214 ns
9230900 ns 9231132 ns 232 ns
9230932 ns 9231152 ns 220 ns
9231197 ns 9231488 ns 291 ns
9231469 ns 9231684 ns 215 ns
9231744 ns 9231960 ns 216 ns
9232 us 9232216 ns 216 ns
9232107 ns 9232328 ns 221 ns
9232265 ns 9232480 ns 215 ns
9232525 ns 9232740 ns 215 ns
9232791 ns 9233008 ns 217 ns
9232977 ns 9233192 ns 215 ns
9233048 ns 9233264 ns 216 ns
9233118 ns 9233332 ns 214 ns
9233313 ns 9233528 ns 215 ns
9233573 ns 9233788 ns 215 ns
9233839 ns 9234056 ns 217 ns
9234097 ns 9234312 ns 215 ns
9234362 ns 9234584 ns 222 ns
9234622 ns 9234840 ns 218 ns
9234888 ns 9235104 ns 216 ns
9235146 ns 9235596 ns 450 ns
9235412 ns 9235648 ns 236 ns
9235681 ns 9235896 ns 215 ns
9235946 ns 9236160 ns 214 ns
9236204 ns 9236420 ns 216 ns
9236469 ns 9236684 ns 215 ns
9236730 ns 9236944 ns 214 ns
9236987 ns 9237208 ns 221 ns
9237006 ns 9237228 ns 222 ns
9237263 ns 9237488 ns 225 ns
9237528 ns 9237756 ns 228 ns
9237789 ns 9238016 ns 227 ns
9238155 ns 9238392 ns 237 ns
9238415 ns 9238652 ns 237 ns
9238682 ns 9238916 ns 234 ns
9238949 ns 9239184 ns 235 ns
9239224 ns 9239444 ns 220 ns
9239480 ns 9239712 ns 232 ns
9239747 ns 9239972 ns 225 ns
9240016 ns 9240240 ns 224 ns
9240281 ns 9240504 ns 223 ns
9240540 ns 9240768 ns 228 ns
9240805 ns 9241032 ns 227 ns
9241064 ns 9241288 ns 224 ns
9241330 ns 9241552 ns 222 ns
9241588 ns 9241804 ns 216 ns
9241854 ns 9242068 ns 214 ns
9242114 ns 9242332 ns 218 ns
9242380 ns 9242672 ns 292 ns
9242639 ns 9242924 ns 285 ns
9242904 ns 9243496 ns 592 ns
9243163 ns 9243584 ns 421 ns
9243428 ns 9243680 ns 252 ns
9243686 ns 9243948 ns 262 ns
9243952 ns 9244216 ns 264 ns
9244212 ns 9244464 ns 252 ns
9244478 ns 9244732 ns 254 ns
9244735 ns 9244992 ns 257 ns
9245001 ns 9245252 ns 251 ns
9245260 ns 9245516 ns 256 ns
9245525 ns 9245776 ns 251 ns
9245784 ns 9246052 ns 268 ns
9246050 ns 9246312 ns 262 ns
9246309 ns 9246580 ns 271 ns
9246575 ns 9246840 ns 265 ns
9246833 ns 9247096 ns 263 ns
9247098 ns 9247356 ns 258 ns
9247358 ns 9247596 ns 238 ns
9247623 ns 9247840 ns 217 ns
9247882 ns 9248108 ns 226 ns
9248168 ns 9248396 ns 228 ns
9248428 ns 9248644 ns 216 ns
9248692 ns 9248908 ns 216 ns
9248952 ns 9249184 ns 232 ns
9249217 ns 9249448 ns 231 ns
9249476 ns 9249712 ns 236 ns
9249741 ns 9249968 ns 227 ns
9250001 ns 9250232 ns 231 ns
9250266 ns 9250496 ns 230 ns
9250526 ns 9250740 ns 214 ns
9250791 ns 9251232 ns 441 ns
9251050 ns 9251312 ns 262 ns
9251317 ns 9251544 ns 227 ns
9251596 ns 9251812 ns 216 ns
9251865 ns 9252080 ns 215 ns
9252129 ns 9252344 ns 215 ns
9252397 ns 9252668 ns 271 ns
9252666 ns 9252884 ns 218 ns
9252940 ns 9253168 ns 228 ns
9253198 ns 9253412 ns 214 ns
9253470 ns 9253692 ns 222 ns
9253734 ns 9253960 ns 226 ns
9254 us 9254220 ns 220 ns
9254258 ns 9254492 ns 234 ns
9254523 ns 9254756 ns 233 ns
9254783 ns 9255020 ns 237 ns
9255048 ns 9255264 ns 216 ns
9255061 ns 9255304 ns 243 ns
9255252 ns 9255488 ns 236 ns
9255306 ns 9255524 ns 218 ns
9255572 ns 9255788 ns 216 ns
9255833 ns 9256052 ns 219 ns
9256097 ns 9256312 ns 215 ns
9256356 ns 9256580 ns 224 ns
9256584 ns 9256804 ns 220 ns
9256764 ns 9256980 ns 216 ns
9256939 ns 9257156 ns 217 ns
9257121 ns 9257336 ns 215 ns
9257314 ns 9257532 ns 218 ns
9257655 ns 9257872 ns 217 ns
9257969 ns 9258188 ns 219 ns
9258134 ns 9258352 ns 218 ns
9258233 ns 9258460 ns 227 ns
9258389 ns 9258604 ns 215 ns
9258809 ns 9259032 ns 223 ns
9258523 ns 9259052 ns 529 ns
9258783 ns 9259072 ns 289 ns
9258674 ns 9259112 ns 438 ns
9258985 ns 9259200 ns 215 ns
9259046 ns 9259280 ns 234 ns
9259214 ns 9259484 ns 270 ns
9259329 ns 9259544 ns 215 ns
9259567 ns 9259784 ns 217 ns
9259603 ns 9259836 ns 233 ns
9259698 ns 9259916 ns 218 ns
9259827 ns 9260044 ns 217 ns
9259859 ns 9260136 ns 277 ns
9260125 ns 9260352 ns 227 ns
9260162 ns 9260412 ns 250 ns
9260393 ns 9260640 ns 247 ns
9260658 ns 9260892 ns 234 ns
9260917 ns 9261132 ns 215 ns
9261182 ns 9261404 ns 222 ns
9261442 ns 9261656 ns 214 ns
9261706 ns 9261936 ns 230 ns
9261965 ns 9262180 ns 215 ns
9262231 ns 9262448 ns 217 ns
9262491 ns 9262708 ns 217 ns
9262756 ns 9262972 ns 216 ns
9263034 ns 9263264 ns 230 ns
9263300 ns 9263528 ns 228 ns
9263560 ns 9263776 ns 216 ns
9263825 ns 9264060 ns 235 ns
9264042 ns 9264260 ns 218 ns
9264083 ns 9264300 ns 217 ns
9264219 ns 9264436 ns 217 ns
9264349 ns 9264624 ns 275 ns
9264399 ns 9264644 ns 245 ns
9264608 ns 9264824 ns 216 ns
9264874 ns 9265148 ns 274 ns
9265131 ns 9265348 ns 217 ns
9265437 ns 9265676 ns 239 ns
9265697 ns 9265920 ns 223 ns
9265960 ns 9266196 ns 236 ns
9265964 ns 9266216 ns 252 ns
9266220 ns 9266456 ns 236 ns
9266485 ns 9266832 ns 347 ns
9266409 ns 9266872 ns 463 ns
9266584 ns 9266912 ns 328 ns
9266755 ns 9267012 ns 257 ns
9266763 ns 9267052 ns 289 ns
9266938 ns 9267152 ns 214 ns
9267027 ns 9267244 ns 217 ns
9267123 ns 9267420 ns 297 ns
9267290 ns 9267528 ns 238 ns
9267558 ns 9267772 ns 214 ns
9267827 ns 9268044 ns 217 ns
9267850 ns 9268088 ns 238 ns
9268108 ns 9268328 ns 220 ns
9268367 ns 9268588 ns 221 ns
9268634 ns 9268852 ns 218 ns
9268952 ns 9269168 ns 216 ns
9269228 ns 9269444 ns 216 ns
9269489 ns 9269704 ns 215 ns
9269752 ns 9269968 ns 216 ns
9270012 ns 9270232 ns 220 ns
9270277 ns 9270512 ns 235 ns
9270319 ns 9270540 ns 221 ns
9270535 ns 9270800 ns 265 ns
9270802 ns 9271052 ns 250 ns
9271072 ns 9271296 ns 224 ns
9271347 ns 9271564 ns 217 ns
9271604 ns 9271820 ns 216 ns
9271871 ns 9272088 ns 217 ns
9272141 ns 9272356 ns 215 ns
9272417 ns 9272640 ns 223 ns
9272674 ns 9272892 ns 218 ns
9272939 ns 9273156 ns 217 ns
9273231 ns 9273448 ns 217 ns
9273505 ns 9273788 ns 283 ns
9273764 ns 9273980 ns 216 ns
9274029 ns 9274244 ns 215 ns
9274299 ns 9274684 ns 385 ns
9274576 ns 9274844 ns 268 ns
9274832 ns 9275052 ns 220 ns
9275137 ns 9275352 ns 215 ns
9275412 ns 9275632 ns 220 ns
9275682 ns 9275900 ns 218 ns
9275940 ns 9276188 ns 248 ns
9276206 ns 9276452 ns 246 ns
9276466 ns 9276700 ns 234 ns
9276735 ns 9276960 ns 225 ns
9277001 ns 9277216 ns 215 ns
9277266 ns 9277484 ns 218 ns
9277548 ns 9277784 ns 236 ns
9277827 ns 9278064 ns 237 ns
9278090 ns 9278324 ns 234 ns
9278404 ns 9278620 ns 216 ns
9278665 ns 9278880 ns 215 ns
9278939 ns 9279156 ns 217 ns
9279198 ns 9279468 ns 270 ns
9279463 ns 9279680 ns 217 ns
9279723 ns 9279952 ns 229 ns
9279989 ns 9280204 ns 215 ns
9280247 ns 9280472 ns 225 ns
9280511 ns 9280732 ns 221 ns
9280770 ns 9281012 ns 242 ns
9281037 ns 9281256 ns 219 ns
9281294 ns 9281528 ns 234 ns
9281560 ns 9281788 ns 228 ns
9281829 ns 9282044 ns 215 ns
9282098 ns 9282568 ns 470 ns
9282364 ns 9282588 ns 224 ns
9282628 ns 9282848 ns 220 ns
9282887 ns 9283124 ns 237 ns
9283154 ns 9283372 ns 218 ns
9283412 ns 9283644 ns 232 ns
9283676 ns 9283892 ns 216 ns
9283966 ns 9284184 ns 218 ns
9284232 ns 9284448 ns 216 ns
9284491 ns 9284708 ns 217 ns
9284757 ns 9284972 ns 215 ns
9285026 ns 9285280 ns 254 ns
9285291 ns 9285512 ns 221 ns
9285568 ns 9285784 ns 216 ns
9285834 ns 9286052 ns 218 ns
9286094 ns 9286308 ns 214 ns
9286364 ns 9286580 ns 216 ns
9286629 ns 9286860 ns 231 ns
9286895 ns 9287112 ns 217 ns
9287162 ns 9287380 ns 218 ns
9287479 ns 9287712 ns 233 ns
9287736 ns 9287952 ns 216 ns
9289116 ns 9289352 ns 236 ns
9289998 ns 9290256 ns 258 ns
9289832 ns 9290296 ns 464 ns
9290158 ns 9290396 ns 238 ns
9292770 ns 9292984 ns 214 ns
9292931 ns 9293148 ns 217 ns
9293097 ns 9293372 ns 275 ns
9293256 ns 9293472 ns 216 ns
9294653 ns 9294868 ns 215 ns
9294810 ns 9295024 ns 214 ns
9294974 ns 9295212 ns 238 ns
9295132 ns 9295356 ns 224 ns
9296474 ns 9296688 ns 214 ns
9297892 ns 9298116 ns 224 ns
9298365 ns 9298580 ns 215 ns
9298426 ns 9298668 ns 242 ns
9298524 ns 9298740 ns 216 ns
9298584 ns 9298800 ns 216 ns
9298688 ns 9298928 ns 240 ns
9298737 ns 9298968 ns 231 ns
9298847 ns 9299064 ns 217 ns
9300127 ns 9300344 ns 217 ns
9300280 ns 9300496 ns 216 ns
9300429 ns 9300644 ns 215 ns
9300441 ns 9300664 ns 223 ns
9300587 ns 9300816 ns 229 ns
9300600 ns 9300836 ns 236 ns
9300759 ns 9300976 ns 217 ns
9300917 ns 9301132 ns 215 ns
9302049 ns 9302264 ns 215 ns
9302203 ns 9302424 ns 221 ns
9302365 ns 9302600 ns 235 ns
9302517 ns 9302732 ns 215 ns
9304037 ns 9304252 ns 215 ns
9304191 ns 9304408 ns 217 ns
9304349 ns 9304564 ns 215 ns
9304503 ns 9304732 ns 229 ns
9305504 ns 9305852 ns 348 ns
9305350 ns 9305896 ns 546 ns
9305663 ns 9305976 ns 313 ns
9305814 ns 9306032 ns 218 ns
9313916 ns 9314180 ns 264 ns
9314099 ns 9314332 ns 233 ns
9336709 ns 9336992 ns 283 ns
9337217 ns 9337432 ns 215 ns
9338444 ns 9338660 ns 216 ns
9338810 ns 9339080 ns 270 ns
9338853 ns 9339176 ns 323 ns
9341888 ns 9342108 ns 220 ns
9343057 ns 9343304 ns 247 ns
9345001 ns 9345296 ns 295 ns
9345850 ns 9346068 ns 218 ns
9345992 ns 9346208 ns 216 ns
9346137 ns 9346368 ns 231 ns
9346278 ns 9346496 ns 218 ns
9348804 ns 9349020 ns 216 ns
9348945 ns 9349160 ns 215 ns
9349091 ns 9349308 ns 217 ns
9349233 ns 9349452 ns 219 ns
9350600 ns 9350932 ns 332 ns
9350742 ns 9351088 ns 346 ns
9350889 ns 9351172 ns 283 ns
9351062 ns 9351316 ns 254 ns
9352438 ns 9352820 ns 382 ns
9352579 ns 9352860 ns 281 ns
9352724 ns 9352940 ns 216 ns
9352864 ns 9353144 ns 280 ns
9354686 ns 9354904 ns 218 ns
9354860 ns 9355108 ns 248 ns
9355040 ns 9355256 ns 216 ns
9355217 ns 9355432 ns 215 ns
9376553 ns 9376768 ns 215 ns
9379575 ns 9379792 ns 217 ns
9405435 ns 9405652 ns 217 ns
9405801 ns 9406016 ns 215 ns
9407991 ns 9408208 ns 217 ns
9408537 ns 9408752 ns 215 ns
9411081 ns 9411296 ns 215 ns
9411903 ns 9412120 ns 217 ns
9415562 ns 9415776 ns 214 ns
9415738 ns 9415952 ns 214 ns
9418610 ns 9418828 ns 218 ns
9421358 ns 9421576 ns 218 ns
9461387 ns 9461864 ns 477 ns
9462060 ns 9462276 ns 216 ns
9462107 ns 9462356 ns 249 ns
9473982 ns 9474196 ns 214 ns
9474154 ns 9474368 ns 214 ns
9474334 ns 9474552 ns 218 ns
9474522 ns 9474736 ns 214 ns
9474703 ns 9474920 ns 217 ns
9475931 ns 9476148 ns 217 ns
9482119 ns 9482336 ns 217 ns
9482434 ns 9482652 ns 218 ns
9482630 ns 9482844 ns 214 ns
9482780 ns 9482996 ns 216 ns
9482959 ns 9483176 ns 217 ns
9483100 ns 9483316 ns 216 ns
9483294 ns 9483512 ns 218 ns
9483472 ns 9483688 ns 216 ns
9483620 ns 9483836 ns 216 ns
9483778 ns 9483992 ns 214 ns
9483979 ns 9484196 ns 217 ns
9484088 ns 9484316 ns 228 ns
9484302 ns 9484516 ns 214 ns
9484393 ns 9484608 ns 215 ns
9484633 ns 9484848 ns 215 ns
9484961 ns 9485232 ns 271 ns
9487239 ns 9487456 ns 217 ns
9487557 ns 9487772 ns 215 ns
9487877 ns 9488100 ns 223 ns
9487889 ns 9488120 ns 231 ns
9488201 ns 9488416 ns 215 ns
9488230 ns 9488456 ns 226 ns
9488544 ns 9488772 ns 228 ns
9488574 ns 9488792 ns 218 ns
9488840 ns 9489056 ns 216 ns
9488918 ns 9489132 ns 214 ns
9489145 ns 9489360 ns 215 ns
9489287 ns 9489516 ns 229 ns
9489448 ns 9489664 ns 216 ns
9489578 ns 9489792 ns 214 ns
9489906 ns 9490124 ns 218 ns
9490197 ns 9490412 ns 215 ns
9496827 ns 9497044 ns 217 ns
9497636 ns 9497852 ns 216 ns
9501542 ns 9501756 ns 214 ns
9502362 ns 9502576 ns 214 ns
9502620 ns 9502836 ns 216 ns
9502815 ns 9503080 ns 265 ns
9502989 ns 9503204 ns 215 ns
9507879 ns 9508096 ns 217 ns
9508062 ns 9508280 ns 218 ns
9509374 ns 9509596 ns 222 ns
9509542 ns 9509764 ns 222 ns
9509706 ns 9509924 ns 218 ns
9509878 ns 9510096 ns 218 ns
9510054 ns 9510268 ns 214 ns
9510856 ns 9511072 ns 216 ns
9511265 ns 9511560 ns 295 ns
9511430 ns 9511648 ns 218 ns
9511598 ns 9511816 ns 218 ns
9512734 ns 9512948 ns 214 ns
9513019 ns 9513236 ns 217 ns
9513335 ns 9513552 ns 217 ns
9513622 ns 9513840 ns 218 ns
9513967 ns 9514184 ns 217 ns
9514290 ns 9514504 ns 214 ns
9514620 ns 9514868 ns 248 ns
9514945 ns 9515180 ns 235 ns
9515268 ns 9515484 ns 216 ns
9515553 ns 9515772 ns 219 ns
9515878 ns 9516100 ns 222 ns
9516198 ns 9516500 ns 302 ns
9516859 ns 9517076 ns 217 ns
9517175 ns 9517392 ns 217 ns
9517492 ns 9517716 ns 224 ns
9517815 ns 9518032 ns 217 ns
9517984 ns 9518200 ns 216 ns
9518156 ns 9518372 ns 216 ns
9518302 ns 9518528 ns 226 ns
9518439 ns 9518656 ns 217 ns
9518584 ns 9518800 ns 216 ns
9518754 ns 9518968 ns 214 ns
9518895 ns 9519140 ns 245 ns
9519066 ns 9519296 ns 230 ns
9519236 ns 9519452 ns 216 ns
9519400 ns 9519628 ns 228 ns
9519531 ns 9519764 ns 233 ns
9519702 ns 9519924 ns 222 ns
9519837 ns 9520052 ns 215 ns
9520003 ns 9520228 ns 225 ns
9520140 ns 9520360 ns 220 ns
9520316 ns 9520532 ns 216 ns
9520620 ns 9520836 ns 216 ns
9520907 ns 9521136 ns 229 ns
9521196 ns 9521412 ns 216 ns
9521483 ns 9521700 ns 217 ns
9521804 ns 9522044 ns 240 ns
9522087 ns 9522308 ns 221 ns
9522402 ns 9522632 ns 230 ns
9522719 ns 9522948 ns 229 ns
9522883 ns 9523100 ns 217 ns
9523052 ns 9523316 ns 264 ns
9523204 ns 9523424 ns 220 ns
9523341 ns 9523556 ns 215 ns
9523491 ns 9523712 ns 221 ns
9523658 ns 9523872 ns 214 ns
9523976 ns 9524336 ns 360 ns
9523806 ns 9524356 ns 550 ns
9524151 ns 9524376 ns 225 ns
9524310 ns 9524528 ns 218 ns
9524441 ns 9524660 ns 219 ns
9524577 ns 9524792 ns 215 ns
9524713 ns 9524928 ns 215 ns
9524841 ns 9525172 ns 331 ns
9524978 ns 9525196 ns 218 ns
9525110 ns 9525328 ns 218 ns
9525450 ns 9525668 ns 218 ns
9525731 ns 9525948 ns 217 ns
9526014 ns 9526248 ns 234 ns
9526297 ns 9526512 ns 215 ns
9526618 ns 9526832 ns 214 ns
9526900 ns 9527116 ns 216 ns
9527184 ns 9527400 ns 216 ns
9527471 ns 9527696 ns 225 ns
9527799 ns 9528020 ns 221 ns
9528089 ns 9528304 ns 215 ns
9528408 ns 9528636 ns 228 ns
9528723 ns 9528940 ns 217 ns
9534400 ns 9534696 ns 296 ns
9534770 ns 9534988 ns 218 ns
9535 us 9535216 ns 216 ns
9535603 ns 9535832 ns 229 ns
9536769 ns 9536984 ns 215 ns
9536956 ns 9537172 ns 216 ns
9537147 ns 9537364 ns 217 ns
9537351 ns 9537568 ns 217 ns
9537549 ns 9537764 ns 215 ns
9539270 ns 9539484 ns 214 ns
9539989 ns 9540204 ns 215 ns
9541600 ns 9541816 ns 216 ns
9542243 ns 9542460 ns 217 ns
9542530 ns 9542744 ns 214 ns
9542810 ns 9543024 ns 214 ns
9543528 ns 9543744 ns 216 ns
9543732 ns 9543960 ns 228 ns
9580361 ns 9580576 ns 215 ns
9581378 ns 9581596 ns 218 ns
9582319 ns 9582536 ns 217 ns
9607481 ns 9607696 ns 215 ns
9607658 ns 9607880 ns 222 ns
9608960 ns 9609204 ns 244 ns
9609122 ns 9609372 ns 250 ns
9609291 ns 9609508 ns 217 ns
9609463 ns 9609700 ns 237 ns
9610253 ns 9610468 ns 215 ns
9610680 ns 9610896 ns 216 ns
9610846 ns 9611076 ns 230 ns
9611008 ns 9611224 ns 216 ns
9612027 ns 9612244 ns 217 ns
9612380 ns 9612596 ns 216 ns
9612737 ns 9612952 ns 215 ns
9613052 ns 9613268 ns 216 ns
9616538 ns 9616756 ns 218 ns
9617133 ns 9617348 ns 215 ns
9618876 ns 9619092 ns 216 ns
9619163 ns 9619380 ns 217 ns
9619454 ns 9619748 ns 294 ns
9619771 ns 9619988 ns 217 ns
9622634 ns 9622868 ns 234 ns
9622924 ns 9623152 ns 228 ns
9623224 ns 9623440 ns 216 ns
9623528 ns 9623744 ns 216 ns
9624479 ns 9624696 ns 217 ns
9624653 ns 9624868 ns 215 ns
9624836 ns 9625052 ns 216 ns
9625020 ns 9625236 ns 216 ns
9625218 ns 9625656 ns 438 ns
9626480 ns 9626696 ns 216 ns
9626556 ns 9626772 ns 216 ns
9626801 ns 9627016 ns 215 ns
9627134 ns 9627436 ns 302 ns
9627425 ns 9627640 ns 215 ns
9627451 ns 9627680 ns 229 ns
9627605 ns 9627820 ns 215 ns
9627791 ns 9628084 ns 293 ns
9627972 ns 9628188 ns 216 ns
9628132 ns 9628348 ns 216 ns
9628314 ns 9628528 ns 214 ns
9628498 ns 9628716 ns 218 ns
9628681 ns 9628896 ns 215 ns
9629027 ns 9629244 ns 217 ns
9629353 ns 9629576 ns 223 ns
9629712 ns 9629932 ns 220 ns
9630039 ns 9630256 ns 217 ns
9630424 ns 9630640 ns 216 ns
9630712 ns 9630928 ns 216 ns
9630769 ns 9630984 ns 215 ns
9631072 ns 9631288 ns 216 ns
9631084 ns 9631308 ns 224 ns
9631310 ns 9631524 ns 214 ns
9631402 ns 9631644 ns 242 ns
9631518 ns 9631732 ns 214 ns
9631705 ns 9631920 ns 215 ns
9631876 ns 9632092 ns 216 ns
9632110 ns 9632328 ns 218 ns
9632428 ns 9632644 ns 216 ns
9632726 ns 9632944 ns 218 ns
9633048 ns 9633392 ns 344 ns
9633230 ns 9633468 ns 238 ns
9633411 ns 9633636 ns 225 ns
9633565 ns 9633788 ns 223 ns
9633749 ns 9633964 ns 215 ns
9633914 ns 9634128 ns 214 ns
9634063 ns 9634280 ns 217 ns
9634216 ns 9634432 ns 216 ns
9634398 ns 9634616 ns 218 ns
9634749 ns 9634964 ns 215 ns
9634849 ns 9635076 ns 227 ns
9635065 ns 9635280 ns 215 ns
9635173 ns 9635388 ns 215 ns
9635382 ns 9635600 ns 218 ns
9635501 ns 9635716 ns 215 ns
9635701 ns 9635916 ns 215 ns
9635826 ns 9636056 ns 230 ns
9636010 ns 9636228 ns 218 ns
9636325 ns 9636540 ns 215 ns
9636620 ns 9636836 ns 216 ns
9636939 ns 9637156 ns 217 ns
9637126 ns 9637344 ns 218 ns
9637295 ns 9637512 ns 217 ns
9637439 ns 9637684 ns 245 ns
9637607 ns 9637824 ns 217 ns
9637753 ns 9638 us 247 ns
9637916 ns 9638132 ns 216 ns
9638065 ns 9638284 ns 219 ns
9638235 ns 9638452 ns 217 ns
9638591 ns 9638808 ns 217 ns
9638728 ns 9638944 ns 216 ns
9638928 ns 9639144 ns 216 ns
9639035 ns 9639332 ns 297 ns
9639230 ns 9639444 ns 214 ns
9639351 ns 9639568 ns 217 ns
9639563 ns 9639784 ns 221 ns
9639660 ns 9639876 ns 216 ns
9639892 ns 9640108 ns 216 ns
9640225 ns 9640440 ns 215 ns
9640515 ns 9640732 ns 217 ns
9640849 ns 9641192 ns 343 ns
9641024 ns 9641268 ns 244 ns
9641217 ns 9641444 ns 227 ns
9641374 ns 9641592 ns 218 ns
9641564 ns 9641780 ns 216 ns
9641727 ns 9641944 ns 217 ns
9641916 ns 9642144 ns 228 ns
9642073 ns 9642288 ns 215 ns
9642263 ns 9642480 ns 217 ns
9642619 ns 9642840 ns 221 ns
9642688 ns 9642904 ns 216 ns
9642940 ns 9643156 ns 216 ns
9643016 ns 9643232 ns 216 ns
9643225 ns 9643440 ns 215 ns
9643347 ns 9643576 ns 229 ns
9643548 ns 9643764 ns 216 ns
9643676 ns 9643892 ns 216 ns
9643884 ns 9644104 ns 220 ns
9644211 ns 9644448 ns 237 ns
9644514 ns 9644748 ns 234 ns
9644847 ns 9645076 ns 229 ns
9646989 ns 9647204 ns 215 ns
9647337 ns 9647572 ns 235 ns
9647369 ns 9647592 ns 223 ns
9647663 ns 9647892 ns 229 ns
9647992 ns 9648208 ns 216 ns
9648314 ns 9648532 ns 218 ns
9656477 ns 9656904 ns 427 ns
9660595 ns 9660820 ns 225 ns
9661564 ns 9661784 ns 220 ns
9662357 ns 9662584 ns 227 ns
9662444 ns 9662816 ns 372 ns
9662471 ns 9662900 ns 429 ns
9662526 ns 9662976 ns 450 ns
9690784 ns 9691 us 216 ns
9690967 ns 9691184 ns 217 ns
9692320 ns 9692536 ns 216 ns
9692494 ns 9692712 ns 218 ns
9692664 ns 9692880 ns 216 ns
9692842 ns 9693056 ns 214 ns
9693027 ns 9693244 ns 217 ns
9693833 ns 9694048 ns 215 ns
9694242 ns 9694456 ns 214 ns
9694413 ns 9694628 ns 215 ns
9694589 ns 9694804 ns 215 ns
9695318 ns 9695792 ns 474 ns
9695667 ns 9695884 ns 217 ns
9695837 ns 9696052 ns 215 ns
9695995 ns 9696212 ns 217 ns
9695499 ns 9696512 ns 1013 ns
9696356 ns 9696576 ns 220 ns
9696541 ns 9696756 ns 215 ns
9696983 ns 9697204 ns 221 ns
9700779 ns 9701004 ns 225 ns
9701401 ns 9701616 ns 215 ns
9702635 ns 9702852 ns 217 ns
9702992 ns 9703208 ns 216 ns
9703535 ns 9703752 ns 217 ns
9703742 ns 9703960 ns 218 ns
9703973 ns 9704188 ns 215 ns
9704569 ns 9704784 ns 215 ns
9731420 ns 9731636 ns 216 ns
9731605 ns 9731820 ns 215 ns
9731791 ns 9732008 ns 217 ns
9731985 ns 9732200 ns 215 ns
9733214 ns 9733428 ns 214 ns
9734071 ns 9734288 ns 217 ns
9734269 ns 9734484 ns 215 ns
9736469 ns 9736684 ns 215 ns
9736765 ns 9736980 ns 215 ns
9737723 ns 9737960 ns 237 ns
9738694 ns 9738912 ns 218 ns
9739894 ns 9740160 ns 266 ns
9741342 ns 9741556 ns 214 ns
9742297 ns 9742592 ns 295 ns
9797638 ns 9797856 ns 218 ns
9797811 ns 9798028 ns 217 ns
9799303 ns 9799520 ns 217 ns
9799467 ns 9799684 ns 217 ns
9799637 ns 9799852 ns 215 ns
9799812 ns 9800028 ns 216 ns
9799989 ns 9800204 ns 215 ns
9800773 ns 9800988 ns 215 ns
9801145 ns 9801360 ns 215 ns
9801316 ns 9801532 ns 216 ns
9801481 ns 9801696 ns 215 ns
9802265 ns 9802480 ns 215 ns
9802638 ns 9802852 ns 214 ns
9802865 ns 9803080 ns 215 ns
9803245 ns 9803480 ns 235 ns
9803604 ns 9803820 ns 216 ns
9803768 ns 9803984 ns 216 ns
9803932 ns 9804148 ns 216 ns
9813863 ns 9814080 ns 217 ns
9814039 ns 9814256 ns 217 ns
9814221 ns 9814436 ns 215 ns
9814405 ns 9814620 ns 215 ns
9814595 ns 9814812 ns 217 ns
9815823 ns 9816044 ns 221 ns
9816461 ns 9816744 ns 283 ns
9816870 ns 9817084 ns 214 ns
9818083 ns 9818300 ns 217 ns
9818464 ns 9818680 ns 216 ns
9818704 ns 9818920 ns 216 ns
9819712 ns 9819940 ns 228 ns
9819917 ns 9820316 ns 399 ns
9820424 ns 9820652 ns 228 ns
9821745 ns 9821960 ns 215 ns
9822483 ns 9822788 ns 305 ns
9861359 ns 9861576 ns 217 ns
9862188 ns 9862404 ns 216 ns
9862336 ns 9862552 ns 216 ns
9862408 ns 9862632 ns 224 ns
9903040 ns 9903256 ns 216 ns
9903209 ns 9903424 ns 215 ns
9904730 ns 9904944 ns 214 ns
9904888 ns 9905104 ns 216 ns
9905053 ns 9905268 ns 215 ns
9905221 ns 9905436 ns 215 ns
9906042 ns 9906392 ns 350 ns
9906444 ns 9906660 ns 216 ns
9906609 ns 9906824 ns 215 ns
9906769 ns 9906984 ns 215 ns
9907486 ns 9907700 ns 214 ns
9907658 ns 9907876 ns 218 ns
9911902 ns 9912116 ns 214 ns
9912077 ns 9912292 ns 215 ns
9912553 ns 9912768 ns 215 ns
9912749 ns 9912964 ns 215 ns
9912971 ns 9913188 ns 217 ns
9913559 ns 9913776 ns 217 ns
9913729 ns 9914192 ns 463 ns
9913888 ns 9914272 ns 384 ns
9931601 ns 9931816 ns 215 ns
9931787 ns 9932004 ns 217 ns
9931973 ns 9932188 ns 215 ns
9932167 ns 9932384 ns 217 ns
9932359 ns 9932576 ns 217 ns
9933582 ns 9933800 ns 218 ns
9934670 ns 9934888 ns 218 ns
9934868 ns 9935216 ns 348 ns
9935296 ns 9935512 ns 216 ns
9936451 ns 9936668 ns 217 ns
9937178 ns 9937592 ns 414 ns
9937817 ns 9938032 ns 215 ns
9939669 ns 9939888 ns 219 ns
9939840 ns 9940056 ns 216 ns
9940037 ns 9940252 ns 215 ns
9940235 ns 9940452 ns 217 ns
9940609 ns 9940832 ns 223 ns
9941573 ns 9941788 ns 215 ns
9942353 ns 9942684 ns 331 ns
9943633 ns 9943848 ns 215 ns
9943809 ns 9944024 ns 215 ns
9980136 ns 9980356 ns 220 ns
9980316 ns 9980532 ns 216 ns
9981385 ns 9981600 ns 215 ns
9982281 ns 9982496 ns 215 ns
9988781 ns 9989008 ns 227 ns
9988957 ns 9989172 ns 215 ns
9990326 ns 9990568 ns 242 ns
9990489 ns 9990704 ns 215 ns
9990659 ns 9990876 ns 217 ns
9990831 ns 9991048 ns 217 ns
9991623 ns 9991840 ns 217 ns
9992036 ns 9992316 ns 280 ns
9992210 ns 9992428 ns 218 ns
9992374 ns 9992588 ns 214 ns
9995712 ns 9995928 ns 216 ns
9995876 ns 9996092 ns 216 ns
9996051 ns 9996268 ns 217 ns
9996185 ns 9996400 ns 215 ns
9996313 ns 9996528 ns 215 ns
9996793 ns 9997008 ns 215 ns
9997096 ns 9997312 ns 216 ns
9997562 ns 9997780 ns 218 ns
9997729 ns 9997944 ns 215 ns
10000434 ns 10000648 ns 214 ns
10000567 ns 10000784 ns 217 ns
10000705 ns 10000920 ns 215 ns
10001144 ns 10001396 ns 252 ns
10002737 ns 10002952 ns 215 ns
10002768 ns 10002984 ns 216 ns
10002877 ns 10003092 ns 215 ns
10002944 ns 10003160 ns 216 ns
10003127 ns 10003348 ns 221 ns
10003220 ns 10003436 ns 216 ns
10003311 ns 10003528 ns 217 ns
10003501 ns 10003716 ns 215 ns
10004726 ns 10004956 ns 230 ns
10006624 ns 10006840 ns 216 ns
10006866 ns 10007084 ns 218 ns
10007019 ns 10007236 ns 217 ns
10007160 ns 10007376 ns 216 ns
10007404 ns 10007792 ns 388 ns
10010037 ns 10010252 ns 215 ns
10010235 ns 10010452 ns 217 ns
10010491 ns 10010708 ns 217 ns
10010692 ns 10010908 ns 216 ns
10010837 ns 10011052 ns 215 ns
10010988 ns 10011204 ns 216 ns
10011547 ns 10011764 ns 217 ns
10013145 ns 10013360 ns 215 ns
10059210 ns 10059424 ns 214 ns
10059579 ns 10059796 ns 217 ns
10086410 ns 10086624 ns 214 ns
10086792 ns 10087008 ns 216 ns
10139439 ns 10139656 ns 217 ns
10139800 ns 10140016 ns 216 ns
10141536 ns 10141752 ns 216 ns
10141886 ns 10142104 ns 218 ns
10142033 ns 10142248 ns 215 ns
10146647 ns 10146864 ns 217 ns
10148031 ns 10148248 ns 217 ns
10148416 ns 10148632 ns 216 ns
10148688 ns 10148904 ns 216 ns
10149105 ns 10149320 ns 215 ns
10149289 ns 10149504 ns 215 ns
10167618 ns 10167836 ns 218 ns
10167881 ns 10168096 ns 215 ns
10168015 ns 10168232 ns 217 ns
10169140 ns 10169356 ns 216 ns
10169563 ns 10169780 ns 217 ns
10169778 ns 10169992 ns 214 ns
10170678 ns 10170892 ns 214 ns
10170938 ns 10171156 ns 218 ns
10171354 ns 10171592 ns 238 ns
10171647 ns 10171864 ns 217 ns
10171863 ns 10172080 ns 217 ns
10172005 ns 10172224 ns 219 ns
10172191 ns 10172408 ns 217 ns
10172396 ns 10172612 ns 216 ns
10172540 ns 10172756 ns 216 ns
10173670 ns 10173888 ns 218 ns
10173873 ns 10174088 ns 215 ns
10174014 ns 10174228 ns 214 ns
10174166 ns 10174380 ns 214 ns
10174354 ns 10174568 ns 214 ns
10174644 ns 10174860 ns 216 ns
10175758 ns 10175972 ns 214 ns
10176211 ns 10176428 ns 217 ns
10176562 ns 10176776 ns 214 ns
10182149 ns 10182364 ns 215 ns
10190212 ns 10190428 ns 216 ns
10200673 ns 10200888 ns 215 ns
10200911 ns 10201132 ns 221 ns
10201044 ns 10201260 ns 216 ns
10201515 ns 10201732 ns 217 ns
10201644 ns 10201860 ns 216 ns
10201835 ns 10202052 ns 217 ns
10202120 ns 10202336 ns 216 ns
10204367 ns 10204584 ns 217 ns
10208048 ns 10208264 ns 216 ns
10216425 ns 10216640 ns 215 ns
10260152 ns 10260368 ns 216 ns
10281999 ns 10282216 ns 217 ns
10282179 ns 10282396 ns 217 ns
10283407 ns 10283624 ns 217 ns
10283876 ns 10284092 ns 216 ns
10284200 ns 10284416 ns 216 ns
10284479 ns 10284696 ns 217 ns
10284747 ns 10284964 ns 217 ns
10285017 ns 10285232 ns 215 ns
10285458 ns 10285672 ns 214 ns
10288560 ns 10288776 ns 216 ns
10288923 ns 10289148 ns 225 ns
10301517 ns 10301736 ns 219 ns
10341484 ns 10341700 ns 216 ns
10420569 ns 10420784 ns 215 ns
10421627 ns 10421844 ns 217 ns
10500579 ns 10500796 ns 217 ns
10501641 ns 10501856 ns 215 ns
10580520 ns 10580736 ns 216 ns
10581584 ns 10581800 ns 216 ns
10660602 ns 10660820 ns 218 ns
10661700 ns 10661916 ns 216 ns
10740479 ns 10740700 ns 221 ns
10741559 ns 10741776 ns 217 ns
10820696 ns 10820912 ns 216 ns
10821757 ns 10821972 ns 215 ns
10900495 ns 10900712 ns 217 ns
10901559 ns 10901776 ns 217 ns
10980595 ns 10980812 ns 217 ns
10981675 ns 10981892 ns 217 ns
11060934 ns 11061152 ns 218 ns
11061752 ns 11061968 ns 216 ns
11062863 ns 11063088 ns 225 ns
11062905 ns 11063120 ns 215 ns
11063519 ns 11063736 ns 217 ns
11063576 ns 11063792 ns 216 ns
11063787 ns 11064004 ns 217 ns
11063963 ns 11064180 ns 217 ns
11064167 ns 11064384 ns 217 ns
11064589 ns 11064804 ns 215 ns
11064869 ns 11065084 ns 215 ns
11065170 ns 11065388 ns 218 ns
11065419 ns 11065636 ns 217 ns
11140641 ns 11140904 ns 263 ns
11141302 ns 11141516 ns 214 ns
