16930 ns 17304 ns 374 ns
16950 ns 17544 ns 594 ns
17421 ns 17784 ns 363 ns
17689 ns 18048 ns 359 ns
17655 ns 18104 ns 449 ns
17967 ns 18304 ns 337 ns
17932 ns 18368 ns 436 ns
18239 ns 18564 ns 325 ns
18200 ns 18624 ns 424 ns
18471 ns 18980 ns 509 ns
19388 ns 19604 ns 216 ns
19559 ns 19768 ns 209 ns
19905 ns 20112 ns 207 ns
19992 ns 20200 ns 208 ns
20363 ns 20628 ns 265 ns
20444 ns 20868 ns 424 ns
20614 ns 20920 ns 306 ns
20884 ns 21096 ns 212 ns
20847 ns 21320 ns 473 ns
21245 ns 21496 ns 251 ns
21329 ns 21536 ns 207 ns
21626 ns 21836 ns 210 ns
22597 ns 22804 ns 207 ns
22953 ns 23160 ns 207 ns
23226 ns 23452 ns 226 ns
23307 ns 23556 ns 249 ns
23261 ns 23900 ns 639 ns
23603 ns 23952 ns 349 ns
23747 ns 24300 ns 553 ns
24187 ns 24396 ns 209 ns
24197 ns 24460 ns 263 ns
24704 ns 24912 ns 208 ns
25948 ns 26156 ns 208 ns
26202 ns 26412 ns 210 ns
27300 ns 27508 ns 208 ns
27518 ns 27728 ns 210 ns
27555 ns 27768 ns 213 ns
27782 ns 27992 ns 210 ns
27895 ns 28104 ns 209 ns
28178 ns 28392 ns 214 ns
28697 ns 28904 ns 207 ns
28960 ns 29168 ns 208 ns
30171 ns 30392 ns 221 ns
30179 ns 30412 ns 233 ns
30431 ns 30648 ns 217 ns
30429 ns 30668 ns 239 ns
30677 ns 30896 ns 219 ns
30940 ns 31148 ns 208 ns
31247 ns 31608 ns 361 ns
31216 ns 31656 ns 440 ns
31331 ns 31772 ns 441 ns
31597 ns 31932 ns 335 ns
31791 ns 32 us 209 ns
31869 ns 32088 ns 219 ns
32231 ns 32440 ns 209 ns
32368 ns 32576 ns 208 ns
32767 ns 32980 ns 213 ns
33302 ns 33512 ns 210 ns
33894 ns 34104 ns 210 ns
34262 ns 34472 ns 210 ns
34796 ns 35004 ns 208 ns
35330 ns 35556 ns 226 ns
36195 ns 36416 ns 221 ns
36298 ns 36508 ns 210 ns
36763 ns 37056 ns 293 ns
37039 ns 37316 ns 277 ns
37299 ns 37580 ns 281 ns
37696 ns 37904 ns 208 ns
37960 ns 38168 ns 208 ns
38281 ns 38588 ns 307 ns
38696 ns 38920 ns 224 ns
38966 ns 39456 ns 490 ns
39250 ns 39548 ns 298 ns
39803 ns 40012 ns 209 ns
40066 ns 40276 ns 210 ns
40325 ns 40532 ns 207 ns
40942 ns 41228 ns 286 ns
41700 ns 41908 ns 208 ns
41882 ns 42092 ns 210 ns
42209 ns 42544 ns 335 ns
44360 ns 44652 ns 292 ns
46255 ns 46464 ns 209 ns
48333 ns 48540 ns 207 ns
49904 ns 50112 ns 208 ns
50011 ns 50220 ns 209 ns
50138 ns 50348 ns 210 ns
50174 ns 50416 ns 242 ns
50247 ns 50456 ns 209 ns
50291 ns 50500 ns 209 ns
50399 ns 50608 ns 209 ns
50514 ns 50724 ns 210 ns
101088 ns 101296 ns 208 ns
102192 ns 102400 ns 208 ns
102769 ns 102976 ns 207 ns
102808 ns 103056 ns 248 ns
102847 ns 103136 ns 289 ns
102884 ns 103216 ns 332 ns
141691 ns 141904 ns 213 ns
221041 ns 221248 ns 207 ns
221893 ns 222116 ns 223 ns
223430 ns 223744 ns 314 ns
223008 ns 223860 ns 852 ns
223539 ns 223908 ns 369 ns
223055 ns 223940 ns 885 ns
223086 ns 224020 ns 934 ns
223644 ns 224064 ns 420 ns
223133 ns 224100 ns 967 ns
223765 ns 224312 ns 547 ns
224214 ns 224424 ns 210 ns
224343 ns 224552 ns 209 ns
224453 ns 224660 ns 207 ns
224671 ns 224880 ns 209 ns
301016 ns 301224 ns 208 ns
301713 ns 301920 ns 207 ns
381579 ns 381788 ns 209 ns
461005 ns 461228 ns 223 ns
461903 ns 462112 ns 209 ns
541531 ns 541740 ns 209 ns
621594 ns 621804 ns 210 ns
701744 ns 701952 ns 208 ns
781085 ns 781292 ns 207 ns
782141 ns 782348 ns 207 ns
860956 ns 861164 ns 208 ns
861661 ns 861868 ns 207 ns
941860 ns 942068 ns 208 ns
942660 ns 942868 ns 208 ns
942698 ns 942948 ns 250 ns
942740 ns 943028 ns 288 ns
942779 ns 943108 ns 329 ns
1021206 ns 1021412 ns 206 ns
1022254 ns 1022464 ns 210 ns
1023021 ns 1023288 ns 267 ns
1023070 ns 1023368 ns 298 ns
1023112 ns 1023528 ns 416 ns
1031055 ns 1031264 ns 209 ns
1034115 ns 1034324 ns 209 ns
1034379 ns 1034588 ns 209 ns
1038973 ns 1039184 ns 211 ns
1039739 ns 1039948 ns 209 ns
1044517 ns 1044724 ns 207 ns
1101060 ns 1101268 ns 208 ns
1102120 ns 1102328 ns 208 ns
1103049 ns 1103256 ns 207 ns
1103082 ns 1103336 ns 254 ns
1103127 ns 1103416 ns 289 ns
1103174 ns 1103496 ns 322 ns
1181044 ns 1181252 ns 208 ns
1181742 ns 1181968 ns 226 ns
1182967 ns 1183188 ns 221 ns
1183004 ns 1183260 ns 256 ns
1185163 ns 1185372 ns 209 ns
1185421 ns 1185628 ns 207 ns
1186222 ns 1186432 ns 210 ns
1186478 ns 1186688 ns 210 ns
1187034 ns 1187244 ns 210 ns
1188347 ns 1188556 ns 209 ns
1190275 ns 1190484 ns 209 ns
1190338 ns 1190544 ns 206 ns
1190539 ns 1190748 ns 209 ns
1190602 ns 1190812 ns 210 ns
1191199 ns 1191408 ns 209 ns
1191265 ns 1191472 ns 207 ns
1192422 ns 1192632 ns 210 ns
1192549 ns 1192756 ns 207 ns
1193991 ns 1194204 ns 213 ns
1194094 ns 1194304 ns 210 ns
1194257 ns 1194464 ns 207 ns
1194367 ns 1194576 ns 209 ns
1195816 ns 1196024 ns 208 ns
1195922 ns 1196148 ns 226 ns
1196337 ns 1196544 ns 207 ns
1196443 ns 1196652 ns 209 ns
1199417 ns 1199624 ns 207 ns
1199521 ns 1199728 ns 207 ns
1203059 ns 1203268 ns 209 ns
1203190 ns 1203476 ns 286 ns
1203318 ns 1203528 ns 210 ns
1203455 ns 1203664 ns 209 ns
1203605 ns 1203812 ns 207 ns
1203728 ns 1203936 ns 208 ns
1261667 ns 1261892 ns 225 ns
1262296 ns 1262568 ns 272 ns
1262335 ns 1262664 ns 329 ns
1262376 ns 1262744 ns 368 ns
1262415 ns 1262824 ns 409 ns
1341030 ns 1341240 ns 210 ns
1341859 ns 1342168 ns 309 ns
1342532 ns 1342908 ns 376 ns
1342578 ns 1342988 ns 410 ns
1342616 ns 1343068 ns 452 ns
1342662 ns 1343148 ns 486 ns
1421061 ns 1421268 ns 207 ns
1421925 ns 1422184 ns 259 ns
1422604 ns 1422812 ns 208 ns
1422642 ns 1422972 ns 330 ns
1422687 ns 1423064 ns 377 ns
1425109 ns 1425316 ns 207 ns
1426154 ns 1426364 ns 210 ns
1426694 ns 1426904 ns 210 ns
1426953 ns 1427160 ns 207 ns
1427210 ns 1427420 ns 210 ns
1427460 ns 1427804 ns 344 ns
1427995 ns 1428204 ns 209 ns
1430484 ns 1430692 ns 208 ns
1432011 ns 1432220 ns 209 ns
1433062 ns 1433272 ns 210 ns
1433306 ns 1433516 ns 210 ns
1433559 ns 1433768 ns 209 ns
1434084 ns 1434292 ns 208 ns
1434876 ns 1435084 ns 208 ns
1435376 ns 1435668 ns 292 ns
1435875 ns 1436084 ns 209 ns
1438071 ns 1438280 ns 209 ns
1438233 ns 1438440 ns 207 ns
1438993 ns 1439200 ns 207 ns
1439129 ns 1439336 ns 207 ns
1439534 ns 1439744 ns 210 ns
1439787 ns 1439996 ns 209 ns
1440233 ns 1440440 ns 207 ns
1440399 ns 1440608 ns 209 ns
1441101 ns 1441308 ns 207 ns
1441582 ns 1441792 ns 210 ns
1441719 ns 1441928 ns 209 ns
1442386 ns 1442596 ns 210 ns
1442867 ns 1443076 ns 209 ns
1443035 ns 1443388 ns 353 ns
1443740 ns 1443948 ns 208 ns
1444253 ns 1444460 ns 207 ns
1444420 ns 1444628 ns 208 ns
1445105 ns 1445312 ns 207 ns
1445586 ns 1445796 ns 210 ns
1445722 ns 1445932 ns 210 ns
1446398 ns 1446608 ns 210 ns
1446914 ns 1447124 ns 210 ns
1447050 ns 1447260 ns 210 ns
1447703 ns 1447912 ns 209 ns
1448149 ns 1448372 ns 223 ns
1448317 ns 1448524 ns 207 ns
1448748 ns 1448956 ns 208 ns
1449 us 1449208 ns 208 ns
1449149 ns 1449356 ns 207 ns
1449310 ns 1449520 ns 210 ns
1449797 ns 1450004 ns 207 ns
1450488 ns 1450696 ns 208 ns
1450649 ns 1450856 ns 207 ns
1451168 ns 1451376 ns 208 ns
1451420 ns 1451628 ns 208 ns
1452826 ns 1453036 ns 210 ns
1453611 ns 1453820 ns 209 ns
1453778 ns 1453988 ns 210 ns
1454485 ns 1454692 ns 207 ns
1454931 ns 1455140 ns 209 ns
1455068 ns 1455276 ns 208 ns
1455744 ns 1455952 ns 208 ns
1456188 ns 1456396 ns 208 ns
1456355 ns 1456564 ns 209 ns
1456794 ns 1457004 ns 210 ns
1457066 ns 1457276 ns 210 ns
1457803 ns 1458012 ns 209 ns
1459558 ns 1459768 ns 210 ns
1460267 ns 1460476 ns 209 ns
1461131 ns 1461340 ns 209 ns
1461299 ns 1461508 ns 209 ns
1462126 ns 1462336 ns 210 ns
1462275 ns 1462484 ns 209 ns
1462436 ns 1462644 ns 208 ns
1462569 ns 1462792 ns 223 ns
1462736 ns 1462944 ns 208 ns
1462909 ns 1463120 ns 211 ns
1463423 ns 1463632 ns 209 ns
1463603 ns 1463812 ns 209 ns
1463733 ns 1463948 ns 215 ns
1464159 ns 1464368 ns 209 ns
1464411 ns 1464620 ns 209 ns
1464835 ns 1465044 ns 209 ns
1464995 ns 1465204 ns 209 ns
1465128 ns 1465336 ns 208 ns
1465266 ns 1465476 ns 210 ns
1465408 ns 1465616 ns 208 ns
1465660 ns 1465868 ns 208 ns
1465918 ns 1466128 ns 210 ns
1466068 ns 1466276 ns 208 ns
1466229 ns 1466436 ns 207 ns
1466362 ns 1466788 ns 426 ns
1466498 ns 1466828 ns 330 ns
1466640 ns 1466848 ns 208 ns
1467153 ns 1467360 ns 207 ns
1467303 ns 1467512 ns 209 ns
1467464 ns 1467672 ns 208 ns
1467597 ns 1467804 ns 207 ns
1467734 ns 1467944 ns 210 ns
1467877 ns 1468084 ns 207 ns
1468389 ns 1468596 ns 207 ns
1468539 ns 1468748 ns 209 ns
1468699 ns 1468908 ns 209 ns
1468832 ns 1469040 ns 208 ns
1468968 ns 1469176 ns 208 ns
1469109 ns 1469316 ns 207 ns
1469356 ns 1469564 ns 208 ns
1469613 ns 1469820 ns 207 ns
1470131 ns 1470340 ns 209 ns
1470298 ns 1470508 ns 210 ns
1470969 ns 1471176 ns 207 ns
1480300 ns 1480508 ns 208 ns
1485710 ns 1485920 ns 210 ns
1487 us 1487208 ns 208 ns
1487740 ns 1487948 ns 208 ns
1487878 ns 1488088 ns 210 ns
1488548 ns 1488756 ns 208 ns
1488698 ns 1488908 ns 210 ns
1488857 ns 1489064 ns 207 ns
1489312 ns 1489520 ns 208 ns
1490277 ns 1490484 ns 207 ns
1490438 ns 1490648 ns 210 ns
1490957 ns 1491164 ns 207 ns
1491211 ns 1491420 ns 209 ns
1491641 ns 1491848 ns 207 ns
1491802 ns 1492012 ns 210 ns
1492256 ns 1492464 ns 208 ns
1492946 ns 1493156 ns 210 ns
1493106 ns 1493324 ns 218 ns
1493596 ns 1493804 ns 208 ns
1494286 ns 1494496 ns 210 ns
1494446 ns 1494656 ns 210 ns
1494962 ns 1495172 ns 210 ns
1495218 ns 1495428 ns 210 ns
1495679 ns 1495888 ns 209 ns
1495839 ns 1496048 ns 209 ns
1496356 ns 1496564 ns 208 ns
1498522 ns 1498732 ns 210 ns
1498878 ns 1499108 ns 230 ns
1499184 ns 1499392 ns 208 ns
1499314 ns 1499524 ns 210 ns
1499832 ns 1500040 ns 208 ns
1500521 ns 1500728 ns 207 ns
1500683 ns 1500892 ns 209 ns
1501187 ns 1501396 ns 209 ns
1501966 ns 1502184 ns 218 ns
1501970 ns 1502204 ns 234 ns
1502136 ns 1502344 ns 208 ns
1502637 ns 1502844 ns 207 ns
1502656 ns 1502868 ns 212 ns
1502723 ns 1503004 ns 281 ns
1502769 ns 1503084 ns 315 ns
1503022 ns 1503232 ns 210 ns
1503484 ns 1503692 ns 208 ns
1503613 ns 1503820 ns 207 ns
1504130 ns 1504340 ns 210 ns
1504381 ns 1504588 ns 207 ns
1504811 ns 1505020 ns 209 ns
1504972 ns 1505180 ns 208 ns
1505458 ns 1505788 ns 330 ns
1506148 ns 1506356 ns 208 ns
1506278 ns 1506488 ns 210 ns
1506796 ns 1507004 ns 208 ns
1507518 ns 1507728 ns 210 ns
1507680 ns 1507888 ns 208 ns
1508196 ns 1508404 ns 208 ns
1508918 ns 1509128 ns 210 ns
1509078 ns 1509288 ns 210 ns
1509563 ns 1509772 ns 209 ns
1510251 ns 1510460 ns 209 ns
1510412 ns 1510624 ns 212 ns
1510931 ns 1511140 ns 209 ns
1519360 ns 1519568 ns 208 ns
1522009 ns 1522216 ns 207 ns
1524669 ns 1524876 ns 207 ns
1525406 ns 1525616 ns 210 ns
1525543 ns 1525752 ns 209 ns
1525968 ns 1526176 ns 208 ns
1526226 ns 1526436 ns 210 ns
1526677 ns 1526884 ns 207 ns
1526813 ns 1527020 ns 207 ns
1527248 ns 1527456 ns 208 ns
1527506 ns 1527716 ns 210 ns
1527959 ns 1528168 ns 209 ns
1528127 ns 1528336 ns 209 ns
1528822 ns 1529220 ns 398 ns
1529248 ns 1529456 ns 208 ns
1529416 ns 1529624 ns 208 ns
1529836 ns 1530044 ns 208 ns
1530093 ns 1530300 ns 207 ns
1530549 ns 1530756 ns 207 ns
1530686 ns 1530896 ns 210 ns
1531390 ns 1531600 ns 210 ns
1531881 ns 1532088 ns 207 ns
1532049 ns 1532256 ns 207 ns
1532749 ns 1532956 ns 207 ns
1533267 ns 1533500 ns 233 ns
1533435 ns 1533644 ns 209 ns
1533871 ns 1534080 ns 209 ns
1534123 ns 1534332 ns 209 ns
1534612 ns 1534820 ns 208 ns
1534779 ns 1534988 ns 209 ns
1535209 ns 1535416 ns 207 ns
1535461 ns 1535668 ns 207 ns
1535978 ns 1536188 ns 210 ns
1536145 ns 1536352 ns 207 ns
1536848 ns 1537056 ns 208 ns
1538562 ns 1538776 ns 214 ns
1538733 ns 1538940 ns 207 ns
1539167 ns 1539376 ns 209 ns
1539419 ns 1539628 ns 209 ns
1540111 ns 1540320 ns 209 ns
1540517 ns 1540724 ns 207 ns
1540769 ns 1540976 ns 207 ns
1541836 ns 1542044 ns 208 ns
1539943 ns 1542524 ns 2581 ns
1543377 ns 1543584 ns 207 ns
1544737 ns 1544944 ns 207 ns
1546127 ns 1546336 ns 209 ns
1548816 ns 1549024 ns 208 ns
1575206 ns 1575416 ns 210 ns
1575367 ns 1575576 ns 209 ns
1575915 ns 1576124 ns 209 ns
1576638 ns 1576848 ns 210 ns
1576800 ns 1577008 ns 208 ns
1578462 ns 1578672 ns 210 ns
1578829 ns 1579036 ns 207 ns
1579492 ns 1579712 ns 220 ns
1580189 ns 1580396 ns 207 ns
1580354 ns 1580564 ns 210 ns
1580912 ns 1581120 ns 208 ns
1581824 ns 1582032 ns 208 ns
1581888 ns 1582096 ns 208 ns
1582050 ns 1582260 ns 210 ns
1582598 ns 1582808 ns 210 ns
1582494 ns 1582856 ns 362 ns
1582578 ns 1582936 ns 358 ns
1582624 ns 1583016 ns 392 ns
1583507 ns 1583788 ns 281 ns
1583344 ns 1583808 ns 464 ns
1584054 ns 1584264 ns 210 ns
1584772 ns 1584980 ns 208 ns
1584933 ns 1585140 ns 207 ns
1585481 ns 1585688 ns 207 ns
1586204 ns 1586412 ns 208 ns
1586366 ns 1586576 ns 210 ns
1586921 ns 1587128 ns 207 ns
1587641 ns 1587848 ns 207 ns
1587802 ns 1588012 ns 210 ns
1588352 ns 1588560 ns 208 ns
1589077 ns 1589284 ns 207 ns
1589238 ns 1589448 ns 210 ns
1589787 ns 1589996 ns 209 ns
1590512 ns 1590720 ns 208 ns
1590673 ns 1590880 ns 207 ns
1591223 ns 1591588 ns 365 ns
1591939 ns 1592148 ns 209 ns
1592100 ns 1592308 ns 208 ns
1592617 ns 1592824 ns 207 ns
1593340 ns 1593548 ns 208 ns
1593501 ns 1593708 ns 207 ns
1594050 ns 1594260 ns 210 ns
1594767 ns 1594976 ns 209 ns
1594928 ns 1595136 ns 208 ns
1595475 ns 1595684 ns 209 ns
1596200 ns 1596408 ns 208 ns
1596361 ns 1596568 ns 207 ns
1596910 ns 1597120 ns 210 ns
1597626 ns 1597836 ns 210 ns
1597787 ns 1597996 ns 209 ns
1598335 ns 1598544 ns 209 ns
1621965 ns 1622172 ns 207 ns
1622125 ns 1622332 ns 207 ns
1622296 ns 1622504 ns 208 ns
1622576 ns 1622788 ns 212 ns
1660799 ns 1661008 ns 209 ns
1661882 ns 1662092 ns 210 ns
1662554 ns 1662776 ns 222 ns
1662591 ns 1662856 ns 265 ns
1662636 ns 1662936 ns 300 ns
1662676 ns 1663016 ns 340 ns
1740999 ns 1741208 ns 209 ns
1741642 ns 1741912 ns 270 ns
1742325 ns 1742536 ns 211 ns
1742366 ns 1742708 ns 342 ns
1742402 ns 1742856 ns 454 ns
1742447 ns 1742944 ns 497 ns
1821037 ns 1821244 ns 207 ns
1822121 ns 1822328 ns 207 ns
1822691 ns 1822900 ns 209 ns
1822728 ns 1822980 ns 252 ns
1822765 ns 1823060 ns 295 ns
1822809 ns 1823140 ns 331 ns
1900924 ns 1901132 ns 208 ns
1901601 ns 1901808 ns 207 ns
1902298 ns 1902568 ns 270 ns
1902335 ns 1902648 ns 313 ns
1902379 ns 1902808 ns 429 ns
1902424 ns 1902888 ns 464 ns
1980990 ns 1981212 ns 222 ns
1982068 ns 1982276 ns 208 ns
1982634 ns 1982844 ns 210 ns
1982673 ns 1982924 ns 251 ns
1982710 ns 1983004 ns 294 ns
1982755 ns 1983084 ns 329 ns
2060883 ns 2061092 ns 209 ns
2061954 ns 2062160 ns 206 ns
2062528 ns 2062736 ns 208 ns
2062565 ns 2062816 ns 251 ns
2062606 ns 2062896 ns 290 ns
2062651 ns 2062976 ns 325 ns
2140960 ns 2141180 ns 220 ns
2141801 ns 2142008 ns 207 ns
2142487 ns 2142696 ns 209 ns
2142532 ns 2142776 ns 244 ns
2142563 ns 2142856 ns 293 ns
2142606 ns 2142936 ns 330 ns
2220999 ns 2221208 ns 209 ns
2222062 ns 2222272 ns 210 ns
2222631 ns 2222840 ns 209 ns
2222668 ns 2222920 ns 252 ns
2222710 ns 2223 us 290 ns
2222748 ns 2223080 ns 332 ns
2301007 ns 2301404 ns 397 ns
2302082 ns 2302292 ns 210 ns
2302867 ns 2303128 ns 261 ns
2302916 ns 2303208 ns 292 ns
2302967 ns 2303288 ns 321 ns
2303009 ns 2303368 ns 359 ns
2380999 ns 2381208 ns 209 ns
2382050 ns 2382260 ns 210 ns
2382815 ns 2383104 ns 289 ns
2382867 ns 2383184 ns 317 ns
2382909 ns 2383264 ns 355 ns
2382989 ns 2383344 ns 355 ns
2461413 ns 2461620 ns 207 ns
2462454 ns 2462692 ns 238 ns
2462499 ns 2462852 ns 353 ns
2462546 ns 2462932 ns 386 ns
2462627 ns 2463012 ns 385 ns
2542016 ns 2542240 ns 224 ns
2542640 ns 2542892 ns 252 ns
2542677 ns 2543244 ns 567 ns
2542720 ns 2543324 ns 604 ns
2542762 ns 2543404 ns 642 ns
2621641 ns 2621848 ns 207 ns
2622828 ns 2623036 ns 208 ns
2622866 ns 2623116 ns 250 ns
2622903 ns 2623196 ns 293 ns
2622949 ns 2623276 ns 327 ns
2700894 ns 2701104 ns 210 ns
2701585 ns 2701792 ns 207 ns
2702584 ns 2702792 ns 208 ns
2702628 ns 2702872 ns 244 ns
2702669 ns 2702952 ns 283 ns
2702714 ns 2703032 ns 318 ns
2781426 ns 2781636 ns 210 ns
2782446 ns 2783100 ns 654 ns
2782493 ns 2783180 ns 687 ns
2782534 ns 2783260 ns 726 ns
2782602 ns 2783340 ns 738 ns
2821572 ns 2821780 ns 208 ns
2822204 ns 2822480 ns 276 ns
2860424 ns 2860632 ns 208 ns
2860542 ns 2860820 ns 278 ns
2861892 ns 2862100 ns 208 ns
2862592 ns 2862988 ns 396 ns
2901686 ns 2902 us 314 ns
2902341 ns 2902584 ns 243 ns
2902422 ns 2902664 ns 242 ns
2940295 ns 2940504 ns 209 ns
2940488 ns 2940696 ns 208 ns
2980980 ns 2981188 ns 208 ns
2982053 ns 2982260 ns 207 ns
2982631 ns 2982840 ns 209 ns
2982668 ns 2982920 ns 252 ns
2982709 ns 2983 us 291 ns
2982753 ns 2983080 ns 327 ns
3060982 ns 3061192 ns 210 ns
3062067 ns 3062276 ns 209 ns
3062643 ns 3062852 ns 209 ns
3062682 ns 3062932 ns 250 ns
3062727 ns 3063012 ns 285 ns
3062771 ns 3063092 ns 321 ns
3140805 ns 3141012 ns 207 ns
3141655 ns 3141864 ns 209 ns
3142333 ns 3142540 ns 207 ns
3142374 ns 3142620 ns 246 ns
3142420 ns 3142700 ns 280 ns
3142460 ns 3142780 ns 320 ns
3220911 ns 3221120 ns 209 ns
3221962 ns 3222172 ns 210 ns
3222537 ns 3222748 ns 211 ns
3222573 ns 3222828 ns 255 ns
3222616 ns 3222908 ns 292 ns
3222663 ns 3223 us 337 ns
3300916 ns 3301124 ns 208 ns
3301568 ns 3301776 ns 208 ns
3302251 ns 3302460 ns 209 ns
3302285 ns 3302540 ns 255 ns
3302331 ns 3302620 ns 289 ns
3302376 ns 3302860 ns 484 ns
3380815 ns 3381024 ns 209 ns
3381878 ns 3382092 ns 214 ns
3382488 ns 3382696 ns 208 ns
3382525 ns 3382776 ns 251 ns
3382561 ns 3382856 ns 295 ns
3382606 ns 3382936 ns 330 ns
3460877 ns 3461084 ns 207 ns
3461984 ns 3462192 ns 208 ns
3462563 ns 3462772 ns 209 ns
3462602 ns 3462864 ns 262 ns
3462644 ns 3463024 ns 380 ns
3462684 ns 3463104 ns 420 ns
3501145 ns 3501352 ns 207 ns
3503051 ns 3503260 ns 209 ns
3553545 ns 3553768 ns 223 ns
3553922 ns 3554132 ns 210 ns
3554788 ns 3554996 ns 208 ns
3555318 ns 3555528 ns 210 ns
3556681 ns 3556888 ns 207 ns
3620856 ns 3621076 ns 220 ns
3621966 ns 3622176 ns 210 ns
3622779 ns 3623116 ns 337 ns
3622818 ns 3623196 ns 378 ns
3622864 ns 3623276 ns 412 ns
3622904 ns 3623356 ns 452 ns
3700863 ns 3701072 ns 209 ns
3701944 ns 3702152 ns 208 ns
3702726 ns 3702948 ns 222 ns
3702768 ns 3703028 ns 260 ns
3702805 ns 3703108 ns 303 ns
3702880 ns 3703188 ns 308 ns
3795257 ns 3795464 ns 207 ns
3795642 ns 3795852 ns 210 ns
3795681 ns 3795932 ns 251 ns
3795724 ns 3796012 ns 288 ns
3796207 ns 3796416 ns 209 ns
3861684 ns 3861892 ns 208 ns
3862351 ns 3862560 ns 209 ns
3862387 ns 3862720 ns 333 ns
3862427 ns 3862880 ns 453 ns
3862470 ns 3863056 ns 586 ns
3941451 ns 3941660 ns 209 ns
3942681 ns 3943052 ns 371 ns
3942712 ns 3943132 ns 420 ns
3942755 ns 3943212 ns 457 ns
3942800 ns 3943292 ns 492 ns
4020991 ns 4021200 ns 209 ns
4022125 ns 4022332 ns 207 ns
4023042 ns 4023252 ns 210 ns
4023080 ns 4023332 ns 252 ns
4023122 ns 4023412 ns 290 ns
4023162 ns 4023492 ns 330 ns
4100883 ns 4101092 ns 209 ns
4101976 ns 4102184 ns 208 ns
4102963 ns 4103428 ns 465 ns
4103 us 4103508 ns 508 ns
4103042 ns 4103588 ns 546 ns
4103085 ns 4103668 ns 583 ns
4180966 ns 4181268 ns 302 ns
4182209 ns 4182444 ns 235 ns
4183123 ns 4183476 ns 353 ns
4183160 ns 4183556 ns 396 ns
4183201 ns 4183636 ns 435 ns
4183243 ns 4183716 ns 473 ns
4260868 ns 4261104 ns 236 ns
4261778 ns 4261984 ns 206 ns
4262961 ns 4263168 ns 207 ns
4262995 ns 4263248 ns 253 ns
4263036 ns 4263328 ns 292 ns
4263080 ns 4263408 ns 328 ns
4340926 ns 4341136 ns 210 ns
4342306 ns 4342516 ns 210 ns
4342927 ns 4343136 ns 209 ns
4342964 ns 4343216 ns 252 ns
4343005 ns 4343296 ns 291 ns
4343044 ns 4343380 ns 336 ns
4420883 ns 4421092 ns 209 ns
4421940 ns 4422148 ns 208 ns
4422754 ns 4423052 ns 298 ns
4422807 ns 4423132 ns 325 ns
4422844 ns 4423212 ns 368 ns
4422913 ns 4423292 ns 379 ns
4500877 ns 4501084 ns 207 ns
4501609 ns 4501816 ns 207 ns
4503010 ns 4503220 ns 210 ns
4503049 ns 4503300 ns 251 ns
4503090 ns 4503380 ns 290 ns
4503134 ns 4503540 ns 406 ns
4580904 ns 4581112 ns 208 ns
4581987 ns 4582196 ns 209 ns
4582948 ns 4583156 ns 208 ns
4582981 ns 4583236 ns 255 ns
4583022 ns 4583316 ns 294 ns
4583067 ns 4583400 ns 333 ns
4661005 ns 4661212 ns 207 ns
4662060 ns 4662268 ns 208 ns
4663093 ns 4663300 ns 207 ns
4663134 ns 4663380 ns 246 ns
4663182 ns 4663540 ns 358 ns
4663218 ns 4663620 ns 402 ns
4740956 ns 4741164 ns 208 ns
4742190 ns 4742400 ns 210 ns
4742992 ns 4743204 ns 212 ns
4743028 ns 4743284 ns 256 ns
4743071 ns 4743444 ns 373 ns
4743109 ns 4743524 ns 415 ns
4820950 ns 4821160 ns 210 ns
4822232 ns 4822440 ns 208 ns
4822835 ns 4823044 ns 209 ns
4822871 ns 4823124 ns 253 ns
4822915 ns 4823204 ns 289 ns
4822953 ns 4823284 ns 331 ns
4900936 ns 4901164 ns 228 ns
4902028 ns 4902236 ns 208 ns
4903209 ns 4903416 ns 207 ns
4903245 ns 4903576 ns 331 ns
4903287 ns 4903656 ns 369 ns
4903330 ns 4903736 ns 406 ns
4954924 ns 4955132 ns 208 ns
4961455 ns 4961664 ns 209 ns
4961598 ns 4961808 ns 210 ns
4961784 ns 4961992 ns 208 ns
4961935 ns 4962144 ns 209 ns
4962113 ns 4962320 ns 207 ns
4962298 ns 4962508 ns 210 ns
4962478 ns 4962688 ns 210 ns
4962629 ns 4962836 ns 207 ns
4962768 ns 4962976 ns 208 ns
4962924 ns 4963132 ns 208 ns
4963102 ns 4963312 ns 210 ns
4963252 ns 4963460 ns 208 ns
4963958 ns 4964168 ns 210 ns
4965001 ns 4965232 ns 231 ns
4965177 ns 4965384 ns 207 ns
4966188 ns 4966412 ns 224 ns
4968269 ns 4968496 ns 227 ns
4968536 ns 4969008 ns 472 ns
4971805 ns 4972012 ns 207 ns
4974515 ns 4974724 ns 209 ns
4974668 ns 4974876 ns 208 ns
4975123 ns 4975332 ns 209 ns
4975559 ns 4975768 ns 209 ns
4975840 ns 4976048 ns 208 ns
4980959 ns 4981168 ns 209 ns
4981931 ns 4982140 ns 209 ns
4983133 ns 4983340 ns 207 ns
4983177 ns 4983420 ns 243 ns
4983217 ns 4983500 ns 283 ns
4983260 ns 4983592 ns 332 ns
4984448 ns 4984656 ns 208 ns
4984626 ns 4984836 ns 210 ns
4985085 ns 4985292 ns 207 ns
4985714 ns 4985924 ns 210 ns
4986295 ns 4986504 ns 209 ns
4988085 ns 4988304 ns 219 ns
4988252 ns 4988460 ns 208 ns
4989208 ns 4989416 ns 208 ns
4989370 ns 4989580 ns 210 ns
4989541 ns 4989748 ns 207 ns
4989698 ns 4989908 ns 210 ns
4990034 ns 4990240 ns 206 ns
4990970 ns 4991176 ns 206 ns
4991559 ns 4991768 ns 209 ns
4993443 ns 4993652 ns 209 ns
4993601 ns 4993808 ns 207 ns
4994070 ns 4994280 ns 210 ns
4994218 ns 4994428 ns 210 ns
4994364 ns 4994572 ns 208 ns
4994508 ns 4994716 ns 208 ns
4994683 ns 4994892 ns 209 ns
4995234 ns 4995444 ns 210 ns
4997797 ns 4998004 ns 207 ns
5001559 ns 5001768 ns 209 ns
5061002 ns 5061212 ns 210 ns
5061730 ns 5061940 ns 210 ns
5062826 ns 5063076 ns 250 ns
5062879 ns 5063156 ns 277 ns
5062920 ns 5063236 ns 316 ns
5062997 ns 5063316 ns 319 ns
5141663 ns 5141872 ns 209 ns
5142651 ns 5142860 ns 209 ns
5142682 ns 5142940 ns 258 ns
5142724 ns 5143020 ns 296 ns
5142768 ns 5143100 ns 332 ns
5181409 ns 5181616 ns 207 ns
5181580 ns 5181788 ns 208 ns
5181758 ns 5181968 ns 210 ns
5181932 ns 5182140 ns 208 ns
5182124 ns 5182344 ns 220 ns
5182467 ns 5182676 ns 209 ns
5182645 ns 5182852 ns 207 ns
5184913 ns 5185120 ns 207 ns
5185798 ns 5186008 ns 210 ns
5185973 ns 5186180 ns 207 ns
5186149 ns 5186356 ns 207 ns
5186327 ns 5186536 ns 209 ns
5186509 ns 5186716 ns 207 ns
5186684 ns 5186892 ns 208 ns
5186867 ns 5187076 ns 209 ns
5187038 ns 5187412 ns 374 ns
5187210 ns 5187452 ns 242 ns
5187397 ns 5187604 ns 207 ns
5187760 ns 5187968 ns 208 ns
5187946 ns 5188156 ns 210 ns
5188123 ns 5188332 ns 209 ns
5188293 ns 5188500 ns 207 ns
5188476 ns 5188684 ns 208 ns
5188651 ns 5188860 ns 209 ns
5188881 ns 5189088 ns 207 ns
5189084 ns 5189292 ns 208 ns
5189299 ns 5189508 ns 209 ns
5189473 ns 5189680 ns 207 ns
5189649 ns 5189856 ns 207 ns
5189824 ns 5190032 ns 208 ns
5193418 ns 5193628 ns 210 ns
5193569 ns 5193776 ns 207 ns
5193743 ns 5193952 ns 209 ns
5193918 ns 5194128 ns 210 ns
5194062 ns 5194272 ns 210 ns
5194245 ns 5194452 ns 207 ns
5194418 ns 5194644 ns 226 ns
5194594 ns 5194804 ns 210 ns
5196513 ns 5196720 ns 207 ns
5196718 ns 5196928 ns 210 ns
5196963 ns 5197172 ns 209 ns
5197217 ns 5197428 ns 211 ns
5197397 ns 5197604 ns 207 ns
5197573 ns 5197780 ns 207 ns
5197755 ns 5197964 ns 209 ns
5197931 ns 5198140 ns 209 ns
5198126 ns 5198336 ns 210 ns
5198344 ns 5198552 ns 208 ns
5198515 ns 5198724 ns 209 ns
5198690 ns 5198900 ns 210 ns
5198891 ns 5199100 ns 209 ns
5200355 ns 5200568 ns 213 ns
5200552 ns 5200760 ns 208 ns
5221162 ns 5221372 ns 210 ns
5222431 ns 5222640 ns 209 ns
5223233 ns 5223596 ns 363 ns
5223270 ns 5223676 ns 406 ns
5223312 ns 5223756 ns 444 ns
5223356 ns 5223836 ns 480 ns
5301804 ns 5302012 ns 208 ns
5302544 ns 5302752 ns 208 ns
5302580 ns 5302832 ns 252 ns
5302622 ns 5302912 ns 290 ns
5302665 ns 5302992 ns 327 ns
5380854 ns 5381064 ns 210 ns
5381926 ns 5382404 ns 478 ns
5382700 ns 5382988 ns 288 ns
5382750 ns 5383068 ns 318 ns
5382791 ns 5383148 ns 357 ns
5382828 ns 5383228 ns 400 ns
5474097 ns 5474312 ns 215 ns
5501628 ns 5501836 ns 208 ns
5502425 ns 5502632 ns 207 ns
5502478 ns 5502712 ns 234 ns
5502517 ns 5502792 ns 275 ns
5502597 ns 5502872 ns 275 ns
5580864 ns 5581072 ns 208 ns
5581926 ns 5582136 ns 210 ns
5582889 ns 5583096 ns 207 ns
5582925 ns 5583176 ns 251 ns
5582964 ns 5583256 ns 292 ns
5583009 ns 5583336 ns 327 ns
5660910 ns 5661188 ns 278 ns
5661745 ns 5661952 ns 207 ns
5662527 ns 5662736 ns 209 ns
5662571 ns 5662816 ns 245 ns
5662613 ns 5662896 ns 283 ns
5662688 ns 5663232 ns 544 ns
5710013 ns 5710220 ns 207 ns
5710189 ns 5710396 ns 207 ns
5710328 ns 5710536 ns 208 ns
5710505 ns 5710728 ns 223 ns
5710683 ns 5710892 ns 209 ns
5710853 ns 5711060 ns 207 ns
5710992 ns 5711200 ns 208 ns
5711133 ns 5711340 ns 207 ns
5711308 ns 5711516 ns 208 ns
5711453 ns 5711660 ns 207 ns
5711768 ns 5711976 ns 208 ns
5711944 ns 5712152 ns 208 ns
5712123 ns 5712332 ns 209 ns
5712271 ns 5712480 ns 209 ns
5712446 ns 5712668 ns 222 ns
5712623 ns 5712832 ns 209 ns
5712796 ns 5713004 ns 208 ns
5712935 ns 5713172 ns 237 ns
5713255 ns 5713464 ns 209 ns
5713401 ns 5713608 ns 207 ns
5713938 ns 5714148 ns 210 ns
5718330 ns 5718540 ns 210 ns
5718690 ns 5718900 ns 210 ns
5720596 ns 5720804 ns 208 ns
5721249 ns 5721456 ns 207 ns
5740322 ns 5740532 ns 210 ns
5780881 ns 5781088 ns 207 ns
5781960 ns 5782168 ns 208 ns
5782536 ns 5782744 ns 208 ns
5782572 ns 5782824 ns 252 ns
5782615 ns 5782904 ns 289 ns
5782660 ns 5782984 ns 324 ns
5860909 ns 5861116 ns 207 ns
5862143 ns 5862428 ns 285 ns
5862794 ns 5863004 ns 210 ns
5862830 ns 5863084 ns 254 ns
5862875 ns 5863164 ns 289 ns
5862914 ns 5863244 ns 330 ns
5952251 ns 5952460 ns 209 ns
5952631 ns 5952840 ns 209 ns
5952676 ns 5952920 ns 244 ns
5952852 ns 5953060 ns 208 ns
5953447 ns 5953656 ns 209 ns
6020847 ns 6021056 ns 209 ns
6021973 ns 6022180 ns 207 ns
6022951 ns 6023160 ns 209 ns
6022999 ns 6023240 ns 241 ns
6023035 ns 6023320 ns 285 ns
6023075 ns 6023480 ns 405 ns
6100786 ns 6100996 ns 210 ns
6101524 ns 6101732 ns 208 ns
6102730 ns 6102940 ns 210 ns
6102777 ns 6103100 ns 323 ns
6102814 ns 6103180 ns 366 ns
6102855 ns 6103260 ns 405 ns
6180839 ns 6181060 ns 221 ns
6181894 ns 6182104 ns 210 ns
6182727 ns 6182936 ns 209 ns
6182779 ns 6183016 ns 237 ns
6182821 ns 6183096 ns 275 ns
6182862 ns 6183176 ns 314 ns
6222499 ns 6222708 ns 209 ns
6224527 ns 6224788 ns 261 ns
6224704 ns 6224912 ns 208 ns
6224879 ns 6225088 ns 209 ns
6225926 ns 6226136 ns 210 ns
6226466 ns 6226676 ns 210 ns
6226642 ns 6226852 ns 210 ns
6226833 ns 6227040 ns 207 ns
6227004 ns 6227212 ns 208 ns
6227176 ns 6227384 ns 208 ns
6227355 ns 6227580 ns 225 ns
6227495 ns 6227720 ns 225 ns
6227672 ns 6227880 ns 208 ns
6227849 ns 6228056 ns 207 ns
6227989 ns 6228196 ns 207 ns
6228128 ns 6228336 ns 208 ns
6228271 ns 6228480 ns 209 ns
6228447 ns 6228656 ns 209 ns
6228592 ns 6228800 ns 208 ns
6228737 ns 6228944 ns 207 ns
6228884 ns 6229092 ns 208 ns
6229065 ns 6229272 ns 207 ns
6229213 ns 6229420 ns 207 ns
6229387 ns 6229596 ns 209 ns
6229564 ns 6229772 ns 208 ns
6229736 ns 6229944 ns 208 ns
6229876 ns 6230084 ns 208 ns
6230053 ns 6230260 ns 207 ns
6230201 ns 6230412 ns 211 ns
6230743 ns 6230952 ns 209 ns
6231139 ns 6231348 ns 209 ns
6231312 ns 6231520 ns 208 ns
6231487 ns 6231696 ns 209 ns
6231705 ns 6231912 ns 207 ns
6231875 ns 6232084 ns 209 ns
6232049 ns 6232256 ns 207 ns
6232403 ns 6232612 ns 209 ns
6232224 ns 6232640 ns 416 ns
6232583 ns 6232792 ns 209 ns
6232786 ns 6232996 ns 210 ns
6232961 ns 6233184 ns 223 ns
6235088 ns 6235296 ns 208 ns
6235275 ns 6235500 ns 225 ns
6235462 ns 6235672 ns 210 ns
6236054 ns 6236264 ns 210 ns
6236480 ns 6236688 ns 208 ns
6236521 ns 6236728 ns 207 ns
6236836 ns 6237056 ns 220 ns
6237008 ns 6237216 ns 208 ns
6237189 ns 6237396 ns 207 ns
6237369 ns 6237576 ns 207 ns
6237601 ns 6237808 ns 207 ns
6237851 ns 6238060 ns 209 ns
6238021 ns 6238228 ns 207 ns
6238166 ns 6238376 ns 210 ns
6238369 ns 6238576 ns 207 ns
6239851 ns 6240060 ns 209 ns
6261681 ns 6261888 ns 207 ns
6262909 ns 6263200 ns 291 ns
6300411 ns 6300620 ns 209 ns
6300519 ns 6300796 ns 277 ns
6301716 ns 6301924 ns 208 ns
6302352 ns 6302788 ns 436 ns
6341481 ns 6341788 ns 307 ns
6342453 ns 6342660 ns 207 ns
6342459 ns 6342740 ns 281 ns
6342505 ns 6342820 ns 315 ns
6342614 ns 6342900 ns 286 ns
6420810 ns 6421020 ns 210 ns
6422109 ns 6422316 ns 207 ns
6422748 ns 6423016 ns 268 ns
6422785 ns 6423096 ns 311 ns
6422830 ns 6423176 ns 346 ns
6422876 ns 6423256 ns 380 ns
6487910 ns 6488120 ns 210 ns
6540847 ns 6541056 ns 209 ns
6541911 ns 6542120 ns 209 ns
6542728 ns 6542936 ns 208 ns
6542773 ns 6543016 ns 243 ns
6542812 ns 6543096 ns 284 ns
6542853 ns 6543176 ns 323 ns
6620891 ns 6621100 ns 209 ns
6621971 ns 6622180 ns 209 ns
6622967 ns 6623176 ns 209 ns
6622999 ns 6623256 ns 257 ns
6623040 ns 6623336 ns 296 ns
6623082 ns 6623416 ns 334 ns
6700877 ns 6701084 ns 207 ns
6701555 ns 6701764 ns 209 ns
6702715 ns 6702924 ns 209 ns
6702754 ns 6703004 ns 250 ns
6702795 ns 6703084 ns 289 ns
6702834 ns 6703164 ns 330 ns
6748885 ns 6749092 ns 207 ns
6749062 ns 6749272 ns 210 ns
6749202 ns 6749416 ns 214 ns
6749348 ns 6749556 ns 208 ns
6749491 ns 6749700 ns 209 ns
6749631 ns 6749840 ns 209 ns
6749770 ns 6749980 ns 210 ns
6749912 ns 6750120 ns 208 ns
6750087 ns 6750296 ns 209 ns
6750233 ns 6750440 ns 207 ns
6750375 ns 6750636 ns 261 ns
6750521 ns 6750728 ns 207 ns
6750701 ns 6750908 ns 207 ns
6750882 ns 6751092 ns 210 ns
6751058 ns 6751268 ns 210 ns
6751234 ns 6751444 ns 210 ns
6751405 ns 6751612 ns 207 ns
6751545 ns 6751752 ns 207 ns
6751724 ns 6751940 ns 216 ns
6751871 ns 6752080 ns 209 ns
6752405 ns 6752612 ns 207 ns
6780810 ns 6781020 ns 210 ns
6781890 ns 6782100 ns 210 ns
6783092 ns 6783448 ns 356 ns
6783126 ns 6783528 ns 402 ns
6783170 ns 6783608 ns 438 ns
6783210 ns 6783700 ns 490 ns
6860667 ns 6860932 ns 265 ns
6861937 ns 6862144 ns 207 ns
6862760 ns 6863112 ns 352 ns
6862796 ns 6863192 ns 396 ns
6862835 ns 6863272 ns 437 ns
6862879 ns 6863352 ns 473 ns
6940688 ns 6940896 ns 208 ns
6941851 ns 6942060 ns 209 ns
6942470 ns 6942680 ns 210 ns
6942515 ns 6942760 ns 245 ns
6942551 ns 6942840 ns 289 ns
6942626 ns 6942920 ns 294 ns
7020688 ns 7020896 ns 208 ns
7021876 ns 7022084 ns 208 ns
7022901 ns 7023108 ns 207 ns
7022939 ns 7023188 ns 249 ns
7022983 ns 7023268 ns 285 ns
7023028 ns 7023348 ns 320 ns
7100779 ns 7100996 ns 217 ns
7101923 ns 7102132 ns 209 ns
7102716 ns 7102924 ns 208 ns
7102769 ns 7103004 ns 235 ns
7102808 ns 7103084 ns 276 ns
7102882 ns 7103164 ns 282 ns
7180786 ns 7180996 ns 210 ns
7181842 ns 7182052 ns 210 ns
7182853 ns 7183060 ns 207 ns
7182901 ns 7183140 ns 239 ns
7182942 ns 7183220 ns 278 ns
7183020 ns 7183300 ns 280 ns
7276521 ns 7276728 ns 207 ns
7276879 ns 7277088 ns 209 ns
7276923 ns 7277168 ns 245 ns
7277152 ns 7277360 ns 208 ns
7277571 ns 7277788 ns 217 ns
7340740 ns 7340948 ns 208 ns
7341815 ns 7342024 ns 209 ns
7342430 ns 7342640 ns 210 ns
7342466 ns 7342720 ns 254 ns
7342508 ns 7342800 ns 292 ns
7342546 ns 7342880 ns 334 ns
7381535 ns 7381744 ns 209 ns
7382476 ns 7382872 ns 396 ns
7382528 ns 7382952 ns 424 ns
7420227 ns 7420436 ns 209 ns
7420410 ns 7420620 ns 210 ns
7461026 ns 7461236 ns 210 ns
7462152 ns 7462360 ns 208 ns
7463357 ns 7463592 ns 235 ns
7463395 ns 7463752 ns 357 ns
7463437 ns 7463832 ns 395 ns
7463478 ns 7463912 ns 434 ns
7519250 ns 7519604 ns 354 ns
7580780 ns 7580988 ns 208 ns
7581852 ns 7582068 ns 216 ns
7582647 ns 7582856 ns 209 ns
7582684 ns 7582936 ns 252 ns
7582726 ns 7583016 ns 290 ns
7582770 ns 7583096 ns 326 ns
7660854 ns 7661064 ns 210 ns
7662120 ns 7662328 ns 208 ns
7662736 ns 7662944 ns 208 ns
7662774 ns 7663024 ns 250 ns
7662810 ns 7663104 ns 294 ns
7662857 ns 7663184 ns 327 ns
7740767 ns 7740976 ns 209 ns
7742057 ns 7742264 ns 207 ns
7742889 ns 7743096 ns 207 ns
7742925 ns 7743176 ns 251 ns
7742966 ns 7743256 ns 290 ns
7743010 ns 7743336 ns 326 ns
7787312 ns 7787520 ns 208 ns
7787489 ns 7787696 ns 207 ns
7787629 ns 7787836 ns 207 ns
7787805 ns 7788012 ns 207 ns
7787983 ns 7788192 ns 209 ns
7788122 ns 7788332 ns 210 ns
7788261 ns 7788468 ns 207 ns
7788402 ns 7788612 ns 210 ns
7788577 ns 7788784 ns 207 ns
7788722 ns 7788932 ns 210 ns
7788863 ns 7789072 ns 209 ns
7789040 ns 7789248 ns 208 ns
7789219 ns 7789428 ns 209 ns
7789396 ns 7789604 ns 208 ns
7789569 ns 7789776 ns 207 ns
7789715 ns 7789924 ns 209 ns
7789887 ns 7790100 ns 213 ns
7790058 ns 7790268 ns 210 ns
7790235 ns 7790444 ns 209 ns
7790382 ns 7790592 ns 210 ns
7790900 ns 7791108 ns 208 ns
7802322 ns 7802532 ns 210 ns
7802681 ns 7802888 ns 207 ns
7802726 ns 7802968 ns 242 ns
7802992 ns 7803200 ns 208 ns
7820340 ns 7820548 ns 208 ns
7860775 ns 7860984 ns 209 ns
7861868 ns 7862076 ns 208 ns
7862444 ns 7862948 ns 504 ns
7862481 ns 7863108 ns 627 ns
7862522 ns 7863268 ns 746 ns
7862561 ns 7863348 ns 787 ns
7940932 ns 7941140 ns 208 ns
7942146 ns 7942352 ns 206 ns
7944482 ns 7944716 ns 234 ns
7944744 ns 7945168 ns 424 ns
7944798 ns 7945248 ns 450 ns
7944841 ns 7945328 ns 487 ns
7944883 ns 7945408 ns 525 ns
8021340 ns 8021548 ns 208 ns
8022782 ns 8022992 ns 210 ns
8023594 ns 8023920 ns 326 ns
8023648 ns 8024 us 352 ns
8023688 ns 8024080 ns 392 ns
8060213 ns 8060420 ns 207 ns
8101031 ns 8101240 ns 209 ns
8102212 ns 8102464 ns 252 ns
8103128 ns 8103376 ns 248 ns
8103163 ns 8103456 ns 293 ns
8103205 ns 8103536 ns 331 ns
8103246 ns 8103616 ns 370 ns
8180759 ns 8180968 ns 209 ns
8181829 ns 8182052 ns 223 ns
8182598 ns 8182820 ns 222 ns
8182643 ns 8182892 ns 249 ns
8182685 ns 8182972 ns 287 ns
8182729 ns 8183052 ns 323 ns
8260784 ns 8260992 ns 208 ns
8261876 ns 8262100 ns 224 ns
8262823 ns 8263128 ns 305 ns
8262860 ns 8263288 ns 428 ns
8262898 ns 8263368 ns 470 ns
8262942 ns 8263448 ns 506 ns
8302491 ns 8302700 ns 209 ns
8305566 ns 8305772 ns 206 ns
8305745 ns 8305952 ns 207 ns
8305928 ns 8306136 ns 208 ns
8307008 ns 8307388 ns 380 ns
8307548 ns 8307756 ns 208 ns
8307725 ns 8307932 ns 207 ns
8307904 ns 8308112 ns 208 ns
8308075 ns 8308284 ns 209 ns
8308247 ns 8308456 ns 209 ns
8308393 ns 8308600 ns 207 ns
8308533 ns 8308740 ns 207 ns
8308680 ns 8308888 ns 208 ns
8308855 ns 8309064 ns 209 ns
8308997 ns 8309204 ns 207 ns
8309137 ns 8309344 ns 207 ns
8309279 ns 8309488 ns 209 ns
8309457 ns 8309664 ns 207 ns
8309604 ns 8309812 ns 208 ns
8309746 ns 8309952 ns 206 ns
8309895 ns 8310104 ns 209 ns
8310075 ns 8310284 ns 209 ns
8310256 ns 8310464 ns 208 ns
8310432 ns 8310640 ns 208 ns
8310581 ns 8310788 ns 207 ns
8310725 ns 8310932 ns 207 ns
8310866 ns 8311072 ns 206 ns
8311044 ns 8311260 ns 216 ns
8311193 ns 8311400 ns 207 ns
8311709 ns 8311916 ns 207 ns
8312099 ns 8312308 ns 209 ns
8312278 ns 8312488 ns 210 ns
8312454 ns 8312660 ns 206 ns
8312604 ns 8312812 ns 208 ns
8312776 ns 8312984 ns 208 ns
8312949 ns 8313156 ns 207 ns
8313094 ns 8313300 ns 206 ns
8313271 ns 8313488 ns 217 ns
8313448 ns 8313680 ns 232 ns
8313654 ns 8313860 ns 206 ns
8313829 ns 8314036 ns 207 ns
8316291 ns 8316500 ns 209 ns
8316479 ns 8316688 ns 209 ns
8316663 ns 8316872 ns 209 ns
8317235 ns 8317444 ns 209 ns
8317653 ns 8317864 ns 211 ns
8318008 ns 8318216 ns 208 ns
8318181 ns 8318388 ns 207 ns
8318363 ns 8318572 ns 209 ns
8318509 ns 8318720 ns 211 ns
8319036 ns 8319244 ns 208 ns
8319285 ns 8319492 ns 207 ns
8319456 ns 8319664 ns 208 ns
8319632 ns 8319840 ns 208 ns
8319831 ns 8320040 ns 209 ns
8321294 ns 8321500 ns 206 ns
8340684 ns 8340892 ns 208 ns
8341865 ns 8342072 ns 207 ns
8342601 ns 8342808 ns 207 ns
8342639 ns 8342888 ns 249 ns
8342675 ns 8342968 ns 293 ns
8342718 ns 8343048 ns 330 ns
8420689 ns 8420896 ns 207 ns
8421768 ns 8421976 ns 208 ns
8422402 ns 8422608 ns 206 ns
8422438 ns 8422688 ns 250 ns
8422480 ns 8422768 ns 288 ns
8422519 ns 8422848 ns 329 ns
8514384 ns 8514592 ns 208 ns
8514751 ns 8514960 ns 209 ns
8514801 ns 8515040 ns 239 ns
8515106 ns 8515316 ns 210 ns
8515780 ns 8515988 ns 208 ns
8529073 ns 8529284 ns 211 ns
8529254 ns 8529460 ns 206 ns
8534780 ns 8534988 ns 208 ns
8534970 ns 8535180 ns 210 ns
8535159 ns 8535368 ns 209 ns
8535435 ns 8535644 ns 209 ns
8535598 ns 8535820 ns 222 ns
8536092 ns 8536300 ns 208 ns
8536250 ns 8536460 ns 210 ns
8536399 ns 8536620 ns 221 ns
8535937 ns 8536716 ns 779 ns
8541877 ns 8542084 ns 207 ns
8542999 ns 8543212 ns 213 ns
8555896 ns 8556104 ns 208 ns
8556551 ns 8557004 ns 453 ns
8556829 ns 8557036 ns 207 ns
8557090 ns 8557296 ns 206 ns
8559252 ns 8559460 ns 208 ns
8565068 ns 8565276 ns 208 ns
8565520 ns 8565728 ns 208 ns
8566556 ns 8566764 ns 208 ns
8566861 ns 8567068 ns 207 ns
8567139 ns 8567348 ns 209 ns
8567405 ns 8567612 ns 207 ns
8567677 ns 8567924 ns 247 ns
8570441 ns 8570660 ns 219 ns
8573078 ns 8573288 ns 210 ns
8573387 ns 8573596 ns 209 ns
8573976 ns 8574184 ns 208 ns
8574095 ns 8574304 ns 209 ns
8575210 ns 8575420 ns 210 ns
8575381 ns 8575588 ns 207 ns
8575477 ns 8575684 ns 207 ns
8575641 ns 8575888 ns 247 ns
8576178 ns 8576384 ns 206 ns
8578745 ns 8578952 ns 207 ns
8580443 ns 8580652 ns 209 ns
8580633 ns 8580840 ns 207 ns
8582416 ns 8582656 ns 240 ns
8582604 ns 8582812 ns 208 ns
8582631 ns 8582840 ns 209 ns
8582766 ns 8582980 ns 214 ns
8582904 ns 8583120 ns 216 ns
8582988 ns 8583196 ns 208 ns
8583047 ns 8583256 ns 209 ns
8583183 ns 8583392 ns 209 ns
8583525 ns 8583736 ns 211 ns
8583668 ns 8583876 ns 208 ns
8584 us 8584208 ns 208 ns
8584141 ns 8584432 ns 291 ns
8585390 ns 8585612 ns 222 ns
8587422 ns 8587644 ns 222 ns
8587679 ns 8587888 ns 209 ns
8588262 ns 8588472 ns 210 ns
8588392 ns 8588600 ns 208 ns
8588524 ns 8588768 ns 244 ns
8588662 ns 8588920 ns 258 ns
8588796 ns 8589004 ns 208 ns
8589196 ns 8589404 ns 208 ns
8597097 ns 8597304 ns 207 ns
8598528 ns 8598736 ns 208 ns
8598679 ns 8598892 ns 213 ns
8598812 ns 8599036 ns 224 ns
8599492 ns 8599700 ns 208 ns
8599622 ns 8599832 ns 210 ns
8599752 ns 8599960 ns 208 ns
8599890 ns 8600096 ns 206 ns
8600019 ns 8600228 ns 209 ns
8600560 ns 8600768 ns 208 ns
8600820 ns 8601028 ns 208 ns
8601088 ns 8601296 ns 208 ns
8601221 ns 8601436 ns 215 ns
8602099 ns 8602312 ns 213 ns
8602270 ns 8602476 ns 206 ns
8602676 ns 8602884 ns 208 ns
8602852 ns 8603060 ns 208 ns
8602994 ns 8603264 ns 270 ns
8603143 ns 8603352 ns 209 ns
8603285 ns 8603492 ns 207 ns
8603624 ns 8603832 ns 208 ns
8603773 ns 8603980 ns 207 ns
8603964 ns 8604172 ns 208 ns
8604110 ns 8604316 ns 206 ns
8604939 ns 8605148 ns 209 ns
8605965 ns 8606172 ns 207 ns
8611024 ns 8611232 ns 208 ns
8611421 ns 8611628 ns 207 ns
8613489 ns 8613696 ns 207 ns
8616629 ns 8616912 ns 283 ns
8620293 ns 8620500 ns 207 ns
8621431 ns 8621640 ns 209 ns
8622397 ns 8622616 ns 219 ns
8622447 ns 8622688 ns 241 ns
8622489 ns 8622768 ns 279 ns
8622549 ns 8622848 ns 299 ns
8623051 ns 8623260 ns 209 ns
8623244 ns 8623452 ns 208 ns
8629864 ns 8630072 ns 208 ns
8630034 ns 8630240 ns 206 ns
8645666 ns 8645876 ns 210 ns
8650217 ns 8650668 ns 451 ns
8650863 ns 8651072 ns 209 ns
8651051 ns 8651260 ns 209 ns
8651369 ns 8651576 ns 207 ns
8651952 ns 8652160 ns 208 ns
8652098 ns 8652304 ns 206 ns
8652231 ns 8652444 ns 213 ns
8656606 ns 8656812 ns 206 ns
8656626 ns 8656892 ns 266 ns
8659725 ns 8659944 ns 219 ns
8659907 ns 8660140 ns 233 ns
8660628 ns 8660836 ns 208 ns
8661919 ns 8662128 ns 209 ns
8662759 ns 8662992 ns 233 ns
8663298 ns 8663504 ns 206 ns
8665550 ns 8665760 ns 210 ns
8665923 ns 8666188 ns 265 ns
8665744 ns 8666208 ns 464 ns
8666454 ns 8666660 ns 206 ns
8666874 ns 8667084 ns 210 ns
8667060 ns 8667268 ns 208 ns
8684364 ns 8684572 ns 208 ns
8684555 ns 8684764 ns 209 ns
8684954 ns 8685160 ns 206 ns
8685130 ns 8685340 ns 210 ns
8685495 ns 8685704 ns 209 ns
8685843 ns 8686064 ns 221 ns
8689158 ns 8689608 ns 450 ns
8689293 ns 8689668 ns 375 ns
8701630 ns 8701836 ns 206 ns
8702350 ns 8702560 ns 210 ns
8702386 ns 8702640 ns 254 ns
8709641 ns 8709848 ns 207 ns
8709827 ns 8710036 ns 209 ns
8712176 ns 8712384 ns 208 ns
8712777 ns 8712988 ns 211 ns
8712971 ns 8713180 ns 209 ns
8713698 ns 8713904 ns 206 ns
8713881 ns 8714160 ns 279 ns
8714674 ns 8714968 ns 294 ns
8714821 ns 8715028 ns 207 ns
8730395 ns 8730604 ns 209 ns
8730563 ns 8730772 ns 209 ns
8731091 ns 8731300 ns 209 ns
8733984 ns 8734192 ns 208 ns
8736619 ns 8736912 ns 293 ns
8741705 ns 8741912 ns 207 ns
8743900 ns 8744188 ns 288 ns
8780399 ns 8780608 ns 209 ns
8780520 ns 8780728 ns 208 ns
8781624 ns 8781832 ns 208 ns
8782264 ns 8782484 ns 220 ns
8860748 ns 8861188 ns 440 ns
8861830 ns 8862040 ns 210 ns
8862398 ns 8862604 ns 206 ns
8862434 ns 8862684 ns 250 ns
8862479 ns 8862764 ns 285 ns
8862523 ns 8862844 ns 321 ns
8899117 ns 8899324 ns 207 ns
8899295 ns 8899504 ns 209 ns
8900124 ns 8900352 ns 228 ns
8901491 ns 8901700 ns 209 ns
8902644 ns 8902852 ns 208 ns
8921449 ns 8921656 ns 207 ns
8932550 ns 8932760 ns 210 ns
8932712 ns 8932920 ns 208 ns
8932879 ns 8933088 ns 209 ns
8933074 ns 8933284 ns 210 ns
8933258 ns 8933468 ns 210 ns
8933436 ns 8933644 ns 208 ns
8933598 ns 8933808 ns 210 ns
8933958 ns 8934164 ns 206 ns
8934427 ns 8934636 ns 209 ns
8934595 ns 8934804 ns 209 ns
8934805 ns 8935012 ns 207 ns
8935004 ns 8935212 ns 208 ns
8936070 ns 8936276 ns 206 ns
8936237 ns 8936444 ns 207 ns
8936400 ns 8936608 ns 208 ns
8936564 ns 8936784 ns 220 ns
8938597 ns 8938804 ns 207 ns
8939213 ns 8939448 ns 235 ns
8939754 ns 8939964 ns 210 ns
8940075 ns 8940292 ns 217 ns
8940551 ns 8940760 ns 209 ns
8939894 ns 8940976 ns 1082 ns
8941842 ns 8942052 ns 210 ns
8942498 ns 8942892 ns 394 ns
8952492 ns 8952700 ns 208 ns
8953185 ns 8953392 ns 207 ns
8953349 ns 8953556 ns 207 ns
8954047 ns 8954256 ns 209 ns
8959591 ns 8959808 ns 217 ns
8959729 ns 8959952 ns 223 ns
8959867 ns 8960076 ns 209 ns
8965744 ns 8965952 ns 208 ns
8966120 ns 8966328 ns 208 ns
8966558 ns 8966768 ns 210 ns
8967129 ns 8967336 ns 207 ns
8967299 ns 8967508 ns 209 ns
8967462 ns 8967668 ns 206 ns
8981591 ns 8981800 ns 209 ns
8982548 ns 8982756 ns 208 ns
8994126 ns 8994332 ns 206 ns
8994326 ns 8994536 ns 210 ns
8996825 ns 8997032 ns 207 ns
8997472 ns 8997680 ns 208 ns
8997664 ns 8997872 ns 208 ns
8998393 ns 8998600 ns 207 ns
8998539 ns 8998748 ns 209 ns
8998678 ns 8998892 ns 214 ns
8999193 ns 8999404 ns 211 ns
8999337 ns 8999544 ns 207 ns
8999520 ns 8999728 ns 208 ns
8999749 ns 8999956 ns 207 ns
9000174 ns 9000384 ns 210 ns
9000405 ns 9000612 ns 207 ns
9000587 ns 9000812 ns 225 ns
9000742 ns 9001008 ns 266 ns
9000911 ns 9001120 ns 209 ns
9016598 ns 9017252 ns 654 ns
9020205 ns 9020412 ns 207 ns
9020355 ns 9020572 ns 217 ns
9021629 ns 9021836 ns 207 ns
9022329 ns 9022536 ns 207 ns
9026434 ns 9026640 ns 206 ns
9026573 ns 9026780 ns 207 ns
9026708 ns 9026916 ns 208 ns
9026948 ns 9027156 ns 208 ns
9027088 ns 9027296 ns 208 ns
9027999 ns 9028208 ns 209 ns
9028192 ns 9028400 ns 208 ns
9028894 ns 9029100 ns 206 ns
9029098 ns 9029308 ns 210 ns
9034497 ns 9034704 ns 207 ns
9034860 ns 9035068 ns 208 ns
9035211 ns 9035420 ns 209 ns
9043331 ns 9043540 ns 209 ns
9043519 ns 9043728 ns 209 ns
9044673 ns 9044880 ns 207 ns
9045011 ns 9045220 ns 209 ns
9047469 ns 9047676 ns 207 ns
9047601 ns 9047808 ns 207 ns
9047728 ns 9047936 ns 208 ns
9048098 ns 9048388 ns 290 ns
9047965 ns 9048408 ns 443 ns
9056062 ns 9056268 ns 206 ns
9056571 ns 9056780 ns 209 ns
9056591 ns 9056860 ns 269 ns
9057152 ns 9057360 ns 208 ns
9057284 ns 9057492 ns 208 ns
9059105 ns 9059312 ns 207 ns
9059285 ns 9059496 ns 211 ns
9057693 ns 9060008 ns 2315 ns
9060028 ns 9060236 ns 208 ns
9060220 ns 9061380 ns 1160 ns
9066086 ns 9066296 ns 210 ns
9066220 ns 9066428 ns 208 ns
9066347 ns 9066556 ns 209 ns
9066499 ns 9066708 ns 209 ns
9066675 ns 9066884 ns 209 ns
9066892 ns 9067100 ns 208 ns
9067124 ns 9067332 ns 208 ns
9067697 ns 9067904 ns 207 ns
9077950 ns 9078160 ns 210 ns
9078124 ns 9078332 ns 208 ns
9080564 ns 9080772 ns 208 ns
9081190 ns 9081400 ns 210 ns
9081355 ns 9081564 ns 209 ns
9081890 ns 9082096 ns 206 ns
9082072 ns 9082280 ns 208 ns
9083296 ns 9083504 ns 208 ns
9083837 ns 9084044 ns 207 ns
9084207 ns 9084416 ns 209 ns
9084479 ns 9084688 ns 209 ns
9084671 ns 9084880 ns 209 ns
9084861 ns 9085068 ns 207 ns
9085048 ns 9085256 ns 208 ns
9085270 ns 9085480 ns 210 ns
9087513 ns 9087720 ns 207 ns
9087720 ns 9087928 ns 208 ns
9087943 ns 9088152 ns 209 ns
9088500 ns 9088708 ns 208 ns
9088671 ns 9088880 ns 209 ns
9096565 ns 9096772 ns 207 ns
9096585 ns 9096852 ns 267 ns
9100598 ns 9100808 ns 210 ns
9101676 ns 9101884 ns 208 ns
9102505 ns 9102712 ns 207 ns
9102551 ns 9103064 ns 513 ns
9102589 ns 9103144 ns 555 ns
9102668 ns 9103224 ns 556 ns
9123922 ns 9124132 ns 210 ns
9124110 ns 9124320 ns 210 ns
9124285 ns 9124492 ns 207 ns
9124462 ns 9124668 ns 206 ns
9124633 ns 9124840 ns 207 ns
9124987 ns 9125216 ns 229 ns
9125185 ns 9125392 ns 207 ns
9125538 ns 9125744 ns 206 ns
9128303 ns 9128512 ns 209 ns
9128479 ns 9128688 ns 209 ns
9138287 ns 9138496 ns 209 ns
9138462 ns 9138668 ns 206 ns
9139360 ns 9139568 ns 208 ns
9143107 ns 9143316 ns 209 ns
9143300 ns 9143544 ns 244 ns
9147157 ns 9147364 ns 207 ns
9147341 ns 9147548 ns 207 ns
9149676 ns 9149884 ns 208 ns
9161065 ns 9161272 ns 207 ns
9161252 ns 9161460 ns 208 ns
9161682 ns 9161888 ns 206 ns
9164745 ns 9164952 ns 207 ns
9164907 ns 9165116 ns 209 ns
9165259 ns 9165472 ns 213 ns
9165444 ns 9165652 ns 208 ns
9165620 ns 9165828 ns 208 ns
9165781 ns 9165988 ns 207 ns
9166145 ns 9166352 ns 207 ns
9166586 ns 9166796 ns 210 ns
9166754 ns 9166972 ns 218 ns
9166922 ns 9167132 ns 210 ns
9167121 ns 9167328 ns 207 ns
9168166 ns 9168372 ns 206 ns
9168329 ns 9168536 ns 207 ns
9179982 ns 9180192 ns 210 ns
9180346 ns 9180552 ns 206 ns
9180388 ns 9180632 ns 244 ns
9181440 ns 9181648 ns 208 ns
9182218 ns 9182424 ns 206 ns
9182267 ns 9182504 ns 237 ns
9187936 ns 9188144 ns 208 ns
9188125 ns 9188364 ns 239 ns
9191015 ns 9191224 ns 209 ns
9191692 ns 9191900 ns 208 ns
9191871 ns 9192080 ns 209 ns
9192402 ns 9192608 ns 206 ns
9192684 ns 9192896 ns 212 ns
9192816 ns 9193024 ns 208 ns
9192950 ns 9193156 ns 206 ns
9193093 ns 9193300 ns 207 ns
9193237 ns 9193444 ns 207 ns
9193578 ns 9193788 ns 210 ns
9193915 ns 9194124 ns 209 ns
9194354 ns 9194560 ns 206 ns
9194533 ns 9194740 ns 207 ns
9194707 ns 9194916 ns 209 ns
9194881 ns 9195088 ns 207 ns
9195068 ns 9195328 ns 260 ns
9195474 ns 9195680 ns 206 ns
9195799 ns 9196008 ns 209 ns
9195966 ns 9196172 ns 206 ns
9196424 ns 9196676 ns 252 ns
9196735 ns 9196944 ns 209 ns
9197406 ns 9197612 ns 206 ns
9198450 ns 9198656 ns 206 ns
9199529 ns 9199736 ns 207 ns
9200621 ns 9200828 ns 207 ns
9200822 ns 9201032 ns 210 ns
9203435 ns 9203684 ns 249 ns
9204081 ns 9204388 ns 307 ns
9204271 ns 9204480 ns 209 ns
9204758 ns 9204964 ns 206 ns
9204902 ns 9205112 ns 210 ns
9205048 ns 9205256 ns 208 ns
9205205 ns 9205412 ns 207 ns
9205362 ns 9205568 ns 206 ns
9205540 ns 9205748 ns 208 ns
9205846 ns 9206052 ns 206 ns
9206304 ns 9206512 ns 208 ns
9206503 ns 9206712 ns 209 ns
9206699 ns 9206908 ns 209 ns
9206888 ns 9207096 ns 208 ns
9207087 ns 9207296 ns 209 ns
9207637 ns 9207844 ns 207 ns
9207960 ns 9208168 ns 208 ns
9210224 ns 9210432 ns 208 ns
9210501 ns 9210708 ns 207 ns
9210769 ns 9210976 ns 207 ns
9211031 ns 9211280 ns 249 ns
9211299 ns 9211508 ns 209 ns
9211560 ns 9211768 ns 208 ns
9211829 ns 9212204 ns 375 ns
9212090 ns 9212300 ns 210 ns
9212356 ns 9212564 ns 208 ns
9212617 ns 9212824 ns 207 ns
9212877 ns 9213088 ns 211 ns
9213142 ns 9213348 ns 206 ns
9213415 ns 9213624 ns 209 ns
9213677 ns 9213884 ns 207 ns
9213936 ns 9214144 ns 208 ns
9214198 ns 9214408 ns 210 ns
9214464 ns 9214672 ns 208 ns
9214727 ns 9214936 ns 209 ns
9214994 ns 9215208 ns 214 ns
9215256 ns 9215464 ns 208 ns
9215522 ns 9215732 ns 210 ns
9215785 ns 9215996 ns 211 ns
9216056 ns 9216264 ns 208 ns
9216315 ns 9216560 ns 245 ns
9218754 ns 9218976 ns 222 ns
9219023 ns 9219232 ns 209 ns
9219283 ns 9219492 ns 209 ns
9219821 ns 9220120 ns 299 ns
9219552 ns 9220140 ns 588 ns
9220082 ns 9220304 ns 222 ns
9220346 ns 9220560 ns 214 ns
9218486 ns 9220712 ns 2226 ns
9220629 ns 9220836 ns 207 ns
9220890 ns 9221096 ns 206 ns
9221150 ns 9221360 ns 210 ns
9221413 ns 9221620 ns 207 ns
9221778 ns 9221988 ns 210 ns
9221678 ns 9222008 ns 330 ns
9221939 ns 9222160 ns 221 ns
9222199 ns 9222408 ns 209 ns
9222461 ns 9222668 ns 207 ns
9222727 ns 9222956 ns 229 ns
9222742 ns 9223032 ns 290 ns
9222989 ns 9223196 ns 207 ns
9223257 ns 9223476 ns 219 ns
9223519 ns 9223728 ns 209 ns
9223786 ns 9224004 ns 218 ns
9224046 ns 9224256 ns 210 ns
9224307 ns 9224516 ns 209 ns
9224568 ns 9224784 ns 216 ns
9224834 ns 9225052 ns 218 ns
9225097 ns 9225304 ns 207 ns
9225366 ns 9225580 ns 214 ns
9225628 ns 9225836 ns 208 ns
9225894 ns 9226100 ns 206 ns
9226155 ns 9226364 ns 209 ns
9226414 ns 9226632 ns 218 ns
9226676 ns 9226884 ns 208 ns
9226944 ns 9227152 ns 208 ns
9227213 ns 9227420 ns 207 ns
9227473 ns 9227924 ns 451 ns
9227734 ns 9227984 ns 250 ns
9228001 ns 9228208 ns 207 ns
9228262 ns 9228472 ns 210 ns
9228522 ns 9228732 ns 210 ns
9228784 ns 9228992 ns 208 ns
9229050 ns 9229256 ns 206 ns
9229313 ns 9229520 ns 207 ns
9229581 ns 9229788 ns 207 ns
9229842 ns 9230048 ns 206 ns
9230109 ns 9230316 ns 207 ns
9230371 ns 9230580 ns 209 ns
9230640 ns 9230848 ns 208 ns
9230901 ns 9231108 ns 207 ns
9231047 ns 9231264 ns 217 ns
9231168 ns 9231380 ns 212 ns
9231189 ns 9231400 ns 211 ns
9231330 ns 9231540 ns 210 ns
9231429 ns 9231636 ns 207 ns
9231481 ns 9231704 ns 223 ns
9231633 ns 9231840 ns 207 ns
9231698 ns 9231904 ns 206 ns
9231960 ns 9232168 ns 208 ns
9232226 ns 9232436 ns 210 ns
9232486 ns 9232696 ns 210 ns
9232748 ns 9232956 ns 208 ns
9233008 ns 9233300 ns 292 ns
9233273 ns 9233480 ns 207 ns
9233535 ns 9233744 ns 209 ns
9233795 ns 9234004 ns 209 ns
9234052 ns 9234260 ns 208 ns
9234056 ns 9234280 ns 224 ns
9234323 ns 9234532 ns 209 ns
9234584 ns 9234804 ns 220 ns
9234844 ns 9235052 ns 208 ns
9235105 ns 9235312 ns 207 ns
9235371 ns 9235624 ns 253 ns
9235633 ns 9235840 ns 207 ns
9235903 ns 9236112 ns 209 ns
9236164 ns 9236372 ns 208 ns
9236432 ns 9236640 ns 208 ns
9236499 ns 9236720 ns 221 ns
9236691 ns 9236900 ns 209 ns
9236951 ns 9237160 ns 209 ns
9237213 ns 9237420 ns 207 ns
9237499 ns 9237708 ns 209 ns
9237762 ns 9237968 ns 206 ns
9238032 ns 9238240 ns 208 ns
9238293 ns 9238500 ns 207 ns
9238560 ns 9238788 ns 228 ns
9238822 ns 9239028 ns 206 ns
9239092 ns 9239312 ns 220 ns
9239354 ns 9239572 ns 218 ns
9239619 ns 9239840 ns 221 ns
9239881 ns 9240100 ns 219 ns
9240150 ns 9240360 ns 210 ns
9240411 ns 9240624 ns 213 ns
9240678 ns 9240888 ns 210 ns
9240940 ns 9241152 ns 212 ns
9241208 ns 9241416 ns 208 ns
9241472 ns 9241680 ns 208 ns
9241735 ns 9241952 ns 217 ns
9241997 ns 9242216 ns 219 ns
9242257 ns 9242476 ns 219 ns
9242519 ns 9242748 ns 229 ns
9242786 ns 9242996 ns 210 ns
9243047 ns 9243452 ns 405 ns
9243311 ns 9243560 ns 249 ns
9243570 ns 9243788 ns 218 ns
9243844 ns 9244056 ns 212 ns
9244105 ns 9244316 ns 211 ns
9244385 ns 9244592 ns 207 ns
9244647 ns 9244856 ns 209 ns
9244913 ns 9245120 ns 207 ns
9245174 ns 9245380 ns 206 ns
9245434 ns 9245640 ns 206 ns
9245696 ns 9245904 ns 208 ns
9245962 ns 9246168 ns 206 ns
9246223 ns 9246432 ns 209 ns
9246484 ns 9246776 ns 292 ns
9246746 ns 9246952 ns 206 ns
9247021 ns 9247228 ns 207 ns
9247284 ns 9247492 ns 208 ns
9247552 ns 9247792 ns 240 ns
9247814 ns 9248036 ns 222 ns
9248132 ns 9248372 ns 240 ns
9248394 ns 9248660 ns 266 ns
9248662 ns 9248924 ns 262 ns
9248923 ns 9249160 ns 237 ns
9249189 ns 9249424 ns 235 ns
9249451 ns 9249688 ns 237 ns
9249710 ns 9249944 ns 234 ns
9249974 ns 9250208 ns 234 ns
9250238 ns 9250472 ns 234 ns
9250499 ns 9250756 ns 257 ns
9250759 ns 9251268 ns 509 ns
9251020 ns 9251432 ns 412 ns
9251287 ns 9251520 ns 233 ns
9251549 ns 9251784 ns 235 ns
9251808 ns 9252044 ns 236 ns
9252069 ns 9252308 ns 239 ns
9252336 ns 9252544 ns 208 ns
9252598 ns 9252804 ns 206 ns
9252857 ns 9253064 ns 207 ns
9253140 ns 9253352 ns 212 ns
9253120 ns 9253428 ns 308 ns
9253386 ns 9253668 ns 282 ns
9253647 ns 9253936 ns 289 ns
9253919 ns 9254196 ns 277 ns
9254179 ns 9254468 ns 289 ns
9254500 ns 9254708 ns 208 ns
9254445 ns 9254732 ns 287 ns
9254707 ns 9254916 ns 209 ns
9254977 ns 9255280 ns 303 ns
9255248 ns 9255544 ns 296 ns
9255516 ns 9255724 ns 208 ns
9255609 ns 9255864 ns 255 ns
9255776 ns 9255988 ns 212 ns
9255881 ns 9256088 ns 207 ns
9256045 ns 9256288 ns 243 ns
9256195 ns 9256404 ns 209 ns
9256306 ns 9256524 ns 218 ns
9256459 ns 9256688 ns 229 ns
9256581 ns 9256824 ns 243 ns
9256772 ns 9257032 ns 260 ns
9258721 ns 9259004 ns 283 ns
9258788 ns 9259256 ns 468 ns
9259036 ns 9259324 ns 288 ns
9259137 ns 9259368 ns 231 ns
9259350 ns 9259580 ns 230 ns
9259397 ns 9259632 ns 235 ns
9259612 ns 9259852 ns 240 ns
9259657 ns 9259892 ns 235 ns
9259874 ns 9260084 ns 210 ns
9259906 ns 9260176 ns 270 ns
9260133 ns 9260368 ns 235 ns
9260172 ns 9260440 ns 268 ns
9260398 ns 9260616 ns 218 ns
9260433 ns 9260708 ns 275 ns
9260659 ns 9260868 ns 209 ns
9260694 ns 9260972 ns 278 ns
9260928 ns 9261168 ns 240 ns
9260943 ns 9261220 ns 277 ns
9261189 ns 9261440 ns 251 ns
9261212 ns 9261488 ns 276 ns
9261456 ns 9261692 ns 236 ns
9261471 ns 9261744 ns 273 ns
9261718 ns 9261972 ns 254 ns
9261735 ns 9262012 ns 277 ns
9261988 ns 9262216 ns 228 ns
9261994 ns 9262284 ns 290 ns
9262247 ns 9262484 ns 237 ns
9262261 ns 9262536 ns 275 ns
9262515 ns 9262744 ns 229 ns
9262521 ns 9262796 ns 275 ns
9262775 ns 9263008 ns 233 ns
9262785 ns 9263060 ns 275 ns
9263036 ns 9263280 ns 244 ns
9263043 ns 9263316 ns 273 ns
9263295 ns 9263504 ns 209 ns
9263306 ns 9263544 ns 238 ns
9263563 ns 9263792 ns 229 ns
9263570 ns 9263876 ns 306 ns
9263824 ns 9264036 ns 212 ns
9263831 ns 9264136 ns 305 ns
9264091 ns 9264316 ns 225 ns
9264096 ns 9264336 ns 240 ns
9264355 ns 9264600 ns 245 ns
9264396 ns 9264680 ns 284 ns
9264621 ns 9264880 ns 259 ns
9264657 ns 9264912 ns 255 ns
9264884 ns 9265124 ns 240 ns
9264919 ns 9265164 ns 245 ns
9265152 ns 9265404 ns 252 ns
9265179 ns 9265440 ns 261 ns
9265416 ns 9265652 ns 236 ns
9265445 ns 9265704 ns 259 ns
9265689 ns 9265936 ns 247 ns
9265707 ns 9265968 ns 261 ns
9265951 ns 9266172 ns 221 ns
9265966 ns 9266252 ns 286 ns
9266216 ns 9266432 ns 216 ns
9266220 ns 9266492 ns 272 ns
9266484 ns 9266788 ns 304 ns
9266485 ns 9266928 ns 443 ns
9266758 ns 9267028 ns 270 ns
9266751 ns 9267068 ns 317 ns
9267020 ns 9267260 ns 240 ns
9267019 ns 9267296 ns 277 ns
9267289 ns 9267504 ns 215 ns
9267277 ns 9267560 ns 283 ns
9267566 ns 9267788 ns 222 ns
9267541 ns 9267840 ns 299 ns
9267801 ns 9268008 ns 207 ns
9267835 ns 9268064 ns 229 ns
9268061 ns 9268268 ns 207 ns
9268097 ns 9268304 ns 207 ns
9268313 ns 9268532 ns 219 ns
9268356 ns 9268564 ns 208 ns
9268589 ns 9268796 ns 207 ns
9268617 ns 9268824 ns 207 ns
9268850 ns 9269056 ns 206 ns
9268883 ns 9269092 ns 209 ns
9269109 ns 9269316 ns 207 ns
9269144 ns 9269356 ns 212 ns
9269360 ns 9269568 ns 208 ns
9269413 ns 9269620 ns 207 ns
9269626 ns 9269836 ns 210 ns
9269674 ns 9269880 ns 206 ns
9269886 ns 9270096 ns 210 ns
9269941 ns 9270148 ns 207 ns
9270146 ns 9270352 ns 206 ns
9270202 ns 9270420 ns 218 ns
9270397 ns 9270604 ns 207 ns
9270470 ns 9270680 ns 210 ns
9270663 ns 9270872 ns 209 ns
9270731 ns 9270940 ns 209 ns
9270924 ns 9271132 ns 208 ns
9270998 ns 9271204 ns 206 ns
9271183 ns 9271392 ns 209 ns
9271260 ns 9271468 ns 208 ns
9271435 ns 9271644 ns 209 ns
9271530 ns 9271736 ns 206 ns
9271701 ns 9271908 ns 207 ns
9271790 ns 9272016 ns 226 ns
9271964 ns 9272180 ns 216 ns
9272065 ns 9272284 ns 219 ns
9272222 ns 9272444 ns 222 ns
9272328 ns 9272536 ns 208 ns
9272475 ns 9272684 ns 209 ns
9272597 ns 9272808 ns 211 ns
9272740 ns 9272948 ns 208 ns
9272857 ns 9273068 ns 211 ns
9273046 ns 9273252 ns 206 ns
9273124 ns 9273332 ns 208 ns
9273300 ns 9273516 ns 216 ns
9273390 ns 9273600 ns 210 ns
9273552 ns 9273764 ns 212 ns
9273656 ns 9273864 ns 208 ns
9273817 ns 9274024 ns 207 ns
9273918 ns 9274164 ns 246 ns
9274049 ns 9274260 ns 211 ns
9274080 ns 9274288 ns 208 ns
9274195 ns 9274640 ns 445 ns
9274338 ns 9274660 ns 322 ns
9274347 ns 9274700 ns 353 ns
9274182 ns 9274760 ns 578 ns
9274453 ns 9274780 ns 327 ns
9274496 ns 9274800 ns 304 ns
9274588 ns 9274860 ns 272 ns
9274721 ns 9274928 ns 207 ns
9274854 ns 9275068 ns 214 ns
9274982 ns 9275200 ns 218 ns
9275116 ns 9275324 ns 208 ns
9275248 ns 9275456 ns 208 ns
9275374 ns 9275584 ns 210 ns
9275512 ns 9275720 ns 208 ns
9275627 ns 9275856 ns 229 ns
9275780 ns 9275988 ns 208 ns
9275891 ns 9276100 ns 209 ns
9276039 ns 9276260 ns 221 ns
9275937 ns 9276328 ns 391 ns
9276151 ns 9276360 ns 209 ns
9276087 ns 9276388 ns 301 ns
9276233 ns 9276492 ns 259 ns
9276305 ns 9276512 ns 207 ns
9276411 ns 9276620 ns 209 ns
9276380 ns 9276640 ns 260 ns
9276567 ns 9276776 ns 209 ns
9276662 ns 9276872 ns 210 ns
9276837 ns 9277044 ns 207 ns
9276938 ns 9277144 ns 206 ns
9277097 ns 9277312 ns 215 ns
9277202 ns 9277412 ns 210 ns
9277363 ns 9277572 ns 209 ns
9277515 ns 9277740 ns 225 ns
9277624 ns 9277832 ns 208 ns
9277791 ns 9278004 ns 213 ns
9277792 ns 9278084 ns 292 ns
9277893 ns 9278104 ns 211 ns
9277938 ns 9278156 ns 218 ns
9278061 ns 9278280 ns 219 ns
9278084 ns 9278300 ns 216 ns
9278153 ns 9278360 ns 207 ns
9278232 ns 9278452 ns 220 ns
9278344 ns 9278552 ns 208 ns
9278423 ns 9278656 ns 233 ns
9278605 ns 9278812 ns 207 ns
9278690 ns 9278916 ns 226 ns
9278872 ns 9279080 ns 208 ns
9278951 ns 9279192 ns 241 ns
9279015 ns 9279272 ns 257 ns
9279132 ns 9279344 ns 212 ns
9279149 ns 9279384 ns 235 ns
9279213 ns 9279444 ns 231 ns
9279396 ns 9279604 ns 208 ns
9279479 ns 9279716 ns 237 ns
9279656 ns 9279864 ns 208 ns
9279750 ns 9279988 ns 238 ns
9279915 ns 9280124 ns 209 ns
9279955 ns 9280164 ns 209 ns
9280020 ns 9280264 ns 244 ns
9280102 ns 9280312 ns 210 ns
9280220 ns 9280428 ns 208 ns
9280254 ns 9280488 ns 234 ns
9280281 ns 9280548 ns 267 ns
9280401 ns 9280620 ns 219 ns
9280482 ns 9280692 ns 210 ns
9280547 ns 9280820 ns 273 ns
9280761 ns 9280968 ns 207 ns
9280806 ns 9281028 ns 222 ns
9281012 ns 9281272 ns 260 ns
9281075 ns 9281292 ns 217 ns
9281181 ns 9281388 ns 207 ns
9281277 ns 9281504 ns 227 ns
9281335 ns 9281544 ns 209 ns
9281339 ns 9281564 ns 225 ns
9281483 ns 9281744 ns 261 ns
9281541 ns 9281764 ns 223 ns
9281612 ns 9281820 ns 208 ns
9281646 ns 9281860 ns 214 ns
9281802 ns 9282012 ns 210 ns
9281874 ns 9282080 ns 206 ns
9282134 ns 9282440 ns 306 ns
9282070 ns 9282524 ns 454 ns
9282336 ns 9282544 ns 208 ns
9282395 ns 9282624 ns 229 ns
9282444 ns 9282700 ns 256 ns
9282598 ns 9282808 ns 210 ns
9282662 ns 9282868 ns 206 ns
9282857 ns 9283064 ns 207 ns
9283109 ns 9283316 ns 207 ns
9283374 ns 9283580 ns 206 ns
9283637 ns 9283844 ns 207 ns
9283899 ns 9284108 ns 209 ns
9284156 ns 9284364 ns 208 ns
9284422 ns 9284636 ns 214 ns
9284685 ns 9284892 ns 207 ns
9284955 ns 9285164 ns 209 ns
9285216 ns 9285424 ns 208 ns
9285502 ns 9285712 ns 210 ns
9285765 ns 9285972 ns 207 ns
9286025 ns 9286232 ns 207 ns
9286285 ns 9286504 ns 219 ns
9286287 ns 9286524 ns 237 ns
9286423 ns 9286632 ns 209 ns
9286560 ns 9286768 ns 208 ns
9286582 ns 9286816 ns 234 ns
9286723 ns 9286932 ns 209 ns
9286823 ns 9287052 ns 229 ns
9286865 ns 9287072 ns 207 ns
9287002 ns 9287208 ns 206 ns
9287090 ns 9287300 ns 210 ns
9287139 ns 9287348 ns 209 ns
9287279 ns 9287488 ns 209 ns
9287342 ns 9287548 ns 206 ns
9287420 ns 9287628 ns 208 ns
9287559 ns 9287768 ns 209 ns
9287606 ns 9287812 ns 206 ns
9287699 ns 9287912 ns 213 ns
9287841 ns 9288048 ns 207 ns
9287869 ns 9288076 ns 207 ns
9287985 ns 9288196 ns 211 ns
9288122 ns 9288332 ns 210 ns
9288129 ns 9288352 ns 223 ns
9288266 ns 9288484 ns 218 ns
9288387 ns 9288596 ns 209 ns
9288409 ns 9288616 ns 207 ns
9288432 ns 9288656 ns 224 ns
9288550 ns 9288760 ns 210 ns
9288652 ns 9288860 ns 208 ns
9288687 ns 9288896 ns 209 ns
9288823 ns 9289032 ns 209 ns
9288914 ns 9289120 ns 206 ns
9288971 ns 9289188 ns 217 ns
9288998 ns 9289228 ns 230 ns
9289111 ns 9289380 ns 269 ns
9289173 ns 9289400 ns 227 ns
9289253 ns 9289540 ns 287 ns
9289392 ns 9289600 ns 208 ns
9289424 ns 9289680 ns 256 ns
9289538 ns 9289744 ns 206 ns
9289682 ns 9289888 ns 206 ns
9289824 ns 9290192 ns 368 ns
9289964 ns 9290232 ns 268 ns
9289952 ns 9290272 ns 320 ns
9289692 ns 9290332 ns 640 ns
9290107 ns 9290352 ns 245 ns
9290209 ns 9290432 ns 223 ns
9290249 ns 9290456 ns 207 ns
9290387 ns 9290604 ns 217 ns
9290460 ns 9290668 ns 208 ns
9290524 ns 9290744 ns 220 ns
9290666 ns 9290876 ns 210 ns
9290738 ns 9290948 ns 210 ns
9290998 ns 9291204 ns 206 ns
9291258 ns 9291464 ns 206 ns
9291509 ns 9291716 ns 207 ns
9291776 ns 9291984 ns 208 ns
9292038 ns 9292244 ns 206 ns
9292297 ns 9292504 ns 207 ns
9292549 ns 9292756 ns 207 ns
9292817 ns 9293032 ns 215 ns
9293078 ns 9293288 ns 210 ns
9293286 ns 9293504 ns 218 ns
9293341 ns 9293548 ns 207 ns
9293423 ns 9293636 ns 213 ns
9293563 ns 9293788 ns 225 ns
9293598 ns 9293808 ns 210 ns
9293704 ns 9293912 ns 208 ns
9293863 ns 9294072 ns 209 ns
9293881 ns 9294092 ns 211 ns
9294017 ns 9294224 ns 207 ns
9294124 ns 9294332 ns 208 ns
9294155 ns 9294364 ns 209 ns
9294298 ns 9294508 ns 210 ns
9294383 ns 9294592 ns 209 ns
9294440 ns 9294648 ns 208 ns
9294577 ns 9294784 ns 207 ns
9294634 ns 9294844 ns 210 ns
9294713 ns 9294924 ns 211 ns
9294855 ns 9295064 ns 209 ns
9294901 ns 9295156 ns 255 ns
9294996 ns 9295228 ns 232 ns
9295161 ns 9295372 ns 211 ns
9295132 ns 9295392 ns 260 ns
9295268 ns 9295560 ns 292 ns
9295410 ns 9295616 ns 206 ns
9295423 ns 9295636 ns 213 ns
9295551 ns 9295760 ns 209 ns
9295682 ns 9295892 ns 210 ns
9295691 ns 9295916 ns 225 ns
9295828 ns 9296056 ns 228 ns
9295947 ns 9296156 ns 209 ns
9295971 ns 9296180 ns 209 ns
9296113 ns 9296320 ns 207 ns
9296207 ns 9296420 ns 213 ns
9296252 ns 9296460 ns 208 ns
9296390 ns 9296644 ns 254 ns
9297889 ns 9298132 ns 243 ns
9298147 ns 9298356 ns 209 ns
9298414 ns 9298624 ns 210 ns
9298676 ns 9298884 ns 208 ns
9298936 ns 9299144 ns 208 ns
9299188 ns 9299408 ns 220 ns
9299549 ns 9299756 ns 207 ns
9299688 ns 9299916 ns 228 ns
9299712 ns 9299936 ns 224 ns
9299825 ns 9300032 ns 207 ns
9299968 ns 9300180 ns 212 ns
9300051 ns 9300260 ns 209 ns
9300109 ns 9300316 ns 207 ns
9300246 ns 9300452 ns 206 ns
9300303 ns 9300516 ns 213 ns
9300383 ns 9300592 ns 209 ns
9300528 ns 9300736 ns 208 ns
9300568 ns 9300792 ns 224 ns
9299407 ns 9300872 ns 1465 ns
9299452 ns 9300936 ns 1484 ns
9300830 ns 9301040 ns 210 ns
9301088 ns 9301296 ns 208 ns
9301295 ns 9301512 ns 217 ns
9301340 ns 9301548 ns 208 ns
9301473 ns 9301680 ns 207 ns
9301606 ns 9301812 ns 206 ns
9301868 ns 9302076 ns 208 ns
9302127 ns 9302336 ns 209 ns
9302379 ns 9302616 ns 237 ns
9302645 ns 9302852 ns 207 ns
9302907 ns 9303116 ns 209 ns
9303167 ns 9303376 ns 209 ns
9303418 ns 9303632 ns 214 ns
9303684 ns 9303892 ns 208 ns
9303948 ns 9304156 ns 208 ns
9304208 ns 9304424 ns 216 ns
9304468 ns 9304676 ns 208 ns
9304734 ns 9304940 ns 206 ns
9304995 ns 9305204 ns 209 ns
9305255 ns 9305464 ns 209 ns
9305508 ns 9305912 ns 404 ns
9305773 ns 9305992 ns 219 ns
9306036 ns 9306244 ns 208 ns
9306295 ns 9306504 ns 209 ns
9306549 ns 9306764 ns 215 ns
9306811 ns 9307020 ns 209 ns
9307073 ns 9307292 ns 219 ns
9307333 ns 9307540 ns 207 ns
9307593 ns 9307800 ns 207 ns
9307864 ns 9308144 ns 280 ns
9308123 ns 9308332 ns 209 ns
9308382 ns 9308588 ns 206 ns
9308636 ns 9308844 ns 208 ns
9308783 ns 9308992 ns 209 ns
9308901 ns 9309108 ns 207 ns
9308937 ns 9309148 ns 211 ns
9309090 ns 9309312 ns 222 ns
9309161 ns 9309368 ns 207 ns
9309244 ns 9309484 ns 240 ns
9309422 ns 9309632 ns 210 ns
9309673 ns 9309880 ns 207 ns
9309939 ns 9310152 ns 213 ns
9310202 ns 9310408 ns 206 ns
9310461 ns 9310668 ns 207 ns
9310676 ns 9310944 ns 268 ns
9310711 ns 9310976 ns 265 ns
9310827 ns 9311176 ns 349 ns
9310978 ns 9311216 ns 238 ns
9310983 ns 9311276 ns 293 ns
9311238 ns 9311448 ns 210 ns
9311135 ns 9311500 ns 365 ns
9311497 ns 9311720 ns 223 ns
9311749 ns 9311956 ns 207 ns
9312015 ns 9312224 ns 209 ns
9312297 ns 9312504 ns 207 ns
9312558 ns 9312812 ns 254 ns
9312538 ns 9312832 ns 294 ns
9312695 ns 9312960 ns 265 ns
9312809 ns 9313016 ns 207 ns
9312848 ns 9313056 ns 208 ns
9313002 ns 9313208 ns 206 ns
9313074 ns 9313284 ns 210 ns
9313338 ns 9313604 ns 266 ns
9313597 ns 9313848 ns 251 ns
9313765 ns 9313972 ns 207 ns
9313847 ns 9314056 ns 209 ns
9313903 ns 9314124 ns 221 ns
9314115 ns 9314348 ns 233 ns
9314376 ns 9314588 ns 212 ns
9314636 ns 9314844 ns 208 ns
9314713 ns 9314920 ns 207 ns
9314868 ns 9315076 ns 208 ns
9314889 ns 9315096 ns 207 ns
9315020 ns 9315228 ns 208 ns
9315153 ns 9315360 ns 207 ns
9315176 ns 9315384 ns 208 ns
9315414 ns 9315624 ns 210 ns
9315673 ns 9315896 ns 223 ns
9315917 ns 9316124 ns 207 ns
9315925 ns 9316144 ns 219 ns
9316066 ns 9316276 ns 210 ns
9316190 ns 9316396 ns 206 ns
9316244 ns 9316452 ns 208 ns
9316421 ns 9316628 ns 207 ns
9316452 ns 9316660 ns 208 ns
9316598 ns 9316804 ns 206 ns
9316713 ns 9316924 ns 211 ns
9316963 ns 9317172 ns 209 ns
9317229 ns 9317436 ns 207 ns
9317491 ns 9317700 ns 209 ns
9317751 ns 9317960 ns 209 ns
9318011 ns 9318220 ns 209 ns
9318277 ns 9318484 ns 207 ns
9318539 ns 9318752 ns 213 ns
9318799 ns 9319068 ns 269 ns
9319051 ns 9319260 ns 209 ns
9319316 ns 9319524 ns 208 ns
9319578 ns 9319784 ns 206 ns
9319839 ns 9320052 ns 213 ns
9320088 ns 9320296 ns 208 ns
9320355 ns 9320572 ns 217 ns
9320617 ns 9320824 ns 207 ns
9320878 ns 9321092 ns 214 ns
9321128 ns 9321420 ns 292 ns
9321414 ns 9321620 ns 206 ns
9321676 ns 9321888 ns 212 ns
9321937 ns 9322144 ns 207 ns
9322187 ns 9322396 ns 209 ns
9322455 ns 9322664 ns 209 ns
9322715 ns 9322924 ns 209 ns
9322980 ns 9323196 ns 216 ns
9323237 ns 9323444 ns 207 ns
9323504 ns 9323712 ns 208 ns
9323764 ns 9323972 ns 208 ns
9324024 ns 9324232 ns 208 ns
9324275 ns 9324484 ns 209 ns
9324542 ns 9324748 ns 206 ns
9324807 ns 9325016 ns 209 ns
9325064 ns 9325272 ns 208 ns
9325315 ns 9325524 ns 209 ns
9325581 ns 9325788 ns 207 ns
9325843 ns 9326052 ns 209 ns
9326112 ns 9326320 ns 208 ns
9326373 ns 9326652 ns 279 ns
9326639 ns 9326904 ns 265 ns
9330136 ns 9330544 ns 408 ns
9330288 ns 9330604 ns 316 ns
9330444 ns 9330800 ns 356 ns
9330597 ns 9330880 ns 283 ns
9332007 ns 9332216 ns 209 ns
9332031 ns 9332240 ns 209 ns
9332160 ns 9332372 ns 212 ns
9332312 ns 9332520 ns 208 ns
9332469 ns 9332676 ns 207 ns
9334142 ns 9334348 ns 206 ns
9334320 ns 9334528 ns 208 ns
9334474 ns 9334680 ns 206 ns
9334626 ns 9334832 ns 206 ns
9335068 ns 9335276 ns 208 ns
9335432 ns 9335640 ns 208 ns
9335584 ns 9335792 ns 208 ns
9335735 ns 9335944 ns 209 ns
9335766 ns 9336024 ns 258 ns
9335888 ns 9336104 ns 216 ns
9335920 ns 9336184 ns 264 ns
9336311 ns 9336520 ns 209 ns
9336481 ns 9336692 ns 211 ns
9337725 ns 9337932 ns 207 ns
9338099 ns 9338316 ns 217 ns
9338878 ns 9339252 ns 374 ns
9340573 ns 9340848 ns 275 ns
9340758 ns 9340996 ns 238 ns
9340942 ns 9341152 ns 210 ns
9341110 ns 9341320 ns 210 ns
9341127 ns 9341340 ns 213 ns
9341418 ns 9341708 ns 290 ns
9341845 ns 9342052 ns 207 ns
9342042 ns 9342248 ns 206 ns
9342252 ns 9342460 ns 208 ns
9342823 ns 9343032 ns 209 ns
9345806 ns 9346024 ns 218 ns
9346169 ns 9346384 ns 215 ns
9362497 ns 9362704 ns 207 ns
9362653 ns 9362860 ns 207 ns
9362811 ns 9363024 ns 213 ns
9363583 ns 9363792 ns 209 ns
9363741 ns 9363952 ns 211 ns
9363898 ns 9364104 ns 206 ns
9364056 ns 9364264 ns 208 ns
9366720 ns 9366928 ns 208 ns
9366877 ns 9367088 ns 211 ns
9367034 ns 9367244 ns 210 ns
9367192 ns 9367400 ns 208 ns
9368571 ns 9368876 ns 305 ns
9368730 ns 9369012 ns 282 ns
9368886 ns 9369144 ns 258 ns
9369044 ns 9369392 ns 348 ns
9370449 ns 9370656 ns 207 ns
9370606 ns 9370812 ns 206 ns
9370765 ns 9370972 ns 207 ns
9370922 ns 9371128 ns 206 ns
9376368 ns 9376576 ns 208 ns
9393126 ns 9393332 ns 206 ns
9401394 ns 9401600 ns 206 ns
9401762 ns 9401972 ns 210 ns
9401954 ns 9402160 ns 206 ns
9402962 ns 9403168 ns 206 ns
9416424 ns 9416632 ns 208 ns
9420209 ns 9420416 ns 207 ns
9460476 ns 9460684 ns 208 ns
9461537 ns 9461940 ns 403 ns
9462139 ns 9462432 ns 293 ns
9462176 ns 9462512 ns 336 ns
9462220 ns 9462592 ns 372 ns
9462261 ns 9462672 ns 411 ns
9490129 ns 9490336 ns 207 ns
9490446 ns 9490656 ns 210 ns
9490768 ns 9490976 ns 208 ns
9491081 ns 9491288 ns 207 ns
9491795 ns 9492004 ns 209 ns
9492090 ns 9492296 ns 206 ns
9492421 ns 9492628 ns 207 ns
9492749 ns 9493020 ns 271 ns
9493099 ns 9493308 ns 209 ns
9493419 ns 9493628 ns 209 ns
9493748 ns 9493980 ns 232 ns
9494063 ns 9494280 ns 217 ns
9494504 ns 9494712 ns 208 ns
9494594 ns 9494800 ns 206 ns
9494680 ns 9494892 ns 212 ns
9494769 ns 9494976 ns 207 ns
9494913 ns 9495120 ns 207 ns
9495091 ns 9495300 ns 209 ns
9495237 ns 9495444 ns 207 ns
9495415 ns 9495640 ns 225 ns
9495560 ns 9495776 ns 216 ns
9495735 ns 9495944 ns 209 ns
9496068 ns 9496276 ns 208 ns
9496380 ns 9496592 ns 212 ns
9497666 ns 9497872 ns 206 ns
9497903 ns 9498112 ns 209 ns
9498222 ns 9498428 ns 206 ns
9498578 ns 9498808 ns 230 ns
9498907 ns 9499116 ns 209 ns
9499371 ns 9499584 ns 213 ns
9499544 ns 9499764 ns 220 ns
9499704 ns 9499932 ns 228 ns
9499888 ns 9500096 ns 208 ns
9500042 ns 9500248 ns 206 ns
9500218 ns 9500428 ns 210 ns
9499221 ns 9500464 ns 1243 ns
9500561 ns 9500808 ns 247 ns
9499534 ns 9500880 ns 1346 ns
9500378 ns 9500920 ns 542 ns
9500708 ns 9500940 ns 232 ns
9500884 ns 9501092 ns 208 ns
9501066 ns 9501272 ns 206 ns
9501239 ns 9501460 ns 221 ns
9501383 ns 9501592 ns 209 ns
9501555 ns 9501776 ns 221 ns
9501701 ns 9501920 ns 219 ns
9501871 ns 9502084 ns 213 ns
9502014 ns 9502228 ns 214 ns
9502186 ns 9502400 ns 214 ns
9502551 ns 9502760 ns 209 ns
9502896 ns 9503104 ns 208 ns
9503097 ns 9503320 ns 223 ns
9503242 ns 9503448 ns 206 ns
9503428 ns 9503636 ns 208 ns
9503584 ns 9503808 ns 224 ns
9503755 ns 9503980 ns 225 ns
9503893 ns 9504100 ns 207 ns
9504076 ns 9504284 ns 208 ns
9504174 ns 9504384 ns 210 ns
9504456 ns 9504696 ns 240 ns
9504734 ns 9505012 ns 278 ns
9505431 ns 9505656 ns 225 ns
9505760 ns 9505968 ns 208 ns
9506092 ns 9506300 ns 208 ns
9506419 ns 9506628 ns 209 ns
9506595 ns 9506804 ns 209 ns
9506776 ns 9506988 ns 212 ns
9506925 ns 9507132 ns 207 ns
9507017 ns 9507224 ns 207 ns
9507110 ns 9507320 ns 210 ns
9507269 ns 9507476 ns 207 ns
9507346 ns 9507556 ns 210 ns
9507454 ns 9507660 ns 206 ns
9507600 ns 9507808 ns 208 ns
9507678 ns 9507884 ns 206 ns
9507779 ns 9507988 ns 209 ns
9508003 ns 9508212 ns 209 ns
9508296 ns 9508588 ns 292 ns
9508350 ns 9508680 ns 330 ns
9508466 ns 9508700 ns 234 ns
9508636 ns 9508844 ns 208 ns
9508645 ns 9508864 ns 219 ns
9508821 ns 9509032 ns 211 ns
9508966 ns 9509180 ns 214 ns
9508969 ns 9509200 ns 231 ns
9509139 ns 9509348 ns 209 ns
9509251 ns 9509460 ns 209 ns
9509282 ns 9509488 ns 206 ns
9509453 ns 9509680 ns 227 ns
9509801 ns 9510012 ns 211 ns
9510091 ns 9510308 ns 217 ns
9510416 ns 9510624 ns 208 ns
9510732 ns 9510940 ns 208 ns
9511080 ns 9511288 ns 208 ns
9511405 ns 9511612 ns 207 ns
9511732 ns 9511940 ns 208 ns
9512047 ns 9512256 ns 209 ns
9512225 ns 9512432 ns 207 ns
9512408 ns 9512616 ns 208 ns
9512562 ns 9512768 ns 206 ns
9512738 ns 9512964 ns 226 ns
9512895 ns 9513104 ns 209 ns
9513074 ns 9513284 ns 210 ns
9513221 ns 9513428 ns 207 ns
9513395 ns 9513604 ns 209 ns
9513572 ns 9513856 ns 284 ns
9513739 ns 9513948 ns 209 ns
9513886 ns 9514096 ns 210 ns
9513914 ns 9514136 ns 222 ns
9514049 ns 9514272 ns 223 ns
9514196 ns 9514404 ns 208 ns
9514242 ns 9514452 ns 210 ns
9514314 ns 9514524 ns 210 ns
9514361 ns 9514572 ns 211 ns
9514506 ns 9514736 ns 230 ns
9514572 ns 9514784 ns 212 ns
9514503 ns 9514804 ns 301 ns
9514679 ns 9514888 ns 209 ns
9514893 ns 9515112 ns 219 ns
9515026 ns 9515248 ns 222 ns
9515353 ns 9515564 ns 211 ns
9515685 ns 9515904 ns 219 ns
9516010 ns 9516388 ns 378 ns
9516329 ns 9516536 ns 207 ns
9516620 ns 9516844 ns 224 ns
9516906 ns 9517112 ns 206 ns
9517193 ns 9517408 ns 215 ns
9517875 ns 9518084 ns 209 ns
9518200 ns 9518408 ns 208 ns
9518525 ns 9518732 ns 207 ns
9518846 ns 9519056 ns 210 ns
9519021 ns 9519228 ns 207 ns
9519202 ns 9519412 ns 210 ns
9519262 ns 9519468 ns 206 ns
9519350 ns 9519560 ns 210 ns
9519450 ns 9519664 ns 214 ns
9519532 ns 9519740 ns 208 ns
9519683 ns 9519892 ns 209 ns
9519864 ns 9520072 ns 208 ns
9520015 ns 9520244 ns 229 ns
9520198 ns 9520404 ns 206 ns
9520905 ns 9521112 ns 207 ns
9521233 ns 9521440 ns 207 ns
9521569 ns 9521776 ns 207 ns
9521895 ns 9522104 ns 209 ns
9522476 ns 9522684 ns 208 ns
9522601 ns 9522808 ns 207 ns
9522716 ns 9522924 ns 208 ns
9522912 ns 9523120 ns 208 ns
9522930 ns 9523140 ns 210 ns
9523260 ns 9523468 ns 208 ns
9523275 ns 9523488 ns 213 ns
9523582 ns 9523792 ns 210 ns
9523892 ns 9524188 ns 296 ns
9523932 ns 9524252 ns 320 ns
9524273 ns 9524480 ns 207 ns
9524287 ns 9524500 ns 213 ns
9524372 ns 9524580 ns 208 ns
9524198 ns 9524636 ns 438 ns
9524602 ns 9524816 ns 214 ns
9524915 ns 9525132 ns 217 ns
9525937 ns 9526144 ns 207 ns
9526235 ns 9526444 ns 209 ns
9526574 ns 9526784 ns 210 ns
9526870 ns 9527080 ns 210 ns
9531822 ns 9532028 ns 206 ns
9532117 ns 9532324 ns 207 ns
9532451 ns 9532660 ns 209 ns
9532746 ns 9532952 ns 206 ns
9535459 ns 9535668 ns 209 ns
9535773 ns 9535988 ns 215 ns
9536083 ns 9536292 ns 209 ns
9536324 ns 9536548 ns 224 ns
9537639 ns 9537868 ns 229 ns
9537997 ns 9538204 ns 207 ns
9538292 ns 9538568 ns 276 ns
9538591 ns 9538800 ns 209 ns
9538883 ns 9539092 ns 209 ns
9541250 ns 9541460 ns 210 ns
9541955 ns 9542164 ns 209 ns
9542004 ns 9542244 ns 240 ns
9542082 ns 9542324 ns 242 ns
9565489 ns 9565696 ns 207 ns
9565671 ns 9565880 ns 209 ns
9576342 ns 9576620 ns 278 ns
9579631 ns 9579840 ns 209 ns
9591440 ns 9591648 ns 208 ns
9591629 ns 9591836 ns 207 ns
9594658 ns 9594864 ns 206 ns
9595281 ns 9595488 ns 207 ns
9595460 ns 9595668 ns 208 ns
9598976 ns 9599184 ns 208 ns
9600062 ns 9600272 ns 210 ns
9600408 ns 9600616 ns 208 ns
9600724 ns 9600932 ns 208 ns
9601069 ns 9601276 ns 207 ns
9601442 ns 9601648 ns 206 ns
9601752 ns 9602188 ns 436 ns
9602072 ns 9602280 ns 208 ns
9602377 ns 9602584 ns 207 ns
9602556 ns 9602764 ns 208 ns
9602716 ns 9602924 ns 208 ns
9602860 ns 9603080 ns 220 ns
9603018 ns 9603228 ns 210 ns
9603165 ns 9603384 ns 219 ns
9603264 ns 9603472 ns 208 ns
9603324 ns 9603532 ns 208 ns
9603426 ns 9603632 ns 206 ns
9603467 ns 9603712 ns 245 ns
9603592 ns 9603800 ns 208 ns
9603626 ns 9603832 ns 206 ns
9603787 ns 9603996 ns 209 ns
9603971 ns 9604180 ns 209 ns
9603979 ns 9604200 ns 221 ns
9604150 ns 9604364 ns 214 ns
9604305 ns 9604512 ns 207 ns
9604313 ns 9604532 ns 219 ns
9604643 ns 9604852 ns 209 ns
9604672 ns 9604896 ns 224 ns
9604965 ns 9605172 ns 207 ns
9605020 ns 9605248 ns 228 ns
9605281 ns 9605488 ns 207 ns
9605316 ns 9605524 ns 208 ns
9605450 ns 9605660 ns 210 ns
9605619 ns 9605828 ns 209 ns
9605638 ns 9605848 ns 210 ns
9605820 ns 9606028 ns 208 ns
9605962 ns 9606172 ns 210 ns
9606279 ns 9606488 ns 209 ns
9606449 ns 9606664 ns 215 ns
9606633 ns 9606840 ns 207 ns
9606785 ns 9606992 ns 207 ns
9606891 ns 9607100 ns 209 ns
9606965 ns 9607172 ns 207 ns
9607054 ns 9607260 ns 206 ns
9607121 ns 9607404 ns 283 ns
9607307 ns 9607516 ns 209 ns
9607437 ns 9607644 ns 207 ns
9607464 ns 9607736 ns 272 ns
9607596 ns 9607816 ns 220 ns
9607645 ns 9607856 ns 211 ns
9607950 ns 9608168 ns 218 ns
9607999 ns 9608208 ns 209 ns
9608137 ns 9608384 ns 247 ns
9608319 ns 9608528 ns 209 ns
9608491 ns 9608700 ns 209 ns
9608642 ns 9608848 ns 206 ns
9608958 ns 9609180 ns 222 ns
9609649 ns 9610008 ns 359 ns
9609476 ns 9610028 ns 552 ns
9609797 ns 9610148 ns 351 ns
9609966 ns 9610176 ns 210 ns
9610118 ns 9610324 ns 206 ns
9610291 ns 9610504 ns 213 ns
9610439 ns 9610648 ns 209 ns
9610610 ns 9610816 ns 206 ns
9610969 ns 9611176 ns 207 ns
9611300 ns 9611508 ns 208 ns
9611639 ns 9611848 ns 209 ns
9611971 ns 9612180 ns 209 ns
9612675 ns 9612884 ns 209 ns
9612998 ns 9613208 ns 210 ns
9613329 ns 9613536 ns 207 ns
9613652 ns 9613860 ns 208 ns
9614319 ns 9614528 ns 209 ns
9614629 ns 9614836 ns 207 ns
9614948 ns 9615156 ns 208 ns
9615256 ns 9615504 ns 248 ns
9615600 ns 9615808 ns 208 ns
9615924 ns 9616132 ns 208 ns
9616052 ns 9616260 ns 208 ns
9616223 ns 9616444 ns 221 ns
9616257 ns 9616464 ns 207 ns
9616633 ns 9616848 ns 215 ns
9617676 ns 9617884 ns 208 ns
9618271 ns 9618556 ns 285 ns
9619098 ns 9619308 ns 210 ns
9619458 ns 9619696 ns 238 ns
9619652 ns 9619868 ns 216 ns
9620019 ns 9620228 ns 209 ns
9620430 ns 9620644 ns 214 ns
9619663 ns 9620664 ns 1001 ns
9620612 ns 9620840 ns 228 ns
9620827 ns 9621040 ns 213 ns
9621043 ns 9621296 ns 253 ns
9621348 ns 9621556 ns 208 ns
9622487 ns 9622696 ns 209 ns
9626673 ns 9626940 ns 267 ns
9626992 ns 9627232 ns 240 ns
9627312 ns 9627584 ns 272 ns
9627635 ns 9627908 ns 273 ns
9629888 ns 9630096 ns 208 ns
9633229 ns 9633484 ns 255 ns
9633402 ns 9633612 ns 210 ns
9634154 ns 9634376 ns 222 ns
9634324 ns 9634532 ns 208 ns
9634687 ns 9634900 ns 213 ns
9634879 ns 9635112 ns 233 ns
9635236 ns 9635444 ns 208 ns
9636089 ns 9636296 ns 207 ns
9636376 ns 9636584 ns 208 ns
9636665 ns 9636872 ns 207 ns
9636957 ns 9637172 ns 215 ns
9637923 ns 9638148 ns 225 ns
9638088 ns 9638340 ns 252 ns
9639703 ns 9639912 ns 209 ns
9639998 ns 9640224 ns 226 ns
9640289 ns 9640508 ns 219 ns
9640573 ns 9640780 ns 207 ns
9643344 ns 9643552 ns 208 ns
9643720 ns 9643984 ns 264 ns
9658497 ns 9658728 ns 231 ns
9658798 ns 9659008 ns 210 ns
9659118 ns 9659328 ns 210 ns
9659423 ns 9659632 ns 209 ns
9660116 ns 9660324 ns 208 ns
9661222 ns 9661456 ns 234 ns
9662256 ns 9662464 ns 208 ns
9662374 ns 9662660 ns 286 ns
9662384 ns 9662732 ns 348 ns
9662581 ns 9662788 ns 207 ns
9662906 ns 9663112 ns 206 ns
9663225 ns 9663432 ns 207 ns
9665103 ns 9665312 ns 209 ns
9665414 ns 9665628 ns 214 ns
9665729 ns 9665944 ns 215 ns
9666045 ns 9666252 ns 207 ns
9668788 ns 9668996 ns 208 ns
9669088 ns 9669296 ns 208 ns
9669402 ns 9669608 ns 206 ns
9669700 ns 9669920 ns 220 ns
9672666 ns 9672880 ns 214 ns
9672990 ns 9673200 ns 210 ns
9673315 ns 9673524 ns 209 ns
9673598 ns 9673808 ns 210 ns
9675547 ns 9675756 ns 209 ns
9675858 ns 9676064 ns 206 ns
9676171 ns 9676380 ns 209 ns
9676484 ns 9676704 ns 220 ns
9676668 ns 9676876 ns 208 ns
9676866 ns 9677076 ns 210 ns
9677555 ns 9677764 ns 209 ns
9680294 ns 9680564 ns 270 ns
9680692 ns 9680900 ns 208 ns
9680974 ns 9681180 ns 206 ns
9681544 ns 9681752 ns 208 ns
9696307 ns 9696528 ns 221 ns
9701195 ns 9701404 ns 209 ns
9701837 ns 9702044 ns 207 ns
9701909 ns 9702124 ns 215 ns
9720954 ns 9721160 ns 206 ns
9721149 ns 9721356 ns 207 ns
9724986 ns 9725196 ns 210 ns
9725184 ns 9725392 ns 208 ns
9726405 ns 9726612 ns 207 ns
9726953 ns 9727160 ns 207 ns
9727462 ns 9727672 ns 210 ns
9727652 ns 9727860 ns 208 ns
9727880 ns 9728088 ns 208 ns
9728101 ns 9728308 ns 207 ns
9736299 ns 9736516 ns 217 ns
9739858 ns 9740084 ns 226 ns
9739984 ns 9740236 ns 252 ns
9767892 ns 9768100 ns 208 ns
9768243 ns 9768544 ns 301 ns
9768784 ns 9768992 ns 208 ns
9770245 ns 9770452 ns 207 ns
9770419 ns 9770628 ns 209 ns
9773434 ns 9773868 ns 434 ns
9774096 ns 9774304 ns 208 ns
9774262 ns 9774468 ns 206 ns
9774797 ns 9775008 ns 211 ns
9775004 ns 9775212 ns 208 ns
9775227 ns 9775440 ns 213 ns
9775442 ns 9775648 ns 206 ns
9775611 ns 9775872 ns 261 ns
9775937 ns 9776164 ns 227 ns
9775780 ns 9776704 ns 924 ns
9777759 ns 9777968 ns 209 ns
9807730 ns 9807936 ns 206 ns
9807917 ns 9808188 ns 271 ns
9812600 ns 9812856 ns 256 ns
9812969 ns 9813176 ns 207 ns
9816274 ns 9816500 ns 226 ns
9816294 ns 9816580 ns 286 ns
9820086 ns 9820292 ns 206 ns
9821423 ns 9821632 ns 209 ns
9822163 ns 9822372 ns 209 ns
9822203 ns 9822464 ns 261 ns
9822243 ns 9822544 ns 301 ns
9822289 ns 9822624 ns 335 ns
9845653 ns 9845860 ns 207 ns
9845835 ns 9846044 ns 209 ns
9859695 ns 9859904 ns 209 ns
9859847 ns 9860056 ns 209 ns
9860016 ns 9860224 ns 208 ns
9861430 ns 9861652 ns 222 ns
9862433 ns 9862708 ns 275 ns
9865994 ns 9866204 ns 210 ns
9866629 ns 9866836 ns 207 ns
9866782 ns 9866992 ns 210 ns
9867446 ns 9867652 ns 206 ns
9867616 ns 9867824 ns 208 ns
9869658 ns 9869864 ns 206 ns
9869854 ns 9870060 ns 206 ns
9870064 ns 9870272 ns 208 ns
9870609 ns 9870816 ns 207 ns
9870768 ns 9870976 ns 208 ns
9899874 ns 9900084 ns 210 ns
9900111 ns 9900340 ns 229 ns
9900156 ns 9900416 ns 260 ns
9920882 ns 9921096 ns 214 ns
9921078 ns 9921288 ns 210 ns
9925159 ns 9925368 ns 209 ns
9925357 ns 9925564 ns 207 ns
9926575 ns 9926784 ns 209 ns
9927119 ns 9927348 ns 229 ns
9927492 ns 9927704 ns 212 ns
9927771 ns 9927980 ns 209 ns
9927963 ns 9928172 ns 209 ns
9928155 ns 9928364 ns 209 ns
9928377 ns 9928584 ns 207 ns
9936286 ns 9936492 ns 206 ns
9940268 ns 9940476 ns 208 ns
9941602 ns 9941864 ns 262 ns
9942383 ns 9942760 ns 377 ns
9942419 ns 9942840 ns 421 ns
9942461 ns 9942920 ns 459 ns
9942508 ns 9943 us 492 ns
9964488 ns 9964696 ns 208 ns
9964663 ns 9964872 ns 209 ns
9966223 ns 9966432 ns 209 ns
9966363 ns 9966572 ns 209 ns
9966497 ns 9966704 ns 207 ns
9966992 ns 9967200 ns 208 ns
9967165 ns 9967388 ns 223 ns
9967383 ns 9967592 ns 209 ns
9967469 ns 9967676 ns 207 ns
9967555 ns 9967764 ns 209 ns
9967692 ns 9967900 ns 208 ns
9968013 ns 9968220 ns 207 ns
9968178 ns 9968388 ns 210 ns
9968809 ns 9969016 ns 207 ns
9969571 ns 9969780 ns 209 ns
9969665 ns 9969872 ns 207 ns
9969706 ns 9969924 ns 218 ns
9969838 ns 9970056 ns 218 ns
9969850 ns 9970076 ns 226 ns
9970547 ns 9970756 ns 209 ns
9970690 ns 9970908 ns 218 ns
9971865 ns 9972072 ns 207 ns
9972059 ns 9972284 ns 225 ns
9972285 ns 9972492 ns 207 ns
9972463 ns 9972672 ns 209 ns
9972832 ns 9973048 ns 216 ns
9973200 ns 9973408 ns 208 ns
9973804 ns 9974076 ns 272 ns
9973847 ns 9974152 ns 305 ns
9974879 ns 9975088 ns 209 ns
9975023 ns 9975232 ns 209 ns
9975182 ns 9975388 ns 206 ns
9976371 ns 9976684 ns 313 ns
9976540 ns 9976748 ns 208 ns
9976813 ns 9977020 ns 207 ns
9977472 ns 9977692 ns 220 ns
9978289 ns 9978496 ns 207 ns
9978379 ns 9978668 ns 289 ns
9980100 ns 9980332 ns 232 ns
9980350 ns 9980556 ns 206 ns
9983749 ns 9983956 ns 207 ns
9996745 ns 9996952 ns 207 ns
9996931 ns 9997184 ns 253 ns
10001822 ns 10002028 ns 206 ns
10003620 ns 10003828 ns 208 ns
10007144 ns 10007352 ns 208 ns
10007415 ns 10007808 ns 393 ns
10122007 ns 10122216 ns 209 ns
10122166 ns 10122372 ns 206 ns
10123722 ns 10123928 ns 206 ns
10124169 ns 10124376 ns 207 ns
10124470 ns 10124808 ns 338 ns
10124759 ns 10124968 ns 209 ns
10125032 ns 10125240 ns 208 ns
10125322 ns 10125528 ns 206 ns
10125778 ns 10125984 ns 206 ns
10126079 ns 10126288 ns 209 ns
10126490 ns 10126696 ns 206 ns
10130703 ns 10130912 ns 209 ns
10131098 ns 10131308 ns 210 ns
10131378 ns 10131588 ns 210 ns
10139022 ns 10139232 ns 210 ns
10188515 ns 10188724 ns 209 ns
10232293 ns 10232500 ns 207 ns
10232680 ns 10232888 ns 208 ns
10232969 ns 10233176 ns 207 ns
10233781 ns 10234020 ns 239 ns
10234067 ns 10234288 ns 221 ns
10241012 ns 10241220 ns 208 ns
10243503 ns 10243712 ns 209 ns
10243672 ns 10243880 ns 208 ns
10243693 ns 10243900 ns 207 ns
10243973 ns 10244180 ns 207 ns
10245011 ns 10245220 ns 209 ns
10245502 ns 10245708 ns 206 ns
10247136 ns 10247344 ns 208 ns
10249759 ns 10249968 ns 209 ns
10251812 ns 10252020 ns 208 ns
10256274 ns 10256484 ns 210 ns
10276244 ns 10276452 ns 208 ns
10276439 ns 10276648 ns 209 ns
10277777 ns 10277984 ns 207 ns
10278273 ns 10278480 ns 207 ns
10279869 ns 10280076 ns 207 ns
10283008 ns 10283220 ns 212 ns
10296263 ns 10296472 ns 209 ns
10301180 ns 10301408 ns 228 ns
10341160 ns 10341368 ns 208 ns
10341413 ns 10341620 ns 207 ns
10380428 ns 10380636 ns 208 ns
10381619 ns 10381828 ns 209 ns
10460292 ns 10460500 ns 208 ns
10461368 ns 10461576 ns 208 ns
10540319 ns 10540528 ns 209 ns
10541379 ns 10541588 ns 209 ns
10620367 ns 10620576 ns 209 ns
10621430 ns 10621640 ns 210 ns
10700311 ns 10700520 ns 209 ns
10701379 ns 10701588 ns 209 ns
10780361 ns 10780568 ns 207 ns
10781431 ns 10781640 ns 209 ns
10860240 ns 10860448 ns 208 ns
10861310 ns 10861516 ns 206 ns
10940348 ns 10940556 ns 208 ns
10941410 ns 10941616 ns 206 ns
11020395 ns 11020604 ns 209 ns
11021468 ns 11021788 ns 320 ns
11061161 ns 11061368 ns 207 ns
11061381 ns 11061588 ns 207 ns
11100376 ns 11100584 ns 208 ns
11101454 ns 11101660 ns 206 ns
