21513 ns 21732 ns 219 ns
22992 ns 23208 ns 216 ns
23493 ns 23888 ns 395 ns
23684 ns 23960 ns 276 ns
23942 ns 24160 ns 218 ns
23763 ns 24180 ns 417 ns
24209 ns 24448 ns 239 ns
24451 ns 24668 ns 217 ns
24511 ns 24728 ns 217 ns
24533 ns 24760 ns 227 ns
25034 ns 25264 ns 230 ns
25135 ns 25360 ns 225 ns
25775 ns 25996 ns 221 ns
26338 ns 26556 ns 218 ns
28244 ns 28472 ns 228 ns
28498 ns 28716 ns 218 ns
36092 ns 36312 ns 220 ns
36378 ns 36596 ns 218 ns
36818 ns 37140 ns 322 ns
37105 ns 37408 ns 303 ns
37372 ns 37664 ns 292 ns
37746 ns 37988 ns 242 ns
38020 ns 38252 ns 232 ns
38345 ns 38672 ns 327 ns
38760 ns 39 us 240 ns
39026 ns 39540 ns 514 ns
39323 ns 39560 ns 237 ns
39346 ns 39652 ns 306 ns
39524 ns 39740 ns 216 ns
39584 ns 39820 ns 236 ns
39719 ns 39940 ns 221 ns
40050 ns 40292 ns 242 ns
40317 ns 40532 ns 215 ns
40585 ns 40800 ns 215 ns
41042 ns 41384 ns 342 ns
42187 ns 42472 ns 285 ns
42371 ns 42588 ns 217 ns
42418 ns 42668 ns 250 ns
42491 ns 42752 ns 261 ns
42540 ns 42832 ns 292 ns
42690 ns 42924 ns 234 ns
42807 ns 43092 ns 285 ns
42916 ns 43168 ns 252 ns
43031 ns 43248 ns 217 ns
43351 ns 43568 ns 217 ns
43577 ns 43792 ns 215 ns
43797 ns 44012 ns 215 ns
43912 ns 44128 ns 216 ns
44486 ns 44736 ns 250 ns
48596 ns 48812 ns 216 ns
48629 ns 48892 ns 263 ns
48671 ns 48972 ns 301 ns
48711 ns 49052 ns 341 ns
49020 ns 49236 ns 216 ns
49125 ns 49340 ns 215 ns
49235 ns 49452 ns 217 ns
49339 ns 49560 ns 221 ns
50728 ns 50944 ns 216 ns
50765 ns 51024 ns 259 ns
50817 ns 51104 ns 287 ns
50912 ns 51184 ns 272 ns
53319 ns 53536 ns 217 ns
54294 ns 54512 ns 218 ns
54336 ns 54552 ns 216 ns
54730 ns 54992 ns 262 ns
54770 ns 55012 ns 242 ns
54746 ns 55104 ns 358 ns
55042 ns 55260 ns 218 ns
55157 ns 55372 ns 215 ns
55191 ns 55408 ns 217 ns
55465 ns 55680 ns 215 ns
55685 ns 55900 ns 215 ns
55972 ns 56188 ns 216 ns
223700 ns 223920 ns 220 ns
223820 ns 224036 ns 216 ns
223928 ns 224144 ns 216 ns
224150 ns 224368 ns 218 ns
223961 ns 224556 ns 595 ns
224081 ns 224636 ns 555 ns
224195 ns 224716 ns 521 ns
224403 ns 224900 ns 497 ns
1023601 ns 1023816 ns 215 ns
1023859 ns 1024076 ns 217 ns
1024124 ns 1024340 ns 216 ns
1024371 ns 1024588 ns 217 ns
1024633 ns 1024848 ns 215 ns
1024913 ns 1025128 ns 215 ns
1026227 ns 1026444 ns 217 ns
1027272 ns 1027488 ns 216 ns
1027813 ns 1028028 ns 215 ns
1028072 ns 1028288 ns 216 ns
1028329 ns 1028544 ns 215 ns
1028579 ns 1028796 ns 217 ns
1029114 ns 1029332 ns 218 ns
1030403 ns 1030624 ns 221 ns
1030658 ns 1030876 ns 218 ns
1031327 ns 1031544 ns 217 ns
1032539 ns 1032756 ns 217 ns
1035969 ns 1036184 ns 215 ns
1036499 ns 1036716 ns 217 ns
1038695 ns 1038912 ns 217 ns
1040076 ns 1040292 ns 216 ns
1040632 ns 1040848 ns 216 ns
1043172 ns 1043388 ns 216 ns
1043441 ns 1043656 ns 215 ns
1043688 ns 1043904 ns 216 ns
1043955 ns 1044172 ns 217 ns
1183629 ns 1183844 ns 215 ns
1183732 ns 1183948 ns 216 ns
1184435 ns 1184652 ns 217 ns
1184696 ns 1184912 ns 216 ns
1185739 ns 1185992 ns 253 ns
1185539 ns 1186024 ns 485 ns
1185796 ns 1186044 ns 248 ns
1186585 ns 1186800 ns 215 ns
1186764 ns 1186980 ns 216 ns
1187134 ns 1187352 ns 218 ns
1187313 ns 1187528 ns 215 ns
1187402 ns 1187620 ns 218 ns
1187578 ns 1187796 ns 218 ns
1187662 ns 1187880 ns 218 ns
1187836 ns 1188052 ns 216 ns
1187929 ns 1188144 ns 215 ns
1188095 ns 1188312 ns 217 ns
1188455 ns 1188672 ns 217 ns
1188624 ns 1188840 ns 216 ns
1192694 ns 1192912 ns 218 ns
1192811 ns 1193028 ns 217 ns
1192950 ns 1193228 ns 278 ns
1193212 ns 1193480 ns 268 ns
1193476 ns 1193872 ns 396 ns
1193741 ns 1193968 ns 227 ns
1193845 ns 1194060 ns 215 ns
1194782 ns 1195 us 218 ns
1194908 ns 1195124 ns 216 ns
1195563 ns 1195780 ns 217 ns
1195669 ns 1195884 ns 215 ns
1196078 ns 1196296 ns 218 ns
1196192 ns 1196408 ns 216 ns
1196597 ns 1196812 ns 215 ns
1196699 ns 1196916 ns 217 ns
1196853 ns 1197108 ns 255 ns
1197114 ns 1197364 ns 250 ns
1197389 ns 1197640 ns 251 ns
1197638 ns 1197888 ns 250 ns
1197909 ns 1198160 ns 251 ns
1198217 ns 1198468 ns 251 ns
1198857 ns 1199096 ns 239 ns
1199127 ns 1199376 ns 249 ns
1200162 ns 1200380 ns 218 ns
1200281 ns 1200496 ns 215 ns
1200542 ns 1200760 ns 218 ns
1200796 ns 1201012 ns 216 ns
1201084 ns 1201628 ns 544 ns
1202781 ns 1202996 ns 215 ns
1202911 ns 1203128 ns 217 ns
1423257 ns 1423472 ns 215 ns
1424600 ns 1424816 ns 216 ns
1424864 ns 1425080 ns 216 ns
1425630 ns 1425848 ns 218 ns
1425891 ns 1426108 ns 217 ns
1426440 ns 1426656 ns 216 ns
1427734 ns 1427952 ns 218 ns
1443494 ns 1443712 ns 218 ns
1446153 ns 1446368 ns 215 ns
1449470 ns 1449688 ns 218 ns
1449660 ns 1449892 ns 232 ns
1450077 ns 1450292 ns 215 ns
1450342 ns 1450560 ns 218 ns
1450809 ns 1451212 ns 403 ns
1451 us 1451252 ns 252 ns
1451705 ns 1451920 ns 215 ns
1454244 ns 1454460 ns 216 ns
1469835 ns 1470052 ns 217 ns
1469987 ns 1470204 ns 217 ns
1470482 ns 1470700 ns 218 ns
1470743 ns 1470960 ns 217 ns
1471162 ns 1471380 ns 218 ns
1471314 ns 1471532 ns 218 ns
1471499 ns 1471716 ns 217 ns
1471689 ns 1471904 ns 215 ns
1471883 ns 1472100 ns 217 ns
1472142 ns 1472360 ns 218 ns
1472421 ns 1472636 ns 215 ns
1472592 ns 1472808 ns 216 ns
1472743 ns 1472960 ns 217 ns
1472898 ns 1473116 ns 218 ns
1473087 ns 1473304 ns 217 ns
1473281 ns 1473496 ns 215 ns
1473795 ns 1474012 ns 217 ns
1473998 ns 1474216 ns 218 ns
1474149 ns 1474592 ns 443 ns
1474335 ns 1474612 ns 277 ns
1474494 ns 1474712 ns 218 ns
1474657 ns 1474876 ns 219 ns
1475189 ns 1475408 ns 219 ns
1475361 ns 1475576 ns 215 ns
1475513 ns 1475728 ns 215 ns
1475668 ns 1475884 ns 216 ns
1475857 ns 1476072 ns 215 ns
1476052 ns 1476268 ns 216 ns
1476582 ns 1476800 ns 218 ns
1476755 ns 1476972 ns 217 ns
1476906 ns 1477124 ns 218 ns
1477061 ns 1477276 ns 215 ns
1477220 ns 1477440 ns 220 ns
1477383 ns 1477600 ns 217 ns
1477901 ns 1478116 ns 215 ns
1478073 ns 1478288 ns 215 ns
1478225 ns 1478440 ns 215 ns
1478721 ns 1478940 ns 219 ns
1479397 ns 1479612 ns 215 ns
1479548 ns 1479764 ns 216 ns
1480073 ns 1480288 ns 215 ns
1480743 ns 1480960 ns 217 ns
1480895 ns 1481112 ns 217 ns
1481390 ns 1481608 ns 218 ns
1481654 ns 1481872 ns 218 ns
1482104 ns 1482392 ns 288 ns
1482255 ns 1482472 ns 217 ns
1482751 ns 1482976 ns 225 ns
1483440 ns 1483656 ns 216 ns
1483591 ns 1483808 ns 217 ns
1484116 ns 1484332 ns 216 ns
1484831 ns 1485048 ns 217 ns
1484982 ns 1485200 ns 218 ns
1485476 ns 1485692 ns 216 ns
1486149 ns 1486364 ns 215 ns
1486300 ns 1486520 ns 220 ns
1486771 ns 1486988 ns 217 ns
1487463 ns 1487680 ns 217 ns
1487615 ns 1487832 ns 217 ns
1488049 ns 1488264 ns 215 ns
1489020 ns 1489236 ns 216 ns
1489179 ns 1489396 ns 217 ns
1489853 ns 1490212 ns 359 ns
1490602 ns 1490872 ns 270 ns
1490792 ns 1491008 ns 216 ns
1491500 ns 1491716 ns 216 ns
1491966 ns 1492184 ns 218 ns
1492124 ns 1492340 ns 216 ns
1492805 ns 1493020 ns 215 ns
1493271 ns 1493488 ns 217 ns
1493432 ns 1493648 ns 216 ns
1494145 ns 1494400 ns 255 ns
1494610 ns 1494848 ns 238 ns
1494799 ns 1495016 ns 217 ns
1495507 ns 1495724 ns 217 ns
1496005 ns 1496220 ns 215 ns
1496194 ns 1496412 ns 218 ns
1496902 ns 1497120 ns 218 ns
1499480 ns 1499696 ns 216 ns
1499670 ns 1499888 ns 218 ns
1500117 ns 1500332 ns 215 ns
1500382 ns 1500600 ns 218 ns
1501008 ns 1501224 ns 216 ns
1501475 ns 1501692 ns 217 ns
1501823 ns 1502052 ns 229 ns
1502302 ns 1502520 ns 218 ns
1502493 ns 1502708 ns 215 ns
1500850 ns 1502744 ns 1894 ns
1503312 ns 1503528 ns 216 ns
1503778 ns 1503996 ns 218 ns
1503967 ns 1504184 ns 217 ns
1504671 ns 1504888 ns 217 ns
1505137 ns 1505352 ns 215 ns
1505326 ns 1505796 ns 470 ns
1506007 ns 1506224 ns 217 ns
1506442 ns 1506660 ns 218 ns
1506632 ns 1506904 ns 272 ns
1507345 ns 1507560 ns 215 ns
1507844 ns 1508060 ns 216 ns
1508034 ns 1508252 ns 218 ns
1508744 ns 1508960 ns 216 ns
1509241 ns 1509456 ns 215 ns
1509399 ns 1509616 ns 217 ns
1510109 ns 1510324 ns 215 ns
1510576 ns 1510792 ns 216 ns
1510767 ns 1510984 ns 217 ns
1511218 ns 1511436 ns 218 ns
1511483 ns 1511700 ns 217 ns
1511985 ns 1512200 ns 215 ns
1512173 ns 1512388 ns 215 ns
1512877 ns 1513092 ns 215 ns
1513349 ns 1513612 ns 263 ns
1513539 ns 1513756 ns 217 ns
1513989 ns 1514220 ns 231 ns
1514262 ns 1514496 ns 234 ns
1514734 ns 1514952 ns 218 ns
1514922 ns 1515140 ns 218 ns
1515600 ns 1515816 ns 216 ns
1516078 ns 1516296 ns 218 ns
1516237 ns 1516452 ns 215 ns
1516914 ns 1517212 ns 298 ns
1520686 ns 1520904 ns 218 ns
1521392 ns 1521608 ns 216 ns
1521582 ns 1521804 ns 222 ns
1522292 ns 1522508 ns 216 ns
1522771 ns 1522988 ns 217 ns
1522962 ns 1523180 ns 218 ns
1523668 ns 1523960 ns 292 ns
1524117 ns 1524336 ns 219 ns
1524277 ns 1524492 ns 215 ns
1524953 ns 1525168 ns 215 ns
1528584 ns 1528800 ns 216 ns
1531569 ns 1531784 ns 215 ns
1531753 ns 1531968 ns 215 ns
1532250 ns 1532468 ns 218 ns
1532959 ns 1533184 ns 225 ns
1533141 ns 1533356 ns 215 ns
1533637 ns 1533852 ns 215 ns
1534303 ns 1534520 ns 217 ns
1534486 ns 1534704 ns 218 ns
1534981 ns 1535204 ns 223 ns
1535672 ns 1535888 ns 216 ns
1535853 ns 1536068 ns 215 ns
1536347 ns 1536564 ns 217 ns
1536608 ns 1536992 ns 384 ns
1538250 ns 1538468 ns 218 ns
1538433 ns 1538648 ns 215 ns
1538935 ns 1539152 ns 217 ns
1539632 ns 1539848 ns 216 ns
1539818 ns 1540036 ns 218 ns
1540283 ns 1540500 ns 217 ns
1540959 ns 1541176 ns 217 ns
1541111 ns 1541328 ns 217 ns
1541607 ns 1541824 ns 217 ns
1542482 ns 1542700 ns 218 ns
1542664 ns 1542880 ns 216 ns
1543139 ns 1543368 ns 229 ns
1543827 ns 1544044 ns 217 ns
1544010 ns 1544228 ns 218 ns
1544505 ns 1544792 ns 287 ns
1545210 ns 1545428 ns 218 ns
1545394 ns 1545612 ns 218 ns
1545890 ns 1546108 ns 218 ns
1546600 ns 1546816 ns 216 ns
1546784 ns 1547 us 216 ns
1547281 ns 1547496 ns 215 ns
1547955 ns 1548172 ns 217 ns
1548107 ns 1548324 ns 217 ns
1548580 ns 1548796 ns 216 ns
1549276 ns 1549492 ns 216 ns
1549460 ns 1549676 ns 216 ns
1549908 ns 1550124 ns 216 ns
1550583 ns 1550800 ns 217 ns
1550765 ns 1550984 ns 219 ns
1550919 ns 1551136 ns 217 ns
1551109 ns 1551324 ns 215 ns
1551304 ns 1551520 ns 216 ns
1551826 ns 1552044 ns 218 ns
1552028 ns 1552244 ns 216 ns
1552211 ns 1552592 ns 381 ns
1552365 ns 1552612 ns 247 ns
1552554 ns 1552772 ns 218 ns
1552747 ns 1552964 ns 217 ns
1553008 ns 1553224 ns 216 ns
1553277 ns 1553492 ns 215 ns
1553449 ns 1553664 ns 215 ns
1553600 ns 1553816 ns 216 ns
1553788 ns 1554004 ns 216 ns
1553978 ns 1554196 ns 218 ns
1554173 ns 1554388 ns 215 ns
1554438 ns 1554656 ns 218 ns
1554706 ns 1554924 ns 218 ns
1554910 ns 1555128 ns 218 ns
1555061 ns 1555276 ns 215 ns
1555247 ns 1555464 ns 217 ns
1555436 ns 1555652 ns 216 ns
1555631 ns 1555848 ns 217 ns
1556151 ns 1556372 ns 221 ns
1556355 ns 1556572 ns 217 ns
1556507 ns 1556724 ns 217 ns
1556692 ns 1556908 ns 216 ns
1556881 ns 1557096 ns 215 ns
1557074 ns 1557292 ns 218 ns
1557334 ns 1557552 ns 218 ns
1557602 ns 1557820 ns 218 ns
1557774 ns 1557992 ns 218 ns
1557926 ns 1558144 ns 218 ns
1558112 ns 1558328 ns 216 ns
1558302 ns 1558520 ns 218 ns
1558498 ns 1558716 ns 218 ns
1558763 ns 1558988 ns 225 ns
1559032 ns 1559256 ns 224 ns
1559237 ns 1559452 ns 215 ns
1559388 ns 1559604 ns 216 ns
1559573 ns 1559788 ns 215 ns
1559762 ns 1559980 ns 218 ns
1559956 ns 1560408 ns 452 ns
1560511 ns 1560728 ns 217 ns
1560715 ns 1560932 ns 217 ns
1560866 ns 1561084 ns 218 ns
1561052 ns 1561268 ns 216 ns
1561240 ns 1561456 ns 216 ns
1561434 ns 1561652 ns 218 ns
1561700 ns 1561916 ns 216 ns
1561969 ns 1562184 ns 215 ns
1562141 ns 1562356 ns 215 ns
1562293 ns 1562508 ns 215 ns
1562479 ns 1562696 ns 217 ns
1562637 ns 1562852 ns 215 ns
1562832 ns 1563048 ns 216 ns
1563100 ns 1563316 ns 216 ns
1563368 ns 1563584 ns 216 ns
1563571 ns 1563788 ns 217 ns
1563753 ns 1563968 ns 215 ns
1563908 ns 1564124 ns 216 ns
1564097 ns 1564312 ns 215 ns
1564291 ns 1564508 ns 217 ns
1564558 ns 1564776 ns 218 ns
1564826 ns 1565044 ns 218 ns
1565029 ns 1565244 ns 215 ns
1565179 ns 1565396 ns 217 ns
1565365 ns 1565580 ns 215 ns
1565554 ns 1565772 ns 218 ns
1565749 ns 1565964 ns 215 ns
1566018 ns 1566236 ns 218 ns
1566286 ns 1566504 ns 218 ns
1566460 ns 1566676 ns 216 ns
1566611 ns 1566828 ns 217 ns
1566797 ns 1567012 ns 215 ns
1566986 ns 1567204 ns 218 ns
1567181 ns 1567396 ns 215 ns
1567700 ns 1567916 ns 216 ns
1567903 ns 1568252 ns 349 ns
1568085 ns 1568300 ns 215 ns
1568271 ns 1568488 ns 217 ns
1568461 ns 1568676 ns 215 ns
1568656 ns 1568872 ns 216 ns
1569192 ns 1569408 ns 216 ns
1569365 ns 1569580 ns 215 ns
1569517 ns 1569732 ns 215 ns
1569702 ns 1569920 ns 218 ns
1569891 ns 1570108 ns 217 ns
1570085 ns 1570300 ns 215 ns
1570619 ns 1570836 ns 217 ns
1570821 ns 1571036 ns 215 ns
1571004 ns 1571220 ns 216 ns
1571189 ns 1571404 ns 215 ns
1571378 ns 1571596 ns 218 ns
1571573 ns 1571788 ns 215 ns
1572094 ns 1572312 ns 218 ns
1572268 ns 1572484 ns 216 ns
1572452 ns 1572668 ns 216 ns
1572638 ns 1572856 ns 218 ns
1572827 ns 1573044 ns 217 ns
1573021 ns 1573236 ns 215 ns
1573543 ns 1573760 ns 217 ns
1573746 ns 1573964 ns 218 ns
1573900 ns 1574116 ns 216 ns
1574086 ns 1574320 ns 234 ns
1574276 ns 1574492 ns 216 ns
1574470 ns 1574688 ns 218 ns
1575004 ns 1575220 ns 216 ns
1575721 ns 1575992 ns 271 ns
1575532 ns 1576012 ns 480 ns
1576435 ns 1576652 ns 217 ns
1579328 ns 1579544 ns 216 ns
1580014 ns 1580232 ns 218 ns
1580522 ns 1580752 ns 230 ns
1580717 ns 1580932 ns 215 ns
1579137 ns 1581136 ns 1999 ns
1581685 ns 1581900 ns 215 ns
1582217 ns 1582432 ns 215 ns
1582406 ns 1582624 ns 218 ns
1583141 ns 1583356 ns 215 ns
1583673 ns 1583888 ns 215 ns
1583862 ns 1584080 ns 218 ns
1584571 ns 1584788 ns 217 ns
1585100 ns 1585316 ns 216 ns
1585290 ns 1585508 ns 218 ns
1586003 ns 1586220 ns 217 ns
1586535 ns 1586752 ns 217 ns
1586726 ns 1586944 ns 218 ns
1587441 ns 1587656 ns 215 ns
1587968 ns 1588184 ns 216 ns
1588158 ns 1588376 ns 218 ns
1588871 ns 1589088 ns 217 ns
1589403 ns 1589620 ns 217 ns
1589593 ns 1589808 ns 215 ns
1590310 ns 1590528 ns 218 ns
1590839 ns 1591056 ns 217 ns
1591028 ns 1591244 ns 216 ns
1591738 ns 1591956 ns 218 ns
1592266 ns 1592484 ns 218 ns
1592424 ns 1592640 ns 216 ns
1593138 ns 1593356 ns 218 ns
1593668 ns 1593884 ns 216 ns
1593857 ns 1594072 ns 215 ns
1594567 ns 1594784 ns 217 ns
1595095 ns 1595312 ns 217 ns
1595283 ns 1595500 ns 217 ns
1595997 ns 1596212 ns 215 ns
1596527 ns 1596744 ns 217 ns
1596717 ns 1596932 ns 215 ns
1597425 ns 1597640 ns 215 ns
1597953 ns 1598168 ns 215 ns
1598143 ns 1598360 ns 217 ns
1598855 ns 1599072 ns 217 ns
1599389 ns 1599608 ns 219 ns
1599579 ns 1599796 ns 217 ns
1600295 ns 1600512 ns 217 ns
1600829 ns 1601044 ns 215 ns
1601018 ns 1601236 ns 218 ns
1601735 ns 1601952 ns 217 ns
1602262 ns 1602480 ns 218 ns
1602451 ns 1602668 ns 217 ns
1603164 ns 1603380 ns 216 ns
1603693 ns 1603908 ns 215 ns
1603882 ns 1604100 ns 218 ns
1604588 ns 1604804 ns 216 ns
1605114 ns 1605332 ns 218 ns
1605303 ns 1605540 ns 237 ns
1606008 ns 1606224 ns 216 ns
1606537 ns 1606752 ns 215 ns
1606727 ns 1607192 ns 465 ns
1607437 ns 1607652 ns 215 ns
1607965 ns 1608180 ns 215 ns
1608156 ns 1608376 ns 220 ns
1608866 ns 1609084 ns 218 ns
1609372 ns 1609588 ns 216 ns
1609562 ns 1609780 ns 218 ns
1610279 ns 1610496 ns 217 ns
1610811 ns 1611028 ns 217 ns
1611 us 1611216 ns 216 ns
1611718 ns 1611936 ns 218 ns
1612249 ns 1612464 ns 215 ns
1612438 ns 1612656 ns 218 ns
1613168 ns 1613384 ns 216 ns
1613699 ns 1613916 ns 217 ns
1613890 ns 1614108 ns 218 ns
1614618 ns 1614992 ns 374 ns
1615148 ns 1615364 ns 216 ns
1615305 ns 1615520 ns 215 ns
1616042 ns 1616260 ns 218 ns
1616573 ns 1616788 ns 215 ns
1616763 ns 1616980 ns 217 ns
1617471 ns 1617688 ns 217 ns
1619065 ns 1619280 ns 215 ns
1619255 ns 1619472 ns 217 ns
1619969 ns 1620184 ns 215 ns
1620693 ns 1620908 ns 215 ns
1621752 ns 1621968 ns 216 ns
1620499 ns 1622360 ns 1861 ns
3501575 ns 3501792 ns 217 ns
3501733 ns 3501948 ns 215 ns
3740988 ns 3741204 ns 216 ns
3741155 ns 3741372 ns 217 ns
3741517 ns 3741736 ns 219 ns
3741681 ns 3741896 ns 215 ns
3742015 ns 3742232 ns 217 ns
3742183 ns 3742400 ns 217 ns
3793115 ns 3793332 ns 217 ns
4940993 ns 4941208 ns 215 ns
4941162 ns 4941380 ns 218 ns
4941697 ns 4941912 ns 215 ns
4941870 ns 4942088 ns 218 ns
4942051 ns 4942268 ns 217 ns
4942218 ns 4942432 ns 214 ns
4942401 ns 4942616 ns 215 ns
4942745 ns 4942960 ns 215 ns
4947321 ns 4947536 ns 215 ns
4948566 ns 4948784 ns 218 ns
4949529 ns 4949744 ns 215 ns
4949709 ns 4949924 ns 215 ns
4949896 ns 4950112 ns 216 ns
4950071 ns 4950288 ns 217 ns
4950247 ns 4950464 ns 217 ns
4950666 ns 4950884 ns 218 ns
4951548 ns 4951764 ns 216 ns
4951722 ns 4951940 ns 218 ns
4951860 ns 4952076 ns 216 ns
4952034 ns 4952252 ns 218 ns
4952208 ns 4952424 ns 216 ns
4952346 ns 4952564 ns 218 ns
4952484 ns 4952700 ns 216 ns
4952879 ns 4953096 ns 217 ns
4953197 ns 4953412 ns 215 ns
4953053 ns 4953432 ns 379 ns
4953741 ns 4953956 ns 215 ns
4953886 ns 4954104 ns 218 ns
4954025 ns 4954240 ns 215 ns
4954515 ns 4954732 ns 217 ns
4956819 ns 4957036 ns 217 ns
4957103 ns 4957324 ns 221 ns
4957240 ns 4957456 ns 216 ns
4957380 ns 4957596 ns 216 ns
4957799 ns 4958016 ns 217 ns
4958343 ns 4958560 ns 217 ns
4958488 ns 4958704 ns 216 ns
4958631 ns 4958860 ns 229 ns
4958781 ns 4958996 ns 215 ns
4958926 ns 4959144 ns 218 ns
4959072 ns 4959288 ns 216 ns
4959210 ns 4959428 ns 218 ns
4959486 ns 4959704 ns 218 ns
4959628 ns 4959844 ns 216 ns
4960222 ns 4960440 ns 218 ns
4961043 ns 4961260 ns 217 ns
4963433 ns 4963648 ns 215 ns
4963572 ns 4963788 ns 216 ns
4970485 ns 4970700 ns 215 ns
4970613 ns 4970828 ns 215 ns
4971280 ns 4971496 ns 216 ns
4972345 ns 4972560 ns 215 ns
4972527 ns 4972756 ns 229 ns
4972671 ns 4972888 ns 217 ns
4972820 ns 4973036 ns 216 ns
4972966 ns 4973184 ns 218 ns
4973254 ns 4973472 ns 218 ns
4973391 ns 4973608 ns 217 ns
4973827 ns 4974044 ns 217 ns
4973973 ns 4974188 ns 215 ns
4974117 ns 4974332 ns 215 ns
4976238 ns 4976456 ns 218 ns
4976413 ns 4976792 ns 379 ns
4976551 ns 4976844 ns 293 ns
4976694 ns 4976912 ns 218 ns
4976871 ns 4977088 ns 217 ns
4980811 ns 4981028 ns 217 ns
4984332 ns 4984592 ns 260 ns
4984148 ns 4984612 ns 464 ns
4984803 ns 4985020 ns 217 ns
4984973 ns 4985188 ns 215 ns
4988493 ns 4988708 ns 215 ns
4988799 ns 4989016 ns 217 ns
4991859 ns 4992076 ns 217 ns
4992112 ns 4992408 ns 296 ns
4993321 ns 4993536 ns 215 ns
4995532 ns 4995748 ns 216 ns
4995782 ns 4996 us 218 ns
5003289 ns 5003504 ns 215 ns
5180895 ns 5181112 ns 217 ns
5181071 ns 5181288 ns 217 ns
5472746 ns 5472976 ns 230 ns
5700816 ns 5701032 ns 216 ns
5700986 ns 5701204 ns 218 ns
5719738 ns 5720032 ns 294 ns
5950869 ns 5951084 ns 215 ns
6220633 ns 6220848 ns 215 ns
6220801 ns 6221016 ns 215 ns
6221347 ns 6221564 ns 217 ns
6221518 ns 6221736 ns 218 ns
6221694 ns 6221912 ns 218 ns
6221867 ns 6222084 ns 217 ns
6222055 ns 6222272 ns 217 ns
6222394 ns 6222612 ns 218 ns
6223879 ns 6224096 ns 217 ns
6226364 ns 6226580 ns 216 ns
6236740 ns 6236956 ns 216 ns
6240133 ns 6240400 ns 267 ns
6486127 ns 6486344 ns 217 ns
6740633 ns 6740848 ns 215 ns
6740802 ns 6741020 ns 218 ns
6757783 ns 6758 us 217 ns
6980725 ns 6980940 ns 215 ns
6993175 ns 6993392 ns 217 ns
7274715 ns 7274932 ns 217 ns
7274883 ns 7275100 ns 217 ns
7517901 ns 7518116 ns 215 ns
7780651 ns 7780868 ns 217 ns
7780820 ns 7781076 ns 256 ns
7781187 ns 7781404 ns 217 ns
7781361 ns 7781576 ns 215 ns
7781542 ns 7781760 ns 218 ns
7781711 ns 7781928 ns 217 ns
7781893 ns 7782108 ns 215 ns
7782236 ns 7782452 ns 216 ns
7784043 ns 7784260 ns 217 ns
7784588 ns 7784804 ns 216 ns
7785285 ns 7785500 ns 215 ns
7785465 ns 7785680 ns 215 ns
7785652 ns 7785868 ns 216 ns
7785826 ns 7786044 ns 218 ns
7786003 ns 7786220 ns 217 ns
7786549 ns 7786764 ns 215 ns
7793500 ns 7793716 ns 216 ns
7794367 ns 7794584 ns 217 ns
7794520 ns 7794736 ns 216 ns
7794697 ns 7794912 ns 215 ns
7794867 ns 7795084 ns 217 ns
7796526 ns 7796744 ns 218 ns
7796935 ns 7797152 ns 217 ns
7800460 ns 7800676 ns 216 ns
8301788 ns 8302004 ns 216 ns
8304778 ns 8304992 ns 214 ns
8314313 ns 8314528 ns 215 ns
8315033 ns 8315248 ns 215 ns
8315207 ns 8315424 ns 217 ns
8315369 ns 8315588 ns 219 ns
8315544 ns 8315760 ns 216 ns
8315712 ns 8315932 ns 220 ns
8315885 ns 8316100 ns 215 ns
8512649 ns 8512864 ns 215 ns
8530697 ns 8530912 ns 215 ns
8530869 ns 8531084 ns 215 ns
8531039 ns 8531256 ns 217 ns
8531218 ns 8531432 ns 214 ns
8531399 ns 8531616 ns 217 ns
8531990 ns 8532208 ns 218 ns
8533364 ns 8533592 ns 228 ns
8537645 ns 8537872 ns 227 ns
8538016 ns 8538232 ns 216 ns
8560471 ns 8560736 ns 265 ns
8563179 ns 8563396 ns 217 ns
8563589 ns 8563804 ns 215 ns
8563727 ns 8563944 ns 217 ns
8564020 ns 8564236 ns 216 ns
8564278 ns 8564492 ns 214 ns
8564543 ns 8564868 ns 325 ns
8565300 ns 8565516 ns 216 ns
8565577 ns 8565792 ns 215 ns
8566654 ns 8566868 ns 214 ns
8566909 ns 8567124 ns 215 ns
8567443 ns 8567660 ns 217 ns
8570401 ns 8570616 ns 215 ns
8571144 ns 8571360 ns 216 ns
8574551 ns 8574768 ns 217 ns
8574806 ns 8575028 ns 222 ns
8575807 ns 8576024 ns 217 ns
8575969 ns 8576184 ns 215 ns
8576504 ns 8576720 ns 216 ns
8576666 ns 8576880 ns 214 ns
8577475 ns 8577692 ns 217 ns
8577888 ns 8578104 ns 216 ns
8581148 ns 8581364 ns 216 ns
8581681 ns 8581896 ns 215 ns
8582216 ns 8582440 ns 224 ns
8582385 ns 8582604 ns 219 ns
8582412 ns 8582628 ns 216 ns
8582935 ns 8583172 ns 237 ns
8583890 ns 8584108 ns 218 ns
8584046 ns 8584292 ns 246 ns
8585453 ns 8585728 ns 275 ns
8586363 ns 8586580 ns 217 ns
8591765 ns 8591980 ns 215 ns
8592654 ns 8592868 ns 214 ns
8594642 ns 8594860 ns 218 ns
8594829 ns 8595076 ns 247 ns
8594851 ns 8595096 ns 245 ns
8595759 ns 8596052 ns 293 ns
8595942 ns 8596192 ns 250 ns
8596133 ns 8596348 ns 215 ns
8596320 ns 8596536 ns 216 ns
8596698 ns 8596932 ns 234 ns
8597053 ns 8597268 ns 215 ns
8597648 ns 8597864 ns 216 ns
8604626 ns 8604840 ns 214 ns
8604808 ns 8605024 ns 216 ns
8605217 ns 8605432 ns 215 ns
8605358 ns 8605572 ns 214 ns
8605709 ns 8605924 ns 215 ns
8605882 ns 8606096 ns 214 ns
8606051 ns 8606272 ns 221 ns
8606226 ns 8606440 ns 214 ns
8606395 ns 8606616 ns 221 ns
8606569 ns 8606784 ns 215 ns
8606738 ns 8606980 ns 242 ns
8606912 ns 8607128 ns 216 ns
8607082 ns 8607296 ns 214 ns
8607257 ns 8607472 ns 215 ns
8607426 ns 8607644 ns 218 ns
8607600 ns 8607816 ns 216 ns
8607773 ns 8607988 ns 215 ns
8607948 ns 8608236 ns 288 ns
8608116 ns 8608348 ns 232 ns
8608294 ns 8608512 ns 218 ns
8608462 ns 8608688 ns 226 ns
8608637 ns 8608852 ns 215 ns
8608805 ns 8609020 ns 215 ns
8608980 ns 8609196 ns 216 ns
8609152 ns 8609368 ns 216 ns
8609326 ns 8609540 ns 214 ns
8609491 ns 8609708 ns 217 ns
8609671 ns 8609888 ns 217 ns
8609841 ns 8610056 ns 215 ns
8610015 ns 8610232 ns 217 ns
8610183 ns 8610416 ns 233 ns
8610356 ns 8610572 ns 216 ns
8610524 ns 8610740 ns 216 ns
8610698 ns 8610912 ns 214 ns
8622810 ns 8623024 ns 214 ns
8623023 ns 8623280 ns 257 ns
8623082 ns 8623300 ns 218 ns
8623286 ns 8623500 ns 214 ns
8623640 ns 8623856 ns 216 ns
8623837 ns 8624052 ns 215 ns
8624731 ns 8624964 ns 233 ns
8624898 ns 8625112 ns 214 ns
8625096 ns 8625312 ns 216 ns
8626326 ns 8626540 ns 214 ns
8626646 ns 8626860 ns 214 ns
8626915 ns 8627192 ns 277 ns
8627056 ns 8627272 ns 216 ns
8627168 ns 8627384 ns 216 ns
8628758 ns 8628972 ns 214 ns
8629024 ns 8629240 ns 216 ns
8629720 ns 8629936 ns 216 ns
8629982 ns 8630272 ns 290 ns
8630248 ns 8630464 ns 216 ns
8630300 ns 8630516 ns 216 ns
8630504 ns 8630720 ns 216 ns
8630774 ns 8630988 ns 214 ns
8631076 ns 8631292 ns 216 ns
8631933 ns 8632148 ns 215 ns
8632206 ns 8632420 ns 214 ns
8632460 ns 8632676 ns 216 ns
8634069 ns 8634284 ns 215 ns
8634333 ns 8634548 ns 215 ns
8635124 ns 8635408 ns 284 ns
8635394 ns 8635612 ns 218 ns
8635657 ns 8635872 ns 215 ns
8635917 ns 8636132 ns 215 ns
8636190 ns 8636404 ns 214 ns
8636499 ns 8636716 ns 217 ns
8636948 ns 8637164 ns 216 ns
8638245 ns 8638460 ns 215 ns
8643754 ns 8643976 ns 222 ns
8643967 ns 8644196 ns 229 ns
8644212 ns 8644428 ns 216 ns
8644425 ns 8644640 ns 215 ns
8649213 ns 8649428 ns 215 ns
8649394 ns 8649612 ns 218 ns
8649606 ns 8649820 ns 214 ns
8650821 ns 8651036 ns 215 ns
8652847 ns 8653064 ns 217 ns
8661172 ns 8661388 ns 216 ns
8685443 ns 8685660 ns 217 ns
8688956 ns 8689172 ns 216 ns
8689128 ns 8689608 ns 480 ns
8903805 ns 8904020 ns 215 ns
8903972 ns 8904188 ns 216 ns
8904138 ns 8904352 ns 214 ns
8904309 ns 8904524 ns 215 ns
8904488 ns 8904704 ns 216 ns
8905976 ns 8906192 ns 216 ns
8913092 ns 8913308 ns 216 ns
8913241 ns 8913456 ns 215 ns
8913556 ns 8913772 ns 216 ns
8914087 ns 8914304 ns 217 ns
8914221 ns 8914436 ns 215 ns
8914353 ns 8914568 ns 215 ns
8914607 ns 8914824 ns 217 ns
8914745 ns 8914960 ns 215 ns
8914877 ns 8915092 ns 215 ns
8915046 ns 8915264 ns 218 ns
8915209 ns 8915424 ns 215 ns
8915477 ns 8915812 ns 335 ns
8915614 ns 8915832 ns 218 ns
8915345 ns 8915852 ns 507 ns
8915746 ns 8915960 ns 214 ns
8915883 ns 8916100 ns 217 ns
8916015 ns 8916232 ns 217 ns
8916152 ns 8916368 ns 216 ns
8916284 ns 8916500 ns 216 ns
8916421 ns 8916636 ns 215 ns
8916553 ns 8916768 ns 215 ns
8916690 ns 8916908 ns 218 ns
8916822 ns 8917040 ns 218 ns
8916960 ns 8917180 ns 220 ns
8917092 ns 8917308 ns 216 ns
8917229 ns 8917444 ns 215 ns
8917361 ns 8917576 ns 215 ns
8917498 ns 8917716 ns 218 ns
8917631 ns 8917848 ns 217 ns
8917799 ns 8918016 ns 217 ns
8917931 ns 8918148 ns 217 ns
8918068 ns 8918284 ns 216 ns
8918200 ns 8918416 ns 216 ns
8918337 ns 8918552 ns 215 ns
8918469 ns 8918684 ns 215 ns
8918606 ns 8918820 ns 214 ns
8919911 ns 8920128 ns 217 ns
8920081 ns 8920296 ns 215 ns
8920243 ns 8920460 ns 217 ns
8950866 ns 8951080 ns 214 ns
8951616 ns 8951832 ns 216 ns
8951803 ns 8952020 ns 217 ns
8951991 ns 8952208 ns 217 ns
8953145 ns 8953360 ns 215 ns
8954732 ns 8954948 ns 216 ns
8954919 ns 8955136 ns 217 ns
8955090 ns 8955304 ns 214 ns
8955274 ns 8955492 ns 218 ns
8955460 ns 8955676 ns 216 ns
8955642 ns 8955860 ns 218 ns
8955781 ns 8955996 ns 215 ns
8956138 ns 8956352 ns 214 ns
8956482 ns 8956696 ns 214 ns
8956877 ns 8957092 ns 215 ns
8957052 ns 8957268 ns 216 ns
8957225 ns 8957440 ns 215 ns
8957394 ns 8957608 ns 214 ns
8957594 ns 8957812 ns 218 ns
8958955 ns 8959172 ns 217 ns
8959120 ns 8959336 ns 216 ns
9030560 ns 9030776 ns 216 ns
9030717 ns 9030932 ns 215 ns
9030871 ns 9031088 ns 217 ns
9031037 ns 9031252 ns 215 ns
9032265 ns 9032480 ns 215 ns
9033633 ns 9033848 ns 215 ns
9054400 ns 9054616 ns 216 ns
9055102 ns 9055316 ns 214 ns
9055270 ns 9055484 ns 214 ns
9055435 ns 9055652 ns 217 ns
9057617 ns 9057832 ns 215 ns
9059092 ns 9059308 ns 216 ns
9060556 ns 9060776 ns 220 ns
9060747 ns 9060964 ns 217 ns
9058385 ns 9060984 ns 2599 ns
9060927 ns 9061144 ns 217 ns
9061174 ns 9061400 ns 226 ns
9061381 ns 9061604 ns 223 ns
9061583 ns 9061800 ns 217 ns
9061763 ns 9061980 ns 217 ns
9062144 ns 9062360 ns 216 ns
9062509 ns 9062724 ns 215 ns
9063094 ns 9063308 ns 214 ns
9063286 ns 9063500 ns 214 ns
9063470 ns 9063684 ns 214 ns
9063650 ns 9064016 ns 366 ns
9063866 ns 9064080 ns 214 ns
9082387 ns 9082604 ns 217 ns
9082567 ns 9082784 ns 217 ns
9082729 ns 9082944 ns 215 ns
9082895 ns 9083112 ns 217 ns
9083080 ns 9083296 ns 216 ns
9083265 ns 9083480 ns 215 ns
9083627 ns 9083844 ns 217 ns
9140639 ns 9140856 ns 217 ns
9140806 ns 9141024 ns 218 ns
9140970 ns 9141200 ns 230 ns
9141142 ns 9141360 ns 218 ns
9142387 ns 9142608 ns 221 ns
9147674 ns 9147892 ns 218 ns
9147844 ns 9148060 ns 216 ns
9165238 ns 9165456 ns 218 ns
9189720 ns 9189936 ns 216 ns
9189889 ns 9190116 ns 227 ns
9190054 ns 9190272 ns 218 ns
9190233 ns 9190448 ns 215 ns
9190405 ns 9190620 ns 215 ns
9191693 ns 9191908 ns 215 ns
9195376 ns 9195592 ns 216 ns
9198366 ns 9198584 ns 218 ns
9198886 ns 9199100 ns 214 ns
9199152 ns 9199368 ns 216 ns
9199409 ns 9199624 ns 215 ns
9207403 ns 9207620 ns 217 ns
9209101 ns 9209316 ns 215 ns
9209349 ns 9209564 ns 215 ns
9209611 ns 9209828 ns 217 ns
9209861 ns 9210076 ns 215 ns
9210117 ns 9210332 ns 215 ns
9217050 ns 9217268 ns 218 ns
9232007 ns 9232224 ns 217 ns
9233516 ns 9233732 ns 216 ns
9235908 ns 9236124 ns 216 ns
9252614 ns 9252852 ns 238 ns
9254988 ns 9255212 ns 224 ns
9257619 ns 9257836 ns 217 ns
9271863 ns 9272168 ns 305 ns
9272128 ns 9272412 ns 284 ns
9272407 ns 9272624 ns 217 ns
9272788 ns 9273020 ns 232 ns
9275570 ns 9275784 ns 214 ns
9275718 ns 9275932 ns 214 ns
9275868 ns 9276084 ns 216 ns
9276018 ns 9276232 ns 214 ns
9278666 ns 9278888 ns 222 ns
9278816 ns 9279044 ns 228 ns
9278966 ns 9279188 ns 222 ns
9279116 ns 9279332 ns 216 ns
9282235 ns 9282492 ns 257 ns
9282088 ns 9282552 ns 464 ns
9282390 ns 9282644 ns 254 ns
9282541 ns 9282772 ns 231 ns
9283839 ns 9284056 ns 217 ns
9284109 ns 9284324 ns 215 ns
9285732 ns 9285960 ns 228 ns
9285890 ns 9286124 ns 234 ns
9286045 ns 9286264 ns 219 ns
9286213 ns 9286428 ns 215 ns
9287201 ns 9287424 ns 223 ns
9289088 ns 9289312 ns 224 ns
9291017 ns 9291232 ns 215 ns
9291282 ns 9291500 ns 218 ns
9291537 ns 9291752 ns 215 ns
9291835 ns 9292052 ns 217 ns
9292093 ns 9292308 ns 215 ns
9292342 ns 9292556 ns 214 ns
9292600 ns 9292816 ns 216 ns
9292850 ns 9293064 ns 214 ns
9293101 ns 9293316 ns 215 ns
9293361 ns 9293592 ns 231 ns
9293617 ns 9293832 ns 215 ns
9293879 ns 9294108 ns 229 ns
9294129 ns 9294344 ns 215 ns
9294380 ns 9294596 ns 216 ns
9294638 ns 9294856 ns 218 ns
9294888 ns 9295104 ns 216 ns
9295140 ns 9295484 ns 344 ns
9295389 ns 9295644 ns 255 ns
9295645 ns 9295864 ns 219 ns
9295897 ns 9296112 ns 215 ns
9296147 ns 9296364 ns 217 ns
9296398 ns 9296632 ns 234 ns
9296654 ns 9296884 ns 230 ns
9297002 ns 9297216 ns 214 ns
9297182 ns 9297400 ns 218 ns
9297450 ns 9297664 ns 214 ns
9297730 ns 9298016 ns 286 ns
9298094 ns 9298316 ns 222 ns
9298275 ns 9298492 ns 217 ns
9298321 ns 9298552 ns 231 ns
9298577 ns 9298796 ns 219 ns
9298826 ns 9299068 ns 242 ns
9299356 ns 9299572 ns 216 ns
9299615 ns 9299856 ns 241 ns
9299875 ns 9300116 ns 241 ns
9300152 ns 9300380 ns 228 ns
9300414 ns 9300628 ns 214 ns
9299093 ns 9300780 ns 1687 ns
9300675 ns 9300924 ns 249 ns
9300934 ns 9301148 ns 214 ns
9301200 ns 9301424 ns 224 ns
9301475 ns 9301728 ns 253 ns
9301733 ns 9301952 ns 219 ns
9301994 ns 9302212 ns 218 ns
9302249 ns 9302468 ns 219 ns
9302510 ns 9302732 ns 222 ns
9302760 ns 9302980 ns 220 ns
9303011 ns 9303236 ns 225 ns
9303267 ns 9303484 ns 217 ns
9303274 ns 9303524 ns 250 ns
9303519 ns 9303748 ns 229 ns
9303769 ns 9304064 ns 295 ns
9304020 ns 9304256 ns 236 ns
9304277 ns 9304504 ns 227 ns
9304528 ns 9304744 ns 216 ns
9304777 ns 9305020 ns 243 ns
9305028 ns 9305244 ns 216 ns
9305285 ns 9305500 ns 215 ns
9305536 ns 9305936 ns 400 ns
9305786 ns 9306036 ns 250 ns
9305987 ns 9306216 ns 229 ns
9306038 ns 9306252 ns 214 ns
9306257 ns 9306500 ns 243 ns
9306294 ns 9306568 ns 274 ns
9306546 ns 9306780 ns 234 ns
9306644 ns 9306940 ns 296 ns
9306788 ns 9307004 ns 216 ns
9306796 ns 9307024 ns 228 ns
9306932 ns 9307148 ns 216 ns
9307047 ns 9307264 ns 217 ns
9307314 ns 9307532 ns 218 ns
9307565 ns 9307800 ns 235 ns
9307815 ns 9308032 ns 217 ns
9308068 ns 9308288 ns 220 ns
9308322 ns 9308536 ns 214 ns
9308574 ns 9308788 ns 214 ns
9308824 ns 9309040 ns 216 ns
9309075 ns 9309304 ns 229 ns
9309330 ns 9309548 ns 218 ns
9309583 ns 9309800 ns 217 ns
9309832 ns 9310048 ns 216 ns
9310085 ns 9310300 ns 215 ns
9310339 ns 9310560 ns 221 ns
9310369 ns 9310600 ns 231 ns
9310511 ns 9310728 ns 217 ns
9310590 ns 9310804 ns 214 ns
9310652 ns 9310880 ns 228 ns
9310796 ns 9311028 ns 232 ns
9310840 ns 9311056 ns 216 ns
9311101 ns 9311340 ns 239 ns
9311357 ns 9311580 ns 223 ns
9311619 ns 9311836 ns 217 ns
9311869 ns 9312092 ns 223 ns
9312121 ns 9312352 ns 231 ns
9312376 ns 9312608 ns 232 ns
9312640 ns 9312868 ns 228 ns
9312900 ns 9313136 ns 236 ns
9313419 ns 9313692 ns 273 ns
9313462 ns 9313752 ns 290 ns
9313151 ns 9313772 ns 621 ns
9313608 ns 9313872 ns 264 ns
9313680 ns 9313992 ns 312 ns
9313750 ns 9314012 ns 262 ns
9313894 ns 9314152 ns 258 ns
9313938 ns 9314172 ns 234 ns
9314191 ns 9314436 ns 245 ns
9314457 ns 9314724 ns 267 ns
9314720 ns 9314948 ns 228 ns
9314977 ns 9315192 ns 215 ns
9315232 ns 9315452 ns 220 ns
9315501 ns 9315716 ns 215 ns
9315756 ns 9316004 ns 248 ns
9316016 ns 9316232 ns 216 ns
9316267 ns 9316484 ns 217 ns
9316534 ns 9316752 ns 218 ns
9316796 ns 9317012 ns 216 ns
9317061 ns 9317284 ns 223 ns
9317314 ns 9317528 ns 214 ns
9317574 ns 9317788 ns 214 ns
9317837 ns 9318052 ns 215 ns
9318101 ns 9318316 ns 215 ns
9318357 ns 9318572 ns 215 ns
9318623 ns 9318840 ns 217 ns
9318885 ns 9319100 ns 215 ns
9319149 ns 9319364 ns 215 ns
9319402 ns 9319620 ns 218 ns
9319578 ns 9319804 ns 226 ns
9319661 ns 9319884 ns 223 ns
9319731 ns 9319976 ns 245 ns
9319884 ns 9320100 ns 216 ns
9319923 ns 9320192 ns 269 ns
9320043 ns 9320268 ns 225 ns
9320185 ns 9320400 ns 215 ns
9320225 ns 9320440 ns 215 ns
9320383 ns 9320612 ns 229 ns
9320433 ns 9320656 ns 223 ns
9320535 ns 9320772 ns 237 ns
9320693 ns 9320908 ns 215 ns
9320701 ns 9320948 ns 247 ns
9320851 ns 9321092 ns 241 ns
9321007 ns 9321468 ns 461 ns
9320961 ns 9321488 ns 527 ns
9321224 ns 9321528 ns 304 ns
9321160 ns 9321548 ns 388 ns
9321317 ns 9321588 ns 271 ns
9321472 ns 9321688 ns 216 ns
9321481 ns 9321728 ns 247 ns
9321635 ns 9321876 ns 241 ns
9321757 ns 9321972 ns 215 ns
9321788 ns 9322004 ns 216 ns
9321948 ns 9322184 ns 236 ns
9322018 ns 9322236 ns 218 ns
9322106 ns 9322336 ns 230 ns
9322263 ns 9322492 ns 229 ns
9322384 ns 9322600 ns 216 ns
9322416 ns 9322640 ns 224 ns
9322572 ns 9322804 ns 232 ns
9322633 ns 9322852 ns 219 ns
9322729 ns 9322944 ns 215 ns
9322882 ns 9323100 ns 218 ns
9322889 ns 9323120 ns 231 ns
9323034 ns 9323252 ns 218 ns
9323140 ns 9323356 ns 216 ns
9323192 ns 9323420 ns 228 ns
9323350 ns 9323568 ns 218 ns
9323390 ns 9323612 ns 222 ns
9323503 ns 9323720 ns 217 ns
9323648 ns 9323864 ns 216 ns
9323660 ns 9323884 ns 224 ns
9323819 ns 9324036 ns 217 ns
9323906 ns 9324136 ns 230 ns
9323979 ns 9324196 ns 217 ns
9324132 ns 9324356 ns 224 ns
9324157 ns 9324376 ns 219 ns
9324287 ns 9324504 ns 217 ns
9324407 ns 9324624 ns 217 ns
9324447 ns 9324668 ns 221 ns
9324658 ns 9324876 ns 218 ns
9324914 ns 9325136 ns 222 ns
9325173 ns 9325388 ns 215 ns
9325432 ns 9325648 ns 216 ns
9325691 ns 9325908 ns 217 ns
9325951 ns 9326168 ns 217 ns
9326213 ns 9326428 ns 215 ns
9326483 ns 9326712 ns 229 ns
9326743 ns 9326960 ns 217 ns
9327009 ns 9327224 ns 215 ns
9327081 ns 9327312 ns 231 ns
9327237 ns 9327452 ns 215 ns
9327270 ns 9327484 ns 214 ns
9327390 ns 9327688 ns 298 ns
9327529 ns 9327744 ns 215 ns
9327547 ns 9327764 ns 217 ns
9327705 ns 9327928 ns 223 ns
9327776 ns 9327992 ns 216 ns
9327828 ns 9328044 ns 216 ns
9327857 ns 9328148 ns 291 ns
9328012 ns 9328228 ns 216 ns
9328033 ns 9328248 ns 215 ns
9328090 ns 9328308 ns 218 ns
9328169 ns 9328392 ns 223 ns
9328289 ns 9328504 ns 215 ns
9328368 ns 9328584 ns 216 ns
9328332 ns 9328604 ns 272 ns
9328486 ns 9328704 ns 218 ns
9328542 ns 9328780 ns 238 ns
9328639 ns 9328872 ns 233 ns
9328955 ns 9329276 ns 321 ns
9328806 ns 9329296 ns 490 ns
9329111 ns 9329336 ns 225 ns
9328797 ns 9329384 ns 587 ns
9329086 ns 9329460 ns 374 ns
9329263 ns 9329500 ns 237 ns
9329347 ns 9329564 ns 217 ns
9329423 ns 9329660 ns 237 ns
9329584 ns 9329800 ns 216 ns
9329619 ns 9329836 ns 217 ns
9329737 ns 9329952 ns 215 ns
9329805 ns 9330020 ns 215 ns
9329886 ns 9330100 ns 214 ns
9329893 ns 9330120 ns 227 ns
9329945 ns 9330164 ns 219 ns
9330058 ns 9330272 ns 214 ns
9330141 ns 9330364 ns 223 ns
9330087 ns 9330384 ns 297 ns
9330218 ns 9330440 ns 222 ns
9330227 ns 9330460 ns 233 ns
9330372 ns 9330592 ns 220 ns
9330419 ns 9330640 ns 221 ns
9330524 ns 9330740 ns 216 ns
9330692 ns 9330908 ns 216 ns
9330672 ns 9330972 ns 300 ns
9330849 ns 9331064 ns 215 ns
9330920 ns 9331136 ns 216 ns
9331001 ns 9331248 ns 247 ns
9331155 ns 9331380 ns 225 ns
9331186 ns 9331400 ns 214 ns
9331314 ns 9331528 ns 214 ns
9331449 ns 9331664 ns 215 ns
9331477 ns 9331692 ns 215 ns
9331632 ns 9331852 ns 220 ns
9331706 ns 9331920 ns 214 ns
9331790 ns 9332008 ns 218 ns
9331951 ns 9332168 ns 217 ns
9331962 ns 9332188 ns 226 ns
9332233 ns 9332448 ns 215 ns
9332486 ns 9332704 ns 218 ns
9332745 ns 9332960 ns 215 ns
9332909 ns 9333124 ns 215 ns
9333009 ns 9333224 ns 215 ns
9333052 ns 9333268 ns 216 ns
9333074 ns 9333368 ns 294 ns
9333199 ns 9333416 ns 217 ns
9333272 ns 9333488 ns 216 ns
9333341 ns 9333560 ns 219 ns
9333532 ns 9333748 ns 216 ns
9333745 ns 9333960 ns 215 ns
9333801 ns 9334028 ns 227 ns
9333933 ns 9334148 ns 215 ns
9334054 ns 9334276 ns 222 ns
9334128 ns 9334348 ns 220 ns
9334319 ns 9334568 ns 249 ns
9334327 ns 9334644 ns 317 ns
9334525 ns 9334740 ns 215 ns
9334587 ns 9334824 ns 237 ns
9334840 ns 9335084 ns 244 ns
9335090 ns 9335392 ns 302 ns
9335358 ns 9335592 ns 234 ns
9335618 ns 9335856 ns 238 ns
9335835 ns 9336052 ns 217 ns
9335878 ns 9336092 ns 214 ns
9336139 ns 9336356 ns 217 ns
9336322 ns 9336540 ns 218 ns
9336405 ns 9336620 ns 215 ns
9336466 ns 9336680 ns 214 ns
9336607 ns 9336992 ns 385 ns
9337275 ns 9337504 ns 229 ns
9337557 ns 9337772 ns 215 ns
9337935 ns 9338152 ns 217 ns
9338109 ns 9338324 ns 215 ns
9338670 ns 9338884 ns 214 ns
9339442 ns 9339668 ns 226 ns
9339705 ns 9339932 ns 227 ns
9339969 ns 9340236 ns 267 ns
9340223 ns 9340476 ns 253 ns
9340474 ns 9340732 ns 258 ns
9340734 ns 9341068 ns 334 ns
9340985 ns 9341256 ns 271 ns
9341241 ns 9341512 ns 271 ns
9341493 ns 9341784 ns 291 ns
9341757 ns 9342044 ns 287 ns
9342004 ns 9342304 ns 300 ns
9342260 ns 9342572 ns 312 ns
9342512 ns 9342728 ns 216 ns
9342785 ns 9343072 ns 287 ns
9343033 ns 9343336 ns 303 ns
9343290 ns 9343544 ns 254 ns
9343542 ns 9343760 ns 218 ns
9343793 ns 9344008 ns 215 ns
9343981 ns 9344196 ns 215 ns
9344044 ns 9344272 ns 228 ns
9344152 ns 9344376 ns 224 ns
9344302 ns 9344516 ns 214 ns
9344552 ns 9344792 ns 240 ns
9344335 ns 9344840 ns 505 ns
9344504 ns 9344932 ns 428 ns
9344811 ns 9345028 ns 217 ns
9345063 ns 9345280 ns 217 ns
9345318 ns 9345532 ns 214 ns
9345570 ns 9345788 ns 218 ns
9345826 ns 9346052 ns 226 ns
9346070 ns 9346288 ns 218 ns
9346327 ns 9346576 ns 249 ns
9346578 ns 9346796 ns 218 ns
9346840 ns 9347080 ns 240 ns
9347091 ns 9347328 ns 237 ns
9347346 ns 9347564 ns 218 ns
9347598 ns 9347812 ns 214 ns
9347856 ns 9348072 ns 216 ns
9348107 ns 9348324 ns 217 ns
9348364 ns 9348580 ns 216 ns
9348617 ns 9348832 ns 215 ns
9348876 ns 9349108 ns 232 ns
9349138 ns 9349352 ns 214 ns
9349396 ns 9349612 ns 216 ns
9349645 ns 9349860 ns 215 ns
9349905 ns 9350120 ns 215 ns
9350157 ns 9350384 ns 227 ns
9350442 ns 9350656 ns 214 ns
9350693 ns 9350908 ns 215 ns
9350943 ns 9351160 ns 217 ns
9351195 ns 9351416 ns 221 ns
9351451 ns 9351672 ns 221 ns
9351703 ns 9351928 ns 225 ns
9351963 ns 9352188 ns 225 ns
9352214 ns 9352676 ns 462 ns
9352470 ns 9352736 ns 266 ns
9352723 ns 9352940 ns 217 ns
9352980 ns 9353196 ns 216 ns
9353242 ns 9353460 ns 218 ns
9353500 ns 9353716 ns 216 ns
9353749 ns 9353964 ns 215 ns
9353999 ns 9354220 ns 221 ns
9354250 ns 9354468 ns 218 ns
9354506 ns 9354720 ns 214 ns
9354758 ns 9354976 ns 218 ns
9355008 ns 9355224 ns 216 ns
9355259 ns 9355476 ns 217 ns
9355515 ns 9355748 ns 233 ns
9355767 ns 9355984 ns 217 ns
9356017 ns 9356232 ns 215 ns
9356269 ns 9356484 ns 215 ns
9356525 ns 9356744 ns 219 ns
9356777 ns 9356992 ns 215 ns
9357028 ns 9357244 ns 216 ns
9357278 ns 9357492 ns 214 ns
9357533 ns 9357748 ns 215 ns
9357625 ns 9357840 ns 215 ns
9357787 ns 9358012 ns 225 ns
9358035 ns 9358252 ns 217 ns
9358286 ns 9358500 ns 214 ns
9358542 ns 9358760 ns 218 ns
9358796 ns 9359012 ns 216 ns
9359044 ns 9359260 ns 216 ns
9359295 ns 9359512 ns 217 ns
9359551 ns 9359768 ns 217 ns
9359803 ns 9360020 ns 217 ns
9360053 ns 9360392 ns 339 ns
9360304 ns 9360528 ns 224 ns
9360560 ns 9360776 ns 216 ns
9360813 ns 9361028 ns 215 ns
9361062 ns 9361280 ns 218 ns
9361313 ns 9361528 ns 215 ns
9361569 ns 9361784 ns 215 ns
9362524 ns 9362740 ns 216 ns
9364466 ns 9364680 ns 214 ns
9364605 ns 9364820 ns 215 ns
9364740 ns 9364956 ns 216 ns
9364878 ns 9365092 ns 214 ns
9368235 ns 9368452 ns 217 ns
9368371 ns 9368588 ns 217 ns
9368506 ns 9368720 ns 214 ns
9368642 ns 9368856 ns 214 ns
9371333 ns 9371548 ns 215 ns
9371468 ns 9371684 ns 216 ns
9371603 ns 9371820 ns 217 ns
9371739 ns 9371964 ns 225 ns
9375960 ns 9376176 ns 216 ns
9377594 ns 9377812 ns 218 ns
9377770 ns 9378084 ns 314 ns
9378514 ns 9378744 ns 230 ns
9491855 ns 9492076 ns 221 ns
9492182 ns 9492396 ns 214 ns
9492481 ns 9492696 ns 215 ns
9492809 ns 9493052 ns 243 ns
9493165 ns 9493380 ns 215 ns
9493493 ns 9493708 ns 215 ns
9493814 ns 9494032 ns 218 ns
9494133 ns 9494348 ns 215 ns
9496145 ns 9496360 ns 215 ns
9496363 ns 9496580 ns 217 ns
9496461 ns 9496680 ns 219 ns
9496549 ns 9496764 ns 215 ns
9496732 ns 9496948 ns 216 ns
9496925 ns 9497140 ns 215 ns
9497108 ns 9497324 ns 216 ns
9497975 ns 9498192 ns 217 ns
9498295 ns 9498516 ns 221 ns
9498489 ns 9498704 ns 215 ns
9499438 ns 9499652 ns 214 ns
9500311 ns 9500528 ns 217 ns
9500608 ns 9500824 ns 216 ns
9500945 ns 9501164 ns 219 ns
9501275 ns 9501492 ns 217 ns
9501631 ns 9501848 ns 217 ns
9501962 ns 9502180 ns 218 ns
9502313 ns 9502528 ns 215 ns
9502636 ns 9502856 ns 220 ns
9504673 ns 9504888 ns 215 ns
9504977 ns 9505192 ns 215 ns
9505275 ns 9505492 ns 217 ns
9505595 ns 9505812 ns 217 ns
9509907 ns 9510124 ns 217 ns
9510204 ns 9510420 ns 216 ns
9510496 ns 9510712 ns 216 ns
9510809 ns 9511024 ns 215 ns
9515085 ns 9515300 ns 215 ns
9521057 ns 9521272 ns 215 ns
9521225 ns 9521492 ns 267 ns
9521396 ns 9521612 ns 216 ns
9521575 ns 9521792 ns 217 ns
9521750 ns 9521964 ns 214 ns
9522687 ns 9522904 ns 217 ns
9522934 ns 9523148 ns 214 ns
9523014 ns 9523232 ns 218 ns
9523346 ns 9523572 ns 226 ns
9523668 ns 9523888 ns 220 ns
9524021 ns 9524248 ns 227 ns
9524360 ns 9524576 ns 216 ns
9524691 ns 9524908 ns 217 ns
9524783 ns 9525 us 217 ns
9525011 ns 9525228 ns 217 ns
9529365 ns 9529580 ns 215 ns
9529654 ns 9529868 ns 214 ns
9529985 ns 9530200 ns 215 ns
9530269 ns 9530484 ns 215 ns
9530582 ns 9530800 ns 218 ns
9530867 ns 9531084 ns 217 ns
9531157 ns 9531376 ns 219 ns
9531440 ns 9531656 ns 216 ns
9533357 ns 9533584 ns 227 ns
9533645 ns 9533932 ns 287 ns
9533933 ns 9534180 ns 247 ns
9534216 ns 9534448 ns 232 ns
9536935 ns 9537152 ns 217 ns
9549324 ns 9549540 ns 216 ns
9567114 ns 9567332 ns 218 ns
9567660 ns 9567876 ns 216 ns
9568016 ns 9568232 ns 216 ns
9568262 ns 9568480 ns 218 ns
9568452 ns 9568668 ns 216 ns
9568671 ns 9568888 ns 217 ns
9568888 ns 9569108 ns 220 ns
9570058 ns 9570276 ns 218 ns
9570246 ns 9570464 ns 218 ns
9572599 ns 9572816 ns 217 ns
9593495 ns 9593712 ns 217 ns
9593663 ns 9593880 ns 217 ns
9593828 ns 9594044 ns 216 ns
9594004 ns 9594392 ns 388 ns
9594176 ns 9594412 ns 236 ns
9595376 ns 9595592 ns 216 ns
9601533 ns 9601748 ns 215 ns
9601851 ns 9602192 ns 341 ns
9602166 ns 9602380 ns 214 ns
9602476 ns 9602692 ns 216 ns
9608094 ns 9608328 ns 234 ns
9608412 ns 9608628 ns 216 ns
9608735 ns 9608952 ns 217 ns
9609053 ns 9609268 ns 215 ns
9612772 ns 9612996 ns 224 ns
9613098 ns 9613312 ns 214 ns
9613426 ns 9613664 ns 238 ns
9613749 ns 9613984 ns 235 ns
9617290 ns 9617504 ns 214 ns
9618421 ns 9618636 ns 215 ns
9618600 ns 9618816 ns 216 ns
9618979 ns 9619228 ns 249 ns
9619180 ns 9619396 ns 216 ns
9619550 ns 9619768 ns 218 ns
9623129 ns 9623344 ns 215 ns
9624884 ns 9625100 ns 216 ns
9625067 ns 9625284 ns 217 ns
9625446 ns 9625664 ns 218 ns
9625647 ns 9625864 ns 217 ns
9626012 ns 9626228 ns 216 ns
9627120 ns 9627336 ns 216 ns
9627435 ns 9627652 ns 217 ns
9627761 ns 9627980 ns 219 ns
9628077 ns 9628292 ns 215 ns
9628389 ns 9628604 ns 215 ns
9628675 ns 9628892 ns 217 ns
9628966 ns 9629196 ns 230 ns
9629282 ns 9629580 ns 298 ns
9629765 ns 9629984 ns 219 ns
9629934 ns 9630152 ns 218 ns
9630071 ns 9630296 ns 225 ns
9630236 ns 9630452 ns 216 ns
9630376 ns 9630600 ns 224 ns
9630510 ns 9630724 ns 214 ns
9630642 ns 9630856 ns 214 ns
9630805 ns 9631036 ns 231 ns
9631416 ns 9631632 ns 216 ns
9631728 ns 9631956 ns 228 ns
9632018 ns 9632252 ns 234 ns
9632304 ns 9632520 ns 216 ns
9632621 ns 9632836 ns 215 ns
9632902 ns 9633116 ns 214 ns
9633190 ns 9633472 ns 282 ns
9633469 ns 9633684 ns 215 ns
9633847 ns 9634064 ns 217 ns
9634026 ns 9634240 ns 214 ns
9634117 ns 9634332 ns 215 ns
9634441 ns 9634660 ns 219 ns
9634745 ns 9634972 ns 227 ns
9635067 ns 9635296 ns 229 ns
9635242 ns 9635456 ns 214 ns
9635374 ns 9635608 ns 234 ns
9635511 ns 9635728 ns 217 ns
9635663 ns 9635880 ns 217 ns
9635804 ns 9636020 ns 216 ns
9635935 ns 9636152 ns 217 ns
9636066 ns 9636280 ns 214 ns
9636193 ns 9636416 ns 223 ns
9636493 ns 9636708 ns 215 ns
9636780 ns 9637008 ns 228 ns
9637070 ns 9637304 ns 234 ns
9637390 ns 9637640 ns 250 ns
9637721 ns 9637936 ns 215 ns
9638042 ns 9638312 ns 270 ns
9638334 ns 9638560 ns 226 ns
9638609 ns 9638828 ns 219 ns
9638903 ns 9639120 ns 217 ns
9639221 ns 9639436 ns 215 ns
9639509 ns 9639724 ns 215 ns
9639564 ns 9639780 ns 216 ns
9639790 ns 9640004 ns 214 ns
9640105 ns 9640320 ns 215 ns
9640119 ns 9640340 ns 221 ns
9640409 ns 9640624 ns 215 ns
9640454 ns 9640672 ns 218 ns
9640704 ns 9640948 ns 244 ns
9640898 ns 9641192 ns 294 ns
9640722 ns 9641296 ns 574 ns
9641074 ns 9641316 ns 242 ns
9640983 ns 9641356 ns 373 ns
9641142 ns 9641376 ns 234 ns
9641218 ns 9641432 ns 214 ns
9641280 ns 9641496 ns 216 ns
9641426 ns 9641652 ns 226 ns
9641423 ns 9641672 ns 249 ns
9641563 ns 9641780 ns 217 ns
9641713 ns 9641928 ns 215 ns
9641850 ns 9642064 ns 214 ns
9641997 ns 9642240 ns 243 ns
9642134 ns 9642348 ns 214 ns
9642303 ns 9642520 ns 217 ns
9642475 ns 9642692 ns 217 ns
9642866 ns 9643096 ns 230 ns
9643047 ns 9643264 ns 217 ns
9643432 ns 9643648 ns 216 ns
9643642 ns 9643872 ns 230 ns
9643844 ns 9644060 ns 216 ns
9644025 ns 9644240 ns 215 ns
9644371 ns 9644588 ns 217 ns
9644742 ns 9644964 ns 222 ns
9645167 ns 9645384 ns 217 ns
9645359 ns 9645576 ns 217 ns
9645590 ns 9645804 ns 214 ns
9645808 ns 9646024 ns 216 ns
9649439 ns 9649656 ns 217 ns
9650037 ns 9650324 ns 287 ns
9650600 ns 9650896 ns 296 ns
9650838 ns 9651052 ns 214 ns
9650973 ns 9651188 ns 215 ns
9651153 ns 9651368 ns 215 ns
9651256 ns 9651472 ns 216 ns
9651453 ns 9651668 ns 215 ns
9651464 ns 9651744 ns 280 ns
9651688 ns 9651912 ns 224 ns
9651775 ns 9651992 ns 217 ns
9651913 ns 9652144 ns 231 ns
9653786 ns 9654004 ns 218 ns
9653956 ns 9654172 ns 216 ns
9654141 ns 9654356 ns 215 ns
9654330 ns 9654552 ns 222 ns
9654518 ns 9654744 ns 226 ns
9654659 ns 9654876 ns 217 ns
9655018 ns 9655272 ns 254 ns
9655361 ns 9655576 ns 215 ns
9655992 ns 9656208 ns 216 ns
9656167 ns 9656384 ns 217 ns
9656587 ns 9656808 ns 221 ns
9656383 ns 9656864 ns 481 ns
9657591 ns 9657808 ns 217 ns
9657893 ns 9658108 ns 215 ns
9658117 ns 9658332 ns 215 ns
9658169 ns 9658384 ns 215 ns
9658290 ns 9658504 ns 214 ns
9658452 ns 9658668 ns 216 ns
9663830 ns 9664044 ns 214 ns
9664128 ns 9664632 ns 504 ns
9664417 ns 9664772 ns 355 ns
9664703 ns 9664920 ns 217 ns
9667854 ns 9668072 ns 218 ns
9668167 ns 9668384 ns 217 ns
9668453 ns 9668736 ns 283 ns
9668739 ns 9668956 ns 217 ns
9674200 ns 9674416 ns 216 ns
9674496 ns 9674712 ns 216 ns
9674828 ns 9675044 ns 216 ns
9675124 ns 9675340 ns 216 ns
9678743 ns 9678960 ns 217 ns
9679067 ns 9679284 ns 217 ns
9679397 ns 9679612 ns 215 ns
9679716 ns 9679932 ns 216 ns
9722706 ns 9722924 ns 218 ns
9722870 ns 9723088 ns 218 ns
9723029 ns 9723244 ns 215 ns
9723200 ns 9723416 ns 216 ns
9724382 ns 9724596 ns 214 ns
9725616 ns 9725832 ns 216 ns
9725780 ns 9725996 ns 216 ns
9725942 ns 9726160 ns 218 ns
9726109 ns 9726324 ns 215 ns
9726293 ns 9726508 ns 215 ns
9726478 ns 9726692 ns 214 ns
9726841 ns 9727056 ns 215 ns
9768858 ns 9769072 ns 214 ns
9772183 ns 9772400 ns 217 ns
9772358 ns 9772572 ns 214 ns
9772539 ns 9772756 ns 217 ns
9772728 ns 9772944 ns 216 ns
9772910 ns 9773128 ns 218 ns
9774176 ns 9774392 ns 216 ns
9776729 ns 9776944 ns 215 ns
9809482 ns 9809700 ns 218 ns
9809651 ns 9809868 ns 217 ns
9809814 ns 9810028 ns 214 ns
9809984 ns 9810200 ns 216 ns
9811195 ns 9811412 ns 217 ns
9847277 ns 9847492 ns 215 ns
9847822 ns 9848040 ns 218 ns
9848177 ns 9848456 ns 279 ns
9848412 ns 9848640 ns 228 ns
9848603 ns 9848820 ns 217 ns
9848790 ns 9849008 ns 218 ns
9849007 ns 9849224 ns 217 ns
9852194 ns 9852412 ns 218 ns
9864686 ns 9864904 ns 218 ns
9864872 ns 9865088 ns 216 ns
9865063 ns 9865280 ns 217 ns
9865263 ns 9865480 ns 217 ns
9865457 ns 9865672 ns 215 ns
9866696 ns 9866912 ns 216 ns
9868295 ns 9868512 ns 217 ns
9871309 ns 9871524 ns 215 ns
9871472 ns 9871688 ns 216 ns
9871826 ns 9872040 ns 214 ns
9872007 ns 9872224 ns 217 ns
9872185 ns 9872400 ns 215 ns
9872319 ns 9872536 ns 217 ns
9872675 ns 9872892 ns 217 ns
9873159 ns 9873376 ns 217 ns
9873328 ns 9873544 ns 216 ns
9873529 ns 9873744 ns 215 ns
9873724 ns 9873940 ns 216 ns
9874854 ns 9875192 ns 338 ns
9875013 ns 9875228 ns 215 ns
9922728 ns 9922944 ns 216 ns
9922890 ns 9923104 ns 214 ns
9923050 ns 9923268 ns 218 ns
9923222 ns 9923436 ns 214 ns
9924407 ns 9924624 ns 217 ns
9925786 ns 9926 us 214 ns
9925951 ns 9926168 ns 217 ns
9926113 ns 9926328 ns 215 ns
9926279 ns 9926496 ns 217 ns
9926463 ns 9926680 ns 217 ns
9926647 ns 9926864 ns 217 ns
9927008 ns 9927224 ns 216 ns
9964359 ns 9964576 ns 217 ns
9965276 ns 9965492 ns 216 ns
9966386 ns 9966600 ns 214 ns
9966562 ns 9966776 ns 214 ns
9966746 ns 9966960 ns 214 ns
9966934 ns 9967148 ns 214 ns
9968095 ns 9968312 ns 217 ns
9971308 ns 9971524 ns 216 ns
9971565 ns 9971780 ns 215 ns
9971745 ns 9971964 ns 219 ns
9971939 ns 9972164 ns 225 ns
9973384 ns 9973612 ns 228 ns
9974072 ns 9974300 ns 228 ns
9975869 ns 9976084 ns 215 ns
9977309 ns 9977524 ns 215 ns
9979127 ns 9979344 ns 217 ns
9979819 ns 9980112 ns 293 ns
9980029 ns 9980244 ns 215 ns
9981661 ns 9981876 ns 215 ns
9982212 ns 9982428 ns 216 ns
9982253 ns 9982468 ns 215 ns
9983281 ns 9983496 ns 215 ns
9983721 ns 9983936 ns 215 ns
9984182 ns 9984488 ns 306 ns
9984081 ns 9984556 ns 475 ns
9984413 ns 9984628 ns 215 ns
9993269 ns 9993524 ns 255 ns
9994341 ns 9994556 ns 215 ns
9994525 ns 9994740 ns 215 ns
9994712 ns 9994972 ns 260 ns
9994893 ns 9995108 ns 215 ns
9995067 ns 9995284 ns 217 ns
9995249 ns 9995464 ns 215 ns
9998653 ns 9998868 ns 215 ns
9998821 ns 9999036 ns 215 ns
9998983 ns 9999200 ns 217 ns
9999154 ns 9999372 ns 218 ns
10000364 ns 10000580 ns 216 ns
10002484 ns 10002752 ns 268 ns
10002622 ns 10002912 ns 290 ns
10003302 ns 10003572 ns 270 ns
10004112 ns 10004328 ns 216 ns
10004251 ns 10004468 ns 217 ns
10004395 ns 10004612 ns 217 ns
10004652 ns 10004868 ns 216 ns
10005233 ns 10005448 ns 215 ns
10006195 ns 10006412 ns 217 ns
10008027 ns 10008244 ns 217 ns
10008167 ns 10008384 ns 217 ns
10008320 ns 10008544 ns 224 ns
10008872 ns 10009088 ns 216 ns
10009013 ns 10009228 ns 215 ns
10010030 ns 10010248 ns 218 ns
10010498 ns 10010716 ns 218 ns
10126896 ns 10127112 ns 216 ns
10127446 ns 10127660 ns 214 ns
10228619 ns 10228836 ns 217 ns
10229127 ns 10229344 ns 217 ns
10229291 ns 10229508 ns 217 ns
10229436 ns 10229652 ns 216 ns
10229841 ns 10230056 ns 215 ns
10230645 ns 10230860 ns 215 ns
10231118 ns 10231332 ns 214 ns
10231305 ns 10231520 ns 215 ns
10231458 ns 10231672 ns 214 ns
10232201 ns 10232416 ns 215 ns
10233730 ns 10234012 ns 282 ns
10234062 ns 10234276 ns 214 ns
10234790 ns 10235004 ns 214 ns
10241440 ns 10241808 ns 368 ns
10244117 ns 10244332 ns 215 ns
10244271 ns 10244488 ns 217 ns
10245933 ns 10246148 ns 215 ns
10246090 ns 10246308 ns 218 ns
10246243 ns 10246460 ns 217 ns
10246405 ns 10246620 ns 215 ns
10246673 ns 10246888 ns 215 ns
10246945 ns 10247160 ns 215 ns
10247570 ns 10247788 ns 218 ns
10247746 ns 10247960 ns 214 ns
10247931 ns 10248148 ns 217 ns
10248284 ns 10248500 ns 216 ns
10250860 ns 10251076 ns 216 ns
10251166 ns 10251380 ns 214 ns
10251438 ns 10251656 ns 218 ns
10251708 ns 10251924 ns 216 ns
10276353 ns 10276568 ns 215 ns
10276895 ns 10277112 ns 217 ns
10277042 ns 10277256 ns 214 ns
10278236 ns 10278452 ns 216 ns
10278380 ns 10278596 ns 216 ns
10278716 ns 10278932 ns 216 ns
10278857 ns 10279088 ns 231 ns
10279004 ns 10279220 ns 216 ns
10279160 ns 10279376 ns 216 ns
10279418 ns 10279632 ns 214 ns
10279678 ns 10279892 ns 214 ns
10280532 ns 10280792 ns 260 ns
10280919 ns 10281136 ns 217 ns
10286457 ns 10286672 ns 215 ns
10341263 ns 10341480 ns 217 ns
11060623 ns 11060864 ns 241 ns
11061054 ns 11061268 ns 214 ns
11061111 ns 11061328 ns 217 ns
11061195 ns 11061412 ns 217 ns
