16957 ns 17788 ns 831 ns
17533 ns 17948 ns 415 ns
17802 ns 18212 ns 410 ns
18080 ns 18468 ns 388 ns
18352 ns 18728 ns 376 ns
18769 ns 19172 ns 403 ns
18816 ns 19332 ns 516 ns
18899 ns 19488 ns 589 ns
18957 ns 19568 ns 611 ns
19661 ns 19876 ns 215 ns
20480 ns 21044 ns 564 ns
20949 ns 21484 ns 535 ns
21364 ns 21668 ns 304 ns
23520 ns 23892 ns 372 ns
26646 ns 26864 ns 218 ns
27183 ns 27412 ns 229 ns
27449 ns 27692 ns 243 ns
29737 ns 29952 ns 215 ns
29990 ns 30208 ns 218 ns
31109 ns 31324 ns 215 ns
31366 ns 31760 ns 394 ns
31869 ns 32216 ns 347 ns
36685 ns 36912 ns 227 ns
36944 ns 37160 ns 216 ns
37206 ns 37424 ns 218 ns
37492 ns 37708 ns 216 ns
37757 ns 37972 ns 215 ns
38023 ns 38240 ns 217 ns
38214 ns 38436 ns 222 ns
38475 ns 38704 ns 229 ns
38794 ns 39012 ns 218 ns
39062 ns 39392 ns 330 ns
39579 ns 39796 ns 217 ns
39841 ns 40056 ns 215 ns
40109 ns 40324 ns 215 ns
40375 ns 40592 ns 217 ns
40563 ns 40780 ns 217 ns
40915 ns 41132 ns 217 ns
41509 ns 41724 ns 215 ns
42092 ns 42312 ns 220 ns
44097 ns 44312 ns 215 ns
44281 ns 44496 ns 215 ns
45241 ns 45456 ns 215 ns
45508 ns 45724 ns 216 ns
47886 ns 48196 ns 310 ns
50529 ns 50744 ns 215 ns
51046 ns 51264 ns 218 ns
51228 ns 51444 ns 216 ns
51671 ns 51888 ns 217 ns
51800 ns 52016 ns 216 ns
52354 ns 52572 ns 218 ns
53063 ns 53280 ns 217 ns
53576 ns 53792 ns 216 ns
53939 ns 54156 ns 217 ns
54367 ns 54584 ns 217 ns
54557 ns 54992 ns 435 ns
54805 ns 55088 ns 283 ns
55490 ns 55708 ns 218 ns
57011 ns 57380 ns 369 ns
97064 ns 97280 ns 216 ns
100368 ns 100584 ns 216 ns
100920 ns 101140 ns 220 ns
101276 ns 101492 ns 216 ns
101814 ns 102128 ns 314 ns
102020 ns 102236 ns 216 ns
102371 ns 102588 ns 217 ns
103118 ns 103336 ns 218 ns
104419 ns 104636 ns 217 ns
104921 ns 105136 ns 215 ns
105194 ns 105412 ns 218 ns
105635 ns 105852 ns 217 ns
106875 ns 107092 ns 217 ns
107391 ns 107648 ns 257 ns
137007 ns 137352 ns 345 ns
140531 ns 140916 ns 385 ns
141269 ns 141492 ns 223 ns
141497 ns 141712 ns 215 ns
142006 ns 142300 ns 294 ns
217035 ns 217252 ns 217 ns
220343 ns 220560 ns 217 ns
220626 ns 220940 ns 314 ns
220870 ns 221088 ns 218 ns
221480 ns 221696 ns 216 ns
221708 ns 221924 ns 216 ns
222211 ns 222544 ns 333 ns
297034 ns 297252 ns 218 ns
300311 ns 300528 ns 217 ns
300620 ns 300844 ns 224 ns
300841 ns 301056 ns 215 ns
301352 ns 301612 ns 260 ns
301530 ns 301748 ns 218 ns
302243 ns 302480 ns 237 ns
377033 ns 377248 ns 215 ns
380444 ns 380716 ns 272 ns
381127 ns 381344 ns 217 ns
381381 ns 381600 ns 219 ns
382099 ns 382592 ns 493 ns
457031 ns 457248 ns 217 ns
460312 ns 460592 ns 280 ns
460629 ns 460844 ns 215 ns
460837 ns 461052 ns 215 ns
461454 ns 461672 ns 218 ns
461709 ns 461924 ns 215 ns
462239 ns 462456 ns 217 ns
537029 ns 537244 ns 215 ns
540332 ns 540652 ns 320 ns
541082 ns 541300 ns 218 ns
541331 ns 541548 ns 217 ns
542051 ns 542344 ns 293 ns
617028 ns 617312 ns 284 ns
620580 ns 620844 ns 264 ns
621142 ns 621360 ns 218 ns
621398 ns 621624 ns 226 ns
622153 ns 622436 ns 283 ns
697026 ns 697312 ns 286 ns
700485 ns 700716 ns 231 ns
701350 ns 701568 ns 218 ns
701554 ns 701772 ns 218 ns
701963 ns 702452 ns 489 ns
777025 ns 777240 ns 215 ns
780389 ns 780716 ns 327 ns
780912 ns 781132 ns 220 ns
781254 ns 781472 ns 218 ns
781796 ns 782012 ns 216 ns
781969 ns 782184 ns 215 ns
782468 ns 782684 ns 216 ns
857024 ns 857252 ns 228 ns
860251 ns 860472 ns 221 ns
860570 ns 860788 ns 218 ns
860776 ns 860992 ns 216 ns
861280 ns 861496 ns 216 ns
861458 ns 861676 ns 218 ns
862178 ns 862396 ns 218 ns
937024 ns 937240 ns 216 ns
940394 ns 940616 ns 222 ns
941455 ns 941672 ns 217 ns
941679 ns 941896 ns 217 ns
942079 ns 942328 ns 249 ns
1017023 ns 1017240 ns 217 ns
1020502 ns 1020720 ns 218 ns
1021031 ns 1021272 ns 241 ns
1021372 ns 1021588 ns 216 ns
1021918 ns 1022272 ns 354 ns
1022084 ns 1022312 ns 228 ns
1022557 ns 1022772 ns 215 ns
1023240 ns 1023456 ns 216 ns
1023414 ns 1023632 ns 218 ns
1025158 ns 1025372 ns 214 ns
1025416 ns 1025632 ns 216 ns
1025687 ns 1025904 ns 217 ns
1025958 ns 1026172 ns 214 ns
1026467 ns 1026684 ns 217 ns
1026726 ns 1026944 ns 218 ns
1026986 ns 1027204 ns 218 ns
1027536 ns 1027752 ns 216 ns
1028830 ns 1029048 ns 218 ns
1032004 ns 1032236 ns 232 ns
1032265 ns 1032480 ns 215 ns
1032791 ns 1033008 ns 217 ns
1033056 ns 1033272 ns 216 ns
1033324 ns 1033540 ns 216 ns
1033598 ns 1033816 ns 218 ns
1033861 ns 1034076 ns 215 ns
1034645 ns 1034860 ns 215 ns
1034916 ns 1035132 ns 216 ns
1035703 ns 1035920 ns 217 ns
1036225 ns 1036440 ns 215 ns
1036744 ns 1036964 ns 220 ns
1037014 ns 1037232 ns 218 ns
1037276 ns 1037492 ns 216 ns
1037562 ns 1037792 ns 230 ns
1037820 ns 1038036 ns 216 ns
1038093 ns 1038308 ns 215 ns
1038412 ns 1038628 ns 216 ns
1039165 ns 1039380 ns 215 ns
1039440 ns 1039656 ns 216 ns
1040385 ns 1040600 ns 215 ns
1040986 ns 1041204 ns 218 ns
1041248 ns 1041464 ns 216 ns
1041536 ns 1041752 ns 216 ns
1044244 ns 1044460 ns 216 ns
1044688 ns 1044904 ns 216 ns
1044873 ns 1045088 ns 215 ns
1097013 ns 1097228 ns 215 ns
1100356 ns 1100632 ns 276 ns
1100871 ns 1101088 ns 217 ns
1101224 ns 1101440 ns 216 ns
1101761 ns 1101976 ns 215 ns
1101934 ns 1102152 ns 218 ns
1102415 ns 1102632 ns 217 ns
1177011 ns 1177228 ns 217 ns
1180325 ns 1180580 ns 255 ns
1180634 ns 1180920 ns 286 ns
1180849 ns 1181068 ns 219 ns
1181368 ns 1181584 ns 216 ns
1181547 ns 1181764 ns 217 ns
1182270 ns 1182488 ns 218 ns
1190936 ns 1191164 ns 228 ns
1192004 ns 1192220 ns 216 ns
1192152 ns 1192380 ns 228 ns
1192271 ns 1192488 ns 217 ns
1194511 ns 1194728 ns 217 ns
1194626 ns 1194844 ns 218 ns
1195031 ns 1195316 ns 285 ns
1195292 ns 1195564 ns 272 ns
1203899 ns 1204116 ns 217 ns
1204037 ns 1204276 ns 239 ns
1257007 ns 1257236 ns 229 ns
1260272 ns 1260504 ns 232 ns
1261180 ns 1261400 ns 220 ns
1261449 ns 1261664 ns 215 ns
1261833 ns 1262056 ns 223 ns
1337006 ns 1337224 ns 218 ns
1340301 ns 1340516 ns 215 ns
1340613 ns 1340908 ns 295 ns
1340857 ns 1341076 ns 219 ns
1341454 ns 1341672 ns 218 ns
1341658 ns 1342108 ns 450 ns
1342022 ns 1342248 ns 226 ns
1417005 ns 1417220 ns 215 ns
1420332 ns 1420548 ns 216 ns
1420618 ns 1420836 ns 218 ns
1420882 ns 1421100 ns 218 ns
1421461 ns 1421676 ns 215 ns
1421725 ns 1422020 ns 295 ns
1422085 ns 1422352 ns 267 ns
1424053 ns 1424268 ns 215 ns
1424320 ns 1424536 ns 216 ns
1425360 ns 1425576 ns 216 ns
1431485 ns 1431700 ns 215 ns
1432274 ns 1432492 ns 218 ns
1432538 ns 1432756 ns 218 ns
1432802 ns 1433020 ns 218 ns
1433823 ns 1434040 ns 217 ns
1434340 ns 1434556 ns 216 ns
1434612 ns 1434828 ns 216 ns
1436133 ns 1436348 ns 215 ns
1436392 ns 1436608 ns 216 ns
1436677 ns 1436892 ns 215 ns
1436935 ns 1437152 ns 217 ns
1437207 ns 1437436 ns 229 ns
1437514 ns 1437732 ns 218 ns
1438402 ns 1438620 ns 218 ns
1438548 ns 1438764 ns 216 ns
1438732 ns 1438952 ns 220 ns
1439276 ns 1439492 ns 216 ns
1439943 ns 1440160 ns 217 ns
1440089 ns 1440304 ns 215 ns
1440578 ns 1440796 ns 218 ns
1440840 ns 1441056 ns 216 ns
1441258 ns 1441476 ns 218 ns
1441404 ns 1441620 ns 216 ns
1441868 ns 1442084 ns 216 ns
1442544 ns 1442772 ns 228 ns
1442689 ns 1442904 ns 215 ns
1443215 ns 1443432 ns 217 ns
1443929 ns 1444144 ns 215 ns
1444075 ns 1444292 ns 217 ns
1444600 ns 1444816 ns 216 ns
1445263 ns 1445480 ns 217 ns
1445409 ns 1445624 ns 215 ns
1445873 ns 1446088 ns 215 ns
1446588 ns 1446804 ns 216 ns
1446735 ns 1446952 ns 217 ns
1447199 ns 1447416 ns 217 ns
1447861 ns 1448076 ns 215 ns
1448007 ns 1448224 ns 217 ns
1448497 ns 1448712 ns 215 ns
1451892 ns 1452108 ns 216 ns
1452038 ns 1452256 ns 218 ns
1452187 ns 1452412 ns 225 ns
1452375 ns 1452592 ns 217 ns
1452569 ns 1452784 ns 215 ns
1453087 ns 1453304 ns 217 ns
1453289 ns 1453504 ns 215 ns
1453434 ns 1453652 ns 218 ns
1453959 ns 1454176 ns 217 ns
1454643 ns 1454860 ns 217 ns
1454789 ns 1455004 ns 215 ns
1455217 ns 1455432 ns 215 ns
1455483 ns 1455700 ns 217 ns
1455900 ns 1456116 ns 216 ns
1456046 ns 1456264 ns 218 ns
1456534 ns 1456752 ns 218 ns
1457220 ns 1457436 ns 216 ns
1457538 ns 1457756 ns 218 ns
1458367 ns 1458608 ns 241 ns
1458665 ns 1458992 ns 327 ns
1460845 ns 1461060 ns 215 ns
1460991 ns 1461208 ns 217 ns
1461450 ns 1461668 ns 218 ns
1461964 ns 1462180 ns 216 ns
1466904 ns 1467120 ns 216 ns
1474901 ns 1475116 ns 215 ns
1483 us 1483216 ns 216 ns
1484370 ns 1484588 ns 218 ns
1488299 ns 1488516 ns 217 ns
1490002 ns 1490220 ns 218 ns
1492532 ns 1492748 ns 216 ns
1493872 ns 1494088 ns 216 ns
1496631 ns 1496848 ns 217 ns
1497795 ns 1498012 ns 217 ns
1498371 ns 1498588 ns 217 ns
1500696 ns 1500912 ns 216 ns
1501566 ns 1501848 ns 282 ns
1501777 ns 1501992 ns 215 ns
1502173 ns 1502388 ns 215 ns
1505741 ns 1505956 ns 215 ns
1507081 ns 1507296 ns 215 ns
1508480 ns 1508696 ns 216 ns
1515341 ns 1515556 ns 215 ns
1517391 ns 1517608 ns 217 ns
1517579 ns 1517796 ns 217 ns
1518289 ns 1518504 ns 215 ns
1518792 ns 1519008 ns 216 ns
1518945 ns 1519160 ns 215 ns
1519647 ns 1519864 ns 217 ns
1520127 ns 1520344 ns 217 ns
1520281 ns 1520496 ns 215 ns
1520953 ns 1521424 ns 471 ns
1523409 ns 1523624 ns 215 ns
1531150 ns 1531368 ns 218 ns
1532514 ns 1532732 ns 218 ns
1542125 ns 1542340 ns 215 ns
1560244 ns 1560460 ns 216 ns
1568955 ns 1569172 ns 217 ns
1570383 ns 1570600 ns 217 ns
1574773 ns 1574988 ns 215 ns
1576206 ns 1576424 ns 218 ns
1577766 ns 1577984 ns 218 ns
1578330 ns 1578548 ns 218 ns
1579787 ns 1580008 ns 221 ns
1580606 ns 1580908 ns 302 ns
1581218 ns 1581444 ns 226 ns
1581473 ns 1581688 ns 215 ns
1581678 ns 1581896 ns 218 ns
1582040 ns 1582276 ns 236 ns
1582915 ns 1583132 ns 217 ns
1584345 ns 1584560 ns 215 ns
1585775 ns 1585992 ns 217 ns
1587215 ns 1587432 ns 217 ns
1588645 ns 1588860 ns 215 ns
1590086 ns 1590304 ns 218 ns
1591515 ns 1591732 ns 217 ns
1592915 ns 1593132 ns 217 ns
1594345 ns 1594560 ns 215 ns
1595775 ns 1595992 ns 217 ns
1597205 ns 1597420 ns 215 ns
1598635 ns 1598852 ns 217 ns
1600077 ns 1600292 ns 215 ns
1601516 ns 1601732 ns 216 ns
1602946 ns 1603164 ns 218 ns
1610066 ns 1610284 ns 218 ns
1611496 ns 1611712 ns 216 ns
1612955 ns 1613172 ns 217 ns
1614395 ns 1614612 ns 217 ns
1621451 ns 1621668 ns 217 ns
1626624 ns 1626840 ns 216 ns
1660130 ns 1660348 ns 218 ns
1660662 ns 1660880 ns 218 ns
1661028 ns 1661244 ns 216 ns
1661557 ns 1661888 ns 331 ns
1661745 ns 1662008 ns 263 ns
1662101 ns 1662316 ns 215 ns
1736975 ns 1737196 ns 221 ns
1740317 ns 1740536 ns 219 ns
1740629 ns 1740856 ns 227 ns
1740861 ns 1741076 ns 215 ns
1741249 ns 1741464 ns 215 ns
1741488 ns 1741704 ns 216 ns
1741910 ns 1742128 ns 218 ns
1816973 ns 1817188 ns 215 ns
1820353 ns 1820568 ns 215 ns
1820900 ns 1821116 ns 216 ns
1821249 ns 1821464 ns 215 ns
1821796 ns 1822012 ns 216 ns
1821976 ns 1822212 ns 236 ns
1822326 ns 1822544 ns 218 ns
1896971 ns 1897188 ns 217 ns
1900219 ns 1900436 ns 217 ns
1900534 ns 1900752 ns 218 ns
1900778 ns 1900996 ns 218 ns
1901192 ns 1901408 ns 216 ns
1901436 ns 1901652 ns 216 ns
1901878 ns 1902096 ns 218 ns
1976970 ns 1977188 ns 218 ns
1980306 ns 1980524 ns 218 ns
1980850 ns 1981068 ns 218 ns
1981216 ns 1981652 ns 436 ns
1981747 ns 1981968 ns 221 ns
1981923 ns 1982140 ns 217 ns
1982274 ns 1982492 ns 218 ns
2056969 ns 2057184 ns 215 ns
2060204 ns 2060420 ns 216 ns
2060745 ns 2060964 ns 219 ns
2061098 ns 2061320 ns 222 ns
2061632 ns 2061848 ns 216 ns
2061809 ns 2062024 ns 215 ns
2062161 ns 2062376 ns 215 ns
2136968 ns 2137184 ns 216 ns
2140277 ns 2140504 ns 227 ns
2140565 ns 2140780 ns 215 ns
2140819 ns 2141040 ns 221 ns
2141395 ns 2141612 ns 217 ns
2141644 ns 2141860 ns 216 ns
2142010 ns 2142228 ns 218 ns
2216966 ns 2217188 ns 222 ns
2220335 ns 2220552 ns 217 ns
2220861 ns 2221076 ns 215 ns
2221214 ns 2221436 ns 222 ns
2221742 ns 2221960 ns 218 ns
2221916 ns 2222132 ns 216 ns
2222269 ns 2222484 ns 215 ns
2296963 ns 2297180 ns 217 ns
2300327 ns 2300544 ns 217 ns
2300866 ns 2301096 ns 230 ns
2301218 ns 2301476 ns 258 ns
2301750 ns 2301964 ns 214 ns
2301934 ns 2302152 ns 218 ns
2302434 ns 2302652 ns 218 ns
2376962 ns 2377192 ns 230 ns
2380331 ns 2380600 ns 269 ns
2380860 ns 2381088 ns 228 ns
2381203 ns 2381420 ns 217 ns
2381738 ns 2381956 ns 218 ns
2381911 ns 2382128 ns 217 ns
2382394 ns 2382612 ns 218 ns
2456962 ns 2457396 ns 434 ns
2460283 ns 2460500 ns 217 ns
2460985 ns 2461200 ns 215 ns
2461244 ns 2461460 ns 216 ns
2462023 ns 2462240 ns 217 ns
2536961 ns 2537236 ns 275 ns
2540396 ns 2540612 ns 216 ns
2541569 ns 2541784 ns 215 ns
2541747 ns 2541964 ns 217 ns
2542241 ns 2542476 ns 235 ns
2616960 ns 2617256 ns 296 ns
2620515 ns 2620732 ns 217 ns
2621237 ns 2621452 ns 215 ns
2621480 ns 2621712 ns 232 ns
2621999 ns 2622216 ns 217 ns
2696959 ns 2697176 ns 217 ns
2700230 ns 2700448 ns 218 ns
2700512 ns 2700808 ns 296 ns
2700752 ns 2700968 ns 216 ns
2701168 ns 2701384 ns 216 ns
2701427 ns 2701644 ns 217 ns
2702155 ns 2702372 ns 217 ns
2776957 ns 2777208 ns 251 ns
2780368 ns 2780584 ns 216 ns
2781009 ns 2781236 ns 227 ns
2781259 ns 2781476 ns 217 ns
2782023 ns 2782240 ns 217 ns
2820535 ns 2820816 ns 281 ns
2821184 ns 2821400 ns 216 ns
2821418 ns 2821636 ns 218 ns
2821812 ns 2822028 ns 216 ns
2860628 ns 2860920 ns 292 ns
2861459 ns 2861676 ns 217 ns
2861713 ns 2861928 ns 215 ns
2862224 ns 2862496 ns 272 ns
2900639 ns 2900900 ns 261 ns
2901311 ns 2901528 ns 217 ns
2901541 ns 2902040 ns 499 ns
2901937 ns 2902172 ns 235 ns
2976953 ns 2977168 ns 215 ns
2980302 ns 2980520 ns 218 ns
2980844 ns 2981060 ns 216 ns
2981198 ns 2981416 ns 218 ns
2981733 ns 2981948 ns 215 ns
2981910 ns 2982132 ns 222 ns
2982261 ns 2982476 ns 215 ns
3056951 ns 3057168 ns 217 ns
3060301 ns 3060572 ns 271 ns
3060845 ns 3061064 ns 219 ns
3061211 ns 3061428 ns 217 ns
3061744 ns 3061964 ns 220 ns
3061922 ns 3062148 ns 226 ns
3062273 ns 3062488 ns 215 ns
3136949 ns 3137164 ns 215 ns
3140120 ns 3140360 ns 240 ns
3140433 ns 3140700 ns 267 ns
3140660 ns 3140876 ns 216 ns
3141299 ns 3141516 ns 217 ns
3141510 ns 3141728 ns 218 ns
3141857 ns 3142072 ns 215 ns
3216947 ns 3217164 ns 217 ns
3220239 ns 3220456 ns 217 ns
3220773 ns 3220988 ns 215 ns
3221127 ns 3221344 ns 217 ns
3221653 ns 3221884 ns 231 ns
3221822 ns 3222040 ns 218 ns
3222167 ns 3222384 ns 217 ns
3296945 ns 3297160 ns 215 ns
3300238 ns 3300456 ns 218 ns
3300512 ns 3300728 ns 216 ns
3300774 ns 3301 us 226 ns
3301173 ns 3301408 ns 235 ns
3301417 ns 3301640 ns 223 ns
3301827 ns 3302048 ns 221 ns
3376944 ns 3377160 ns 216 ns
3380140 ns 3380356 ns 216 ns
3380678 ns 3380896 ns 218 ns
3381026 ns 3381248 ns 222 ns
3381558 ns 3381812 ns 254 ns
3381733 ns 3381948 ns 215 ns
3382081 ns 3382296 ns 215 ns
3456942 ns 3457160 ns 218 ns
3460212 ns 3460428 ns 216 ns
3460743 ns 3460960 ns 217 ns
3461097 ns 3461312 ns 215 ns
3461621 ns 3461836 ns 215 ns
3461830 ns 3462048 ns 218 ns
3462188 ns 3462404 ns 216 ns
3507305 ns 3507520 ns 215 ns
3536939 ns 3537216 ns 277 ns
3552701 ns 3552916 ns 215 ns
3553226 ns 3553444 ns 218 ns
3553404 ns 3553620 ns 216 ns
3616938 ns 3617212 ns 274 ns
3620164 ns 3620380 ns 216 ns
3620709 ns 3620924 ns 215 ns
3621059 ns 3621276 ns 217 ns
3621615 ns 3621852 ns 237 ns
3621823 ns 3622044 ns 221 ns
3622190 ns 3622440 ns 250 ns
3696937 ns 3697212 ns 275 ns
3700188 ns 3700468 ns 280 ns
3700715 ns 3700932 ns 217 ns
3701066 ns 3701296 ns 230 ns
3701623 ns 3701904 ns 281 ns
3701796 ns 3702016 ns 220 ns
3702270 ns 3702556 ns 286 ns
3776935 ns 3777220 ns 285 ns
3794414 ns 3794632 ns 218 ns
3794944 ns 3795208 ns 264 ns
3795120 ns 3795336 ns 216 ns
3856934 ns 3857208 ns 274 ns
3860498 ns 3860796 ns 298 ns
3861341 ns 3861592 ns 251 ns
3861533 ns 3861748 ns 215 ns
3861884 ns 3862100 ns 216 ns
3936933 ns 3937208 ns 275 ns
3940385 ns 3940600 ns 215 ns
3941042 ns 3941260 ns 218 ns
3941293 ns 3941512 ns 219 ns
3942058 ns 3942276 ns 218 ns
4016932 ns 4017392 ns 460 ns
4020321 ns 4020536 ns 215 ns
4020845 ns 4021068 ns 223 ns
4021195 ns 4021412 ns 217 ns
4021818 ns 4022032 ns 214 ns
4021988 ns 4022204 ns 216 ns
4022344 ns 4022560 ns 216 ns
4096931 ns 4097148 ns 217 ns
4100213 ns 4100428 ns 215 ns
4100736 ns 4100952 ns 216 ns
4101085 ns 4101308 ns 223 ns
4101643 ns 4101860 ns 217 ns
4101818 ns 4102036 ns 218 ns
4102198 ns 4102424 ns 226 ns
4176929 ns 4177200 ns 271 ns
4180271 ns 4180512 ns 241 ns
4180823 ns 4181348 ns 525 ns
4181178 ns 4181424 ns 246 ns
4181898 ns 4182116 ns 218 ns
4182073 ns 4182288 ns 215 ns
4182428 ns 4182644 ns 216 ns
4256928 ns 4257200 ns 272 ns
4260163 ns 4260424 ns 261 ns
4260459 ns 4260692 ns 233 ns
4260716 ns 4260968 ns 252 ns
4261329 ns 4261572 ns 243 ns
4261617 ns 4261832 ns 215 ns
4262095 ns 4262368 ns 273 ns
4336926 ns 4337192 ns 266 ns
4340257 ns 4340472 ns 215 ns
4340778 ns 4340996 ns 218 ns
4341128 ns 4341344 ns 216 ns
4341804 ns 4342024 ns 220 ns
4342164 ns 4342380 ns 216 ns
4342529 ns 4342744 ns 215 ns
4416924 ns 4417140 ns 216 ns
4420212 ns 4420464 ns 252 ns
4420736 ns 4420968 ns 232 ns
4421086 ns 4421304 ns 218 ns
4421606 ns 4421828 ns 222 ns
4421785 ns 4422004 ns 219 ns
4422311 ns 4422528 ns 217 ns
4496923 ns 4497140 ns 217 ns
4500195 ns 4500412 ns 217 ns
4500542 ns 4500992 ns 450 ns
4500726 ns 4501088 ns 362 ns
4501222 ns 4501440 ns 218 ns
4501434 ns 4501652 ns 218 ns
4502185 ns 4502400 ns 215 ns
4576920 ns 4577136 ns 216 ns
4580225 ns 4580440 ns 215 ns
4580756 ns 4580976 ns 220 ns
4581113 ns 4581328 ns 215 ns
4581658 ns 4581880 ns 222 ns
4581838 ns 4582056 ns 218 ns
4582325 ns 4582540 ns 215 ns
4656918 ns 4657140 ns 222 ns
4660332 ns 4660548 ns 216 ns
4660855 ns 4661084 ns 229 ns
4661206 ns 4661424 ns 218 ns
4661738 ns 4661956 ns 218 ns
4661917 ns 4662132 ns 215 ns
4662412 ns 4662628 ns 216 ns
4736916 ns 4737132 ns 216 ns
4740262 ns 4740480 ns 218 ns
4740809 ns 4741092 ns 283 ns
4741160 ns 4741376 ns 216 ns
4741853 ns 4742072 ns 219 ns
4742042 ns 4742260 ns 218 ns
4742407 ns 4742872 ns 465 ns
4816914 ns 4817132 ns 218 ns
4820274 ns 4820492 ns 218 ns
4820802 ns 4821080 ns 278 ns
4821152 ns 4821448 ns 296 ns
4821906 ns 4822124 ns 218 ns
4822087 ns 4822304 ns 217 ns
4822455 ns 4822672 ns 217 ns
4896912 ns 4897128 ns 216 ns
4900236 ns 4900452 ns 216 ns
4900780 ns 4901004 ns 224 ns
4901137 ns 4901396 ns 259 ns
4901703 ns 4901920 ns 217 ns
4901884 ns 4902100 ns 216 ns
4902387 ns 4902604 ns 217 ns
4947492 ns 4947708 ns 216 ns
4947754 ns 4947972 ns 218 ns
4947935 ns 4948152 ns 217 ns
4948109 ns 4948324 ns 215 ns
4948292 ns 4948508 ns 216 ns
4952623 ns 4952840 ns 217 ns
4953592 ns 4953820 ns 228 ns
4954344 ns 4954560 ns 216 ns
4954789 ns 4955004 ns 215 ns
4955408 ns 4955624 ns 216 ns
4955801 ns 4956016 ns 215 ns
4956554 ns 4956772 ns 218 ns
4957521 ns 4957736 ns 215 ns
4960566 ns 4960784 ns 218 ns
4960872 ns 4961216 ns 344 ns
4965701 ns 4965920 ns 219 ns
4966493 ns 4966708 ns 215 ns
4969738 ns 4969956 ns 218 ns
4973114 ns 4973332 ns 218 ns
4973537 ns 4973760 ns 223 ns
4973681 ns 4973896 ns 215 ns
4974396 ns 4974612 ns 216 ns
4975009 ns 4975224 ns 215 ns
4976904 ns 4977128 ns 224 ns
4980281 ns 4980500 ns 219 ns
4980813 ns 4981028 ns 215 ns
4981047 ns 4981264 ns 217 ns
4981591 ns 4981808 ns 217 ns
4981776 ns 4981992 ns 216 ns
4982297 ns 4982512 ns 215 ns
4985332 ns 4985548 ns 216 ns
4986012 ns 4986228 ns 216 ns
4986603 ns 4986820 ns 217 ns
4986858 ns 4987076 ns 218 ns
4987127 ns 4987344 ns 217 ns
4987425 ns 4987640 ns 215 ns
4989086 ns 4989304 ns 218 ns
4990475 ns 4990692 ns 217 ns
4991273 ns 4991488 ns 215 ns
4992373 ns 4992588 ns 215 ns
4992657 ns 4992872 ns 215 ns
4994948 ns 4995164 ns 216 ns
4996036 ns 4996252 ns 216 ns
4996321 ns 4996536 ns 215 ns
4998819 ns 4999036 ns 217 ns
4999189 ns 4999404 ns 215 ns
4999531 ns 4999748 ns 217 ns
4999705 ns 4999920 ns 215 ns
4999875 ns 5000192 ns 317 ns
5000048 ns 5000276 ns 228 ns
5000217 ns 5000432 ns 215 ns
5000390 ns 5000624 ns 234 ns
5000563 ns 5000780 ns 217 ns
5001081 ns 5001296 ns 215 ns
5001267 ns 5001484 ns 217 ns
5002818 ns 5003036 ns 218 ns
5002967 ns 5003184 ns 217 ns
5056897 ns 5057112 ns 215 ns
5060327 ns 5060544 ns 217 ns
5060347 ns 5060572 ns 225 ns
5060697 ns 5060912 ns 215 ns
5060861 ns 5061136 ns 275 ns
5061299 ns 5061584 ns 285 ns
5061560 ns 5061776 ns 216 ns
5062381 ns 5062624 ns 243 ns
5136895 ns 5137120 ns 225 ns
5140287 ns 5140608 ns 321 ns
5141238 ns 5141468 ns 230 ns
5141494 ns 5141712 ns 218 ns
5142017 ns 5142232 ns 215 ns
5185131 ns 5185348 ns 217 ns
5185307 ns 5185524 ns 217 ns
5187618 ns 5187836 ns 218 ns
5194816 ns 5195212 ns 396 ns
5195334 ns 5195552 ns 218 ns
5195504 ns 5195720 ns 216 ns
5196196 ns 5196412 ns 216 ns
5196381 ns 5196596 ns 215 ns
5216892 ns 5217180 ns 288 ns
5220458 ns 5220676 ns 218 ns
5221031 ns 5221300 ns 269 ns
5221380 ns 5221616 ns 236 ns
5222035 ns 5222252 ns 217 ns
5222225 ns 5222440 ns 215 ns
5222730 ns 5222948 ns 218 ns
5296891 ns 5297176 ns 285 ns
5300360 ns 5300588 ns 228 ns
5301450 ns 5301668 ns 218 ns
5301664 ns 5301892 ns 228 ns
5302039 ns 5302256 ns 217 ns
5315015 ns 5315232 ns 217 ns
5376889 ns 5377104 ns 215 ns
5380191 ns 5380444 ns 253 ns
5380714 ns 5380932 ns 218 ns
5381066 ns 5381284 ns 218 ns
5381628 ns 5381844 ns 216 ns
5381798 ns 5382016 ns 218 ns
5382265 ns 5382552 ns 287 ns
5456887 ns 5457104 ns 217 ns
5473435 ns 5473652 ns 217 ns
5473960 ns 5474176 ns 216 ns
5496886 ns 5497104 ns 218 ns
5500287 ns 5500504 ns 217 ns
5501206 ns 5501424 ns 218 ns
5501480 ns 5501704 ns 224 ns
5502001 ns 5502216 ns 215 ns
5576885 ns 5577100 ns 215 ns
5580199 ns 5580416 ns 217 ns
5580724 ns 5580972 ns 248 ns
5581074 ns 5581380 ns 306 ns
5581618 ns 5581836 ns 218 ns
5581792 ns 5582008 ns 216 ns
5582163 ns 5582412 ns 249 ns
5656883 ns 5657100 ns 217 ns
5660214 ns 5660432 ns 218 ns
5660529 ns 5660808 ns 279 ns
5660763 ns 5661008 ns 245 ns
5661373 ns 5661612 ns 239 ns
5661591 ns 5661808 ns 217 ns
5662101 ns 5662384 ns 283 ns
5702752 ns 5702968 ns 216 ns
5706837 ns 5707068 ns 231 ns
5707012 ns 5707228 ns 216 ns
5707373 ns 5707592 ns 219 ns
5707549 ns 5707764 ns 215 ns
5707724 ns 5707940 ns 216 ns
5708815 ns 5709032 ns 217 ns
5708996 ns 5709212 ns 216 ns
5709357 ns 5709572 ns 215 ns
5709531 ns 5710032 ns 501 ns
5709712 ns 5710052 ns 340 ns
5709882 ns 5710100 ns 218 ns
5713126 ns 5713344 ns 218 ns
5714125 ns 5714352 ns 227 ns
5714521 ns 5714736 ns 215 ns
5714693 ns 5714908 ns 215 ns
5714868 ns 5715084 ns 216 ns
5715047 ns 5715264 ns 217 ns
5715216 ns 5715432 ns 216 ns
5715388 ns 5715604 ns 216 ns
5715561 ns 5715776 ns 215 ns
5715736 ns 5715952 ns 216 ns
5715911 ns 5716128 ns 217 ns
5716114 ns 5716332 ns 218 ns
5716291 ns 5716508 ns 217 ns
5716471 ns 5716688 ns 217 ns
5716816 ns 5717032 ns 216 ns
5717495 ns 5717808 ns 313 ns
5718025 ns 5718240 ns 215 ns
5718196 ns 5718412 ns 216 ns
5718211 ns 5718432 ns 221 ns
5718406 ns 5718624 ns 218 ns
5718578 ns 5718800 ns 222 ns
5718762 ns 5718980 ns 218 ns
5718950 ns 5719168 ns 218 ns
5719539 ns 5719756 ns 217 ns
5719953 ns 5720168 ns 215 ns
5720301 ns 5720516 ns 215 ns
5720471 ns 5720688 ns 217 ns
5720651 ns 5720868 ns 217 ns
5720802 ns 5721032 ns 230 ns
5721067 ns 5721300 ns 233 ns
5721315 ns 5721532 ns 217 ns
5721483 ns 5721700 ns 217 ns
5721656 ns 5721872 ns 216 ns
5721853 ns 5722088 ns 235 ns
5723319 ns 5723536 ns 217 ns
5776871 ns 5777088 ns 217 ns
5780194 ns 5780412 ns 218 ns
5780746 ns 5780964 ns 218 ns
5781114 ns 5781372 ns 258 ns
5781642 ns 5781860 ns 218 ns
5781816 ns 5782032 ns 216 ns
5782168 ns 5782384 ns 216 ns
5829366 ns 5829584 ns 218 ns
5856870 ns 5857088 ns 218 ns
5860239 ns 5860456 ns 217 ns
5860774 ns 5860992 ns 218 ns
5861128 ns 5861404 ns 276 ns
5861676 ns 5861892 ns 216 ns
5862009 ns 5862256 ns 247 ns
5862374 ns 5862620 ns 246 ns
5936868 ns 5937084 ns 216 ns
5951415 ns 5951812 ns 397 ns
5951956 ns 5952172 ns 216 ns
5952124 ns 5952340 ns 216 ns
6016867 ns 6017084 ns 217 ns
6020181 ns 6020396 ns 215 ns
6020705 ns 6020920 ns 215 ns
6021058 ns 6021276 ns 218 ns
6021654 ns 6022024 ns 370 ns
6021838 ns 6022064 ns 226 ns
6022339 ns 6022560 ns 221 ns
6096864 ns 6097080 ns 216 ns
6100123 ns 6100340 ns 217 ns
6100475 ns 6100692 ns 217 ns
6100645 ns 6100864 ns 219 ns
6101157 ns 6101388 ns 231 ns
6101362 ns 6101584 ns 222 ns
6102073 ns 6102288 ns 215 ns
6176863 ns 6177080 ns 217 ns
6180176 ns 6180396 ns 220 ns
6180701 ns 6180916 ns 215 ns
6181048 ns 6181264 ns 216 ns
6181567 ns 6181784 ns 217 ns
6181747 ns 6181964 ns 217 ns
6182290 ns 6182508 ns 218 ns
6224029 ns 6224244 ns 215 ns
6224206 ns 6224432 ns 226 ns
6224396 ns 6224816 ns 420 ns
6225105 ns 6225320 ns 215 ns
6225281 ns 6225500 ns 219 ns
6225463 ns 6225680 ns 217 ns
6225613 ns 6225828 ns 215 ns
6225783 ns 6226008 ns 225 ns
6226150 ns 6226368 ns 218 ns
6233191 ns 6233408 ns 217 ns
6233546 ns 6233764 ns 218 ns
6234778 ns 6234996 ns 218 ns
6234964 ns 6235180 ns 216 ns
6235701 ns 6235916 ns 215 ns
6236228 ns 6236444 ns 216 ns
6236395 ns 6236612 ns 217 ns
6260690 ns 6260908 ns 218 ns
6261297 ns 6261512 ns 215 ns
6261537 ns 6261752 ns 215 ns
6262298 ns 6262572 ns 274 ns
6300563 ns 6300796 ns 233 ns
6301319 ns 6301536 ns 217 ns
6301559 ns 6301776 ns 217 ns
6301938 ns 6302156 ns 218 ns
6340427 ns 6340644 ns 217 ns
6341072 ns 6341288 ns 216 ns
6341327 ns 6341812 ns 485 ns
6342037 ns 6342312 ns 275 ns
6343959 ns 6344176 ns 217 ns
6416856 ns 6417132 ns 276 ns
6420156 ns 6420372 ns 216 ns
6420678 ns 6420908 ns 230 ns
6421028 ns 6421316 ns 288 ns
6421635 ns 6421852 ns 217 ns
6421982 ns 6422200 ns 218 ns
6422336 ns 6422552 ns 216 ns
6487072 ns 6487288 ns 216 ns
6487591 ns 6487808 ns 217 ns
6487777 ns 6487992 ns 215 ns
6536852 ns 6537068 ns 216 ns
6540187 ns 6540456 ns 269 ns
6540711 ns 6540936 ns 225 ns
6541063 ns 6541280 ns 217 ns
6541585 ns 6541800 ns 215 ns
6541765 ns 6541980 ns 215 ns
6542303 ns 6542520 ns 217 ns
6616851 ns 6617068 ns 217 ns
6620225 ns 6620440 ns 215 ns
6620752 ns 6620968 ns 216 ns
6621107 ns 6621324 ns 217 ns
6621658 ns 6621876 ns 218 ns
6621837 ns 6622052 ns 215 ns
6622334 ns 6622612 ns 278 ns
6696849 ns 6697064 ns 215 ns
6700189 ns 6700612 ns 423 ns
6700481 ns 6700696 ns 215 ns
6700734 ns 6700952 ns 218 ns
6701200 ns 6701416 ns 216 ns
6701403 ns 6701620 ns 217 ns
6702119 ns 6702424 ns 305 ns
6741303 ns 6741520 ns 217 ns
6741472 ns 6741688 ns 216 ns
6741648 ns 6741872 ns 224 ns
6741824 ns 6742040 ns 216 ns
6742011 ns 6742228 ns 217 ns
6742350 ns 6742568 ns 218 ns
6742525 ns 6742740 ns 215 ns
6745544 ns 6745760 ns 216 ns
6745725 ns 6745940 ns 215 ns
6745902 ns 6746120 ns 218 ns
6746092 ns 6746308 ns 216 ns
6746269 ns 6746484 ns 215 ns
6746446 ns 6746664 ns 218 ns
6746623 ns 6746840 ns 217 ns
6746806 ns 6747024 ns 218 ns
6746980 ns 6747432 ns 452 ns
6747162 ns 6747452 ns 290 ns
6747335 ns 6747552 ns 217 ns
6747504 ns 6747720 ns 216 ns
6747687 ns 6747904 ns 217 ns
6747870 ns 6748088 ns 218 ns
6748049 ns 6748264 ns 215 ns
6748228 ns 6748444 ns 216 ns
6748408 ns 6748624 ns 216 ns
6748583 ns 6748800 ns 217 ns
6748752 ns 6748968 ns 216 ns
6752849 ns 6753064 ns 215 ns
6753019 ns 6753236 ns 217 ns
6753194 ns 6753412 ns 218 ns
6753410 ns 6753628 ns 218 ns
6753579 ns 6753796 ns 217 ns
6753751 ns 6753968 ns 217 ns
6753927 ns 6754144 ns 217 ns
6754103 ns 6754320 ns 217 ns
6754279 ns 6754496 ns 217 ns
6754484 ns 6754700 ns 216 ns
6754657 ns 6754872 ns 215 ns
6754837 ns 6755192 ns 355 ns
6755006 ns 6755304 ns 298 ns
6755184 ns 6755400 ns 216 ns
6756236 ns 6756452 ns 216 ns
6756421 ns 6756636 ns 215 ns
6756598 ns 6756816 ns 218 ns
6756781 ns 6756996 ns 215 ns
6756962 ns 6757180 ns 218 ns
6757554 ns 6757772 ns 218 ns
6757964 ns 6758180 ns 216 ns
6758142 ns 6758360 ns 218 ns
6758319 ns 6758536 ns 217 ns
6758492 ns 6758708 ns 216 ns
6758647 ns 6758864 ns 217 ns
6758798 ns 6759016 ns 218 ns
6758993 ns 6759208 ns 215 ns
6759241 ns 6759456 ns 215 ns
6759409 ns 6759624 ns 215 ns
6759558 ns 6759776 ns 218 ns
6759755 ns 6759972 ns 217 ns
6761226 ns 6761444 ns 218 ns
6761419 ns 6761636 ns 217 ns
6761687 ns 6761904 ns 217 ns
6780136 ns 6780352 ns 216 ns
6780664 ns 6780880 ns 216 ns
6781028 ns 6781244 ns 216 ns
6781551 ns 6781768 ns 217 ns
6781742 ns 6781960 ns 218 ns
6782253 ns 6782468 ns 215 ns
6856833 ns 6857116 ns 283 ns
6859994 ns 6860224 ns 230 ns
6860523 ns 6860780 ns 257 ns
6860875 ns 6861188 ns 313 ns
6861539 ns 6861756 ns 217 ns
6861790 ns 6862008 ns 218 ns
6862160 ns 6862376 ns 216 ns
6867118 ns 6867336 ns 218 ns
6936830 ns 6937112 ns 282 ns
6940019 ns 6940236 ns 217 ns
6940543 ns 6940760 ns 217 ns
6940895 ns 6941112 ns 217 ns
6941429 ns 6941644 ns 215 ns
6941688 ns 6941904 ns 216 ns
6942103 ns 6942472 ns 369 ns
6984426 ns 6984644 ns 218 ns
6986410 ns 6986628 ns 218 ns
6987468 ns 6987684 ns 216 ns
6987644 ns 6987860 ns 216 ns
6987789 ns 6988004 ns 215 ns
6987963 ns 6988180 ns 217 ns
6988137 ns 6988352 ns 215 ns
6988283 ns 6988500 ns 217 ns
6988428 ns 6988644 ns 216 ns
6988573 ns 6988788 ns 215 ns
6988899 ns 6989192 ns 293 ns
6988748 ns 6989212 ns 464 ns
6989044 ns 6989272 ns 228 ns
6989195 ns 6989464 ns 269 ns
6989372 ns 6989588 ns 216 ns
6989548 ns 6989764 ns 216 ns
6989720 ns 6989940 ns 220 ns
6989895 ns 6990112 ns 217 ns
6990065 ns 6990280 ns 215 ns
6990233 ns 6990448 ns 215 ns
6990410 ns 6990628 ns 218 ns
6990563 ns 6990780 ns 217 ns
6990748 ns 6990964 ns 216 ns
6992937 ns 6993152 ns 215 ns
6993285 ns 6993504 ns 219 ns
6993643 ns 6993860 ns 217 ns
6993817 ns 6994032 ns 215 ns
6993987 ns 6994204 ns 217 ns
6994171 ns 6994388 ns 217 ns
6996295 ns 6996512 ns 217 ns
7020008 ns 7020392 ns 384 ns
7020534 ns 7020824 ns 290 ns
7020898 ns 7021116 ns 218 ns
7021474 ns 7021692 ns 218 ns
7021708 ns 7021924 ns 216 ns
7022095 ns 7022344 ns 249 ns
7096819 ns 7097040 ns 221 ns
7100104 ns 7100320 ns 216 ns
7100628 ns 7100844 ns 216 ns
7100977 ns 7101192 ns 215 ns
7101582 ns 7101800 ns 218 ns
7101767 ns 7101984 ns 217 ns
7102272 ns 7102488 ns 216 ns
7130320 ns 7130536 ns 216 ns
7176817 ns 7177032 ns 215 ns
7180113 ns 7180328 ns 215 ns
7180635 ns 7180868 ns 233 ns
7180983 ns 7181200 ns 217 ns
7181501 ns 7181716 ns 215 ns
7181681 ns 7181896 ns 215 ns
7182414 ns 7182632 ns 218 ns
7256815 ns 7257032 ns 217 ns
7275677 ns 7275892 ns 215 ns
7276204 ns 7276420 ns 216 ns
7276374 ns 7276604 ns 230 ns
7336814 ns 7337032 ns 218 ns
7340055 ns 7340276 ns 221 ns
7340593 ns 7340808 ns 215 ns
7340958 ns 7341180 ns 222 ns
7341486 ns 7341704 ns 218 ns
7341661 ns 7341876 ns 215 ns
7342011 ns 7342228 ns 217 ns
7380418 ns 7380708 ns 290 ns
7381135 ns 7381352 ns 217 ns
7381369 ns 7381584 ns 215 ns
7382086 ns 7382376 ns 290 ns
7456811 ns 7457352 ns 541 ns
7460255 ns 7460472 ns 217 ns
7460873 ns 7461088 ns 215 ns
7461224 ns 7461476 ns 252 ns
7461825 ns 7462040 ns 215 ns
7462002 ns 7462220 ns 218 ns
7462516 ns 7462812 ns 296 ns
7518401 ns 7518616 ns 215 ns
7518925 ns 7519140 ns 215 ns
7519097 ns 7519312 ns 215 ns
7519252 ns 7519612 ns 360 ns
7576808 ns 7577024 ns 216 ns
7580103 ns 7580324 ns 221 ns
7580627 ns 7580844 ns 217 ns
7580977 ns 7581192 ns 215 ns
7581516 ns 7581732 ns 216 ns
7581700 ns 7582052 ns 352 ns
7582060 ns 7582356 ns 296 ns
7656807 ns 7657024 ns 217 ns
7660138 ns 7660356 ns 218 ns
7660699 ns 7660916 ns 217 ns
7661052 ns 7661268 ns 216 ns
7661624 ns 7661840 ns 216 ns
7661972 ns 7662188 ns 216 ns
7662337 ns 7662552 ns 215 ns
7736805 ns 7737020 ns 215 ns
7740087 ns 7740304 ns 217 ns
7740612 ns 7740840 ns 228 ns
7740965 ns 7741180 ns 215 ns
7741563 ns 7741780 ns 217 ns
7741909 ns 7742124 ns 215 ns
7742273 ns 7742488 ns 215 ns
7782322 ns 7782540 ns 218 ns
7784135 ns 7784352 ns 217 ns
7784312 ns 7784528 ns 216 ns
7784671 ns 7784900 ns 229 ns
7784846 ns 7785064 ns 218 ns
7785020 ns 7785236 ns 216 ns
7786104 ns 7786332 ns 228 ns
7786287 ns 7786504 ns 217 ns
7786646 ns 7786864 ns 218 ns
7786821 ns 7787036 ns 215 ns
7786997 ns 7787212 ns 215 ns
7787167 ns 7787384 ns 217 ns
7791321 ns 7791556 ns 235 ns
7791494 ns 7791712 ns 218 ns
7791668 ns 7791884 ns 216 ns
7791846 ns 7792080 ns 234 ns
7792015 ns 7792232 ns 217 ns
7792188 ns 7792592 ns 404 ns
7792360 ns 7792632 ns 272 ns
7792535 ns 7792752 ns 217 ns
7792711 ns 7792944 ns 233 ns
7792887 ns 7793104 ns 217 ns
7793064 ns 7793280 ns 216 ns
7793243 ns 7793460 ns 217 ns
7793584 ns 7793800 ns 216 ns
7794098 ns 7794316 ns 218 ns
7794953 ns 7795168 ns 215 ns
7795138 ns 7795356 ns 218 ns
7795309 ns 7795524 ns 215 ns
7795496 ns 7795712 ns 216 ns
7795680 ns 7795896 ns 216 ns
7796257 ns 7796472 ns 215 ns
7796668 ns 7796884 ns 216 ns
7797016 ns 7797232 ns 216 ns
7797186 ns 7797404 ns 218 ns
7797365 ns 7797580 ns 215 ns
7797540 ns 7797756 ns 216 ns
7797719 ns 7797936 ns 217 ns
7797908 ns 7798124 ns 216 ns
7798155 ns 7798372 ns 217 ns
7798324 ns 7798540 ns 216 ns
7798497 ns 7798712 ns 215 ns
7798670 ns 7798888 ns 218 ns
7800173 ns 7800392 ns 219 ns
7801600 ns 7801816 ns 216 ns
7802158 ns 7802376 ns 218 ns
7856789 ns 7857004 ns 215 ns
7860076 ns 7860368 ns 292 ns
7860617 ns 7860900 ns 283 ns
7860988 ns 7861204 ns 216 ns
7861527 ns 7861744 ns 217 ns
7861703 ns 7861920 ns 217 ns
7862053 ns 7862268 ns 215 ns
7889426 ns 7889644 ns 218 ns
7936786 ns 7937004 ns 218 ns
7940247 ns 7940464 ns 217 ns
7940774 ns 7941008 ns 234 ns
7941124 ns 7941340 ns 216 ns
7941661 ns 7941876 ns 215 ns
7941987 ns 7942204 ns 217 ns
7942375 ns 7942644 ns 269 ns
7944115 ns 7944332 ns 217 ns
8016785 ns 8017 us 215 ns
8020649 ns 8020864 ns 215 ns
8021175 ns 8021392 ns 217 ns
8021689 ns 8021904 ns 215 ns
8022351 ns 8022568 ns 217 ns
8022601 ns 8022828 ns 227 ns
8023189 ns 8023404 ns 215 ns
8096783 ns 8097 us 217 ns
8100343 ns 8100560 ns 217 ns
8100872 ns 8101124 ns 252 ns
8101222 ns 8101436 ns 214 ns
8101853 ns 8102068 ns 215 ns
8102053 ns 8102268 ns 215 ns
8102418 ns 8102632 ns 214 ns
8176781 ns 8176996 ns 215 ns
8180070 ns 8180332 ns 262 ns
8180594 ns 8180812 ns 218 ns
8180946 ns 8181164 ns 218 ns
8181507 ns 8181724 ns 217 ns
8181675 ns 8181892 ns 217 ns
8182148 ns 8182636 ns 488 ns
8256779 ns 8257004 ns 225 ns
8260096 ns 8260312 ns 216 ns
8260620 ns 8260836 ns 216 ns
8260968 ns 8261184 ns 216 ns
8261535 ns 8261752 ns 217 ns
8261712 ns 8261928 ns 216 ns
8262184 ns 8262400 ns 216 ns
8305032 ns 8305248 ns 216 ns
8305213 ns 8305428 ns 215 ns
8307211 ns 8307428 ns 217 ns
8314038 ns 8314256 ns 218 ns
8314558 ns 8314776 ns 218 ns
8314737 ns 8315212 ns 475 ns
8315956 ns 8316172 ns 216 ns
8316142 ns 8316356 ns 214 ns
8318722 ns 8318936 ns 214 ns
8340010 ns 8340224 ns 214 ns
8340539 ns 8340760 ns 221 ns
8340905 ns 8341136 ns 231 ns
8341442 ns 8341660 ns 218 ns
8341645 ns 8341860 ns 215 ns
8342172 ns 8342388 ns 216 ns
8411120 ns 8411336 ns 216 ns
8416776 ns 8416992 ns 216 ns
8420003 ns 8420220 ns 217 ns
8420545 ns 8420764 ns 219 ns
8420911 ns 8421128 ns 217 ns
8421440 ns 8421656 ns 216 ns
8421618 ns 8421832 ns 214 ns
8421971 ns 8422188 ns 217 ns
8496775 ns 8496992 ns 217 ns
8513546 ns 8513760 ns 214 ns
8514073 ns 8514288 ns 215 ns
8514242 ns 8514456 ns 214 ns
8532061 ns 8532304 ns 243 ns
8532236 ns 8532452 ns 216 ns
8533008 ns 8533224 ns 216 ns
8534350 ns 8534568 ns 218 ns
8534529 ns 8534744 ns 215 ns
8541021 ns 8541488 ns 467 ns
8541540 ns 8541796 ns 256 ns
8541721 ns 8541984 ns 263 ns
8542086 ns 8542308 ns 222 ns
8561095 ns 8561312 ns 217 ns
8562492 ns 8562708 ns 216 ns
8562769 ns 8562984 ns 215 ns
8563329 ns 8563544 ns 215 ns
8565366 ns 8565584 ns 218 ns
8565730 ns 8565944 ns 214 ns
8566006 ns 8566224 ns 218 ns
8566274 ns 8566488 ns 214 ns
8567076 ns 8567292 ns 216 ns
8567595 ns 8567812 ns 217 ns
8567869 ns 8568084 ns 215 ns
8568142 ns 8568356 ns 214 ns
8568429 ns 8568644 ns 215 ns
8568705 ns 8568920 ns 215 ns
8568976 ns 8569224 ns 248 ns
8569245 ns 8569460 ns 215 ns
8569516 ns 8569732 ns 216 ns
8569832 ns 8570048 ns 216 ns
8570744 ns 8570960 ns 216 ns
8571336 ns 8571552 ns 216 ns
8571606 ns 8571820 ns 214 ns
8571870 ns 8572084 ns 214 ns
8572842 ns 8573060 ns 218 ns
8573579 ns 8573796 ns 217 ns
8573844 ns 8574060 ns 216 ns
8574652 ns 8574868 ns 216 ns
8574973 ns 8575188 ns 215 ns
8576157 ns 8576372 ns 215 ns
8576334 ns 8576552 ns 218 ns
8576731 ns 8576948 ns 217 ns
8576915 ns 8577132 ns 217 ns
8577535 ns 8577752 ns 217 ns
8577714 ns 8577932 ns 218 ns
8578126 ns 8578340 ns 214 ns
8578818 ns 8579032 ns 214 ns
8578996 ns 8579220 ns 224 ns
8579179 ns 8579396 ns 217 ns
8579371 ns 8579588 ns 217 ns
8579740 ns 8580004 ns 264 ns
8579916 ns 8580132 ns 216 ns
8580105 ns 8580392 ns 287 ns
8580292 ns 8580508 ns 216 ns
8581066 ns 8581280 ns 214 ns
8581736 ns 8581952 ns 216 ns
8581909 ns 8582124 ns 215 ns
8581922 ns 8582144 ns 222 ns
8582127 ns 8582352 ns 225 ns
8582483 ns 8582700 ns 217 ns
8583187 ns 8583404 ns 217 ns
8583359 ns 8583576 ns 217 ns
8583449 ns 8583668 ns 219 ns
8583461 ns 8583688 ns 227 ns
8583622 ns 8583836 ns 214 ns
8583730 ns 8583948 ns 218 ns
8583841 ns 8584060 ns 219 ns
8584119 ns 8584356 ns 237 ns
8584245 ns 8584468 ns 223 ns
8584298 ns 8584512 ns 214 ns
8584312 ns 8584532 ns 220 ns
8584452 ns 8584668 ns 216 ns
8584496 ns 8584764 ns 268 ns
8584701 ns 8584916 ns 215 ns
8585042 ns 8585260 ns 218 ns
8585088 ns 8585308 ns 220 ns
8585079 ns 8585328 ns 249 ns
8585236 ns 8585452 ns 216 ns
8585457 ns 8585672 ns 215 ns
8585962 ns 8586176 ns 214 ns
8586796 ns 8587032 ns 236 ns
8586967 ns 8587208 ns 241 ns
8587137 ns 8587372 ns 235 ns
8587954 ns 8588356 ns 402 ns
8588573 ns 8588852 ns 279 ns
8588957 ns 8589180 ns 223 ns
8589573 ns 8589788 ns 215 ns
8589684 ns 8589900 ns 216 ns
8589825 ns 8590040 ns 215 ns
8589902 ns 8590116 ns 214 ns
8589966 ns 8590184 ns 218 ns
8590116 ns 8590332 ns 216 ns
8590260 ns 8590476 ns 216 ns
8590308 ns 8590524 ns 216 ns
8590405 ns 8590676 ns 271 ns
8590626 ns 8590840 ns 214 ns
8590809 ns 8591024 ns 215 ns
8590895 ns 8591132 ns 237 ns
8590977 ns 8591212 ns 235 ns
8591669 ns 8591940 ns 271 ns
8592004 ns 8592220 ns 216 ns
8592192 ns 8592420 ns 228 ns
8592506 ns 8592748 ns 242 ns
8593036 ns 8593336 ns 300 ns
8593388 ns 8593616 ns 228 ns
8593750 ns 8594028 ns 278 ns
8594098 ns 8594316 ns 218 ns
8594344 ns 8594576 ns 232 ns
8594526 ns 8594752 ns 226 ns
8595092 ns 8595320 ns 228 ns
8595357 ns 8595572 ns 215 ns
8596065 ns 8596280 ns 215 ns
8596991 ns 8597208 ns 217 ns
8597583 ns 8597804 ns 221 ns
8597838 ns 8598052 ns 214 ns
8598757 ns 8598980 ns 223 ns
8600175 ns 8600392 ns 217 ns
8600396 ns 8600612 ns 216 ns
8601056 ns 8601272 ns 216 ns
8601375 ns 8601592 ns 217 ns
8601380 ns 8601692 ns 312 ns
8602045 ns 8602288 ns 243 ns
8602613 ns 8602860 ns 247 ns
8602971 ns 8603188 ns 217 ns
8603450 ns 8603832 ns 382 ns
8603667 ns 8603916 ns 249 ns
8604319 ns 8604540 ns 221 ns
8604370 ns 8604584 ns 214 ns
8604610 ns 8604824 ns 214 ns
8604788 ns 8605004 ns 216 ns
8604913 ns 8605128 ns 215 ns
8605128 ns 8605344 ns 216 ns
8608236 ns 8608528 ns 292 ns
8611251 ns 8611648 ns 397 ns
8611583 ns 8611800 ns 217 ns
8611766 ns 8611988 ns 222 ns
8611944 ns 8612176 ns 232 ns
8612120 ns 8612336 ns 216 ns
8612304 ns 8612520 ns 216 ns
8612476 ns 8612692 ns 216 ns
8612643 ns 8612872 ns 229 ns
8612816 ns 8613048 ns 232 ns
8612984 ns 8613200 ns 216 ns
8615304 ns 8615520 ns 216 ns
8619589 ns 8619804 ns 215 ns
8620134 ns 8620352 ns 218 ns
8620488 ns 8620704 ns 216 ns
8621005 ns 8621220 ns 215 ns
8621250 ns 8621464 ns 214 ns
8621946 ns 8622160 ns 214 ns
8623256 ns 8623472 ns 216 ns
8625519 ns 8625736 ns 217 ns
8625985 ns 8626200 ns 215 ns
8626760 ns 8627232 ns 472 ns
8627113 ns 8627328 ns 215 ns
8627298 ns 8627512 ns 214 ns
8627444 ns 8627660 ns 216 ns
8627591 ns 8627812 ns 221 ns
8627612 ns 8627832 ns 220 ns
8628087 ns 8628304 ns 217 ns
8628345 ns 8628560 ns 215 ns
8628596 ns 8628812 ns 216 ns
8628607 ns 8628832 ns 225 ns
8629172 ns 8629388 ns 216 ns
8629789 ns 8630004 ns 215 ns
8630835 ns 8631060 ns 225 ns
8631103 ns 8631320 ns 217 ns
8631546 ns 8631760 ns 214 ns
8632124 ns 8632340 ns 216 ns
8632601 ns 8632816 ns 215 ns
8632867 ns 8633088 ns 221 ns
8633145 ns 8633360 ns 215 ns
8633413 ns 8633628 ns 215 ns
8633673 ns 8633888 ns 215 ns
8634486 ns 8634700 ns 214 ns
8636844 ns 8637128 ns 284 ns
8637767 ns 8637984 ns 217 ns
8637936 ns 8638152 ns 216 ns
8637937 ns 8638172 ns 235 ns
8638401 ns 8638620 ns 219 ns
8638574 ns 8638792 ns 218 ns
8638605 ns 8638820 ns 215 ns
8638893 ns 8639108 ns 215 ns
8639788 ns 8640004 ns 216 ns
8639969 ns 8640184 ns 215 ns
8640154 ns 8640368 ns 214 ns
8640331 ns 8640548 ns 217 ns
8640506 ns 8640728 ns 222 ns
8640679 ns 8640896 ns 217 ns
8641596 ns 8641812 ns 216 ns
8641708 ns 8641964 ns 256 ns
8642040 ns 8642256 ns 216 ns
8642250 ns 8642524 ns 274 ns
8642810 ns 8643024 ns 214 ns
8643006 ns 8643220 ns 214 ns
8643020 ns 8643240 ns 220 ns
8643191 ns 8643420 ns 229 ns
8643194 ns 8643440 ns 246 ns
8644518 ns 8644732 ns 214 ns
8644710 ns 8644924 ns 214 ns
8644977 ns 8645192 ns 215 ns
8646064 ns 8646324 ns 260 ns
8646903 ns 8647120 ns 217 ns
8647072 ns 8647288 ns 216 ns
8647244 ns 8647464 ns 220 ns
8647404 ns 8647620 ns 216 ns
8647786 ns 8648004 ns 218 ns
8647898 ns 8648116 ns 218 ns
8648081 ns 8648296 ns 215 ns
8648911 ns 8649128 ns 217 ns
8649475 ns 8649708 ns 233 ns
8650038 ns 8650252 ns 214 ns
8650113 ns 8650328 ns 215 ns
8650496 ns 8650760 ns 264 ns
8651053 ns 8651280 ns 227 ns
8651606 ns 8651884 ns 278 ns
8652667 ns 8652924 ns 257 ns
8653234 ns 8653488 ns 254 ns
8653913 ns 8654128 ns 215 ns
8654286 ns 8654504 ns 218 ns
8655243 ns 8655460 ns 217 ns
8655812 ns 8656032 ns 220 ns
8656176 ns 8656440 ns 264 ns
8656567 ns 8656792 ns 225 ns
8657177 ns 8657392 ns 215 ns
8657625 ns 8657840 ns 215 ns
8657997 ns 8658504 ns 507 ns
8658371 ns 8658640 ns 269 ns
8659534 ns 8659776 ns 242 ns
8660423 ns 8660648 ns 225 ns
8660664 ns 8660884 ns 220 ns
8660849 ns 8661064 ns 215 ns
8660883 ns 8661116 ns 233 ns
8661213 ns 8661428 ns 215 ns
8661423 ns 8661640 ns 217 ns
8661681 ns 8661896 ns 215 ns
8661730 ns 8661968 ns 238 ns
8662124 ns 8662368 ns 244 ns
8664883 ns 8665100 ns 217 ns
8665182 ns 8665396 ns 214 ns
8666109 ns 8666324 ns 215 ns
8666606 ns 8666820 ns 214 ns
8667404 ns 8667636 ns 232 ns
8667686 ns 8667900 ns 214 ns
8667875 ns 8668092 ns 217 ns
8668052 ns 8668268 ns 216 ns
8670512 ns 8670728 ns 216 ns
8682929 ns 8683152 ns 223 ns
8683294 ns 8683512 ns 218 ns
8683527 ns 8683744 ns 217 ns
8683896 ns 8684112 ns 216 ns
8684089 ns 8684304 ns 215 ns
8684764 ns 8684980 ns 216 ns
8689480 ns 8689696 ns 216 ns
8689657 ns 8689872 ns 215 ns
8689847 ns 8690064 ns 217 ns
8690026 ns 8690240 ns 214 ns
8690203 ns 8690420 ns 217 ns
8690685 ns 8690900 ns 215 ns
8690872 ns 8691088 ns 216 ns
8691050 ns 8691268 ns 218 ns
8691349 ns 8691564 ns 215 ns
8691581 ns 8691796 ns 215 ns
8691761 ns 8691976 ns 215 ns
8691936 ns 8692156 ns 220 ns
8694561 ns 8694776 ns 215 ns
8700377 ns 8700600 ns 223 ns
8701198 ns 8701428 ns 230 ns
8701412 ns 8701628 ns 216 ns
8701793 ns 8702072 ns 279 ns
8711973 ns 8712204 ns 231 ns
8712412 ns 8712628 ns 216 ns
8713154 ns 8713368 ns 214 ns
8713334 ns 8713552 ns 218 ns
8713522 ns 8713740 ns 218 ns
8714992 ns 8715208 ns 216 ns
8717459 ns 8717676 ns 217 ns
8726632 ns 8726848 ns 216 ns
8727047 ns 8727264 ns 217 ns
8727401 ns 8727616 ns 215 ns
8727601 ns 8727816 ns 215 ns
8727975 ns 8728192 ns 217 ns
8729658 ns 8729876 ns 218 ns
8729821 ns 8730036 ns 215 ns
8730010 ns 8730224 ns 214 ns
8730195 ns 8730412 ns 217 ns
8730733 ns 8730948 ns 215 ns
8734348 ns 8734564 ns 216 ns
8740460 ns 8740760 ns 300 ns
8741197 ns 8741412 ns 215 ns
8741462 ns 8741676 ns 214 ns
8742135 ns 8742352 ns 217 ns
8743491 ns 8743708 ns 217 ns
8780555 ns 8780772 ns 217 ns
8781196 ns 8781424 ns 228 ns
8781423 ns 8781640 ns 217 ns
8781846 ns 8782064 ns 218 ns
8856703 ns 8856920 ns 217 ns
8859999 ns 8860216 ns 217 ns
8860564 ns 8860780 ns 216 ns
8860926 ns 8861248 ns 322 ns
8861464 ns 8861680 ns 216 ns
8861640 ns 8861856 ns 216 ns
8861993 ns 8862208 ns 215 ns
8900375 ns 8900592 ns 217 ns
8901025 ns 8901244 ns 219 ns
8901283 ns 8901500 ns 217 ns
8901995 ns 8902284 ns 289 ns
8904954 ns 8905172 ns 218 ns
8905136 ns 8905352 ns 216 ns
8905603 ns 8905820 ns 217 ns
8906326 ns 8906544 ns 218 ns
8906563 ns 8906780 ns 217 ns
8906749 ns 8906964 ns 215 ns
8906997 ns 8907212 ns 215 ns
8912723 ns 8912940 ns 217 ns
8913239 ns 8913536 ns 297 ns
8913582 ns 8913800 ns 218 ns
8913765 ns 8913980 ns 215 ns
8919081 ns 8919296 ns 215 ns
8919450 ns 8919664 ns 214 ns
8920275 ns 8920492 ns 217 ns
8922832 ns 8923048 ns 216 ns
8923015 ns 8923232 ns 217 ns
8923951 ns 8924168 ns 217 ns
8925370 ns 8925584 ns 214 ns
8925627 ns 8925844 ns 217 ns
8926916 ns 8927132 ns 216 ns
8927100 ns 8927320 ns 220 ns
8928019 ns 8928236 ns 217 ns
8929001 ns 8929216 ns 215 ns
8930060 ns 8930276 ns 216 ns
8930389 ns 8930604 ns 215 ns
8930538 ns 8930752 ns 214 ns
8930725 ns 8930940 ns 215 ns
8930908 ns 8931124 ns 216 ns
8931004 ns 8931392 ns 388 ns
8931478 ns 8931696 ns 218 ns
8931963 ns 8932180 ns 217 ns
8932219 ns 8932436 ns 217 ns
8937137 ns 8937352 ns 215 ns
8937336 ns 8937568 ns 232 ns
8937489 ns 8937704 ns 215 ns
8937668 ns 8937884 ns 216 ns
8937850 ns 8938064 ns 214 ns
8938097 ns 8938312 ns 215 ns
8938567 ns 8938788 ns 221 ns
8939533 ns 8939748 ns 215 ns
8940479 ns 8940760 ns 281 ns
8940809 ns 8941024 ns 215 ns
8941254 ns 8941472 ns 218 ns
8941340 ns 8941556 ns 216 ns
8941578 ns 8941792 ns 214 ns
8942069 ns 8942352 ns 283 ns
8942206 ns 8942424 ns 218 ns
8948191 ns 8948408 ns 217 ns
8949280 ns 8949496 ns 216 ns
8950184 ns 8950400 ns 216 ns
8952299 ns 8952516 ns 217 ns
8953561 ns 8953776 ns 215 ns
8953742 ns 8953956 ns 214 ns
8959376 ns 8959592 ns 216 ns
8960040 ns 8960256 ns 216 ns
8960574 ns 8960788 ns 214 ns
8965932 ns 8966148 ns 216 ns
8966290 ns 8966504 ns 214 ns
8976605 ns 8976820 ns 215 ns
8980486 ns 8980712 ns 226 ns
8981173 ns 8981388 ns 215 ns
8981403 ns 8981620 ns 217 ns
8981898 ns 8982112 ns 214 ns
8996621 ns 8996836 ns 215 ns
8997102 ns 8997316 ns 214 ns
8998216 ns 8998444 ns 228 ns
8998819 ns 8999036 ns 217 ns
8999005 ns 8999220 ns 215 ns
8999943 ns 9000160 ns 217 ns
9001101 ns 9001332 ns 231 ns
9003521 ns 9003736 ns 215 ns
9020410 ns 9020628 ns 218 ns
9021126 ns 9021340 ns 214 ns
9021429 ns 9021644 ns 215 ns
9021848 ns 9022064 ns 216 ns
9024518 ns 9024732 ns 214 ns
9025215 ns 9025432 ns 217 ns
9025429 ns 9025644 ns 215 ns
9025778 ns 9025992 ns 214 ns
9025965 ns 9026180 ns 215 ns
9027267 ns 9027484 ns 217 ns
9027492 ns 9027708 ns 216 ns
9027772 ns 9027988 ns 216 ns
9028368 ns 9028584 ns 216 ns
9028555 ns 9028772 ns 217 ns
9028744 ns 9028960 ns 216 ns
9031027 ns 9031308 ns 281 ns
9031461 ns 9031676 ns 215 ns
9031918 ns 9032132 ns 214 ns
9032812 ns 9033028 ns 216 ns
9033868 ns 9034084 ns 216 ns
9037376 ns 9037592 ns 216 ns
9038526 ns 9038740 ns 214 ns
9038710 ns 9038924 ns 214 ns
9041359 ns 9041576 ns 217 ns
9041959 ns 9042176 ns 217 ns
9042958 ns 9043172 ns 214 ns
9043100 ns 9043316 ns 216 ns
9043238 ns 9043452 ns 214 ns
9043472 ns 9043688 ns 216 ns
9043615 ns 9043832 ns 217 ns
9044004 ns 9044220 ns 216 ns
9045003 ns 9045220 ns 217 ns
9045182 ns 9045396 ns 214 ns
9045357 ns 9045572 ns 215 ns
9045545 ns 9045760 ns 215 ns
9045728 ns 9045944 ns 216 ns
9046381 ns 9046596 ns 215 ns
9046705 ns 9046920 ns 215 ns
9046883 ns 9047100 ns 217 ns
9047063 ns 9047280 ns 217 ns
9048270 ns 9048484 ns 214 ns
9048525 ns 9048740 ns 215 ns
9048800 ns 9049016 ns 216 ns
9049073 ns 9049288 ns 215 ns
9049293 ns 9049508 ns 215 ns
9053722 ns 9053936 ns 214 ns
9055872 ns 9056236 ns 364 ns
9056593 ns 9056944 ns 351 ns
9056802 ns 9057020 ns 218 ns
9056956 ns 9057172 ns 216 ns
9059461 ns 9059676 ns 215 ns
9062750 ns 9062968 ns 218 ns
9064947 ns 9065164 ns 217 ns
9065125 ns 9065340 ns 215 ns
9065878 ns 9066096 ns 218 ns
9070253 ns 9070468 ns 215 ns
9080362 ns 9080580 ns 218 ns
9080819 ns 9081036 ns 217 ns
9086678 ns 9086892 ns 214 ns
9086853 ns 9087068 ns 215 ns
9088836 ns 9089052 ns 216 ns
9091126 ns 9091344 ns 218 ns
9099887 ns 9100148 ns 261 ns
9100416 ns 9100632 ns 216 ns
9100776 ns 9100992 ns 216 ns
9101301 ns 9101516 ns 215 ns
9101487 ns 9101704 ns 217 ns
9102028 ns 9102244 ns 216 ns
9122102 ns 9122316 ns 214 ns
9122466 ns 9122684 ns 218 ns
9122699 ns 9122916 ns 217 ns
9123063 ns 9123280 ns 217 ns
9123237 ns 9123452 ns 215 ns
9123411 ns 9123628 ns 217 ns
9128953 ns 9129168 ns 215 ns
9129166 ns 9129384 ns 218 ns
9129398 ns 9129612 ns 214 ns
9129980 ns 9130196 ns 216 ns
9130162 ns 9130376 ns 214 ns
9130336 ns 9130552 ns 216 ns
9132511 ns 9132728 ns 217 ns
9141577 ns 9141992 ns 415 ns
9142035 ns 9142304 ns 269 ns
9145383 ns 9145600 ns 217 ns
9148092 ns 9148308 ns 216 ns
9151987 ns 9152204 ns 217 ns
9156509 ns 9156724 ns 215 ns
9156693 ns 9156908 ns 215 ns
9159184 ns 9159400 ns 216 ns
9159785 ns 9160 us 215 ns
9160766 ns 9160980 ns 214 ns
9161421 ns 9161636 ns 215 ns
9162518 ns 9162736 ns 218 ns
9176584 ns 9176800 ns 216 ns
9179261 ns 9179476 ns 215 ns
9179796 ns 9180072 ns 276 ns
9180330 ns 9180544 ns 214 ns
9181 us 9181216 ns 216 ns
9181254 ns 9181472 ns 218 ns
9181799 ns 9182016 ns 217 ns
9190656 ns 9190872 ns 216 ns
9191340 ns 9191556 ns 216 ns
9192536 ns 9192764 ns 228 ns
9193409 ns 9193624 ns 215 ns
9194058 ns 9194276 ns 218 ns
9195658 ns 9195872 ns 214 ns
9196111 ns 9196328 ns 217 ns
9197006 ns 9197220 ns 214 ns
9197159 ns 9197376 ns 217 ns
9203240 ns 9203468 ns 228 ns
9203720 ns 9203936 ns 216 ns
9206001 ns 9206216 ns 215 ns
9208238 ns 9208452 ns 214 ns
9220364 ns 9220592 ns 228 ns
9221443 ns 9221660 ns 217 ns
9221622 ns 9221836 ns 214 ns
9222014 ns 9222356 ns 342 ns
9229439 ns 9229668 ns 229 ns
9229810 ns 9230032 ns 222 ns
9230051 ns 9230268 ns 217 ns
9230415 ns 9230632 ns 217 ns
9230602 ns 9230824 ns 222 ns
9232101 ns 9232316 ns 215 ns
9232410 ns 9232624 ns 214 ns
9232599 ns 9232832 ns 233 ns
9232810 ns 9233028 ns 218 ns
9232994 ns 9233212 ns 218 ns
9233186 ns 9233404 ns 218 ns
9233768 ns 9233984 ns 216 ns
9234410 ns 9234644 ns 234 ns
9246292 ns 9246596 ns 304 ns
9246476 ns 9246692 ns 216 ns
9250230 ns 9250460 ns 230 ns
9250371 ns 9250588 ns 217 ns
9250516 ns 9250744 ns 228 ns
9250670 ns 9250892 ns 222 ns
9251 us 9251228 ns 228 ns
9250824 ns 9251320 ns 496 ns
9251266 ns 9251484 ns 218 ns
9253458 ns 9253688 ns 230 ns
9254283 ns 9254540 ns 257 ns
9255107 ns 9255324 ns 217 ns
9255367 ns 9255608 ns 241 ns
9270093 ns 9270308 ns 215 ns
9270269 ns 9270484 ns 215 ns
9270440 ns 9270656 ns 216 ns
9270739 ns 9270956 ns 217 ns
9271091 ns 9271316 ns 225 ns
9271331 ns 9271548 ns 217 ns
9271506 ns 9271720 ns 214 ns
9272389 ns 9272616 ns 227 ns
9272801 ns 9273052 ns 251 ns
9272999 ns 9273216 ns 217 ns
9273150 ns 9273384 ns 234 ns
9273304 ns 9273520 ns 216 ns
9273482 ns 9273700 ns 218 ns
9273637 ns 9273852 ns 215 ns
9273793 ns 9274008 ns 215 ns
9273946 ns 9274164 ns 218 ns
9274741 ns 9274972 ns 231 ns
9274895 ns 9275120 ns 225 ns
9275047 ns 9275264 ns 217 ns
9275213 ns 9275428 ns 215 ns
9276630 ns 9276848 ns 218 ns
9276782 ns 9277012 ns 230 ns
9276938 ns 9277152 ns 214 ns
9277090 ns 9277312 ns 222 ns
9279402 ns 9279616 ns 214 ns
9279555 ns 9279772 ns 217 ns
9279708 ns 9279924 ns 216 ns
9279861 ns 9280080 ns 219 ns
9282676 ns 9282908 ns 232 ns
9282863 ns 9283080 ns 217 ns
9283058 ns 9283272 ns 214 ns
9283094 ns 9283308 ns 214 ns
9283244 ns 9283460 ns 216 ns
9283276 ns 9283492 ns 216 ns
9283468 ns 9283756 ns 288 ns
9284079 ns 9284304 ns 225 ns
9284410 ns 9284624 ns 214 ns
9284629 ns 9284860 ns 231 ns
9286503 ns 9286720 ns 217 ns
9287812 ns 9288028 ns 216 ns
9288341 ns 9288556 ns 215 ns
9289376 ns 9289596 ns 220 ns
9290520 ns 9290736 ns 216 ns
9296650 ns 9296868 ns 218 ns
9301127 ns 9301344 ns 217 ns
9301760 ns 9301976 ns 216 ns
9305258 ns 9305472 ns 214 ns
9305439 ns 9305864 ns 425 ns
9305631 ns 9305884 ns 253 ns
9306942 ns 9307156 ns 214 ns
9307100 ns 9307316 ns 216 ns
9307257 ns 9307472 ns 215 ns
9307417 ns 9307632 ns 215 ns
9307585 ns 9307820 ns 235 ns
9307599 ns 9307840 ns 241 ns
9307757 ns 9307972 ns 215 ns
9307915 ns 9308132 ns 217 ns
9308074 ns 9308292 ns 218 ns
9308255 ns 9308472 ns 217 ns
9308414 ns 9308636 ns 222 ns
9308571 ns 9308788 ns 217 ns
9308730 ns 9308956 ns 226 ns
9309550 ns 9309768 ns 218 ns
9309709 ns 9309924 ns 215 ns
9309868 ns 9310084 ns 216 ns
9310027 ns 9310252 ns 225 ns
9311444 ns 9311660 ns 216 ns
9311603 ns 9311820 ns 217 ns
9311760 ns 9312040 ns 280 ns
9311919 ns 9312136 ns 217 ns
9314188 ns 9314404 ns 216 ns
9314347 ns 9314564 ns 217 ns
9314506 ns 9314728 ns 222 ns
9314664 ns 9314924 ns 260 ns
9327146 ns 9327364 ns 218 ns
9327325 ns 9327544 ns 219 ns
9327514 ns 9327728 ns 214 ns
9328421 ns 9328636 ns 215 ns
9328735 ns 9329248 ns 513 ns
9329160 ns 9329376 ns 216 ns
9329304 ns 9329520 ns 216 ns
9329450 ns 9329668 ns 218 ns
9330915 ns 9331132 ns 217 ns
9331061 ns 9331280 ns 219 ns
9331206 ns 9331424 ns 218 ns
9331354 ns 9331568 ns 214 ns
9332303 ns 9332524 ns 221 ns
9333379 ns 9333636 ns 257 ns
9333521 ns 9333736 ns 215 ns
9333676 ns 9333924 ns 248 ns
9333822 ns 9334036 ns 214 ns
9333858 ns 9334088 ns 230 ns
9333968 ns 9334272 ns 304 ns
9334115 ns 9334332 ns 217 ns
9334844 ns 9335096 ns 252 ns
9335524 ns 9335744 ns 220 ns
9336805 ns 9337080 ns 275 ns
9337150 ns 9337364 ns 214 ns
9337694 ns 9337908 ns 214 ns
9338724 ns 9338948 ns 224 ns
9338872 ns 9339096 ns 224 ns
9339018 ns 9339236 ns 218 ns
9339165 ns 9339380 ns 215 ns
9339335 ns 9339564 ns 229 ns
9339483 ns 9339704 ns 221 ns
9339629 ns 9339844 ns 215 ns
9339776 ns 9340040 ns 264 ns
9339946 ns 9340160 ns 214 ns
9340094 ns 9340308 ns 214 ns
9340239 ns 9340456 ns 217 ns
9340391 ns 9340608 ns 217 ns
9340555 ns 9340772 ns 217 ns
9341742 ns 9341956 ns 214 ns
9343128 ns 9343344 ns 216 ns
9345028 ns 9345244 ns 216 ns
9345579 ns 9345896 ns 317 ns
9345745 ns 9345960 ns 215 ns
9345758 ns 9345980 ns 222 ns
9356872 ns 9357088 ns 216 ns
9361840 ns 9362072 ns 232 ns
9362009 ns 9362224 ns 215 ns
9362196 ns 9362412 ns 216 ns
9364948 ns 9365164 ns 216 ns
9365100 ns 9365316 ns 216 ns
9365251 ns 9365492 ns 241 ns
9365403 ns 9365620 ns 217 ns
9365583 ns 9365800 ns 217 ns
9365736 ns 9365952 ns 216 ns
9365889 ns 9366104 ns 215 ns
9366042 ns 9366260 ns 218 ns
9366219 ns 9366436 ns 217 ns
9366372 ns 9366644 ns 272 ns
9366526 ns 9366768 ns 242 ns
9366679 ns 9366896 ns 217 ns
9367510 ns 9367724 ns 214 ns
9367661 ns 9367876 ns 215 ns
9367814 ns 9368252 ns 438 ns
9367967 ns 9368272 ns 305 ns
9369364 ns 9369580 ns 216 ns
9369516 ns 9369732 ns 216 ns
9369667 ns 9369884 ns 217 ns
9369819 ns 9370036 ns 217 ns
9371868 ns 9372084 ns 216 ns
9372046 ns 9372260 ns 214 ns
9372223 ns 9372440 ns 217 ns
9372402 ns 9372616 ns 214 ns
9376035 ns 9376256 ns 221 ns
9376193 ns 9376420 ns 227 ns
9376346 ns 9376568 ns 222 ns
9376504 ns 9376720 ns 216 ns
9376567 ns 9376848 ns 281 ns
9380225 ns 9380452 ns 227 ns
9380382 ns 9380600 ns 218 ns
9380537 ns 9380764 ns 227 ns
9380695 ns 9380912 ns 217 ns
9380848 ns 9381068 ns 220 ns
9381006 ns 9381224 ns 218 ns
9381157 ns 9381384 ns 227 ns
9381314 ns 9381528 ns 214 ns
9381467 ns 9381684 ns 217 ns
9381624 ns 9381852 ns 228 ns
9381812 ns 9382044 ns 232 ns
9381969 ns 9382192 ns 223 ns
9382120 ns 9382340 ns 220 ns
9382278 ns 9382492 ns 214 ns
9382432 ns 9382648 ns 216 ns
9382589 ns 9382804 ns 215 ns
9382745 ns 9382960 ns 215 ns
9382903 ns 9383120 ns 217 ns
9383057 ns 9383308 ns 251 ns
9383215 ns 9383432 ns 217 ns
9383366 ns 9383792 ns 426 ns
9383528 ns 9383880 ns 352 ns
9383695 ns 9383924 ns 229 ns
9383853 ns 9384068 ns 215 ns
9384005 ns 9384220 ns 215 ns
9384162 ns 9384380 ns 218 ns
9384315 ns 9384532 ns 217 ns
9384472 ns 9384688 ns 216 ns
9387129 ns 9387344 ns 215 ns
9387286 ns 9387552 ns 266 ns
9387438 ns 9387660 ns 222 ns
9387596 ns 9387820 ns 224 ns
9387750 ns 9387964 ns 214 ns
9387910 ns 9388128 ns 218 ns
9388064 ns 9388280 ns 216 ns
9388223 ns 9388472 ns 249 ns
9388378 ns 9388596 ns 218 ns
9388536 ns 9388752 ns 216 ns
9388690 ns 9388964 ns 274 ns
9388848 ns 9389064 ns 216 ns
9389001 ns 9389216 ns 215 ns
9389161 ns 9389376 ns 215 ns
9389315 ns 9389544 ns 229 ns
9389472 ns 9389688 ns 216 ns
9389625 ns 9389840 ns 215 ns
9389783 ns 9390 us 217 ns
9389937 ns 9390152 ns 215 ns
9390095 ns 9390312 ns 217 ns
9390251 ns 9390468 ns 217 ns
9390410 ns 9390624 ns 214 ns
9390569 ns 9390784 ns 215 ns
9390725 ns 9390940 ns 215 ns
9390880 ns 9391096 ns 216 ns
9391037 ns 9391252 ns 215 ns
9391351 ns 9391612 ns 261 ns
9391192 ns 9391632 ns 440 ns
9391504 ns 9391760 ns 256 ns
9391663 ns 9391940 ns 277 ns
9391819 ns 9392048 ns 229 ns
9391976 ns 9392192 ns 216 ns
9392551 ns 9392768 ns 217 ns
9393439 ns 9393656 ns 217 ns
9393773 ns 9393988 ns 215 ns
9396784 ns 9397 us 216 ns
9400775 ns 9400992 ns 217 ns
9401339 ns 9401556 ns 217 ns
9456597 ns 9456812 ns 215 ns
9459887 ns 9460116 ns 229 ns
9460419 ns 9460636 ns 217 ns
9460770 ns 9460984 ns 214 ns
9461299 ns 9461516 ns 217 ns
9461473 ns 9461792 ns 319 ns
9461824 ns 9462040 ns 216 ns
9488239 ns 9488456 ns 217 ns
9488600 ns 9488816 ns 216 ns
9488865 ns 9489080 ns 215 ns
9489223 ns 9489440 ns 217 ns
9489409 ns 9489624 ns 215 ns
9496673 ns 9496988 ns 315 ns
9497429 ns 9497656 ns 227 ns
9498096 ns 9498316 ns 220 ns
9499125 ns 9499348 ns 223 ns
9500345 ns 9500848 ns 503 ns
9500675 ns 9500908 ns 233 ns
9501010 ns 9501244 ns 234 ns
9501340 ns 9501556 ns 216 ns
9501691 ns 9501912 ns 221 ns
9502017 ns 9502236 ns 219 ns
9502372 ns 9502592 ns 220 ns
9502489 ns 9502752 ns 263 ns
9502698 ns 9502932 ns 234 ns
9502838 ns 9503056 ns 218 ns
9503186 ns 9503400 ns 214 ns
9503404 ns 9503632 ns 228 ns
9503516 ns 9503732 ns 216 ns
9503520 ns 9503752 ns 232 ns
9503708 ns 9503924 ns 216 ns
9503729 ns 9503948 ns 219 ns
9504054 ns 9504272 ns 218 ns
9504078 ns 9504296 ns 218 ns
9504375 ns 9504592 ns 217 ns
9504702 ns 9504916 ns 214 ns
9504999 ns 9505216 ns 217 ns
9505329 ns 9505544 ns 215 ns
9505376 ns 9505592 ns 216 ns
9505640 ns 9505872 ns 232 ns
9505707 ns 9505940 ns 233 ns
9505987 ns 9506204 ns 217 ns
9506040 ns 9506260 ns 220 ns
9506310 ns 9506524 ns 214 ns
9506366 ns 9506584 ns 218 ns
9506501 ns 9506716 ns 215 ns
9506637 ns 9506852 ns 215 ns
9506959 ns 9507176 ns 217 ns
9507100 ns 9507320 ns 220 ns
9507316 ns 9507540 ns 224 ns
9507646 ns 9507864 ns 218 ns
9507819 ns 9508036 ns 217 ns
9507978 ns 9508192 ns 214 ns
9508300 ns 9508648 ns 348 ns
9508611 ns 9508828 ns 217 ns
9508937 ns 9509152 ns 215 ns
9509228 ns 9509448 ns 220 ns
9509513 ns 9509728 ns 215 ns
9509693 ns 9509940 ns 247 ns
9509873 ns 9510088 ns 215 ns
9510030 ns 9510256 ns 226 ns
9510206 ns 9510420 ns 214 ns
9510365 ns 9510580 ns 215 ns
9510563 ns 9510792 ns 229 ns
9510712 ns 9510928 ns 216 ns
9510897 ns 9511112 ns 215 ns
9511228 ns 9511444 ns 216 ns
9511525 ns 9511740 ns 215 ns
9511821 ns 9512036 ns 215 ns
9512151 ns 9512380 ns 229 ns
9512706 ns 9512924 ns 218 ns
9512882 ns 9513112 ns 230 ns
9513031 ns 9513248 ns 217 ns
9513208 ns 9513424 ns 216 ns
9513361 ns 9513576 ns 215 ns
9513539 ns 9513756 ns 217 ns
9513573 ns 9513788 ns 215 ns
9513687 ns 9513904 ns 217 ns
9513787 ns 9514004 ns 217 ns
9513864 ns 9514100 ns 236 ns
9513975 ns 9514276 ns 301 ns
9514217 ns 9514444 ns 227 ns
9514216 ns 9514484 ns 268 ns
9514546 ns 9514776 ns 230 ns
9514807 ns 9515024 ns 217 ns
9514877 ns 9515092 ns 215 ns
9514978 ns 9515208 ns 230 ns
9515198 ns 9515412 ns 214 ns
9515304 ns 9515520 ns 216 ns
9515637 ns 9515852 ns 215 ns
9515882 ns 9516100 ns 218 ns
9515964 ns 9516412 ns 448 ns
9516228 ns 9516444 ns 216 ns
9516564 ns 9516780 ns 216 ns
9516883 ns 9517100 ns 217 ns
9517831 ns 9518048 ns 217 ns
9517867 ns 9518084 ns 217 ns
9518156 ns 9518392 ns 236 ns
9518479 ns 9518736 ns 257 ns
9518800 ns 9519048 ns 248 ns
9522211 ns 9522428 ns 217 ns
9522606 ns 9522824 ns 218 ns
9523199 ns 9523520 ns 321 ns
9523697 ns 9523912 ns 215 ns
9524235 ns 9524452 ns 217 ns
9524783 ns 9525 us 217 ns
9524839 ns 9525092 ns 253 ns
9524937 ns 9525156 ns 219 ns
9525093 ns 9525308 ns 215 ns
9525270 ns 9525516 ns 246 ns
9525421 ns 9525684 ns 263 ns
9525564 ns 9525804 ns 240 ns
9525715 ns 9526 us 285 ns
9525891 ns 9526108 ns 217 ns
9526217 ns 9526444 ns 227 ns
9526553 ns 9526772 ns 219 ns
9526853 ns 9527068 ns 215 ns
9527186 ns 9527412 ns 226 ns
9527819 ns 9528036 ns 217 ns
9528105 ns 9528320 ns 215 ns
9528430 ns 9528652 ns 222 ns
9528752 ns 9528968 ns 216 ns
9529377 ns 9529608 ns 231 ns
9529706 ns 9529920 ns 214 ns
9529995 ns 9530212 ns 217 ns
9530279 ns 9530500 ns 221 ns
9530589 ns 9530804 ns 215 ns
9530867 ns 9531100 ns 233 ns
9531051 ns 9531276 ns 225 ns
9531166 ns 9531380 ns 214 ns
9531441 ns 9531656 ns 215 ns
9532091 ns 9532308 ns 217 ns
9532421 ns 9532636 ns 215 ns
9532719 ns 9532936 ns 217 ns
9533050 ns 9533292 ns 242 ns
9533364 ns 9533592 ns 228 ns
9533648 ns 9533872 ns 224 ns
9533938 ns 9534152 ns 214 ns
9534217 ns 9534440 ns 223 ns
9534309 ns 9534524 ns 215 ns
9534535 ns 9534824 ns 289 ns
9534820 ns 9535036 ns 216 ns
9535110 ns 9535332 ns 222 ns
9535398 ns 9535892 ns 494 ns
9535741 ns 9535956 ns 215 ns
9536045 ns 9536260 ns 215 ns
9536362 ns 9536580 ns 218 ns
9536477 ns 9536692 ns 215 ns
9537945 ns 9538160 ns 215 ns
9538263 ns 9538480 ns 217 ns
9538554 ns 9538772 ns 218 ns
9538852 ns 9539068 ns 216 ns
9539148 ns 9539372 ns 224 ns
9539480 ns 9539808 ns 328 ns
9539331 ns 9539828 ns 497 ns
9539633 ns 9539888 ns 255 ns
9539780 ns 9540016 ns 236 ns
9539936 ns 9540152 ns 216 ns
9540090 ns 9540308 ns 218 ns
9540240 ns 9540456 ns 216 ns
9540271 ns 9540548 ns 277 ns
9540385 ns 9540600 ns 215 ns
9540718 ns 9540944 ns 226 ns
9540924 ns 9541140 ns 216 ns
9541011 ns 9541244 ns 233 ns
9541174 ns 9541392 ns 218 ns
9541304 ns 9541520 ns 216 ns
9541592 ns 9541808 ns 216 ns
9541605 ns 9541828 ns 223 ns
9547967 ns 9548184 ns 217 ns
9549365 ns 9549580 ns 215 ns
9552064 ns 9552288 ns 224 ns
9563947 ns 9564164 ns 217 ns
9564311 ns 9564528 ns 217 ns
9564571 ns 9564788 ns 217 ns
9564932 ns 9565148 ns 216 ns
9565107 ns 9565324 ns 217 ns
9565961 ns 9566176 ns 215 ns
9566140 ns 9566356 ns 216 ns
9566320 ns 9566536 ns 216 ns
9566566 ns 9566780 ns 214 ns
9566775 ns 9566992 ns 217 ns
9567154 ns 9567372 ns 218 ns
9570842 ns 9571060 ns 218 ns
9571086 ns 9571304 ns 218 ns
9571303 ns 9571520 ns 217 ns
9571534 ns 9571752 ns 218 ns
9572100 ns 9572316 ns 216 ns
9572281 ns 9572496 ns 215 ns
9575127 ns 9575360 ns 233 ns
9592106 ns 9592324 ns 218 ns
9594447 ns 9594664 ns 217 ns
9595044 ns 9595260 ns 216 ns
9595754 ns 9595972 ns 218 ns
9597077 ns 9597292 ns 215 ns
9598745 ns 9598960 ns 215 ns
9598919 ns 9599144 ns 225 ns
9599274 ns 9599492 ns 218 ns
9599465 ns 9599680 ns 215 ns
9599656 ns 9599872 ns 216 ns
9599825 ns 9600040 ns 215 ns
9600007 ns 9600224 ns 217 ns
9600190 ns 9600408 ns 218 ns
9600353 ns 9600568 ns 215 ns
9600543 ns 9600760 ns 217 ns
9600668 ns 9600884 ns 216 ns
9600816 ns 9601032 ns 216 ns
9600999 ns 9601216 ns 217 ns
9601014 ns 9601236 ns 222 ns
9601211 ns 9601428 ns 217 ns
9601416 ns 9601636 ns 220 ns
9602816 ns 9603032 ns 216 ns
9602987 ns 9603204 ns 217 ns
9603916 ns 9604144 ns 228 ns
9604249 ns 9604464 ns 215 ns
9604581 ns 9604796 ns 215 ns
9604909 ns 9605124 ns 215 ns
9612884 ns 9613100 ns 216 ns
9613372 ns 9613588 ns 216 ns
9613725 ns 9613940 ns 215 ns
9614003 ns 9614220 ns 217 ns
9614195 ns 9614412 ns 217 ns
9614285 ns 9614500 ns 215 ns
9614385 ns 9614600 ns 215 ns
9614534 ns 9614752 ns 218 ns
9614595 ns 9614812 ns 217 ns
9614751 ns 9614968 ns 217 ns
9614910 ns 9615124 ns 214 ns
9615221 ns 9615436 ns 215 ns
9615560 ns 9615776 ns 216 ns
9615887 ns 9616104 ns 217 ns
9616215 ns 9616432 ns 217 ns
9617094 ns 9617312 ns 218 ns
9617664 ns 9618024 ns 360 ns
9618234 ns 9618452 ns 218 ns
9619218 ns 9619448 ns 230 ns
9620215 ns 9620432 ns 217 ns
9621029 ns 9621244 ns 215 ns
9621297 ns 9621512 ns 215 ns
9621805 ns 9622020 ns 215 ns
9621951 ns 9622176 ns 225 ns
9622319 ns 9622544 ns 225 ns
9622495 ns 9622712 ns 217 ns
9625504 ns 9625744 ns 240 ns
9625699 ns 9625916 ns 217 ns
9625812 ns 9626028 ns 216 ns
9626258 ns 9626472 ns 214 ns
9626619 ns 9626836 ns 217 ns
9626890 ns 9627104 ns 214 ns
9627065 ns 9627292 ns 227 ns
9627238 ns 9627508 ns 270 ns
9627414 ns 9627628 ns 214 ns
9627620 ns 9627836 ns 216 ns
9631133 ns 9631348 ns 215 ns
9631419 ns 9631640 ns 221 ns
9631733 ns 9631960 ns 227 ns
9632021 ns 9632236 ns 215 ns
9632334 ns 9632552 ns 218 ns
9632619 ns 9632836 ns 217 ns
9632902 ns 9633116 ns 214 ns
9633182 ns 9633424 ns 242 ns
9633801 ns 9634016 ns 215 ns
9634124 ns 9634344 ns 220 ns
9634461 ns 9634676 ns 215 ns
9634628 ns 9634860 ns 232 ns
9634752 ns 9634968 ns 216 ns
9637434 ns 9637648 ns 214 ns
9637721 ns 9637936 ns 215 ns
9638047 ns 9638264 ns 217 ns
9638329 ns 9638544 ns 215 ns
9638608 ns 9638824 ns 216 ns
9638788 ns 9639004 ns 216 ns
9639026 ns 9639240 ns 214 ns
9639227 ns 9639452 ns 225 ns
9639586 ns 9639800 ns 214 ns
9643088 ns 9643304 ns 216 ns
9643096 ns 9643324 ns 228 ns
9647155 ns 9647372 ns 217 ns
9647306 ns 9647524 ns 218 ns
9648951 ns 9649180 ns 229 ns
9649126 ns 9649344 ns 218 ns
9649497 ns 9649712 ns 215 ns
9649540 ns 9649804 ns 264 ns
9649707 ns 9649924 ns 217 ns
9649878 ns 9650128 ns 250 ns
9650091 ns 9650308 ns 217 ns
9652300 ns 9652516 ns 216 ns
9652618 ns 9652832 ns 214 ns
9652912 ns 9653236 ns 324 ns
9653228 ns 9653464 ns 236 ns
9653569 ns 9653800 ns 231 ns
9653899 ns 9654116 ns 217 ns
9654218 ns 9654472 ns 254 ns
9654533 ns 9654760 ns 227 ns
9655193 ns 9655412 ns 219 ns
9655518 ns 9655744 ns 226 ns
9655857 ns 9656072 ns 215 ns
9656183 ns 9656400 ns 217 ns
9658324 ns 9658540 ns 216 ns
9658678 ns 9658904 ns 226 ns
9659882 ns 9660104 ns 222 ns
9660215 ns 9660432 ns 217 ns
9660234 ns 9660452 ns 218 ns
9660542 ns 9660760 ns 218 ns
9660876 ns 9661092 ns 216 ns
9660897 ns 9661112 ns 215 ns
9661141 ns 9661356 ns 215 ns
9661866 ns 9662084 ns 218 ns
9662998 ns 9663212 ns 214 ns
9663497 ns 9663712 ns 215 ns
9663790 ns 9664004 ns 214 ns
9664109 ns 9664324 ns 215 ns
9664430 ns 9664648 ns 218 ns
9664775 ns 9665032 ns 257 ns
9665091 ns 9665312 ns 221 ns
9665406 ns 9665632 ns 226 ns
9665715 ns 9665932 ns 217 ns
9666377 ns 9666592 ns 215 ns
9666707 ns 9666924 ns 217 ns
9667035 ns 9667252 ns 217 ns
9667365 ns 9667580 ns 215 ns
9668361 ns 9668576 ns 215 ns
9670152 ns 9670368 ns 216 ns
9670482 ns 9670700 ns 218 ns
9670811 ns 9671028 ns 217 ns
9671134 ns 9671356 ns 222 ns
9671190 ns 9671412 ns 222 ns
9672083 ns 9672400 ns 317 ns
9672267 ns 9672488 ns 221 ns
9674879 ns 9675096 ns 217 ns
9675472 ns 9675688 ns 216 ns
9676475 ns 9676692 ns 217 ns
9677163 ns 9677380 ns 217 ns
9677339 ns 9677556 ns 217 ns
9677506 ns 9677720 ns 214 ns
9677861 ns 9678076 ns 215 ns
9678046 ns 9678264 ns 218 ns
9678227 ns 9678444 ns 217 ns
9678389 ns 9678604 ns 215 ns
9678754 ns 9678972 ns 218 ns
9679113 ns 9679328 ns 215 ns
9679380 ns 9679596 ns 216 ns
9679554 ns 9679768 ns 214 ns
9679954 ns 9680208 ns 254 ns
9679755 ns 9680268 ns 513 ns
9680623 ns 9680844 ns 221 ns
9681102 ns 9681376 ns 274 ns
9681269 ns 9681484 ns 215 ns
9681846 ns 9682064 ns 218 ns
9696427 ns 9696644 ns 217 ns
9700200 ns 9700448 ns 248 ns
9700858 ns 9701076 ns 218 ns
9701112 ns 9701328 ns 216 ns
9701506 ns 9701720 ns 214 ns
9723633 ns 9723848 ns 215 ns
9724049 ns 9724264 ns 215 ns
9729365 ns 9729580 ns 215 ns
9729541 ns 9729756 ns 215 ns
9729984 ns 9730200 ns 216 ns
9734071 ns 9734288 ns 217 ns
9762894 ns 9763112 ns 218 ns
9765188 ns 9765404 ns 216 ns
9765556 ns 9765992 ns 436 ns
9765792 ns 9766032 ns 240 ns
9766148 ns 9766364 ns 216 ns
9766347 ns 9766564 ns 217 ns
9766529 ns 9766744 ns 215 ns
9767127 ns 9767344 ns 217 ns
9767353 ns 9767568 ns 215 ns
9767593 ns 9767808 ns 215 ns
9767789 ns 9768004 ns 215 ns
9768532 ns 9768748 ns 216 ns
9769077 ns 9769292 ns 215 ns
9771748 ns 9771964 ns 216 ns
9773187 ns 9773404 ns 217 ns
9773838 ns 9774052 ns 214 ns
9775032 ns 9775268 ns 236 ns
9775211 ns 9775428 ns 217 ns
9776226 ns 9776460 ns 234 ns
9777151 ns 9777368 ns 217 ns
9777698 ns 9777924 ns 226 ns
9781963 ns 9782180 ns 217 ns
9810437 ns 9810652 ns 215 ns
9810861 ns 9811076 ns 215 ns
9812082 ns 9812304 ns 222 ns
9816133 ns 9816348 ns 215 ns
9816417 ns 9816664 ns 247 ns
9819520 ns 9819736 ns 216 ns
9820016 ns 9820244 ns 228 ns
9820383 ns 9820752 ns 369 ns
9821048 ns 9821264 ns 216 ns
9821294 ns 9821512 ns 218 ns
9821823 ns 9822116 ns 293 ns
9843951 ns 9844168 ns 217 ns
9844315 ns 9844532 ns 217 ns
9844549 ns 9844764 ns 215 ns
9844910 ns 9845124 ns 214 ns
9845084 ns 9845300 ns 216 ns
9845514 ns 9845732 ns 218 ns
9846121 ns 9846336 ns 215 ns
9846301 ns 9846516 ns 215 ns
9846481 ns 9846696 ns 215 ns
9846726 ns 9846940 ns 214 ns
9846933 ns 9847148 ns 215 ns
9847313 ns 9847528 ns 215 ns
9850670 ns 9850884 ns 214 ns
9850887 ns 9851104 ns 217 ns
9851119 ns 9851348 ns 229 ns
9851691 ns 9851908 ns 217 ns
9851872 ns 9852088 ns 216 ns
9854635 ns 9854852 ns 217 ns
9860341 ns 9860556 ns 215 ns
9861089 ns 9861304 ns 215 ns
9861353 ns 9861568 ns 215 ns
9861732 ns 9861948 ns 216 ns
9865741 ns 9865956 ns 215 ns
9866353 ns 9866568 ns 215 ns
9867049 ns 9867392 ns 343 ns
9871039 ns 9871256 ns 217 ns
9871487 ns 9871704 ns 217 ns
9921543 ns 9921992 ns 449 ns
9923650 ns 9923868 ns 218 ns
9924070 ns 9924284 ns 214 ns
9925009 ns 9925224 ns 215 ns
9929574 ns 9929792 ns 218 ns
9929751 ns 9929968 ns 217 ns
9933930 ns 9934144 ns 214 ns
9939633 ns 9939848 ns 215 ns
9940207 ns 9940424 ns 217 ns
9940598 ns 9940812 ns 214 ns
9941244 ns 9941460 ns 216 ns
9941473 ns 9941688 ns 215 ns
9941931 ns 9942148 ns 217 ns
9961196 ns 9961428 ns 232 ns
9961555 ns 9961788 ns 233 ns
9961798 ns 9962016 ns 218 ns
9962284 ns 9962500 ns 216 ns
9962467 ns 9962684 ns 217 ns
9962651 ns 9962868 ns 217 ns
9963556 ns 9963772 ns 216 ns
9964569 ns 9964784 ns 215 ns
9965502 ns 9965720 ns 218 ns
9965682 ns 9965896 ns 214 ns
9965935 ns 9966172 ns 237 ns
9967219 ns 9967436 ns 217 ns
9968565 ns 9968792 ns 227 ns
9968918 ns 9969132 ns 214 ns
9969098 ns 9969316 ns 218 ns
9969112 ns 9969336 ns 224 ns
9970799 ns 9971016 ns 217 ns
9970982 ns 9971204 ns 222 ns
9972070 ns 9972288 ns 218 ns
9973498 ns 9973712 ns 214 ns
9973780 ns 9973996 ns 216 ns
9974186 ns 9974404 ns 218 ns
9975875 ns 9976092 ns 217 ns
9976004 ns 9976220 ns 216 ns
9975570 ns 9976280 ns 710 ns
9976178 ns 9976616 ns 438 ns
9976424 ns 9976768 ns 344 ns
9976607 ns 9976832 ns 225 ns
9976897 ns 9977128 ns 231 ns
9977376 ns 9977608 ns 232 ns
9978122 ns 9978336 ns 214 ns
9978128 ns 9978356 ns 228 ns
9978352 ns 9978580 ns 228 ns
9978572 ns 9978792 ns 220 ns
9978806 ns 9979024 ns 218 ns
9978967 ns 9979184 ns 217 ns
9979345 ns 9979572 ns 227 ns
9980618 ns 9980832 ns 214 ns
9980888 ns 9981104 ns 216 ns
9981200 ns 9981416 ns 216 ns
9981356 ns 9981592 ns 236 ns
9981577 ns 9981848 ns 271 ns
9981771 ns 9981988 ns 217 ns
9982326 ns 9982548 ns 222 ns
9982743 ns 9982960 ns 217 ns
9983525 ns 9983740 ns 215 ns
9984252 ns 9984636 ns 384 ns
9984576 ns 9984816 ns 240 ns
9985047 ns 9985264 ns 217 ns
9985615 ns 9985832 ns 217 ns
9985983 ns 9986304 ns 321 ns
9986560 ns 9986776 ns 216 ns
9986991 ns 9987208 ns 217 ns
9987924 ns 9988140 ns 216 ns
9989062 ns 9989336 ns 274 ns
9990776 ns 9990992 ns 216 ns
9992090 ns 9992332 ns 242 ns
9992763 ns 9992996 ns 233 ns
9993139 ns 9993440 ns 301 ns
9993298 ns 9993516 ns 218 ns
9993472 ns 9993688 ns 216 ns
9993656 ns 9993880 ns 224 ns
9993830 ns 9994044 ns 214 ns
9994005 ns 9994228 ns 223 ns
9994894 ns 9995108 ns 214 ns
9995722 ns 9995952 ns 230 ns
9995857 ns 9996072 ns 215 ns
9997154 ns 9997376 ns 222 ns
9997400 ns 9997616 ns 216 ns
9997563 ns 9997900 ns 337 ns
9998151 ns 9998368 ns 217 ns
9999044 ns 9999260 ns 216 ns
9999592 ns 9999992 ns 400 ns
10000015 ns 10000232 ns 217 ns
10000157 ns 10000396 ns 239 ns
10000569 ns 10000800 ns 231 ns
10000711 ns 10000928 ns 217 ns
10001174 ns 10001392 ns 218 ns
10001202 ns 10001416 ns 214 ns
10001585 ns 10001824 ns 239 ns
10001738 ns 10001956 ns 218 ns
10001994 ns 10002212 ns 218 ns
10003150 ns 10003412 ns 262 ns
10003661 ns 10003892 ns 231 ns
10004497 ns 10004864 ns 367 ns
10004656 ns 10004884 ns 228 ns
10004881 ns 10005096 ns 215 ns
10005233 ns 10005448 ns 215 ns
10005651 ns 10005868 ns 217 ns
10005852 ns 10006068 ns 216 ns
10006314 ns 10006528 ns 214 ns
10006742 ns 10006956 ns 214 ns
10006768 ns 10006984 ns 216 ns
10007285 ns 10007500 ns 215 ns
10008293 ns 10008568 ns 275 ns
10008328 ns 10008588 ns 260 ns
10008530 ns 10008748 ns 218 ns
10008805 ns 10009020 ns 215 ns
10009064 ns 10009308 ns 244 ns
10009488 ns 10009704 ns 216 ns
10009524 ns 10009740 ns 216 ns
10010151 ns 10010368 ns 217 ns
10010835 ns 10011052 ns 217 ns
10011319 ns 10011536 ns 217 ns
10011976 ns 10012224 ns 248 ns
10013044 ns 10013260 ns 216 ns
10013811 ns 10014028 ns 217 ns
10015989 ns 10016204 ns 215 ns
10016697 ns 10016912 ns 215 ns
10018630 ns 10018884 ns 254 ns
10019080 ns 10019296 ns 216 ns
10021093 ns 10021308 ns 215 ns
10021639 ns 10021856 ns 217 ns
10023192 ns 10023472 ns 280 ns
10024376 ns 10024592 ns 216 ns
10025770 ns 10025988 ns 218 ns
10027015 ns 10027232 ns 217 ns
10027660 ns 10027876 ns 216 ns
10028211 ns 10028428 ns 217 ns
10029294 ns 10029512 ns 218 ns
10030020 ns 10030236 ns 216 ns
10031332 ns 10031548 ns 216 ns
10033129 ns 10033380 ns 251 ns
10034487 ns 10034704 ns 217 ns
10035789 ns 10036004 ns 215 ns
10036202 ns 10036488 ns 286 ns
10038105 ns 10038380 ns 275 ns
10040709 ns 10040992 ns 283 ns
10041265 ns 10041480 ns 215 ns
10041776 ns 10042016 ns 240 ns
10043029 ns 10043272 ns 243 ns
10045198 ns 10045412 ns 214 ns
10046300 ns 10046516 ns 216 ns
10046762 ns 10046976 ns 214 ns
10047948 ns 10048164 ns 216 ns
10048782 ns 10049076 ns 294 ns
10049284 ns 10049516 ns 232 ns
10050295 ns 10050512 ns 217 ns
10051353 ns 10051568 ns 215 ns
10053539 ns 10053756 ns 217 ns
10054041 ns 10054256 ns 215 ns
10054791 ns 10055008 ns 217 ns
10055888 ns 10056104 ns 216 ns
10057874 ns 10058092 ns 218 ns
10059770 ns 10059988 ns 218 ns
10060780 ns 10061012 ns 232 ns
10061584 ns 10061856 ns 272 ns
10062636 ns 10062852 ns 216 ns
10064951 ns 10065168 ns 217 ns
10065395 ns 10065612 ns 217 ns
10066307 ns 10066524 ns 217 ns
10068851 ns 10069068 ns 217 ns
10069305 ns 10069588 ns 283 ns
10069826 ns 10070192 ns 366 ns
10072553 ns 10072768 ns 215 ns
10073850 ns 10074064 ns 214 ns
10076065 ns 10076280 ns 215 ns
10077014 ns 10077228 ns 214 ns
10078753 ns 10078968 ns 215 ns
10080446 ns 10080664 ns 218 ns
10081351 ns 10081588 ns 237 ns
10082506 ns 10082724 ns 218 ns
10084199 ns 10084416 ns 217 ns
10086089 ns 10086304 ns 215 ns
10087353 ns 10087568 ns 215 ns
10088060 ns 10088276 ns 216 ns
10088668 ns 10088940 ns 272 ns
10090131 ns 10090348 ns 217 ns
10091029 ns 10091244 ns 215 ns
10092161 ns 10092428 ns 267 ns
10093109 ns 10093324 ns 215 ns
10093613 ns 10093828 ns 215 ns
10094865 ns 10095080 ns 215 ns
10095274 ns 10095500 ns 226 ns
10095676 ns 10095892 ns 216 ns
10097214 ns 10097440 ns 226 ns
10099384 ns 10099656 ns 272 ns
10099781 ns 10099996 ns 215 ns
10100584 ns 10100800 ns 216 ns
10104336 ns 10104552 ns 216 ns
10108798 ns 10109212 ns 414 ns
10109927 ns 10110144 ns 217 ns
10110336 ns 10110552 ns 216 ns
10110834 ns 10111048 ns 214 ns
10111338 ns 10111556 ns 218 ns
10111797 ns 10112012 ns 215 ns
10112477 ns 10112724 ns 247 ns
10113179 ns 10113420 ns 241 ns
10113833 ns 10114048 ns 215 ns
10114342 ns 10114556 ns 214 ns
10116226 ns 10116440 ns 214 ns
10116631 ns 10116992 ns 361 ns
10117403 ns 10117620 ns 217 ns
10118550 ns 10118764 ns 214 ns
10119300 ns 10119516 ns 216 ns
10120403 ns 10120620 ns 217 ns
10120952 ns 10121168 ns 216 ns
10121767 ns 10121984 ns 217 ns
10121826 ns 10122040 ns 214 ns
10122291 ns 10122508 ns 217 ns
10122698 ns 10122916 ns 218 ns
10122876 ns 10123092 ns 216 ns
10123055 ns 10123272 ns 217 ns
10123231 ns 10123448 ns 217 ns
10123241 ns 10123528 ns 287 ns
10123423 ns 10123640 ns 217 ns
10123613 ns 10123828 ns 215 ns
10124378 ns 10124792 ns 414 ns
10125668 ns 10125884 ns 216 ns
10125911 ns 10126128 ns 217 ns
10127928 ns 10128144 ns 216 ns
10129207 ns 10129432 ns 225 ns
10129216 ns 10129592 ns 376 ns
10129414 ns 10129632 ns 218 ns
10130078 ns 10130292 ns 214 ns
10130593 ns 10130808 ns 215 ns
10130620 ns 10130836 ns 216 ns
10132558 ns 10132776 ns 218 ns
10133175 ns 10133392 ns 217 ns
10134145 ns 10134436 ns 291 ns
10135647 ns 10135864 ns 217 ns
10136087 ns 10136304 ns 217 ns
10136187 ns 10136440 ns 253 ns
10138437 ns 10138652 ns 215 ns
10138741 ns 10138968 ns 227 ns
10138903 ns 10139120 ns 217 ns
10139350 ns 10139568 ns 218 ns
10139503 ns 10139720 ns 217 ns
10139620 ns 10139836 ns 216 ns
10140111 ns 10140520 ns 409 ns
10141372 ns 10141588 ns 216 ns
10143539 ns 10143816 ns 277 ns
10144499 ns 10144732 ns 233 ns
10145688 ns 10145904 ns 216 ns
10148177 ns 10148392 ns 215 ns
10149604 ns 10149820 ns 216 ns
10150410 ns 10150624 ns 214 ns
10151013 ns 10151228 ns 215 ns
10151929 ns 10152144 ns 215 ns
10152969 ns 10153184 ns 215 ns
10153617 ns 10153832 ns 215 ns
10155075 ns 10155300 ns 225 ns
10156962 ns 10157220 ns 258 ns
10157670 ns 10157936 ns 266 ns
10158852 ns 10159068 ns 216 ns
10159581 ns 10159796 ns 215 ns
10160353 ns 10160568 ns 215 ns
10162446 ns 10162660 ns 214 ns
10163575 ns 10163792 ns 217 ns
10165423 ns 10165640 ns 217 ns
10165820 ns 10166076 ns 256 ns
10167006 ns 10167224 ns 218 ns
10168617 ns 10168832 ns 215 ns
10170930 ns 10171148 ns 218 ns
10172025 ns 10172240 ns 215 ns
10172811 ns 10173028 ns 217 ns
10173882 ns 10174096 ns 214 ns
10174279 ns 10174504 ns 225 ns
10175760 ns 10175976 ns 216 ns
10176429 ns 10176644 ns 215 ns
10176664 ns 10176880 ns 216 ns
10177352 ns 10177568 ns 216 ns
10178385 ns 10178600 ns 215 ns
10179623 ns 10179840 ns 217 ns
10181630 ns 10181884 ns 254 ns
10182022 ns 10182236 ns 214 ns
10183567 ns 10183784 ns 217 ns
10184574 ns 10184788 ns 214 ns
10184997 ns 10185260 ns 263 ns
10187047 ns 10187264 ns 217 ns
10187694 ns 10187908 ns 214 ns
10187945 ns 10188160 ns 215 ns
10188202 ns 10188416 ns 214 ns
10188386 ns 10188600 ns 214 ns
10188854 ns 10189068 ns 214 ns
10189055 ns 10189272 ns 217 ns
10189281 ns 10189496 ns 215 ns
10189925 ns 10190140 ns 215 ns
10190590 ns 10190808 ns 218 ns
10191843 ns 10192060 ns 217 ns
10193032 ns 10193248 ns 216 ns
10193429 ns 10193644 ns 215 ns
10194246 ns 10194460 ns 214 ns
10195094 ns 10195308 ns 214 ns
10196334 ns 10196552 ns 218 ns
10196828 ns 10197044 ns 216 ns
10197578 ns 10197792 ns 214 ns
10197980 ns 10198196 ns 216 ns
10198525 ns 10198740 ns 215 ns
10200413 ns 10200628 ns 215 ns
10200850 ns 10201068 ns 218 ns
10201823 ns 10202040 ns 217 ns
10203184 ns 10203400 ns 216 ns
10203546 ns 10203760 ns 214 ns
10203954 ns 10204172 ns 218 ns
10205940 ns 10206156 ns 216 ns
10206501 ns 10206716 ns 215 ns
10207564 ns 10207780 ns 216 ns
10208316 ns 10208532 ns 216 ns
10209062 ns 10209280 ns 218 ns
10210120 ns 10210592 ns 472 ns
10211824 ns 10212040 ns 216 ns
10213821 ns 10214036 ns 215 ns
10214199 ns 10214416 ns 217 ns
10214916 ns 10215132 ns 216 ns
10215451 ns 10215668 ns 217 ns
10216002 ns 10216224 ns 222 ns
10216571 ns 10216788 ns 217 ns
10217312 ns 10217528 ns 216 ns
10218318 ns 10218572 ns 254 ns
10219384 ns 10219600 ns 216 ns
10219908 ns 10220152 ns 244 ns
10221603 ns 10221932 ns 329 ns
10222155 ns 10222396 ns 241 ns
10222662 ns 10222892 ns 230 ns
10223041 ns 10223256 ns 215 ns
10223499 ns 10223716 ns 217 ns
10224634 ns 10224868 ns 234 ns
10225466 ns 10225680 ns 214 ns
10226097 ns 10226312 ns 215 ns
10226456 ns 10226672 ns 216 ns
10226818 ns 10227084 ns 266 ns
10227264 ns 10227556 ns 292 ns
10228584 ns 10228800 ns 216 ns
10228935 ns 10229216 ns 281 ns
10229708 ns 10229980 ns 272 ns
10230499 ns 10230716 ns 217 ns
10230583 ns 10230800 ns 217 ns
10230697 ns 10230928 ns 231 ns
10230753 ns 10230968 ns 215 ns
10230874 ns 10231092 ns 218 ns
10231530 ns 10231824 ns 294 ns
10231623 ns 10231844 ns 221 ns
10232078 ns 10232296 ns 218 ns
10232157 ns 10232372 ns 215 ns
10232730 ns 10232944 ns 214 ns
10233663 ns 10233992 ns 329 ns
10233900 ns 10234232 ns 332 ns
10234448 ns 10234664 ns 216 ns
10234774 ns 10234988 ns 214 ns
10235514 ns 10235732 ns 218 ns
10236343 ns 10236560 ns 217 ns
10237521 ns 10237736 ns 215 ns
10238830 ns 10239044 ns 214 ns
10239827 ns 10240044 ns 217 ns
10240776 ns 10240992 ns 216 ns
10242719 ns 10242936 ns 217 ns
10243209 ns 10243424 ns 215 ns
10243222 ns 10243468 ns 246 ns
10243390 ns 10243608 ns 218 ns
10243935 ns 10244224 ns 289 ns
10244300 ns 10244516 ns 216 ns
10244517 ns 10244732 ns 215 ns
10244698 ns 10244912 ns 214 ns
10244876 ns 10245092 ns 216 ns
10245142 ns 10245356 ns 214 ns
10245243 ns 10245460 ns 217 ns
10245389 ns 10245604 ns 215 ns
10245546 ns 10245796 ns 250 ns
10246044 ns 10246260 ns 216 ns
10246996 ns 10247212 ns 216 ns
10247392 ns 10247640 ns 248 ns
10247893 ns 10248108 ns 215 ns
10247971 ns 10248208 ns 237 ns
10249287 ns 10249608 ns 321 ns
10249996 ns 10250212 ns 216 ns
10250504 ns 10250720 ns 216 ns
10250887 ns 10251104 ns 217 ns
10251718 ns 10251960 ns 242 ns
10251819 ns 10252036 ns 217 ns
10252136 ns 10252352 ns 216 ns
10252420 ns 10252696 ns 276 ns
10253145 ns 10253416 ns 271 ns
10253857 ns 10254072 ns 215 ns
10254558 ns 10254772 ns 214 ns
10255231 ns 10255448 ns 217 ns
10255578 ns 10255824 ns 246 ns
10255931 ns 10256148 ns 217 ns
10256274 ns 10256492 ns 218 ns
10256310 ns 10256568 ns 258 ns
10257147 ns 10257440 ns 293 ns
10257652 ns 10257868 ns 216 ns
10258362 ns 10258576 ns 214 ns
10258705 ns 10258920 ns 215 ns
10259051 ns 10259268 ns 217 ns
10259197 ns 10259432 ns 235 ns
10259399 ns 10259616 ns 217 ns
10259415 ns 10259636 ns 221 ns
10259748 ns 10259964 ns 216 ns
10260087 ns 10260304 ns 217 ns
10260607 ns 10260824 ns 217 ns
10261159 ns 10261384 ns 225 ns
10261542 ns 10261756 ns 214 ns
10261930 ns 10262144 ns 214 ns
10262270 ns 10262484 ns 214 ns
10262815 ns 10263040 ns 225 ns
10263457 ns 10263672 ns 215 ns
10263862 ns 10264076 ns 214 ns
10264244 ns 10264460 ns 216 ns
10264733 ns 10265208 ns 475 ns
10265347 ns 10265608 ns 261 ns
10265700 ns 10265916 ns 216 ns
10266425 ns 10266640 ns 215 ns
10267123 ns 10267380 ns 257 ns
10268316 ns 10268532 ns 216 ns
10268692 ns 10268908 ns 216 ns
10269034 ns 10269252 ns 218 ns
10269404 ns 10269620 ns 216 ns
10270115 ns 10270332 ns 217 ns
10270639 ns 10270856 ns 217 ns
10270980 ns 10271196 ns 216 ns
10271351 ns 10271568 ns 217 ns
10271721 ns 10271936 ns 215 ns
10272062 ns 10272288 ns 226 ns
10272442 ns 10272664 ns 222 ns
10272784 ns 10273080 ns 296 ns
10273125 ns 10273340 ns 215 ns
10273467 ns 10273684 ns 217 ns
10273808 ns 10274024 ns 216 ns
10274151 ns 10274368 ns 217 ns
10274493 ns 10274708 ns 215 ns
10274832 ns 10275048 ns 216 ns
10275178 ns 10275396 ns 218 ns
10275525 ns 10275740 ns 215 ns
10275944 ns 10276160 ns 216 ns
10277045 ns 10277260 ns 215 ns
10277259 ns 10277476 ns 217 ns
10277440 ns 10277656 ns 216 ns
10277620 ns 10277836 ns 216 ns
10279713 ns 10279928 ns 215 ns
10280132 ns 10280348 ns 216 ns
10280512 ns 10280792 ns 280 ns
10281213 ns 10281428 ns 215 ns
10281531 ns 10281748 ns 217 ns
10282326 ns 10282544 ns 218 ns
10282849 ns 10283064 ns 215 ns
10285938 ns 10286156 ns 218 ns
10299703 ns 10299928 ns 225 ns
10299920 ns 10300188 ns 268 ns
10300090 ns 10300320 ns 230 ns
10300097 ns 10300420 ns 323 ns
10300759 ns 10300996 ns 237 ns
10301 us 10301216 ns 216 ns
10301738 ns 10302004 ns 266 ns
10336342 ns 10336556 ns 214 ns
10340703 ns 10340920 ns 217 ns
10341881 ns 10342096 ns 215 ns
10342153 ns 10342368 ns 215 ns
10342467 ns 10342684 ns 217 ns
10342731 ns 10343192 ns 461 ns
10376396 ns 10376612 ns 216 ns
10379735 ns 10379956 ns 221 ns
10380260 ns 10380504 ns 244 ns
10380615 ns 10380876 ns 261 ns
10381187 ns 10381404 ns 217 ns
10381446 ns 10381664 ns 218 ns
10381962 ns 10382192 ns 230 ns
10382551 ns 10382768 ns 217 ns
10383118 ns 10383332 ns 214 ns
10383873 ns 10384088 ns 215 ns
10384961 ns 10385176 ns 215 ns
10386610 ns 10386828 ns 218 ns
10388174 ns 10388388 ns 214 ns
10388938 ns 10389152 ns 214 ns
10390471 ns 10390688 ns 217 ns
10390917 ns 10391132 ns 215 ns
10391384 ns 10391600 ns 216 ns
10392717 ns 10392988 ns 271 ns
10397594 ns 10397812 ns 218 ns
10397915 ns 10398132 ns 217 ns
10456369 ns 10456584 ns 215 ns
10459611 ns 10459828 ns 217 ns
10460125 ns 10460340 ns 215 ns
10460489 ns 10460704 ns 215 ns
10461012 ns 10461228 ns 216 ns
10461199 ns 10461416 ns 217 ns
10461697 ns 10461912 ns 215 ns
10536367 ns 10536584 ns 217 ns
10539623 ns 10539840 ns 217 ns
10540147 ns 10540372 ns 225 ns
10540503 ns 10540720 ns 217 ns
10541023 ns 10541240 ns 217 ns
10541207 ns 10541424 ns 217 ns
10541701 ns 10541916 ns 215 ns
10616366 ns 10616580 ns 214 ns
10619673 ns 10619888 ns 215 ns
10620199 ns 10620432 ns 233 ns
10620549 ns 10620764 ns 215 ns
10621075 ns 10621292 ns 217 ns
10621259 ns 10621476 ns 217 ns
10621767 ns 10621984 ns 217 ns
10696363 ns 10696580 ns 217 ns
10699627 ns 10699844 ns 217 ns
10700146 ns 10700360 ns 214 ns
10700498 ns 10700716 ns 218 ns
10701021 ns 10701236 ns 215 ns
10701207 ns 10701424 ns 217 ns
10701716 ns 10701992 ns 276 ns
10776361 ns 10776576 ns 215 ns
10779663 ns 10779992 ns 329 ns
10780189 ns 10780416 ns 227 ns
10780547 ns 10780764 ns 217 ns
10781071 ns 10781288 ns 217 ns
10781257 ns 10781472 ns 215 ns
10781755 ns 10781972 ns 217 ns
10856359 ns 10856576 ns 217 ns
10859550 ns 10859764 ns 214 ns
10860074 ns 10860288 ns 214 ns
10860420 ns 10860636 ns 216 ns
10860938 ns 10861152 ns 214 ns
10861132 ns 10861348 ns 216 ns
10861670 ns 10861884 ns 214 ns
10936358 ns 10936572 ns 214 ns
10939659 ns 10939876 ns 217 ns
10940181 ns 10940400 ns 219 ns
10940524 ns 10940740 ns 216 ns
10941049 ns 10941264 ns 215 ns
10941233 ns 10941448 ns 215 ns
10941739 ns 10941956 ns 217 ns
11016356 ns 11016572 ns 216 ns
11019700 ns 11019916 ns 216 ns
11020222 ns 11020440 ns 218 ns
11020576 ns 11020792 ns 216 ns
11021099 ns 11021316 ns 217 ns
11021288 ns 11021504 ns 216 ns
11021799 ns 11022016 ns 217 ns
11056322 ns 11056536 ns 214 ns
11060171 ns 11060388 ns 217 ns
11060604 ns 11060872 ns 268 ns
11060480 ns 11060968 ns 488 ns
11061836 ns 11062052 ns 216 ns
11062220 ns 11062436 ns 216 ns
11096375 ns 11096592 ns 217 ns
11099654 ns 11099868 ns 214 ns
11100199 ns 11100416 ns 217 ns
11100558 ns 11100776 ns 218 ns
11101085 ns 11101300 ns 215 ns
11101272 ns 11101488 ns 216 ns
11101781 ns 11101996 ns 215 ns
11102375 ns 11102592 ns 217 ns
11103400 ns 11103616 ns 216 ns
11103527 ns 11103744 ns 217 ns
11104233 ns 11104448 ns 215 ns
11104716 ns 11104932 ns 216 ns
11105158 ns 11105372 ns 214 ns
11105546 ns 11105764 ns 218 ns
11105811 ns 11106028 ns 217 ns
