16933 ns 17388 ns 455 ns
17311 ns 17628 ns 317 ns
17603 ns 17892 ns 289 ns
17854 ns 18152 ns 298 ns
18116 ns 18412 ns 296 ns
18473 ns 18688 ns 215 ns
18518 ns 18768 ns 250 ns
18558 ns 18848 ns 290 ns
19070 ns 19348 ns 278 ns
19110 ns 19808 ns 698 ns
20066 ns 20312 ns 246 ns
20334 ns 20600 ns 266 ns
20596 ns 20860 ns 264 ns
22924 ns 23140 ns 216 ns
24671 ns 24888 ns 217 ns
24932 ns 25148 ns 216 ns
25060 ns 25284 ns 224 ns
26858 ns 27076 ns 218 ns
27117 ns 27340 ns 223 ns
28107 ns 28396 ns 289 ns
28358 ns 28576 ns 218 ns
28891 ns 29108 ns 217 ns
35244 ns 35464 ns 220 ns
35497 ns 35724 ns 227 ns
35747 ns 35968 ns 221 ns
36006 ns 36236 ns 230 ns
36256 ns 36500 ns 244 ns
36522 ns 36752 ns 230 ns
36697 ns 36912 ns 215 ns
36953 ns 37180 ns 227 ns
37224 ns 37460 ns 236 ns
37596 ns 37812 ns 216 ns
38106 ns 38324 ns 218 ns
38366 ns 38592 ns 226 ns
38623 ns 38840 ns 217 ns
38884 ns 39100 ns 216 ns
39066 ns 39580 ns 514 ns
39416 ns 39632 ns 216 ns
40034 ns 40252 ns 218 ns
40604 ns 40832 ns 228 ns
41779 ns 41996 ns 217 ns
43241 ns 43456 ns 215 ns
43995 ns 44212 ns 217 ns
44448 ns 44672 ns 224 ns
44633 ns 44880 ns 247 ns
44870 ns 45088 ns 218 ns
45083 ns 45300 ns 217 ns
45564 ns 45780 ns 216 ns
45589 ns 45804 ns 215 ns
45996 ns 46212 ns 216 ns
46645 ns 46860 ns 215 ns
57002 ns 57300 ns 298 ns
57253 ns 57468 ns 215 ns
60538 ns 60756 ns 218 ns
61071 ns 61288 ns 217 ns
61418 ns 61632 ns 214 ns
61958 ns 62172 ns 214 ns
62130 ns 62344 ns 214 ns
62613 ns 62948 ns 335 ns
100414 ns 100628 ns 214 ns
100604 ns 100820 ns 216 ns
100794 ns 101072 ns 278 ns
101230 ns 101520 ns 290 ns
102206 ns 102420 ns 214 ns
103477 ns 103692 ns 215 ns
136999 ns 137272 ns 273 ns
137213 ns 137428 ns 215 ns
140496 ns 140836 ns 340 ns
141045 ns 141260 ns 215 ns
141304 ns 141520 ns 216 ns
142005 ns 142220 ns 215 ns
180813 ns 181028 ns 215 ns
181481 ns 181696 ns 215 ns
181700 ns 181916 ns 216 ns
182106 ns 182324 ns 218 ns
220646 ns 221012 ns 366 ns
221293 ns 221508 ns 215 ns
221531 ns 221752 ns 221 ns
222209 ns 222464 ns 255 ns
260831 ns 261048 ns 217 ns
261507 ns 261724 ns 217 ns
261731 ns 261948 ns 217 ns
262146 ns 262364 ns 218 ns
337022 ns 337240 ns 218 ns
340327 ns 340544 ns 217 ns
340870 ns 341092 ns 222 ns
341234 ns 341452 ns 218 ns
341779 ns 341996 ns 217 ns
341973 ns 342200 ns 227 ns
342318 ns 342536 ns 218 ns
417021 ns 417236 ns 215 ns
420394 ns 420628 ns 234 ns
420746 ns 420964 ns 218 ns
420925 ns 421168 ns 243 ns
421376 ns 421752 ns 376 ns
421597 ns 421820 ns 223 ns
422008 ns 422224 ns 216 ns
497019 ns 497236 ns 217 ns
500416 ns 500632 ns 216 ns
500778 ns 500996 ns 218 ns
500966 ns 501184 ns 218 ns
501393 ns 501608 ns 215 ns
501609 ns 501824 ns 215 ns
502037 ns 502252 ns 215 ns
540401 ns 540732 ns 331 ns
541298 ns 541520 ns 222 ns
541519 ns 541752 ns 233 ns
542034 ns 542264 ns 230 ns
617017 ns 617232 ns 215 ns
620242 ns 620472 ns 230 ns
620546 ns 620764 ns 218 ns
620784 ns 621 us 216 ns
621384 ns 621612 ns 228 ns
621627 ns 621864 ns 237 ns
622139 ns 622356 ns 217 ns
697016 ns 697232 ns 216 ns
700420 ns 700636 ns 216 ns
701172 ns 701388 ns 216 ns
701376 ns 701596 ns 220 ns
701900 ns 702116 ns 216 ns
740624 ns 740840 ns 216 ns
741299 ns 741516 ns 217 ns
741497 ns 741720 ns 223 ns
741931 ns 742148 ns 217 ns
817015 ns 817232 ns 217 ns
820430 ns 820648 ns 218 ns
820975 ns 821192 ns 217 ns
821324 ns 821540 ns 216 ns
821872 ns 822088 ns 216 ns
822036 ns 822264 ns 228 ns
822384 ns 822600 ns 216 ns
897013 ns 897392 ns 379 ns
900308 ns 900524 ns 216 ns
900832 ns 901048 ns 216 ns
901201 ns 901416 ns 215 ns
901737 ns 901952 ns 215 ns
901903 ns 902120 ns 217 ns
902240 ns 902456 ns 216 ns
940420 ns 940700 ns 280 ns
941269 ns 941536 ns 267 ns
941488 ns 941716 ns 228 ns
942018 ns 942256 ns 238 ns
980640 ns 980856 ns 216 ns
981283 ns 981500 ns 217 ns
981508 ns 981728 ns 220 ns
981921 ns 982136 ns 215 ns
1057007 ns 1057224 ns 217 ns
1060334 ns 1060552 ns 218 ns
1060652 ns 1060868 ns 216 ns
1060893 ns 1061200 ns 307 ns
1061286 ns 1061504 ns 218 ns
1061540 ns 1061756 ns 216 ns
1061994 ns 1062212 ns 218 ns
1137006 ns 1137224 ns 218 ns
1140430 ns 1140696 ns 266 ns
1140736 ns 1140952 ns 216 ns
1140984 ns 1141200 ns 216 ns
1141370 ns 1141588 ns 218 ns
1141593 ns 1141808 ns 215 ns
1142023 ns 1142240 ns 217 ns
1180622 ns 1180840 ns 218 ns
1181638 ns 1181856 ns 218 ns
1181921 ns 1182140 ns 219 ns
1182348 ns 1182568 ns 220 ns
1220448 ns 1220664 ns 216 ns
1221123 ns 1221340 ns 217 ns
1221303 ns 1221520 ns 217 ns
1221733 ns 1221948 ns 215 ns
1260367 ns 1260584 ns 217 ns
1261008 ns 1261224 ns 216 ns
1261242 ns 1261460 ns 218 ns
1261672 ns 1261888 ns 216 ns
1300693 ns 1300908 ns 215 ns
1301466 ns 1301684 ns 218 ns
1301695 ns 1301916 ns 221 ns
1302440 ns 1302656 ns 216 ns
1340603 ns 1340820 ns 217 ns
1341251 ns 1341468 ns 217 ns
1341485 ns 1341700 ns 215 ns
1341906 ns 1342168 ns 262 ns
1380674 ns 1381052 ns 378 ns
1381339 ns 1381556 ns 217 ns
1381562 ns 1381780 ns 218 ns
1382246 ns 1382464 ns 218 ns
1420626 ns 1420916 ns 290 ns
1421499 ns 1421756 ns 257 ns
1421688 ns 1421940 ns 252 ns
1422055 ns 1422272 ns 217 ns
1460605 ns 1460820 ns 215 ns
1461260 ns 1461476 ns 216 ns
1461489 ns 1461704 ns 215 ns
1461914 ns 1462148 ns 234 ns
1462342 ns 1462560 ns 218 ns
1462508 ns 1462724 ns 216 ns
1464787 ns 1465004 ns 217 ns
1465031 ns 1465248 ns 217 ns
1465804 ns 1466020 ns 216 ns
1466063 ns 1466280 ns 217 ns
1466631 ns 1466904 ns 273 ns
1467944 ns 1468160 ns 216 ns
1470444 ns 1470660 ns 216 ns
1471705 ns 1471924 ns 219 ns
1474026 ns 1474244 ns 218 ns
1479684 ns 1479900 ns 216 ns
1483533 ns 1483748 ns 215 ns
1483954 ns 1484172 ns 218 ns
1484130 ns 1484352 ns 222 ns
1500725 ns 1500992 ns 267 ns
1501547 ns 1501776 ns 229 ns
1501825 ns 1502072 ns 247 ns
1502207 ns 1502468 ns 261 ns
1540697 ns 1540912 ns 215 ns
1541343 ns 1541560 ns 217 ns
1541576 ns 1541792 ns 216 ns
1542253 ns 1542468 ns 215 ns
1551416 ns 1551632 ns 216 ns
1551660 ns 1551876 ns 216 ns
1554016 ns 1554232 ns 216 ns
1563529 ns 1563744 ns 215 ns
1580652 ns 1580968 ns 316 ns
1581293 ns 1581524 ns 231 ns
1581519 ns 1581736 ns 217 ns
1581920 ns 1582136 ns 216 ns
1620541 ns 1620756 ns 215 ns
1621169 ns 1621384 ns 215 ns
1621407 ns 1621624 ns 217 ns
1622142 ns 1622380 ns 238 ns
1624104 ns 1624384 ns 280 ns
1624370 ns 1624588 ns 218 ns
1625410 ns 1625628 ns 218 ns
1631297 ns 1631512 ns 215 ns
1632064 ns 1632280 ns 216 ns
1632328 ns 1632544 ns 216 ns
1632588 ns 1632804 ns 216 ns
1633627 ns 1633844 ns 217 ns
1636012 ns 1636228 ns 216 ns
1636275 ns 1636492 ns 217 ns
1636555 ns 1636772 ns 217 ns
1636819 ns 1637036 ns 217 ns
1637083 ns 1637300 ns 217 ns
1637394 ns 1637612 ns 218 ns
1638297 ns 1638512 ns 215 ns
1638448 ns 1638664 ns 216 ns
1638631 ns 1638848 ns 217 ns
1639184 ns 1639400 ns 216 ns
1639881 ns 1640096 ns 215 ns
1640033 ns 1640248 ns 215 ns
1640570 ns 1640788 ns 218 ns
1640825 ns 1641040 ns 215 ns
1641250 ns 1641468 ns 218 ns
1641401 ns 1641616 ns 215 ns
1641886 ns 1642104 ns 218 ns
1642569 ns 1642784 ns 215 ns
1642720 ns 1642936 ns 216 ns
1643252 ns 1643468 ns 216 ns
1643938 ns 1644156 ns 218 ns
1644090 ns 1644308 ns 218 ns
1644627 ns 1644844 ns 217 ns
1645306 ns 1645524 ns 218 ns
1645457 ns 1645672 ns 215 ns
1645969 ns 1646192 ns 223 ns
1646682 ns 1646900 ns 218 ns
1646833 ns 1647060 ns 227 ns
1647320 ns 1647536 ns 216 ns
1648005 ns 1648220 ns 215 ns
1648157 ns 1648372 ns 215 ns
1648670 ns 1648888 ns 218 ns
1652111 ns 1652328 ns 217 ns
1652263 ns 1652480 ns 217 ns
1652448 ns 1652664 ns 216 ns
1652632 ns 1652848 ns 216 ns
1652822 ns 1653040 ns 218 ns
1653420 ns 1653656 ns 236 ns
1653592 ns 1653992 ns 400 ns
1653744 ns 1654032 ns 288 ns
1654254 ns 1654472 ns 218 ns
1654935 ns 1655232 ns 297 ns
1655087 ns 1655304 ns 217 ns
1655567 ns 1655784 ns 217 ns
1655829 ns 1656044 ns 215 ns
1656256 ns 1656472 ns 216 ns
1656407 ns 1656624 ns 217 ns
1656946 ns 1657164 ns 218 ns
1657631 ns 1657848 ns 217 ns
1657936 ns 1658152 ns 216 ns
1658800 ns 1659016 ns 216 ns
1659092 ns 1659312 ns 220 ns
1659753 ns 1659968 ns 215 ns
1660023 ns 1660240 ns 217 ns
1660301 ns 1660516 ns 215 ns
1660664 ns 1660896 ns 232 ns
1660818 ns 1661036 ns 218 ns
1661137 ns 1661360 ns 223 ns
1661505 ns 1661808 ns 303 ns
1661710 ns 1661928 ns 218 ns
1662127 ns 1662396 ns 269 ns
1663489 ns 1663704 ns 215 ns
1663640 ns 1663856 ns 216 ns
1664144 ns 1664360 ns 216 ns
1669682 ns 1669900 ns 218 ns
1678082 ns 1678300 ns 218 ns
1680791 ns 1681008 ns 217 ns
1686211 ns 1686428 ns 217 ns
1687571 ns 1687788 ns 217 ns
1691572 ns 1691788 ns 216 ns
1696969 ns 1697184 ns 215 ns
1700614 ns 1700872 ns 258 ns
1700790 ns 1701008 ns 218 ns
1701267 ns 1701484 ns 217 ns
1701506 ns 1701724 ns 218 ns
1702193 ns 1702408 ns 215 ns
1707689 ns 1707904 ns 215 ns
1709048 ns 1709264 ns 216 ns
1713148 ns 1713364 ns 216 ns
1717227 ns 1717444 ns 217 ns
1719305 ns 1719520 ns 215 ns
1719490 ns 1719716 ns 226 ns
1720197 ns 1720412 ns 215 ns
1720683 ns 1720900 ns 217 ns
1720867 ns 1721092 ns 225 ns
1721577 ns 1721792 ns 215 ns
1722066 ns 1722284 ns 218 ns
1722219 ns 1722436 ns 217 ns
1722919 ns 1723136 ns 217 ns
1725414 ns 1725632 ns 218 ns
1734845 ns 1735068 ns 223 ns
1742063 ns 1742280 ns 217 ns
1743347 ns 1743564 ns 217 ns
1778305 ns 1778520 ns 215 ns
1778833 ns 1779048 ns 215 ns
1780620 ns 1780836 ns 216 ns
1781276 ns 1781496 ns 220 ns
1781500 ns 1781716 ns 216 ns
1781940 ns 1782156 ns 216 ns
1786254 ns 1786592 ns 338 ns
1787703 ns 1787920 ns 217 ns
1789143 ns 1789360 ns 217 ns
1790583 ns 1790800 ns 217 ns
1792022 ns 1792260 ns 238 ns
1793472 ns 1793688 ns 216 ns
1794882 ns 1795100 ns 218 ns
1796332 ns 1796548 ns 216 ns
1797781 ns 1797996 ns 215 ns
1799221 ns 1799436 ns 215 ns
1822380 ns 1822596 ns 216 ns
1828791 ns 1829008 ns 217 ns
1860242 ns 1860460 ns 218 ns
1860602 ns 1860884 ns 282 ns
1860781 ns 1861004 ns 223 ns
1861259 ns 1861476 ns 217 ns
1861477 ns 1861692 ns 215 ns
1861905 ns 1862120 ns 215 ns
1871201 ns 1871416 ns 215 ns
1873527 ns 1873744 ns 217 ns
1883148 ns 1883368 ns 220 ns
1936951 ns 1937168 ns 217 ns
1940256 ns 1940472 ns 216 ns
1940797 ns 1941012 ns 215 ns
1941140 ns 1941356 ns 216 ns
1941667 ns 1941904 ns 237 ns
1941837 ns 1942052 ns 215 ns
1942316 ns 1942672 ns 356 ns
2016950 ns 2017168 ns 218 ns
2020147 ns 2020672 ns 525 ns
2020685 ns 2020904 ns 219 ns
2021029 ns 2021244 ns 215 ns
2021573 ns 2021788 ns 215 ns
2021749 ns 2021976 ns 227 ns
2022232 ns 2022448 ns 216 ns
2060505 ns 2060720 ns 215 ns
2061364 ns 2061580 ns 216 ns
2061597 ns 2061812 ns 215 ns
2061987 ns 2062204 ns 217 ns
2100661 ns 2100876 ns 215 ns
2101318 ns 2101536 ns 218 ns
2101543 ns 2101760 ns 217 ns
2102223 ns 2102456 ns 233 ns
2176947 ns 2177164 ns 217 ns
2180303 ns 2180536 ns 233 ns
2180591 ns 2180808 ns 217 ns
2180843 ns 2181076 ns 233 ns
2181295 ns 2181512 ns 217 ns
2181490 ns 2181716 ns 226 ns
2182182 ns 2182396 ns 214 ns
2220613 ns 2220832 ns 219 ns
2221486 ns 2221704 ns 218 ns
2221669 ns 2221888 ns 219 ns
2222049 ns 2222264 ns 215 ns
2260610 ns 2260828 ns 218 ns
2261264 ns 2261480 ns 216 ns
2261487 ns 2261704 ns 217 ns
2261929 ns 2262408 ns 479 ns
2336944 ns 2337160 ns 216 ns
2340363 ns 2340580 ns 217 ns
2340913 ns 2341128 ns 215 ns
2341273 ns 2341488 ns 215 ns
2341812 ns 2342028 ns 216 ns
2341978 ns 2342200 ns 222 ns
2342316 ns 2342532 ns 216 ns
2416943 ns 2417160 ns 217 ns
2420335 ns 2420552 ns 217 ns
2420894 ns 2421112 ns 218 ns
2421249 ns 2421480 ns 231 ns
2421789 ns 2422004 ns 215 ns
2421953 ns 2422168 ns 215 ns
2422298 ns 2422516 ns 218 ns
2460351 ns 2460580 ns 229 ns
2461378 ns 2461596 ns 218 ns
2461663 ns 2461880 ns 217 ns
2462060 ns 2462320 ns 260 ns
2536940 ns 2537156 ns 216 ns
2540153 ns 2540376 ns 223 ns
2540436 ns 2540692 ns 256 ns
2540692 ns 2540908 ns 216 ns
2541060 ns 2541276 ns 216 ns
2541299 ns 2541516 ns 217 ns
2541860 ns 2542076 ns 216 ns
2616939 ns 2617176 ns 237 ns
2620117 ns 2620340 ns 223 ns
2620418 ns 2620636 ns 218 ns
2620656 ns 2620888 ns 232 ns
2621397 ns 2621620 ns 223 ns
2621644 ns 2621876 ns 232 ns
2622060 ns 2622296 ns 236 ns
2660665 ns 2660880 ns 215 ns
2661293 ns 2661524 ns 231 ns
2661510 ns 2661728 ns 218 ns
2661928 ns 2662144 ns 216 ns
2700511 ns 2700728 ns 217 ns
2701526 ns 2701744 ns 218 ns
2701787 ns 2702004 ns 217 ns
2702169 ns 2702452 ns 283 ns
2740747 ns 2740964 ns 217 ns
2741331 ns 2741548 ns 217 ns
2741561 ns 2741776 ns 215 ns
2741982 ns 2742200 ns 218 ns
2780415 ns 2780664 ns 249 ns
2781412 ns 2781676 ns 264 ns
2781657 ns 2781872 ns 215 ns
2782055 ns 2782320 ns 265 ns
2820520 ns 2820736 ns 216 ns
2821379 ns 2821596 ns 217 ns
2821613 ns 2821828 ns 215 ns
2821981 ns 2822196 ns 215 ns
2860624 ns 2860840 ns 216 ns
2861287 ns 2861504 ns 217 ns
2861558 ns 2861784 ns 226 ns
2862201 ns 2862416 ns 215 ns
2900605 ns 2900820 ns 215 ns
2901523 ns 2902008 ns 485 ns
2901734 ns 2902120 ns 386 ns
2902082 ns 2902300 ns 218 ns
2940494 ns 2940716 ns 222 ns
2941154 ns 2941372 ns 218 ns
2941373 ns 2941588 ns 215 ns
2942051 ns 2942268 ns 217 ns
3016930 ns 3017148 ns 218 ns
3020407 ns 3020700 ns 293 ns
3020946 ns 3021164 ns 218 ns
3021290 ns 3021508 ns 218 ns
3021818 ns 3022036 ns 218 ns
3021991 ns 3022208 ns 217 ns
3022347 ns 3022564 ns 217 ns
3096929 ns 3097144 ns 215 ns
3100296 ns 3100512 ns 216 ns
3100833 ns 3101056 ns 223 ns
3101176 ns 3101392 ns 216 ns
3101707 ns 3101924 ns 217 ns
3101877 ns 3102096 ns 219 ns
3102234 ns 3102452 ns 218 ns
3140404 ns 3140620 ns 216 ns
3141059 ns 3141276 ns 217 ns
3141284 ns 3141500 ns 216 ns
3141714 ns 3141932 ns 218 ns
3180635 ns 3180852 ns 217 ns
3181298 ns 3181516 ns 218 ns
3181522 ns 3181740 ns 218 ns
3182201 ns 3182416 ns 215 ns
3220506 ns 3220724 ns 218 ns
3221207 ns 3221424 ns 217 ns
3221420 ns 3221820 ns 400 ns
3221847 ns 3222064 ns 217 ns
3260633 ns 3260872 ns 239 ns
3261292 ns 3261508 ns 216 ns
3261515 ns 3261732 ns 217 ns
3262202 ns 3262420 ns 218 ns
3336923 ns 3337140 ns 217 ns
3340279 ns 3340496 ns 217 ns
3340634 ns 3340852 ns 218 ns
3340811 ns 3341040 ns 229 ns
3341436 ns 3341652 ns 216 ns
3341649 ns 3341864 ns 215 ns
3342039 ns 3342268 ns 229 ns
3380550 ns 3380768 ns 218 ns
3381209 ns 3381424 ns 215 ns
3381443 ns 3381660 ns 217 ns
3381877 ns 3382092 ns 215 ns
3420601 ns 3420816 ns 215 ns
3421419 ns 3421636 ns 217 ns
3421651 ns 3421868 ns 217 ns
3422182 ns 3422400 ns 218 ns
3460679 ns 3460896 ns 217 ns
3461218 ns 3461436 ns 218 ns
3461448 ns 3461672 ns 224 ns
3461883 ns 3462100 ns 217 ns
3514155 ns 3514372 ns 217 ns
3536918 ns 3537136 ns 218 ns
3557607 ns 3557824 ns 217 ns
3558143 ns 3558376 ns 233 ns
3558302 ns 3558520 ns 218 ns
3616917 ns 3617132 ns 215 ns
3620195 ns 3620460 ns 265 ns
3620561 ns 3620776 ns 215 ns
3620744 ns 3621004 ns 260 ns
3621249 ns 3621464 ns 215 ns
3621444 ns 3621660 ns 216 ns
3622144 ns 3622360 ns 216 ns
3696916 ns 3697132 ns 216 ns
3700306 ns 3700548 ns 242 ns
3700608 ns 3700824 ns 216 ns
3700843 ns 3701064 ns 221 ns
3701346 ns 3701564 ns 218 ns
3701517 ns 3701732 ns 215 ns
3702258 ns 3702476 ns 218 ns
3776914 ns 3777132 ns 218 ns
3790007 ns 3790224 ns 217 ns
3790547 ns 3790764 ns 217 ns
3790713 ns 3790928 ns 215 ns
3856913 ns 3857128 ns 215 ns
3860193 ns 3860408 ns 215 ns
3860498 ns 3860716 ns 218 ns
3860729 ns 3860948 ns 219 ns
3861297 ns 3861512 ns 215 ns
3861550 ns 3861828 ns 278 ns
3861890 ns 3862180 ns 290 ns
3936912 ns 3937128 ns 216 ns
3940140 ns 3940360 ns 220 ns
3940444 ns 3940680 ns 236 ns
3940679 ns 3940904 ns 225 ns
3941390 ns 3941664 ns 274 ns
3941694 ns 3941912 ns 218 ns
3942087 ns 3942356 ns 269 ns
3980669 ns 3980884 ns 215 ns
3981304 ns 3981520 ns 216 ns
3981528 ns 3981744 ns 216 ns
3981959 ns 3982176 ns 217 ns
4020600 ns 4020816 ns 216 ns
4021275 ns 4021492 ns 217 ns
4021507 ns 4021724 ns 217 ns
4022220 ns 4022436 ns 216 ns
4060764 ns 4060980 ns 216 ns
4061542 ns 4061760 ns 218 ns
4061771 ns 4061988 ns 217 ns
4062144 ns 4062360 ns 216 ns
4100540 ns 4100756 ns 216 ns
4101196 ns 4101412 ns 216 ns
4101421 ns 4101636 ns 215 ns
4102127 ns 4102344 ns 217 ns
4176905 ns 4177120 ns 215 ns
4180201 ns 4180416 ns 215 ns
4180775 ns 4181268 ns 493 ns
4181126 ns 4181344 ns 218 ns
4181685 ns 4181900 ns 215 ns
4181848 ns 4182068 ns 220 ns
4182335 ns 4182552 ns 217 ns
4256903 ns 4257120 ns 217 ns
4260129 ns 4260344 ns 215 ns
4260485 ns 4260772 ns 287 ns
4260668 ns 4260888 ns 220 ns
4261175 ns 4261392 ns 217 ns
4261360 ns 4261576 ns 216 ns
4262073 ns 4262288 ns 215 ns
4300688 ns 4300904 ns 216 ns
4301328 ns 4301544 ns 216 ns
4301556 ns 4301776 ns 220 ns
4301979 ns 4302196 ns 217 ns
4376899 ns 4377116 ns 217 ns
4380300 ns 4380516 ns 216 ns
4380636 ns 4380852 ns 216 ns
4380839 ns 4381056 ns 217 ns
4381280 ns 4381496 ns 216 ns
4381514 ns 4381732 ns 218 ns
4381952 ns 4382168 ns 216 ns
4456898 ns 4457112 ns 214 ns
4460286 ns 4460500 ns 214 ns
4460817 ns 4461032 ns 215 ns
4461183 ns 4461400 ns 217 ns
4461716 ns 4462056 ns 340 ns
4461909 ns 4462124 ns 215 ns
4462256 ns 4462472 ns 216 ns
4536896 ns 4537112 ns 216 ns
4537557 ns 4537772 ns 215 ns
4538087 ns 4538304 ns 217 ns
4540685 ns 4540900 ns 215 ns
4541289 ns 4541504 ns 215 ns
4541502 ns 4541728 ns 226 ns
4541935 ns 4542168 ns 233 ns
4616894 ns 4617112 ns 218 ns
4617533 ns 4617992 ns 459 ns
4618063 ns 4618280 ns 217 ns
4620699 ns 4620916 ns 217 ns
4621408 ns 4621624 ns 216 ns
4621647 ns 4621864 ns 217 ns
4622165 ns 4622380 ns 215 ns
4696893 ns 4697108 ns 215 ns
4697532 ns 4697748 ns 216 ns
4698068 ns 4698284 ns 216 ns
4700611 ns 4700828 ns 217 ns
4701255 ns 4701472 ns 217 ns
4701487 ns 4701704 ns 217 ns
4701929 ns 4702180 ns 251 ns
4740556 ns 4740772 ns 216 ns
4741269 ns 4741484 ns 215 ns
4741507 ns 4741724 ns 217 ns
4742363 ns 4742792 ns 429 ns
4780646 ns 4780864 ns 218 ns
4781288 ns 4781504 ns 216 ns
4781516 ns 4781828 ns 312 ns
4781954 ns 4782172 ns 218 ns
4856889 ns 4857104 ns 215 ns
4857527 ns 4857744 ns 217 ns
4858072 ns 4858288 ns 216 ns
4860695 ns 4860912 ns 217 ns
4861325 ns 4861540 ns 215 ns
4861539 ns 4861756 ns 217 ns
4861978 ns 4862196 ns 218 ns
4936888 ns 4937104 ns 216 ns
4937550 ns 4937796 ns 246 ns
4938086 ns 4938304 ns 218 ns
4959379 ns 4959600 ns 221 ns
4959912 ns 4960128 ns 216 ns
4960077 ns 4960292 ns 215 ns
4980638 ns 4980856 ns 218 ns
4981299 ns 4981560 ns 261 ns
4981537 ns 4981752 ns 215 ns
4982296 ns 4982592 ns 296 ns
5020640 ns 5020856 ns 216 ns
5021280 ns 5021496 ns 216 ns
5021503 ns 5021720 ns 217 ns
5021936 ns 5022152 ns 216 ns
5096885 ns 5097100 ns 215 ns
5097522 ns 5097740 ns 218 ns
5098073 ns 5098288 ns 215 ns
5100644 ns 5100860 ns 216 ns
5101269 ns 5101592 ns 323 ns
5101484 ns 5101700 ns 216 ns
5101915 ns 5102132 ns 217 ns
5140396 ns 5140692 ns 296 ns
5141081 ns 5141332 ns 251 ns
5141311 ns 5141532 ns 221 ns
5142021 ns 5142312 ns 291 ns
5216882 ns 5217100 ns 218 ns
5220097 ns 5220312 ns 215 ns
5220642 ns 5220860 ns 218 ns
5220990 ns 5221208 ns 218 ns
5221580 ns 5221808 ns 228 ns
5221819 ns 5222036 ns 217 ns
5222601 ns 5222816 ns 215 ns
5296881 ns 5297096 ns 215 ns
5300089 ns 5300304 ns 215 ns
5300409 ns 5300664 ns 255 ns
5300625 ns 5300844 ns 219 ns
5301017 ns 5301232 ns 215 ns
5301257 ns 5301484 ns 227 ns
5301918 ns 5302136 ns 218 ns
5340604 ns 5340820 ns 216 ns
5341356 ns 5341572 ns 216 ns
5341582 ns 5341800 ns 218 ns
5342092 ns 5342308 ns 216 ns
5380595 ns 5380812 ns 217 ns
5381320 ns 5381544 ns 224 ns
5381558 ns 5381776 ns 218 ns
5382257 ns 5382472 ns 215 ns
5420914 ns 5421132 ns 218 ns
5421486 ns 5421704 ns 218 ns
5421719 ns 5421936 ns 217 ns
5422221 ns 5422436 ns 215 ns
5470274 ns 5470504 ns 230 ns
5470449 ns 5470664 ns 215 ns
5470608 ns 5470824 ns 216 ns
5474134 ns 5474352 ns 218 ns
5474390 ns 5474612 ns 222 ns
5475979 ns 5476196 ns 217 ns
5476229 ns 5476444 ns 215 ns
5477358 ns 5477576 ns 218 ns
5477531 ns 5477748 ns 217 ns
5477665 ns 5477880 ns 215 ns
5477829 ns 5478044 ns 215 ns
5477987 ns 5478204 ns 217 ns
5478130 ns 5478348 ns 218 ns
5478265 ns 5478480 ns 215 ns
5478404 ns 5478620 ns 216 ns
5478579 ns 5478796 ns 217 ns
5478742 ns 5478960 ns 218 ns
5478885 ns 5479100 ns 215 ns
5479193 ns 5479408 ns 215 ns
5479356 ns 5479572 ns 216 ns
5479524 ns 5479740 ns 216 ns
5479691 ns 5479908 ns 217 ns
5479847 ns 5480064 ns 217 ns
5480008 ns 5480224 ns 216 ns
5480174 ns 5480392 ns 218 ns
5480349 ns 5480564 ns 215 ns
5480508 ns 5480724 ns 216 ns
5480647 ns 5480864 ns 217 ns
5480823 ns 5481040 ns 217 ns
5480959 ns 5481176 ns 217 ns
5481641 ns 5481856 ns 215 ns
5481801 ns 5482016 ns 215 ns
5483897 ns 5484112 ns 215 ns
5484428 ns 5484724 ns 296 ns
5484953 ns 5485184 ns 231 ns
5485087 ns 5485304 ns 217 ns
5486499 ns 5486716 ns 217 ns
5486674 ns 5486892 ns 218 ns
5488397 ns 5488612 ns 215 ns
5488531 ns 5488748 ns 217 ns
5489722 ns 5489940 ns 218 ns
5500091 ns 5500308 ns 217 ns
5500443 ns 5500660 ns 217 ns
5500625 ns 5500856 ns 231 ns
5501367 ns 5501584 ns 217 ns
5501649 ns 5501864 ns 215 ns
5502008 ns 5502296 ns 288 ns
5540553 ns 5540776 ns 223 ns
5541386 ns 5541604 ns 218 ns
5541631 ns 5541848 ns 217 ns
5542010 ns 5542228 ns 218 ns
5576651 ns 5576868 ns 217 ns
5580513 ns 5580760 ns 247 ns
5581334 ns 5581552 ns 218 ns
5581577 ns 5581792 ns 215 ns
5582115 ns 5582332 ns 217 ns
5620715 ns 5620932 ns 217 ns
5621343 ns 5621560 ns 217 ns
5621579 ns 5621796 ns 217 ns
5622089 ns 5622304 ns 215 ns
5660512 ns 5660728 ns 216 ns
5661171 ns 5661388 ns 217 ns
5661405 ns 5661620 ns 215 ns
5662088 ns 5662304 ns 216 ns
5736860 ns 5737084 ns 224 ns
5740295 ns 5740512 ns 217 ns
5740595 ns 5740812 ns 217 ns
5740832 ns 5741244 ns 412 ns
5741324 ns 5741552 ns 228 ns
5741496 ns 5741724 ns 228 ns
5742168 ns 5742384 ns 216 ns
5816858 ns 5817076 ns 218 ns
5820185 ns 5820400 ns 215 ns
5820544 ns 5820760 ns 216 ns
5820722 ns 5820940 ns 218 ns
5821205 ns 5821420 ns 215 ns
5821440 ns 5821656 ns 216 ns
5822130 ns 5822348 ns 218 ns
5896857 ns 5897192 ns 335 ns
5900168 ns 5900384 ns 216 ns
5900699 ns 5900916 ns 217 ns
5901060 ns 5901276 ns 216 ns
5901600 ns 5901816 ns 216 ns
5901763 ns 5901980 ns 217 ns
5902108 ns 5902324 ns 216 ns
5943917 ns 5944132 ns 215 ns
5944093 ns 5944308 ns 215 ns
5944252 ns 5944484 ns 232 ns
5946571 ns 5946788 ns 217 ns
5947668 ns 5947884 ns 216 ns
5947839 ns 5948056 ns 217 ns
5947975 ns 5948192 ns 217 ns
5948140 ns 5948432 ns 292 ns
5948301 ns 5948516 ns 215 ns
5948468 ns 5948684 ns 216 ns
5948468 ns 5948704 ns 236 ns
5948605 ns 5948820 ns 215 ns
5948745 ns 5948960 ns 215 ns
5948908 ns 5949124 ns 216 ns
5948996 ns 5949212 ns 216 ns
5949049 ns 5949264 ns 215 ns
5949165 ns 5949380 ns 215 ns
5949185 ns 5949400 ns 215 ns
5949348 ns 5949564 ns 216 ns
5949519 ns 5949736 ns 217 ns
5949686 ns 5949904 ns 218 ns
5949842 ns 5950060 ns 218 ns
5950001 ns 5950216 ns 215 ns
5950168 ns 5950384 ns 216 ns
5950302 ns 5950520 ns 218 ns
5950443 ns 5950660 ns 217 ns
5950580 ns 5950796 ns 216 ns
5951103 ns 5951320 ns 217 ns
5953572 ns 5953788 ns 216 ns
5953926 ns 5954144 ns 218 ns
5955363 ns 5955580 ns 217 ns
5955539 ns 5955756 ns 217 ns
5956874 ns 5957092 ns 218 ns
5980563 ns 5980780 ns 217 ns
5981299 ns 5981516 ns 217 ns
5981525 ns 5981740 ns 215 ns
5982020 ns 5982236 ns 216 ns
6056846 ns 6057064 ns 218 ns
6060201 ns 6060416 ns 215 ns
6060732 ns 6061108 ns 376 ns
6061092 ns 6061308 ns 216 ns
6061628 ns 6061844 ns 216 ns
6061792 ns 6062008 ns 216 ns
6062144 ns 6062360 ns 216 ns
6087348 ns 6087564 ns 216 ns
6136844 ns 6137060 ns 216 ns
6140123 ns 6140340 ns 217 ns
6140520 ns 6140736 ns 216 ns
6140643 ns 6140860 ns 217 ns
6141134 ns 6141352 ns 218 ns
6141346 ns 6141564 ns 218 ns
6141779 ns 6141996 ns 217 ns
6216842 ns 6217060 ns 218 ns
6226387 ns 6226604 ns 217 ns
6226932 ns 6227148 ns 216 ns
6256841 ns 6257056 ns 215 ns
6260199 ns 6260416 ns 217 ns
6260731 ns 6260948 ns 217 ns
6261076 ns 6261292 ns 216 ns
6261617 ns 6261832 ns 215 ns
6261793 ns 6262008 ns 215 ns
6262275 ns 6262492 ns 217 ns
6300498 ns 6300716 ns 218 ns
6301134 ns 6301352 ns 218 ns
6301362 ns 6301600 ns 238 ns
6301797 ns 6302012 ns 215 ns
6340429 ns 6340724 ns 295 ns
6341282 ns 6341500 ns 218 ns
6341502 ns 6341872 ns 370 ns
6342016 ns 6342232 ns 216 ns
6416837 ns 6417052 ns 215 ns
6420223 ns 6420452 ns 229 ns
6420532 ns 6420748 ns 216 ns
6420758 ns 6420988 ns 230 ns
6421267 ns 6421484 ns 217 ns
6421436 ns 6421652 ns 216 ns
6422104 ns 6422320 ns 216 ns
6461378 ns 6461596 ns 218 ns
6461545 ns 6461760 ns 215 ns
6461717 ns 6461932 ns 215 ns
6461877 ns 6462092 ns 215 ns
6462053 ns 6462268 ns 215 ns
6462393 ns 6462608 ns 215 ns
6472813 ns 6473028 ns 215 ns
6472979 ns 6473196 ns 217 ns
6473156 ns 6473376 ns 220 ns
6473333 ns 6473548 ns 215 ns
6474026 ns 6474392 ns 366 ns
6474200 ns 6474416 ns 216 ns
6474372 ns 6474588 ns 216 ns
6474531 ns 6474764 ns 233 ns
6474691 ns 6474908 ns 217 ns
6475051 ns 6475268 ns 217 ns
6475220 ns 6475436 ns 216 ns
6476075 ns 6476292 ns 217 ns
6476220 ns 6476436 ns 216 ns
6476354 ns 6476572 ns 218 ns
6476521 ns 6476736 ns 215 ns
6476656 ns 6476872 ns 216 ns
6476821 ns 6477036 ns 215 ns
6476955 ns 6477172 ns 217 ns
6477095 ns 6477312 ns 217 ns
6477260 ns 6477476 ns 216 ns
6477400 ns 6477616 ns 216 ns
6477536 ns 6477752 ns 216 ns
6477672 ns 6477888 ns 216 ns
6477840 ns 6478056 ns 216 ns
6478007 ns 6478224 ns 217 ns
6478140 ns 6478356 ns 216 ns
6478301 ns 6478516 ns 215 ns
6478443 ns 6478736 ns 293 ns
6478576 ns 6478796 ns 220 ns
6478717 ns 6478932 ns 215 ns
6478854 ns 6479072 ns 218 ns
6479372 ns 6479608 ns 236 ns
6481690 ns 6481908 ns 218 ns
6482033 ns 6482248 ns 215 ns
6483246 ns 6483464 ns 218 ns
6483420 ns 6483652 ns 232 ns
6485115 ns 6485348 ns 233 ns
6485983 ns 6486200 ns 217 ns
6488613 ns 6488828 ns 215 ns
6489370 ns 6489588 ns 218 ns
6489941 ns 6490156 ns 215 ns
6500727 ns 6500956 ns 229 ns
6501354 ns 6501572 ns 218 ns
6501573 ns 6501788 ns 215 ns
6502016 ns 6502232 ns 216 ns
6576824 ns 6577040 ns 216 ns
6580093 ns 6580308 ns 215 ns
6580633 ns 6580848 ns 215 ns
6581 us 6581216 ns 216 ns
6581537 ns 6581752 ns 215 ns
6581701 ns 6581916 ns 215 ns
6582078 ns 6582296 ns 218 ns
6601874 ns 6602092 ns 218 ns
6656822 ns 6657040 ns 218 ns
6660072 ns 6660288 ns 216 ns
6660605 ns 6660820 ns 215 ns
6660966 ns 6661184 ns 218 ns
6661503 ns 6661720 ns 217 ns
6661666 ns 6661884 ns 218 ns
6662012 ns 6662228 ns 216 ns
6736820 ns 6737036 ns 216 ns
6752260 ns 6752476 ns 216 ns
6752773 ns 6752988 ns 215 ns
6776820 ns 6777036 ns 216 ns
6780220 ns 6780436 ns 216 ns
6780760 ns 6780976 ns 216 ns
6781116 ns 6781404 ns 288 ns
6781748 ns 6781964 ns 216 ns
6781967 ns 6782184 ns 217 ns
6782330 ns 6782548 ns 218 ns
6856819 ns 6857036 ns 217 ns
6859927 ns 6860144 ns 217 ns
6860462 ns 6860692 ns 230 ns
6860810 ns 6861028 ns 218 ns
6861358 ns 6861576 ns 218 ns
6861543 ns 6861760 ns 217 ns
6861916 ns 6862132 ns 216 ns
6936817 ns 6937032 ns 215 ns
6940124 ns 6940340 ns 216 ns
6940405 ns 6940620 ns 215 ns
6940660 ns 6940876 ns 216 ns
6941246 ns 6941464 ns 218 ns
6941501 ns 6941716 ns 215 ns
6942029 ns 6942392 ns 363 ns
6997765 ns 6997980 ns 215 ns
6998306 ns 6998524 ns 218 ns
6998464 ns 6998680 ns 216 ns
7020448 ns 7020664 ns 216 ns
7021135 ns 7021352 ns 217 ns
7021358 ns 7021576 ns 218 ns
7022048 ns 7022264 ns 216 ns
7060512 ns 7060728 ns 216 ns
7061118 ns 7061336 ns 218 ns
7061342 ns 7061560 ns 218 ns
7061763 ns 7061980 ns 217 ns
7136814 ns 7137032 ns 218 ns
7140133 ns 7140348 ns 215 ns
7140667 ns 7140888 ns 221 ns
7141027 ns 7141292 ns 265 ns
7141562 ns 7141780 ns 218 ns
7141725 ns 7141940 ns 215 ns
7142079 ns 7142296 ns 217 ns
7216813 ns 7217028 ns 215 ns
7220157 ns 7220372 ns 215 ns
7220699 ns 7220916 ns 217 ns
7221064 ns 7221280 ns 216 ns
7221606 ns 7221828 ns 222 ns
7221769 ns 7221984 ns 215 ns
7222114 ns 7222332 ns 218 ns
7296810 ns 7297028 ns 218 ns
7300108 ns 7300360 ns 252 ns
7300650 ns 7300868 ns 218 ns
7300992 ns 7301292 ns 300 ns
7301524 ns 7301740 ns 216 ns
7301694 ns 7301912 ns 218 ns
7302195 ns 7302412 ns 217 ns
7340523 ns 7340740 ns 217 ns
7341166 ns 7341384 ns 218 ns
7341395 ns 7341612 ns 217 ns
7341843 ns 7342060 ns 217 ns
7380436 ns 7380788 ns 352 ns
7381283 ns 7381500 ns 217 ns
7381554 ns 7381772 ns 218 ns
7382078 ns 7382296 ns 218 ns
7456805 ns 7457272 ns 467 ns
7460159 ns 7460376 ns 217 ns
7460697 ns 7460912 ns 215 ns
7461044 ns 7461260 ns 216 ns
7461574 ns 7461792 ns 218 ns
7461743 ns 7461960 ns 217 ns
7462515 ns 7462732 ns 217 ns
7536803 ns 7537020 ns 217 ns
7540180 ns 7540396 ns 216 ns
7540740 ns 7540956 ns 216 ns
7541094 ns 7541312 ns 218 ns
7541640 ns 7541856 ns 216 ns
7541810 ns 7542028 ns 218 ns
7542166 ns 7542384 ns 218 ns
7580406 ns 7580632 ns 226 ns
7581242 ns 7581460 ns 218 ns
7581501 ns 7581716 ns 215 ns
7582060 ns 7582276 ns 216 ns
7620459 ns 7620676 ns 217 ns
7621094 ns 7621312 ns 218 ns
7621333 ns 7621624 ns 291 ns
7621760 ns 7621976 ns 216 ns
7696800 ns 7697016 ns 216 ns
7700079 ns 7700304 ns 225 ns
7700617 ns 7700832 ns 215 ns
7700978 ns 7701196 ns 218 ns
7701515 ns 7701732 ns 217 ns
7701681 ns 7701896 ns 215 ns
7702061 ns 7702276 ns 215 ns
7776799 ns 7777016 ns 217 ns
7798116 ns 7798332 ns 216 ns
7798650 ns 7798868 ns 218 ns
7798814 ns 7799032 ns 218 ns
7856798 ns 7857084 ns 286 ns
7860071 ns 7860288 ns 217 ns
7860423 ns 7860640 ns 217 ns
7860605 ns 7860820 ns 215 ns
7861237 ns 7861452 ns 215 ns
7861468 ns 7861684 ns 216 ns
7861842 ns 7862056 ns 214 ns
7936796 ns 7937084 ns 288 ns
7939973 ns 7940188 ns 215 ns
7940513 ns 7940848 ns 335 ns
7940861 ns 7941076 ns 215 ns
7941479 ns 7941696 ns 217 ns
7941817 ns 7942032 ns 215 ns
7942346 ns 7942564 ns 218 ns
7944143 ns 7944412 ns 269 ns
8016794 ns 8017080 ns 286 ns
8021031 ns 8021256 ns 225 ns
8021588 ns 8021804 ns 216 ns
8021927 ns 8022160 ns 233 ns
8022780 ns 8022996 ns 216 ns
8023029 ns 8023244 ns 215 ns
8023394 ns 8023612 ns 218 ns
8096792 ns 8097080 ns 288 ns
8099896 ns 8100112 ns 216 ns
8100443 ns 8100660 ns 217 ns
8100792 ns 8101008 ns 216 ns
8101335 ns 8101552 ns 217 ns
8101580 ns 8101796 ns 216 ns
8102322 ns 8102536 ns 214 ns
8140479 ns 8140704 ns 225 ns
8141095 ns 8141312 ns 217 ns
8141318 ns 8141532 ns 214 ns
8141752 ns 8141968 ns 216 ns
8180423 ns 8180640 ns 217 ns
8181072 ns 8181288 ns 216 ns
8181305 ns 8181520 ns 215 ns
8182161 ns 8182716 ns 555 ns
8256789 ns 8257084 ns 295 ns
8260126 ns 8260664 ns 538 ns
8260486 ns 8260744 ns 258 ns
8260691 ns 8260916 ns 225 ns
8261179 ns 8261408 ns 229 ns
8261350 ns 8261564 ns 214 ns
8262202 ns 8262480 ns 278 ns
8318189 ns 8318404 ns 215 ns
8318731 ns 8319016 ns 285 ns
8318893 ns 8319108 ns 215 ns
8376787 ns 8377004 ns 217 ns
8380152 ns 8380368 ns 216 ns
8380683 ns 8380908 ns 225 ns
8381029 ns 8381244 ns 215 ns
8381558 ns 8381772 ns 214 ns
8381733 ns 8381948 ns 215 ns
8382264 ns 8382480 ns 216 ns
8420500 ns 8420716 ns 216 ns
8421144 ns 8421360 ns 216 ns
8421368 ns 8421584 ns 216 ns
8421823 ns 8422040 ns 217 ns
8460431 ns 8460648 ns 217 ns
8461099 ns 8461316 ns 217 ns
8461329 ns 8461544 ns 215 ns
8462179 ns 8462396 ns 217 ns
8516552 ns 8516768 ns 216 ns
8517088 ns 8517304 ns 216 ns
8517251 ns 8517468 ns 217 ns
8543099 ns 8543316 ns 217 ns
8543261 ns 8543476 ns 215 ns
8548464 ns 8548680 ns 216 ns
8548699 ns 8548916 ns 217 ns
8549247 ns 8549464 ns 217 ns
8549420 ns 8549636 ns 216 ns
8551150 ns 8551364 ns 214 ns
8551326 ns 8551544 ns 218 ns
8551812 ns 8552028 ns 216 ns
8552896 ns 8553120 ns 224 ns
8553107 ns 8553324 ns 217 ns
8553282 ns 8553496 ns 214 ns
8553460 ns 8553676 ns 216 ns
8553601 ns 8553816 ns 215 ns
8553911 ns 8554128 ns 217 ns
8554049 ns 8554264 ns 215 ns
8554356 ns 8554572 ns 216 ns
8554868 ns 8555084 ns 216 ns
8555540 ns 8555768 ns 228 ns
8556440 ns 8556656 ns 216 ns
8556758 ns 8556992 ns 234 ns
8556897 ns 8557112 ns 215 ns
8557039 ns 8557256 ns 217 ns
8557381 ns 8557596 ns 215 ns
8557875 ns 8558092 ns 217 ns
8558011 ns 8558228 ns 217 ns
8558150 ns 8558364 ns 214 ns
8558292 ns 8558508 ns 216 ns
8558427 ns 8558644 ns 217 ns
8558563 ns 8558780 ns 217 ns
8558697 ns 8558916 ns 219 ns
8559014 ns 8559228 ns 214 ns
8559158 ns 8559372 ns 214 ns
8559774 ns 8559992 ns 218 ns
8561608 ns 8561824 ns 216 ns
8561748 ns 8561964 ns 216 ns
8563812 ns 8564028 ns 216 ns
8565377 ns 8565592 ns 215 ns
8569090 ns 8569308 ns 218 ns
8569787 ns 8570004 ns 217 ns
8569926 ns 8570140 ns 214 ns
8570067 ns 8570284 ns 217 ns
8570321 ns 8570536 ns 215 ns
8571954 ns 8572172 ns 218 ns
8572094 ns 8572308 ns 214 ns
8574794 ns 8575008 ns 214 ns
8574980 ns 8575196 ns 216 ns
8575314 ns 8575528 ns 214 ns
8575446 ns 8575660 ns 214 ns
8575596 ns 8575812 ns 216 ns
8575730 ns 8575944 ns 214 ns
8576025 ns 8576240 ns 215 ns
8576193 ns 8576408 ns 215 ns
8576334 ns 8576568 ns 234 ns
8575884 ns 8576668 ns 784 ns
8576472 ns 8576688 ns 216 ns
8580995 ns 8581212 ns 217 ns
8581485 ns 8581700 ns 215 ns
8581861 ns 8582076 ns 215 ns
8582220 ns 8582504 ns 284 ns
8582362 ns 8582584 ns 222 ns
8582937 ns 8583152 ns 215 ns
8583018 ns 8583236 ns 218 ns
8583199 ns 8583420 ns 221 ns
8583798 ns 8584012 ns 214 ns
8584090 ns 8584312 ns 222 ns
8584340 ns 8584556 ns 216 ns
8584579 ns 8584796 ns 217 ns
8586117 ns 8586332 ns 215 ns
8586602 ns 8586816 ns 214 ns
8586955 ns 8587172 ns 217 ns
8587286 ns 8587508 ns 222 ns
8587420 ns 8587652 ns 232 ns
8587557 ns 8587772 ns 215 ns
8587699 ns 8587916 ns 217 ns
8587828 ns 8588260 ns 432 ns
8587955 ns 8588324 ns 369 ns
8587896 ns 8588344 ns 448 ns
8588147 ns 8588364 ns 217 ns
8588288 ns 8588504 ns 216 ns
8588431 ns 8588648 ns 217 ns
8588465 ns 8588680 ns 215 ns
8588478 ns 8588700 ns 222 ns
8588599 ns 8588816 ns 217 ns
8588606 ns 8588836 ns 230 ns
8588776 ns 8588992 ns 216 ns
8589200 ns 8589416 ns 216 ns
8589185 ns 8589436 ns 251 ns
8589368 ns 8589584 ns 216 ns
8589502 ns 8589716 ns 214 ns
8589544 ns 8589760 ns 216 ns
8589647 ns 8589864 ns 217 ns
8589692 ns 8589916 ns 224 ns
8589797 ns 8590012 ns 215 ns
8589846 ns 8590060 ns 214 ns
8589927 ns 8590144 ns 217 ns
8589999 ns 8590220 ns 221 ns
8590146 ns 8590372 ns 226 ns
8590288 ns 8590504 ns 216 ns
8590521 ns 8590752 ns 231 ns
8590718 ns 8590956 ns 238 ns
8590899 ns 8591116 ns 217 ns
8591339 ns 8591556 ns 217 ns
8591689 ns 8591912 ns 223 ns
8591877 ns 8592096 ns 219 ns
8592070 ns 8592288 ns 218 ns
8592260 ns 8592484 ns 224 ns
8592446 ns 8592668 ns 222 ns
8592771 ns 8592988 ns 217 ns
8592859 ns 8593148 ns 289 ns
8592958 ns 8593176 ns 218 ns
8593477 ns 8593692 ns 215 ns
8593656 ns 8593960 ns 304 ns
8593977 ns 8594192 ns 215 ns
8596696 ns 8596912 ns 216 ns
8597506 ns 8597724 ns 218 ns
8597968 ns 8598184 ns 216 ns
8598151 ns 8598368 ns 217 ns
8598324 ns 8598540 ns 216 ns
8598504 ns 8598724 ns 220 ns
8599761 ns 8599976 ns 215 ns
8599973 ns 8600188 ns 215 ns
8601293 ns 8601612 ns 319 ns
8601752 ns 8601968 ns 216 ns
8601926 ns 8602208 ns 282 ns
8602451 ns 8602668 ns 217 ns
8602807 ns 8603024 ns 217 ns
8603164 ns 8603380 ns 216 ns
8603930 ns 8604148 ns 218 ns
8604183 ns 8604400 ns 217 ns
8604811 ns 8605044 ns 233 ns
8606057 ns 8606292 ns 235 ns
8606417 ns 8606636 ns 219 ns
8606573 ns 8606804 ns 231 ns
8606733 ns 8606948 ns 215 ns
8607633 ns 8607848 ns 215 ns
8607790 ns 8608008 ns 218 ns
8607939 ns 8608156 ns 217 ns
8608094 ns 8608308 ns 214 ns
8608096 ns 8608328 ns 232 ns
8608264 ns 8608480 ns 216 ns
8608423 ns 8608640 ns 217 ns
8608575 ns 8608792 ns 217 ns
8608738 ns 8608956 ns 218 ns
8608891 ns 8609108 ns 217 ns
8609050 ns 8609264 ns 214 ns
8609225 ns 8609440 ns 215 ns
8609384 ns 8609600 ns 216 ns
8609545 ns 8609788 ns 243 ns
8609698 ns 8609968 ns 270 ns
8609856 ns 8610076 ns 220 ns
8610023 ns 8610252 ns 229 ns
8610179 ns 8610396 ns 217 ns
8610308 ns 8610524 ns 216 ns
8611424 ns 8611728 ns 304 ns
8611631 ns 8611848 ns 217 ns
8611793 ns 8612008 ns 215 ns
8611954 ns 8612172 ns 218 ns
8612127 ns 8612352 ns 225 ns
8612331 ns 8612548 ns 217 ns
8612494 ns 8612708 ns 214 ns
8612766 ns 8612984 ns 218 ns
8613372 ns 8613588 ns 216 ns
8613546 ns 8613764 ns 218 ns
8614274 ns 8614488 ns 214 ns
8615148 ns 8615364 ns 216 ns
8616305 ns 8616520 ns 215 ns
8616463 ns 8616688 ns 225 ns
8616852 ns 8617068 ns 216 ns
8617074 ns 8617288 ns 214 ns
8617330 ns 8617548 ns 218 ns
8617840 ns 8618060 ns 220 ns
8621563 ns 8621780 ns 217 ns
8621714 ns 8621928 ns 214 ns
8621936 ns 8622152 ns 216 ns
8622092 ns 8622308 ns 216 ns
8622247 ns 8622464 ns 217 ns
8622609 ns 8622824 ns 215 ns
8622776 ns 8622992 ns 216 ns
8623149 ns 8623364 ns 215 ns
8623513 ns 8623728 ns 215 ns
8623942 ns 8624156 ns 214 ns
8624124 ns 8624340 ns 216 ns
8624303 ns 8624520 ns 217 ns
8624479 ns 8624696 ns 217 ns
8624652 ns 8624868 ns 216 ns
8624830 ns 8625044 ns 214 ns
8629584 ns 8629800 ns 216 ns
8629887 ns 8630104 ns 217 ns
8630534 ns 8630752 ns 218 ns
8631285 ns 8631500 ns 215 ns
8631942 ns 8632168 ns 226 ns
8632019 ns 8632236 ns 217 ns
8632529 ns 8632744 ns 215 ns
8633604 ns 8633820 ns 216 ns
8633830 ns 8634044 ns 214 ns
8634181 ns 8634396 ns 215 ns
8634903 ns 8635152 ns 249 ns
8635174 ns 8635388 ns 214 ns
8635318 ns 8635536 ns 218 ns
8635679 ns 8635952 ns 273 ns
8636033 ns 8636248 ns 215 ns
8636390 ns 8636604 ns 214 ns
8636996 ns 8637276 ns 280 ns
8637354 ns 8637568 ns 214 ns
8637721 ns 8637936 ns 215 ns
8638089 ns 8638324 ns 235 ns
8638450 ns 8638680 ns 230 ns
8639047 ns 8639264 ns 217 ns
8639504 ns 8639720 ns 216 ns
8640041 ns 8640256 ns 215 ns
8640411 ns 8640628 ns 217 ns
8640780 ns 8640996 ns 216 ns
8641143 ns 8641360 ns 217 ns
8641564 ns 8641780 ns 216 ns
8641930 ns 8642144 ns 214 ns
8641934 ns 8642164 ns 230 ns
8642619 ns 8642836 ns 217 ns
8642569 ns 8642860 ns 291 ns
8643136 ns 8643356 ns 220 ns
8644252 ns 8644468 ns 216 ns
8644660 ns 8644876 ns 216 ns
8644783 ns 8645012 ns 229 ns
8645111 ns 8645328 ns 217 ns
8645321 ns 8645536 ns 215 ns
8645493 ns 8645708 ns 215 ns
8645664 ns 8645880 ns 216 ns
8645959 ns 8646244 ns 285 ns
8646031 ns 8646264 ns 233 ns
8646207 ns 8646424 ns 217 ns
8646315 ns 8646532 ns 217 ns
8646680 ns 8646896 ns 216 ns
8647048 ns 8647264 ns 216 ns
8647633 ns 8647848 ns 215 ns
8648385 ns 8648600 ns 215 ns
8648738 ns 8648964 ns 226 ns
8649099 ns 8649332 ns 233 ns
8649934 ns 8650152 ns 218 ns
8650874 ns 8651092 ns 218 ns
8651104 ns 8651320 ns 216 ns
8651244 ns 8651468 ns 224 ns
8651995 ns 8652224 ns 229 ns
8653055 ns 8653272 ns 217 ns
8654106 ns 8654320 ns 214 ns
8654661 ns 8654892 ns 231 ns
8655434 ns 8655648 ns 214 ns
8655999 ns 8656224 ns 225 ns
8657817 ns 8658048 ns 231 ns
8658191 ns 8658560 ns 369 ns
8658566 ns 8658784 ns 218 ns
8659356 ns 8659576 ns 220 ns
8659501 ns 8659716 ns 215 ns
8659680 ns 8659896 ns 216 ns
8660041 ns 8660256 ns 215 ns
8660292 ns 8660536 ns 244 ns
8660410 ns 8660624 ns 214 ns
8660835 ns 8661052 ns 217 ns
8661011 ns 8661236 ns 225 ns
8661254 ns 8661468 ns 214 ns
8661509 ns 8661724 ns 215 ns
8661590 ns 8661804 ns 214 ns
8662138 ns 8662432 ns 294 ns
8663130 ns 8663348 ns 218 ns
8663195 ns 8663412 ns 217 ns
8663259 ns 8663492 ns 233 ns
8663396 ns 8663612 ns 216 ns
8663445 ns 8663660 ns 215 ns
8663733 ns 8663948 ns 215 ns
8663868 ns 8664084 ns 216 ns
8664032 ns 8664248 ns 216 ns
8666729 ns 8666944 ns 215 ns
8667426 ns 8667640 ns 214 ns
8667518 ns 8667732 ns 214 ns
8667674 ns 8667888 ns 214 ns
8667777 ns 8667992 ns 215 ns
8667935 ns 8668152 ns 217 ns
8668407 ns 8668624 ns 217 ns
8668780 ns 8668996 ns 216 ns
8668942 ns 8669156 ns 214 ns
8669236 ns 8669452 ns 216 ns
8669427 ns 8669644 ns 217 ns
8669473 ns 8669688 ns 215 ns
8669731 ns 8669948 ns 217 ns
8670005 ns 8670220 ns 215 ns
8670200 ns 8670416 ns 216 ns
8670263 ns 8670480 ns 217 ns
8670520 ns 8670808 ns 288 ns
8670633 ns 8670888 ns 255 ns
8670769 ns 8670984 ns 215 ns
8671022 ns 8671236 ns 214 ns
8671058 ns 8671272 ns 214 ns
8671332 ns 8671548 ns 216 ns
8671448 ns 8671664 ns 216 ns
8671622 ns 8671836 ns 214 ns
8672213 ns 8672428 ns 215 ns
8672466 ns 8672680 ns 214 ns
8672915 ns 8673132 ns 217 ns
8675082 ns 8675296 ns 214 ns
8675617 ns 8675836 ns 219 ns
8677312 ns 8677528 ns 216 ns
8680990 ns 8681208 ns 218 ns
8682166 ns 8682380 ns 214 ns
8682977 ns 8683192 ns 215 ns
8684039 ns 8684256 ns 217 ns
8684771 ns 8684988 ns 217 ns
8690131 ns 8690348 ns 217 ns
8690283 ns 8690500 ns 217 ns
8690479 ns 8690696 ns 217 ns
8690666 ns 8690884 ns 218 ns
8690845 ns 8691060 ns 215 ns
8691052 ns 8691268 ns 216 ns
8691207 ns 8691424 ns 217 ns
8693449 ns 8693664 ns 215 ns
8700384 ns 8700680 ns 296 ns
8701032 ns 8701256 ns 224 ns
8701257 ns 8701472 ns 215 ns
8701689 ns 8701904 ns 215 ns
8713572 ns 8713788 ns 216 ns
8713750 ns 8713968 ns 218 ns
8716042 ns 8716256 ns 214 ns
8716322 ns 8716536 ns 214 ns
8717046 ns 8717264 ns 218 ns
8717212 ns 8717428 ns 216 ns
8717386 ns 8717600 ns 214 ns
8717588 ns 8717804 ns 216 ns
8721732 ns 8721948 ns 216 ns
8721891 ns 8722108 ns 217 ns
8722264 ns 8722480 ns 216 ns
8723289 ns 8723504 ns 215 ns
8724885 ns 8725100 ns 215 ns
8725263 ns 8725480 ns 217 ns
8726389 ns 8726604 ns 215 ns
8726837 ns 8727052 ns 215 ns
8727008 ns 8727224 ns 216 ns
8727170 ns 8727388 ns 218 ns
8727386 ns 8727600 ns 214 ns
8727554 ns 8727768 ns 214 ns
8728256 ns 8728592 ns 336 ns
8728140 ns 8728612 ns 472 ns
8729299 ns 8729516 ns 217 ns
8731947 ns 8732164 ns 217 ns
8736608 ns 8736824 ns 216 ns
8740382 ns 8740600 ns 218 ns
8741048 ns 8741264 ns 216 ns
8741274 ns 8741488 ns 214 ns
8741963 ns 8742180 ns 217 ns
8742713 ns 8742928 ns 215 ns
8816705 ns 8816920 ns 215 ns
8819910 ns 8820124 ns 214 ns
8820446 ns 8820664 ns 218 ns
8820791 ns 8821008 ns 217 ns
8821328 ns 8821544 ns 216 ns
8821494 ns 8821712 ns 218 ns
8821852 ns 8822192 ns 340 ns
8825832 ns 8826048 ns 216 ns
8896702 ns 8896920 ns 218 ns
8899902 ns 8900192 ns 290 ns
8900439 ns 8900656 ns 217 ns
8900784 ns 8901 us 216 ns
8901326 ns 8901544 ns 218 ns
8901499 ns 8901716 ns 217 ns
8901987 ns 8902204 ns 217 ns
8902513 ns 8902728 ns 215 ns
8902556 ns 8902808 ns 252 ns
8902758 ns 8902972 ns 214 ns
8902872 ns 8903088 ns 216 ns
8903306 ns 8903524 ns 218 ns
8903425 ns 8903640 ns 215 ns
8905913 ns 8906128 ns 215 ns
8906380 ns 8906596 ns 216 ns
8906407 ns 8906676 ns 269 ns
8906626 ns 8906840 ns 214 ns
8906740 ns 8906956 ns 216 ns
8906881 ns 8907096 ns 215 ns
8907005 ns 8907228 ns 223 ns
8907696 ns 8907992 ns 296 ns
8908214 ns 8908432 ns 218 ns
8908473 ns 8908688 ns 215 ns
8908586 ns 8908804 ns 218 ns
8908742 ns 8908956 ns 214 ns
8908856 ns 8909072 ns 216 ns
8909010 ns 8909224 ns 214 ns
8909192 ns 8909408 ns 216 ns
8909371 ns 8909588 ns 217 ns
8909453 ns 8909668 ns 215 ns
8909639 ns 8909856 ns 217 ns
8909709 ns 8909924 ns 215 ns
8909894 ns 8910112 ns 218 ns
8909999 ns 8910216 ns 217 ns
8910162 ns 8910380 ns 218 ns
8910252 ns 8910468 ns 216 ns
8910417 ns 8910632 ns 215 ns
8910565 ns 8910780 ns 215 ns
8910730 ns 8910944 ns 214 ns
8911303 ns 8911520 ns 217 ns
8911553 ns 8911768 ns 215 ns
8911824 ns 8912040 ns 216 ns
8913699 ns 8913916 ns 217 ns
8914250 ns 8914464 ns 214 ns
8914658 ns 8914872 ns 214 ns
8915564 ns 8915792 ns 228 ns
8915382 ns 8915872 ns 490 ns
8916943 ns 8917160 ns 217 ns
8917131 ns 8917348 ns 217 ns
8917422 ns 8917640 ns 218 ns
8922200 ns 8922416 ns 216 ns
8922376 ns 8922592 ns 216 ns
8922995 ns 8923212 ns 217 ns
8923217 ns 8923592 ns 375 ns
8923366 ns 8923612 ns 246 ns
8923560 ns 8923776 ns 216 ns
8923745 ns 8923960 ns 215 ns
8924270 ns 8924488 ns 218 ns
8924457 ns 8924672 ns 215 ns
8924647 ns 8924864 ns 217 ns
8924847 ns 8925064 ns 217 ns
8931783 ns 8932 us 217 ns
8932151 ns 8932368 ns 217 ns
8933380 ns 8933596 ns 216 ns
8933828 ns 8934044 ns 216 ns
8939993 ns 8940208 ns 215 ns
8940463 ns 8940680 ns 217 ns
8940801 ns 8941032 ns 231 ns
8941157 ns 8941372 ns 215 ns
8941406 ns 8941620 ns 214 ns
8941487 ns 8941704 ns 217 ns
8941690 ns 8941904 ns 214 ns
8941874 ns 8942088 ns 214 ns
8942055 ns 8942272 ns 217 ns
8942120 ns 8942368 ns 248 ns
8942514 ns 8942728 ns 214 ns
8942654 ns 8942872 ns 218 ns
8942831 ns 8943048 ns 217 ns
8943007 ns 8943224 ns 217 ns
8943515 ns 8943732 ns 217 ns
8947774 ns 8947988 ns 214 ns
8948841 ns 8949056 ns 215 ns
8949088 ns 8949304 ns 216 ns
8949836 ns 8950052 ns 216 ns
8950234 ns 8950452 ns 218 ns
8957453 ns 8957692 ns 239 ns
8957809 ns 8958024 ns 215 ns
8959470 ns 8959684 ns 214 ns
8959660 ns 8959876 ns 216 ns
8980416 ns 8980632 ns 216 ns
8980984 ns 8981200 ns 216 ns
8981229 ns 8981444 ns 215 ns
8981907 ns 8982200 ns 293 ns
8998978 ns 8999196 ns 218 ns
8999158 ns 8999372 ns 214 ns
9001790 ns 9002004 ns 214 ns
9002261 ns 9002476 ns 215 ns
9003356 ns 9003576 ns 220 ns
9003520 ns 9003736 ns 216 ns
9003654 ns 9003872 ns 218 ns
9003792 ns 9004012 ns 220 ns
9003933 ns 9004148 ns 215 ns
9004108 ns 9004324 ns 216 ns
9004285 ns 9004500 ns 215 ns
9004646 ns 9004864 ns 218 ns
9004999 ns 9005216 ns 217 ns
9005529 ns 9005744 ns 215 ns
9005688 ns 9005904 ns 216 ns
9005853 ns 9006068 ns 215 ns
9006030 ns 9006244 ns 214 ns
9007336 ns 9007552 ns 216 ns
9007989 ns 9008204 ns 215 ns
9008116 ns 9008332 ns 216 ns
9008248 ns 9008464 ns 216 ns
9008473 ns 9008688 ns 215 ns
9008610 ns 9008844 ns 234 ns
9016383 ns 9016600 ns 217 ns
9016562 ns 9016840 ns 278 ns
9016571 ns 9016920 ns 349 ns
9017015 ns 9017336 ns 321 ns
9017235 ns 9017452 ns 217 ns
9017404 ns 9017624 ns 220 ns
9019254 ns 9019472 ns 218 ns
9019419 ns 9019636 ns 217 ns
9019588 ns 9019816 ns 228 ns
9018159 ns 9020200 ns 2041 ns
9020325 ns 9020548 ns 223 ns
9021064 ns 9021280 ns 216 ns
9021272 ns 9021488 ns 216 ns
9021325 ns 9021540 ns 215 ns
9021498 ns 9021720 ns 222 ns
9021616 ns 9021832 ns 216 ns
9021981 ns 9022196 ns 215 ns
9022074 ns 9022292 ns 218 ns
9036265 ns 9036480 ns 215 ns
9036704 ns 9036920 ns 216 ns
9037704 ns 9037920 ns 216 ns
9037844 ns 9038060 ns 216 ns
9037988 ns 9038204 ns 216 ns
9038237 ns 9038452 ns 215 ns
9038386 ns 9038600 ns 214 ns
9038767 ns 9038984 ns 217 ns
9042571 ns 9042788 ns 217 ns
9050913 ns 9051128 ns 215 ns
9051346 ns 9051560 ns 214 ns
9053932 ns 9054148 ns 216 ns
9055012 ns 9055228 ns 216 ns
9057241 ns 9057480 ns 239 ns
9060423 ns 9060640 ns 217 ns
9061141 ns 9061356 ns 215 ns
9061368 ns 9061584 ns 216 ns
9061861 ns 9062076 ns 215 ns
9087290 ns 9087508 ns 218 ns
9087476 ns 9087696 ns 220 ns
9090019 ns 9090236 ns 217 ns
9090434 ns 9090652 ns 218 ns
9091402 ns 9091616 ns 214 ns
9092980 ns 9093196 ns 216 ns
9095871 ns 9096088 ns 217 ns
9097371 ns 9097588 ns 217 ns
9097742 ns 9097956 ns 214 ns
9096466 ns 9098044 ns 1578 ns
9098115 ns 9098332 ns 217 ns
9098281 ns 9098496 ns 215 ns
9098444 ns 9098660 ns 216 ns
9098572 ns 9098788 ns 216 ns
9098743 ns 9098960 ns 217 ns
9098771 ns 9098988 ns 217 ns
9099023 ns 9099240 ns 217 ns
9099607 ns 9099824 ns 217 ns
9099853 ns 9100068 ns 215 ns
9100101 ns 9100316 ns 215 ns
9100355 ns 9100572 ns 217 ns
9100630 ns 9100844 ns 214 ns
9101076 ns 9101292 ns 216 ns
9101212 ns 9101428 ns 216 ns
9101396 ns 9101612 ns 216 ns
9101743 ns 9101960 ns 217 ns
9102202 ns 9102416 ns 214 ns
9102237 ns 9102452 ns 215 ns
9102851 ns 9103068 ns 217 ns
9105746 ns 9105968 ns 222 ns
9113185 ns 9113400 ns 215 ns
9113544 ns 9113760 ns 216 ns
9113792 ns 9114008 ns 216 ns
9114148 ns 9114364 ns 216 ns
9114307 ns 9114524 ns 217 ns
9114737 ns 9114952 ns 215 ns
9115336 ns 9115552 ns 216 ns
9115495 ns 9115712 ns 217 ns
9115669 ns 9115884 ns 215 ns
9116010 ns 9116224 ns 214 ns
9116207 ns 9116436 ns 229 ns
9116568 ns 9116860 ns 292 ns
9119648 ns 9119864 ns 216 ns
9119845 ns 9120060 ns 215 ns
9120065 ns 9120280 ns 215 ns
9120654 ns 9120868 ns 214 ns
9120825 ns 9121040 ns 215 ns
9123223 ns 9123440 ns 217 ns
9140333 ns 9140560 ns 227 ns
9140966 ns 9141180 ns 214 ns
9141215 ns 9141432 ns 217 ns
9141641 ns 9141992 ns 351 ns
9150502 ns 9150720 ns 218 ns
9150929 ns 9151144 ns 215 ns
9156079 ns 9156296 ns 217 ns
9156254 ns 9156468 ns 214 ns
9156664 ns 9156880 ns 216 ns
9160626 ns 9160844 ns 218 ns
9171159 ns 9171376 ns 217 ns
9171572 ns 9171788 ns 216 ns
9180374 ns 9180592 ns 218 ns
9182696 ns 9182912 ns 216 ns
9182956 ns 9183172 ns 216 ns
9204766 ns 9204984 ns 218 ns
9204946 ns 9205172 ns 226 ns
9207543 ns 9207760 ns 217 ns
9207955 ns 9208172 ns 217 ns
9209058 ns 9209344 ns 286 ns
9209235 ns 9209464 ns 229 ns
9209381 ns 9209596 ns 215 ns
9209522 ns 9209740 ns 218 ns
9209679 ns 9209908 ns 229 ns
9210411 ns 9210628 ns 217 ns
9210777 ns 9211016 ns 239 ns
9210934 ns 9211148 ns 214 ns
9211098 ns 9211316 ns 218 ns
9211270 ns 9211484 ns 214 ns
9211435 ns 9211652 ns 217 ns
9211917 ns 9212260 ns 343 ns
9212368 ns 9212584 ns 216 ns
9212415 ns 9212632 ns 217 ns
9213035 ns 9213252 ns 217 ns
9213172 ns 9213400 ns 228 ns
9213307 ns 9213524 ns 217 ns
9213344 ns 9213560 ns 216 ns
9213447 ns 9213664 ns 217 ns
9213489 ns 9213704 ns 215 ns
9213586 ns 9213804 ns 218 ns
9213752 ns 9213968 ns 216 ns
9214160 ns 9214376 ns 216 ns
9216268 ns 9216484 ns 216 ns
9217760 ns 9217976 ns 216 ns
9218306 ns 9218520 ns 214 ns
9218615 ns 9218832 ns 217 ns
9219171 ns 9219388 ns 217 ns
9220431 ns 9220740 ns 309 ns
9221244 ns 9221460 ns 216 ns
9221408 ns 9221624 ns 216 ns
9221661 ns 9221892 ns 231 ns
9221950 ns 9222168 ns 218 ns
9223822 ns 9224040 ns 218 ns
9224541 ns 9224756 ns 215 ns
9224952 ns 9225168 ns 216 ns
9225129 ns 9225400 ns 271 ns
9227569 ns 9227912 ns 343 ns
9227948 ns 9228164 ns 216 ns
9228121 ns 9228336 ns 215 ns
9228298 ns 9228516 ns 218 ns
9228470 ns 9228684 ns 214 ns
9228737 ns 9228952 ns 215 ns
9229741 ns 9229956 ns 215 ns
9230976 ns 9231204 ns 228 ns
9231121 ns 9231408 ns 287 ns
9231261 ns 9231476 ns 215 ns
9231898 ns 9232112 ns 214 ns
9232184 ns 9232400 ns 216 ns
9232339 ns 9232556 ns 217 ns
9232597 ns 9232812 ns 215 ns
9233191 ns 9233408 ns 217 ns
9233336 ns 9233608 ns 272 ns
9233487 ns 9233704 ns 217 ns
9233741 ns 9233956 ns 215 ns
9234001 ns 9234216 ns 215 ns
9234265 ns 9234480 ns 215 ns
9234524 ns 9234752 ns 228 ns
9234787 ns 9235004 ns 217 ns
9235055 ns 9235272 ns 217 ns
9235315 ns 9235648 ns 333 ns
9235985 ns 9236200 ns 215 ns
9236270 ns 9236488 ns 218 ns
9237197 ns 9237412 ns 215 ns
9237457 ns 9237744 ns 287 ns
9237720 ns 9237936 ns 216 ns
9237978 ns 9238192 ns 214 ns
9238234 ns 9238452 ns 218 ns
9238493 ns 9238708 ns 215 ns
9238759 ns 9238976 ns 217 ns
9239017 ns 9239232 ns 215 ns
9239273 ns 9239488 ns 215 ns
9239533 ns 9239748 ns 215 ns
9239799 ns 9240016 ns 217 ns
9240057 ns 9240272 ns 215 ns
9240313 ns 9240532 ns 219 ns
9240572 ns 9240800 ns 228 ns
9240837 ns 9241064 ns 227 ns
9241095 ns 9241312 ns 217 ns
9241351 ns 9241568 ns 217 ns
9241610 ns 9241824 ns 214 ns
9241876 ns 9242092 ns 216 ns
9242134 ns 9242348 ns 214 ns
9242408 ns 9242624 ns 216 ns
9242669 ns 9242884 ns 215 ns
9242935 ns 9243392 ns 457 ns
9243194 ns 9243432 ns 238 ns
9243449 ns 9243664 ns 215 ns
9243708 ns 9243924 ns 216 ns
9243974 ns 9244192 ns 218 ns
9244232 ns 9244452 ns 220 ns
9244489 ns 9244704 ns 215 ns
9244748 ns 9244964 ns 216 ns
9245012 ns 9245228 ns 216 ns
9245270 ns 9245484 ns 214 ns
9245527 ns 9245744 ns 217 ns
9245787 ns 9246004 ns 217 ns
9246051 ns 9246268 ns 217 ns
9246310 ns 9246524 ns 214 ns
9246565 ns 9246780 ns 215 ns
9246825 ns 9247040 ns 215 ns
9247110 ns 9247328 ns 218 ns
9247368 ns 9247588 ns 220 ns
9247627 ns 9247852 ns 225 ns
9247886 ns 9248100 ns 214 ns
9248152 ns 9248368 ns 216 ns
9248408 ns 9248624 ns 216 ns
9248684 ns 9248904 ns 220 ns
9248944 ns 9249164 ns 220 ns
9249210 ns 9249424 ns 214 ns
9249466 ns 9249684 ns 218 ns
9249722 ns 9249940 ns 218 ns
9249984 ns 9250200 ns 216 ns
9250247 ns 9250536 ns 289 ns
9250505 ns 9250724 ns 219 ns
9250760 ns 9251240 ns 480 ns
9251021 ns 9251276 ns 255 ns
9251286 ns 9251504 ns 218 ns
9251554 ns 9251772 ns 218 ns
9251810 ns 9252028 ns 218 ns
9252072 ns 9252288 ns 216 ns
9252336 ns 9252556 ns 220 ns
9252595 ns 9252812 ns 217 ns
9252860 ns 9253076 ns 216 ns
9253119 ns 9253336 ns 217 ns
9253384 ns 9253600 ns 216 ns
9253641 ns 9253856 ns 215 ns
9253899 ns 9254116 ns 217 ns
9254161 ns 9254376 ns 215 ns
9254423 ns 9254640 ns 217 ns
9254681 ns 9254896 ns 215 ns
9254937 ns 9255152 ns 215 ns
9255197 ns 9255412 ns 215 ns
9255462 ns 9255676 ns 214 ns
9255721 ns 9255936 ns 215 ns
9255977 ns 9256192 ns 215 ns
9256246 ns 9256464 ns 218 ns
9256523 ns 9256748 ns 225 ns
9256741 ns 9256960 ns 219 ns
9257884 ns 9258100 ns 216 ns
9258995 ns 9259224 ns 229 ns
9259250 ns 9259464 ns 214 ns
9259506 ns 9259720 ns 214 ns
9259775 ns 9259992 ns 217 ns
9260061 ns 9260276 ns 215 ns
9260317 ns 9260532 ns 215 ns
9260573 ns 9260788 ns 215 ns
9260833 ns 9261048 ns 215 ns
9261103 ns 9261320 ns 217 ns
9261356 ns 9261572 ns 216 ns
9261622 ns 9261836 ns 214 ns
9261883 ns 9262100 ns 217 ns
9262148 ns 9262364 ns 216 ns
9262406 ns 9262620 ns 214 ns
9262671 ns 9262888 ns 217 ns
9262930 ns 9263164 ns 234 ns
9263196 ns 9263412 ns 216 ns
9263465 ns 9263680 ns 215 ns
9263720 ns 9263936 ns 216 ns
9263800 ns 9264032 ns 232 ns
9263983 ns 9264200 ns 217 ns
9264245 ns 9264460 ns 215 ns
9264507 ns 9264724 ns 217 ns
9264774 ns 9264988 ns 214 ns
9265041 ns 9265256 ns 215 ns
9265303 ns 9265600 ns 297 ns
9265571 ns 9265788 ns 217 ns
9265848 ns 9266076 ns 228 ns
9266055 ns 9266272 ns 217 ns
9266106 ns 9266336 ns 230 ns
9266372 ns 9266832 ns 460 ns
9266630 ns 9266872 ns 242 ns
9266886 ns 9267116 ns 230 ns
9267204 ns 9267420 ns 216 ns
9267472 ns 9267688 ns 216 ns
9267772 ns 9267988 ns 216 ns
9268037 ns 9268260 ns 223 ns
9268296 ns 9268512 ns 216 ns
9268562 ns 9268780 ns 218 ns
9268819 ns 9269036 ns 217 ns
9269075 ns 9269292 ns 217 ns
9269357 ns 9269572 ns 215 ns
9269624 ns 9269840 ns 216 ns
9269878 ns 9270092 ns 214 ns
9270138 ns 9270352 ns 214 ns
9270403 ns 9270620 ns 217 ns
9270528 ns 9270756 ns 228 ns
9270668 ns 9270884 ns 216 ns
9270791 ns 9271016 ns 225 ns
9270924 ns 9271140 ns 216 ns
9271052 ns 9271284 ns 232 ns
9271183 ns 9271400 ns 217 ns
9271301 ns 9271516 ns 215 ns
9271440 ns 9271656 ns 216 ns
9271555 ns 9271772 ns 217 ns
9271719 ns 9271936 ns 217 ns
9271813 ns 9272028 ns 215 ns
9271977 ns 9272192 ns 215 ns
9272069 ns 9272284 ns 215 ns
9272262 ns 9272516 ns 254 ns
9272319 ns 9272536 ns 217 ns
9272521 ns 9272736 ns 215 ns
9272574 ns 9272788 ns 214 ns
9272783 ns 9273 us 217 ns
9272833 ns 9273048 ns 215 ns
9273051 ns 9273268 ns 217 ns
9273087 ns 9273304 ns 217 ns
9273308 ns 9273524 ns 216 ns
9273338 ns 9273632 ns 294 ns
9273566 ns 9273780 ns 214 ns
9273593 ns 9273808 ns 215 ns
9273834 ns 9274052 ns 218 ns
9273852 ns 9274072 ns 220 ns
9274091 ns 9274308 ns 217 ns
9274106 ns 9274328 ns 222 ns
9274359 ns 9274652 ns 293 ns
9274358 ns 9274752 ns 394 ns
9274615 ns 9274832 ns 217 ns
9274617 ns 9274872 ns 255 ns
9274871 ns 9275108 ns 237 ns
9274883 ns 9275128 ns 245 ns
9275126 ns 9275372 ns 246 ns
9275140 ns 9275392 ns 252 ns
9275375 ns 9275604 ns 229 ns
9275400 ns 9275624 ns 224 ns
9275633 ns 9275860 ns 227 ns
9275656 ns 9275880 ns 224 ns
9275891 ns 9276112 ns 221 ns
9275924 ns 9276252 ns 328 ns
9276158 ns 9276376 ns 218 ns
9276179 ns 9276476 ns 297 ns
9276404 ns 9276620 ns 216 ns
9276435 ns 9276652 ns 217 ns
9276659 ns 9276876 ns 217 ns
9276695 ns 9276912 ns 217 ns
9276922 ns 9277136 ns 214 ns
9276975 ns 9277192 ns 217 ns
9277188 ns 9277412 ns 224 ns
9277228 ns 9277444 ns 216 ns
9277445 ns 9277660 ns 215 ns
9277492 ns 9277708 ns 216 ns
9277711 ns 9277928 ns 217 ns
9277756 ns 9277972 ns 216 ns
9277987 ns 9278204 ns 217 ns
9278020 ns 9278236 ns 216 ns
9278275 ns 9278492 ns 217 ns
9278276 ns 9278512 ns 236 ns
9278530 ns 9278744 ns 214 ns
9278544 ns 9278764 ns 220 ns
9278788 ns 9279004 ns 216 ns
9278799 ns 9279024 ns 225 ns
9279043 ns 9279260 ns 217 ns
9279066 ns 9279280 ns 214 ns
9279305 ns 9279524 ns 219 ns
9279323 ns 9279572 ns 249 ns
9279560 ns 9279788 ns 228 ns
9279588 ns 9279808 ns 220 ns
9279834 ns 9280048 ns 214 ns
9279847 ns 9280068 ns 221 ns
9280106 ns 9280324 ns 218 ns
9280122 ns 9280344 ns 222 ns
9280372 ns 9280588 ns 216 ns
9280384 ns 9280648 ns 264 ns
9280631 ns 9280868 ns 237 ns
9280647 ns 9280908 ns 261 ns
9280898 ns 9281116 ns 218 ns
9280911 ns 9281156 ns 245 ns
9281164 ns 9281396 ns 232 ns
9281175 ns 9281416 ns 241 ns
9281429 ns 9281656 ns 227 ns
9281450 ns 9281676 ns 226 ns
9281694 ns 9281908 ns 214 ns
9281761 ns 9281980 ns 219 ns
9281953 ns 9282452 ns 499 ns
9282018 ns 9282472 ns 454 ns
9282220 ns 9282512 ns 292 ns
9282277 ns 9282572 ns 295 ns
9282477 ns 9282692 ns 215 ns
9282536 ns 9282752 ns 216 ns
9282741 ns 9282956 ns 215 ns
9282789 ns 9283008 ns 219 ns
9283001 ns 9283216 ns 215 ns
9283045 ns 9283264 ns 219 ns
9283266 ns 9283480 ns 214 ns
9283304 ns 9283520 ns 216 ns
9283523 ns 9283740 ns 217 ns
9283640 ns 9283856 ns 216 ns
9283781 ns 9283996 ns 215 ns
9283886 ns 9284100 ns 214 ns
9284039 ns 9284256 ns 217 ns
9284146 ns 9284360 ns 214 ns
9284304 ns 9284520 ns 216 ns
9284401 ns 9284616 ns 215 ns
9284561 ns 9284776 ns 215 ns
9284658 ns 9284876 ns 218 ns
9284828 ns 9285044 ns 216 ns
9284907 ns 9285124 ns 217 ns
9285098 ns 9285312 ns 214 ns
9285161 ns 9285376 ns 215 ns
9285361 ns 9285576 ns 215 ns
9285410 ns 9285628 ns 218 ns
9285622 ns 9285836 ns 214 ns
9285667 ns 9285884 ns 217 ns
9285885 ns 9286104 ns 219 ns
9285914 ns 9286144 ns 230 ns
9286145 ns 9286360 ns 215 ns
9286171 ns 9286388 ns 217 ns
9286431 ns 9286652 ns 221 ns
9286432 ns 9286672 ns 240 ns
9286687 ns 9286904 ns 217 ns
9286697 ns 9286924 ns 227 ns
9286953 ns 9287168 ns 215 ns
9286956 ns 9287188 ns 232 ns
9287212 ns 9287444 ns 232 ns
9287214 ns 9287464 ns 250 ns
9287469 ns 9287684 ns 215 ns
9287477 ns 9287704 ns 227 ns
9287732 ns 9287948 ns 216 ns
9287737 ns 9287968 ns 231 ns
9287987 ns 9288204 ns 217 ns
9288 us 9288224 ns 224 ns
9288007 ns 9288244 ns 237 ns
9288186 ns 9288400 ns 214 ns
9288245 ns 9288460 ns 215 ns
9288261 ns 9288480 ns 219 ns
9288374 ns 9288588 ns 214 ns
9288506 ns 9288720 ns 214 ns
9288527 ns 9288760 ns 233 ns
9288763 ns 9288988 ns 225 ns
9288783 ns 9289016 ns 233 ns
9289025 ns 9289240 ns 215 ns
9289038 ns 9289292 ns 254 ns
9289183 ns 9289400 ns 217 ns
9289281 ns 9289496 ns 215 ns
9289307 ns 9289528 ns 221 ns
9289396 ns 9289616 ns 220 ns
9289534 ns 9289748 ns 214 ns
9289574 ns 9289796 ns 222 ns
9289807 ns 9290192 ns 385 ns
9289840 ns 9290212 ns 372 ns
9290061 ns 9290312 ns 251 ns
9290115 ns 9290332 ns 217 ns
9290320 ns 9290536 ns 216 ns
9290375 ns 9290592 ns 217 ns
9290579 ns 9290808 ns 229 ns
9290643 ns 9290860 ns 217 ns
9290844 ns 9291060 ns 216 ns
9290852 ns 9291100 ns 248 ns
9290897 ns 9291120 ns 223 ns
9290995 ns 9291212 ns 217 ns
9291107 ns 9291324 ns 217 ns
9291144 ns 9291368 ns 224 ns
9291164 ns 9291452 ns 288 ns
9291291 ns 9291520 ns 229 ns
9291370 ns 9291584 ns 214 ns
9291425 ns 9291640 ns 215 ns
9291462 ns 9291692 ns 230 ns
9291608 ns 9291828 ns 220 ns
9291630 ns 9291848 ns 218 ns
9291698 ns 9291916 ns 218 ns
9291754 ns 9291976 ns 222 ns
9291898 ns 9292116 ns 218 ns
9291899 ns 9292136 ns 237 ns
9291953 ns 9292168 ns 215 ns
9292072 ns 9292288 ns 216 ns
9292152 ns 9292368 ns 216 ns
9292218 ns 9292436 ns 218 ns
9292225 ns 9292476 ns 251 ns
9292367 ns 9292584 ns 217 ns
9292409 ns 9292624 ns 215 ns
9292490 ns 9292704 ns 214 ns
9292512 ns 9292744 ns 232 ns
9292667 ns 9292884 ns 217 ns
9292752 ns 9292980 ns 228 ns
9292930 ns 9293148 ns 218 ns
9293011 ns 9293236 ns 225 ns
9293195 ns 9293412 ns 217 ns
9293276 ns 9293492 ns 216 ns
9293357 ns 9293572 ns 215 ns
9293449 ns 9293664 ns 215 ns
9293457 ns 9293684 ns 227 ns
9293504 ns 9293728 ns 224 ns
9293536 ns 9293752 ns 216 ns
9293650 ns 9293864 ns 214 ns
9293660 ns 9293884 ns 224 ns
9293700 ns 9293924 ns 224 ns
9293801 ns 9294016 ns 215 ns
9293806 ns 9294036 ns 230 ns
9293813 ns 9294056 ns 243 ns
9293969 ns 9294184 ns 215 ns
9294057 ns 9294272 ns 215 ns
9294221 ns 9294440 ns 219 ns
9294312 ns 9294532 ns 220 ns
9294329 ns 9294552 ns 223 ns
9294476 ns 9294708 ns 232 ns
9294564 ns 9294780 ns 216 ns
9294576 ns 9294804 ns 228 ns
9294728 ns 9294952 ns 224 ns
9294734 ns 9294972 ns 238 ns
9294836 ns 9295052 ns 216 ns
9294900 ns 9295124 ns 224 ns
9294990 ns 9295216 ns 226 ns
9295094 ns 9295308 ns 214 ns
9295228 ns 9295444 ns 216 ns
9295238 ns 9295464 ns 226 ns
9295349 ns 9295564 ns 215 ns
9295373 ns 9295588 ns 215 ns
9295495 ns 9295712 ns 217 ns
9295521 ns 9295752 ns 231 ns
9295578 ns 9295812 ns 234 ns
9295608 ns 9295832 ns 224 ns
9295665 ns 9295884 ns 219 ns
9295719 ns 9295936 ns 217 ns
9295752 ns 9295968 ns 216 ns
9295873 ns 9296088 ns 215 ns
9295931 ns 9296148 ns 217 ns
9296008 ns 9296224 ns 216 ns
9296072 ns 9296288 ns 216 ns
9296212 ns 9296428 ns 216 ns
9296262 ns 9296480 ns 218 ns
9296397 ns 9296612 ns 215 ns
9296135 ns 9296932 ns 797 ns
9297056 ns 9297272 ns 216 ns
9297599 ns 9297996 ns 397 ns
9298280 ns 9298512 ns 232 ns
9298548 ns 9298776 ns 228 ns
9298810 ns 9299028 ns 218 ns
9298823 ns 9299048 ns 225 ns
9298961 ns 9299244 ns 283 ns
9299076 ns 9299292 ns 216 ns
9299104 ns 9299324 ns 220 ns
9299243 ns 9299460 ns 217 ns
9299335 ns 9299552 ns 217 ns
9299518 ns 9299736 ns 218 ns
9299599 ns 9299816 ns 217 ns
9299712 ns 9299940 ns 228 ns
9299861 ns 9300076 ns 215 ns
9299869 ns 9300096 ns 227 ns
9300009 ns 9300224 ns 215 ns
9300131 ns 9300360 ns 229 ns
9300154 ns 9300400 ns 246 ns
9300391 ns 9300608 ns 217 ns
9300657 ns 9300872 ns 215 ns
9300686 ns 9300904 ns 218 ns
9300823 ns 9301040 ns 217 ns
9300913 ns 9301128 ns 215 ns
9300949 ns 9301168 ns 219 ns
9300968 ns 9301188 ns 220 ns
9301001 ns 9301216 ns 215 ns
9301106 ns 9301356 ns 250 ns
9301186 ns 9301404 ns 218 ns
9301202 ns 9301444 ns 242 ns
9301451 ns 9301668 ns 217 ns
9301466 ns 9301688 ns 222 ns
9301716 ns 9301932 ns 216 ns
9301780 ns 9302012 ns 232 ns
9301971 ns 9302188 ns 217 ns
9302041 ns 9302268 ns 227 ns
9302231 ns 9302448 ns 217 ns
9302308 ns 9302524 ns 216 ns
9302494 ns 9302712 ns 218 ns
9302564 ns 9302780 ns 216 ns
9302742 ns 9302960 ns 218 ns
9302829 ns 9303044 ns 215 ns
9302999 ns 9303216 ns 217 ns
9303087 ns 9303304 ns 217 ns
9303193 ns 9303408 ns 215 ns
9303256 ns 9303544 ns 288 ns
9303347 ns 9303564 ns 217 ns
9303349 ns 9303644 ns 295 ns
9303486 ns 9303708 ns 222 ns
9303513 ns 9303728 ns 215 ns
9303612 ns 9303828 ns 216 ns
9303628 ns 9303848 ns 220 ns
9303759 ns 9303976 ns 217 ns
9303766 ns 9304020 ns 254 ns
9303876 ns 9304092 ns 216 ns
9304014 ns 9304236 ns 222 ns
9304138 ns 9304352 ns 214 ns
9304268 ns 9304484 ns 216 ns
9304401 ns 9304616 ns 215 ns
9304477 ns 9304692 ns 215 ns
9304539 ns 9304764 ns 225 ns
9304620 ns 9304836 ns 216 ns
9304659 ns 9304892 ns 233 ns
9304772 ns 9305 us 228 ns
9304788 ns 9305040 ns 252 ns
9304918 ns 9305132 ns 214 ns
9304927 ns 9305152 ns 225 ns
9305048 ns 9305264 ns 216 ns
9305067 ns 9305304 ns 237 ns
9305183 ns 9305400 ns 217 ns
9305212 ns 9305428 ns 216 ns
9305301 ns 9305528 ns 227 ns
9305506 ns 9305856 ns 350 ns
9305655 ns 9305896 ns 241 ns
9305362 ns 9305916 ns 554 ns
9305705 ns 9305956 ns 251 ns
9305446 ns 9305976 ns 530 ns
9305569 ns 9306016 ns 447 ns
9305799 ns 9306056 ns 257 ns
9305826 ns 9306076 ns 250 ns
9305948 ns 9306164 ns 216 ns
9305970 ns 9306196 ns 226 ns
9306091 ns 9306320 ns 229 ns
9306095 ns 9306360 ns 265 ns
9306226 ns 9306440 ns 214 ns
9306243 ns 9306480 ns 237 ns
9306348 ns 9306588 ns 240 ns
9306389 ns 9306648 ns 259 ns
9306483 ns 9306700 ns 217 ns
9306487 ns 9306720 ns 233 ns
9306537 ns 9306760 ns 223 ns
9306613 ns 9306832 ns 219 ns
9306623 ns 9306852 ns 229 ns
9306678 ns 9306892 ns 214 ns
9306739 ns 9306960 ns 221 ns
9306765 ns 9306980 ns 215 ns
9306825 ns 9307044 ns 219 ns
9306860 ns 9307076 ns 216 ns
9306902 ns 9307124 ns 222 ns
9306968 ns 9307192 ns 224 ns
9307006 ns 9307224 ns 218 ns
9307063 ns 9307284 ns 221 ns
9307115 ns 9307332 ns 217 ns
9307120 ns 9307352 ns 232 ns
9307202 ns 9307432 ns 230 ns
9307263 ns 9307492 ns 229 ns
9307280 ns 9307512 ns 232 ns
9307371 ns 9307588 ns 217 ns
9307371 ns 9307608 ns 237 ns
9307410 ns 9307648 ns 238 ns
9307544 ns 9307760 ns 216 ns
9307557 ns 9307780 ns 223 ns
9307569 ns 9307820 ns 251 ns
9307638 ns 9307852 ns 214 ns
9307708 ns 9307944 ns 236 ns
9307714 ns 9307964 ns 250 ns
9307824 ns 9308052 ns 228 ns
9307853 ns 9308072 ns 219 ns
9307900 ns 9308120 ns 220 ns
9308002 ns 9308220 ns 218 ns
9308089 ns 9308308 ns 219 ns
9308145 ns 9308372 ns 227 ns
9308157 ns 9308392 ns 235 ns
9308294 ns 9308508 ns 214 ns
9308347 ns 9308564 ns 217 ns
9308407 ns 9308624 ns 217 ns
9308436 ns 9308652 ns 216 ns
9308587 ns 9308876 ns 289 ns
9308667 ns 9308896 ns 229 ns
9308679 ns 9308916 ns 237 ns
9308728 ns 9308944 ns 216 ns
9308871 ns 9309088 ns 217 ns
9308879 ns 9309128 ns 249 ns
9308920 ns 9309148 ns 228 ns
9309021 ns 9309236 ns 215 ns
9309068 ns 9309284 ns 216 ns
9309185 ns 9309400 ns 215 ns
9309250 ns 9309472 ns 222 ns
9309446 ns 9309660 ns 214 ns
9309708 ns 9309924 ns 216 ns
9309957 ns 9310172 ns 215 ns
9310222 ns 9310444 ns 222 ns
9310360 ns 9310580 ns 220 ns
9310482 ns 9310696 ns 214 ns
9310622 ns 9310840 ns 218 ns
9310737 ns 9310964 ns 227 ns
9310995 ns 9311212 ns 217 ns
9311264 ns 9311480 ns 216 ns
9311522 ns 9311740 ns 218 ns
9311645 ns 9311876 ns 231 ns
9311791 ns 9312008 ns 217 ns
9311801 ns 9312028 ns 227 ns
9311943 ns 9312160 ns 217 ns
9312054 ns 9312272 ns 218 ns
9312089 ns 9312308 ns 219 ns
9312236 ns 9312452 ns 216 ns
9312322 ns 9312540 ns 218 ns
9312379 ns 9312648 ns 269 ns
9312384 ns 9312668 ns 284 ns
9312527 ns 9312744 ns 217 ns
9312583 ns 9312800 ns 217 ns
9312670 ns 9312888 ns 218 ns
9312818 ns 9313032 ns 214 ns
9312845 ns 9313076 ns 231 ns
9312960 ns 9313176 ns 216 ns
9313094 ns 9313312 ns 218 ns
9313107 ns 9313332 ns 225 ns
9313357 ns 9313592 ns 235 ns
9313249 ns 9313652 ns 403 ns
9313398 ns 9313732 ns 334 ns
9313542 ns 9313832 ns 290 ns
9313615 ns 9313892 ns 277 ns
9313694 ns 9313972 ns 278 ns
9313837 ns 9314052 ns 215 ns
9313871 ns 9314112 ns 241 ns
9313984 ns 9314212 ns 228 ns
9314132 ns 9314392 ns 260 ns
9314130 ns 9314416 ns 286 ns
9314279 ns 9314500 ns 221 ns
9314392 ns 9314608 ns 216 ns
9314422 ns 9314668 ns 246 ns
9314570 ns 9314788 ns 218 ns
9314653 ns 9314884 ns 231 ns
9314692 ns 9314908 ns 216 ns
9314712 ns 9314928 ns 216 ns
9314861 ns 9315084 ns 223 ns
9314909 ns 9315144 ns 235 ns
9315004 ns 9315220 ns 216 ns
9315157 ns 9315372 ns 215 ns
9315186 ns 9315412 ns 226 ns
9315303 ns 9315520 ns 217 ns
9315445 ns 9315660 ns 215 ns
9315454 ns 9315680 ns 226 ns
9315600 ns 9315816 ns 216 ns
9315747 ns 9315964 ns 217 ns
9315699 ns 9315984 ns 285 ns
9315898 ns 9316132 ns 234 ns
9315955 ns 9316172 ns 217 ns
9316047 ns 9316264 ns 217 ns
9316192 ns 9316424 ns 232 ns
9316200 ns 9316512 ns 312 ns
9316468 ns 9316708 ns 240 ns
9316726 ns 9316960 ns 234 ns
9316987 ns 9317204 ns 217 ns
9317243 ns 9317476 ns 233 ns
9317512 ns 9317728 ns 216 ns
9317770 ns 9317988 ns 218 ns
9318032 ns 9318248 ns 216 ns
9318289 ns 9318504 ns 215 ns
9318290 ns 9318524 ns 234 ns
9318458 ns 9318672 ns 214 ns
9318555 ns 9318772 ns 217 ns
9318816 ns 9319032 ns 216 ns
9319072 ns 9319288 ns 216 ns
9319325 ns 9319540 ns 215 ns
9319328 ns 9319560 ns 232 ns
9319477 ns 9319692 ns 215 ns
9319594 ns 9319824 ns 230 ns
9319626 ns 9319864 ns 238 ns
9319778 ns 9320016 ns 238 ns
9319857 ns 9320072 ns 215 ns
9319931 ns 9320152 ns 221 ns
9320115 ns 9320332 ns 217 ns
9320119 ns 9320352 ns 233 ns
9320372 ns 9320588 ns 216 ns
9320637 ns 9320864 ns 227 ns
9320896 ns 9321132 ns 236 ns
9321162 ns 9321508 ns 346 ns
9321426 ns 9321668 ns 242 ns
9321532 ns 9321748 ns 216 ns
9321692 ns 9321908 ns 216 ns
9321917 ns 9322132 ns 215 ns
9321951 ns 9322256 ns 305 ns
9322211 ns 9322428 ns 217 ns
9322467 ns 9322684 ns 217 ns
9322739 ns 9322964 ns 225 ns
9322995 ns 9323212 ns 217 ns
9323259 ns 9323476 ns 217 ns
9323517 ns 9323740 ns 223 ns
9323802 ns 9324016 ns 214 ns
9323898 ns 9324116 ns 218 ns
9324060 ns 9324276 ns 216 ns
9324314 ns 9324588 ns 274 ns
9324566 ns 9324784 ns 218 ns
9324834 ns 9325048 ns 214 ns
9325092 ns 9325320 ns 228 ns
9325353 ns 9325568 ns 215 ns
9325605 ns 9325820 ns 215 ns
9325871 ns 9326088 ns 217 ns
9326141 ns 9326356 ns 215 ns
9326406 ns 9326620 ns 214 ns
9326664 ns 9326880 ns 216 ns
9326930 ns 9327144 ns 214 ns
9327018 ns 9327244 ns 226 ns
9327186 ns 9327404 ns 218 ns
9327443 ns 9327668 ns 225 ns
9327690 ns 9327908 ns 218 ns
9327945 ns 9328168 ns 223 ns
9328204 ns 9328424 ns 220 ns
9328470 ns 9328684 ns 214 ns
9328728 ns 9329212 ns 484 ns
9328992 ns 9329316 ns 324 ns
9329243 ns 9329480 ns 237 ns
9329518 ns 9329732 ns 214 ns
9329768 ns 9329984 ns 216 ns
9330032 ns 9330248 ns 216 ns
9330282 ns 9330496 ns 214 ns
9330538 ns 9330824 ns 286 ns
9330786 ns 9331 us 214 ns
9331042 ns 9331268 ns 226 ns
9331291 ns 9331508 ns 217 ns
9331548 ns 9331832 ns 284 ns
9331796 ns 9332028 ns 232 ns
9332052 ns 9332268 ns 216 ns
9332302 ns 9332516 ns 214 ns
9332556 ns 9332772 ns 216 ns
9332804 ns 9333020 ns 216 ns
9333061 ns 9333288 ns 227 ns
9333320 ns 9333540 ns 220 ns
9333574 ns 9333788 ns 214 ns
9333823 ns 9334048 ns 225 ns
9334079 ns 9334296 ns 217 ns
9334329 ns 9334588 ns 259 ns
9334584 ns 9334804 ns 220 ns
9334833 ns 9335064 ns 231 ns
9335089 ns 9335316 ns 227 ns
9335338 ns 9335552 ns 214 ns
9335594 ns 9335816 ns 222 ns
9335842 ns 9336072 ns 230 ns
9336098 ns 9336316 ns 218 ns
9336348 ns 9336568 ns 220 ns
9336370 ns 9336588 ns 218 ns
9336673 ns 9337012 ns 339 ns
9337593 ns 9337808 ns 215 ns
9338121 ns 9338344 ns 223 ns
9338957 ns 9339180 ns 223 ns
9339211 ns 9339428 ns 217 ns
9339467 ns 9339688 ns 221 ns
9339727 ns 9339952 ns 225 ns
9339986 ns 9340216 ns 230 ns
9340239 ns 9340456 ns 217 ns
9340495 ns 9340712 ns 217 ns
9340747 ns 9340964 ns 217 ns
9341031 ns 9341276 ns 245 ns
9341281 ns 9341552 ns 271 ns
9341546 ns 9341764 ns 218 ns
9341804 ns 9342020 ns 216 ns
9342063 ns 9342284 ns 221 ns
9342317 ns 9342532 ns 215 ns
9342573 ns 9342844 ns 271 ns
9342834 ns 9343052 ns 218 ns
9343094 ns 9343316 ns 222 ns
9343346 ns 9343564 ns 218 ns
9343720 ns 9343936 ns 216 ns
9343886 ns 9344124 ns 238 ns
9344113 ns 9344336 ns 223 ns
9344972 ns 9345188 ns 216 ns
9346895 ns 9347124 ns 229 ns
9347033 ns 9347260 ns 227 ns
9347173 ns 9347408 ns 235 ns
9347311 ns 9347536 ns 225 ns
9347476 ns 9347692 ns 216 ns
9347614 ns 9347832 ns 218 ns
9347756 ns 9347972 ns 216 ns
9347894 ns 9348108 ns 214 ns
9348060 ns 9348276 ns 216 ns
9348197 ns 9348440 ns 243 ns
9348339 ns 9348556 ns 217 ns
9348477 ns 9348692 ns 215 ns
9349243 ns 9349468 ns 225 ns
9349383 ns 9349668 ns 285 ns
9349525 ns 9349740 ns 215 ns
9349664 ns 9349880 ns 216 ns
9351071 ns 9351292 ns 221 ns
9351208 ns 9351436 ns 228 ns
9351348 ns 9351564 ns 216 ns
9351484 ns 9351700 ns 216 ns
9353786 ns 9354004 ns 218 ns
9353926 ns 9354140 ns 214 ns
9354068 ns 9354284 ns 216 ns
9354207 ns 9354424 ns 217 ns
9370732 ns 9370948 ns 216 ns
9371692 ns 9371908 ns 216 ns
9374722 ns 9374936 ns 214 ns
9376449 ns 9376664 ns 215 ns
9378705 ns 9378920 ns 215 ns
9379238 ns 9379464 ns 226 ns
9394734 ns 9394948 ns 214 ns
9394916 ns 9395132 ns 216 ns
9395322 ns 9395540 ns 218 ns
9396058 ns 9396272 ns 214 ns
9404516 ns 9404732 ns 216 ns
9405102 ns 9405316 ns 214 ns
9406165 ns 9406380 ns 215 ns
9420134 ns 9420348 ns 214 ns
9420792 ns 9421100 ns 308 ns
9420999 ns 9421280 ns 281 ns
9421444 ns 9421660 ns 216 ns
9460130 ns 9460344 ns 214 ns
9460791 ns 9461008 ns 217 ns
9461018 ns 9461236 ns 218 ns
9461484 ns 9461864 ns 380 ns
9472248 ns 9472464 ns 216 ns
9472427 ns 9472652 ns 225 ns
9475154 ns 9475372 ns 218 ns
9475589 ns 9475804 ns 215 ns
9478277 ns 9478552 ns 275 ns
9478434 ns 9478648 ns 214 ns
9478600 ns 9478816 ns 216 ns
9478771 ns 9478988 ns 217 ns
9478937 ns 9479152 ns 215 ns
9479920 ns 9480136 ns 216 ns
9480837 ns 9481136 ns 299 ns
9481162 ns 9481380 ns 218 ns
9481465 ns 9481680 ns 215 ns
9481769 ns 9481984 ns 215 ns
9482127 ns 9482352 ns 225 ns
9482442 ns 9482656 ns 214 ns
9482791 ns 9483008 ns 217 ns
9483112 ns 9483332 ns 220 ns
9483480 ns 9483696 ns 216 ns
9483788 ns 9484004 ns 216 ns
9484091 ns 9484308 ns 217 ns
9484402 ns 9484620 ns 218 ns
9484705 ns 9484920 ns 215 ns
9484985 ns 9485288 ns 303 ns
9485294 ns 9485508 ns 214 ns
9485597 ns 9485816 ns 219 ns
9485943 ns 9486160 ns 217 ns
9486261 ns 9486488 ns 227 ns
9486581 ns 9486796 ns 215 ns
9486907 ns 9487124 ns 217 ns
9487253 ns 9487472 ns 219 ns
9487570 ns 9487784 ns 214 ns
9487899 ns 9488156 ns 257 ns
9488213 ns 9488432 ns 219 ns
9488543 ns 9488764 ns 221 ns
9488844 ns 9489060 ns 216 ns
9489146 ns 9489360 ns 214 ns
9489454 ns 9489672 ns 218 ns
9489618 ns 9489832 ns 214 ns
9489784 ns 9490020 ns 236 ns
9489919 ns 9490136 ns 217 ns
9490082 ns 9490296 ns 214 ns
9490223 ns 9490440 ns 217 ns
9490383 ns 9490600 ns 217 ns
9490387 ns 9490676 ns 289 ns
9490524 ns 9490740 ns 216 ns
9490689 ns 9490912 ns 223 ns
9490708 ns 9490932 ns 224 ns
9491041 ns 9491256 ns 215 ns
9491045 ns 9491312 ns 267 ns
9491367 ns 9491584 ns 217 ns
9491372 ns 9491604 ns 232 ns
9491697 ns 9491912 ns 215 ns
9492027 ns 9492248 ns 221 ns
9492373 ns 9492588 ns 215 ns
9492691 ns 9493 us 309 ns
9493007 ns 9493224 ns 217 ns
9493319 ns 9493536 ns 217 ns
9494288 ns 9494504 ns 216 ns
9494608 ns 9494884 ns 276 ns
9494930 ns 9495204 ns 274 ns
9495246 ns 9495460 ns 214 ns
9495604 ns 9495820 ns 216 ns
9495934 ns 9496152 ns 218 ns
9496262 ns 9496484 ns 222 ns
9496705 ns 9496928 ns 223 ns
9497596 ns 9497816 ns 220 ns
9497946 ns 9498160 ns 214 ns
9498270 ns 9498488 ns 218 ns
9498607 ns 9498824 ns 217 ns
9498935 ns 9499212 ns 277 ns
9500173 ns 9500392 ns 219 ns
9500951 ns 9501184 ns 233 ns
9501184 ns 9501408 ns 224 ns
9501720 ns 9501936 ns 216 ns
9501793 ns 9502008 ns 215 ns
9507568 ns 9507784 ns 216 ns
9510513 ns 9510732 ns 219 ns
9510926 ns 9511144 ns 218 ns
9511601 ns 9511816 ns 215 ns
9525119 ns 9525348 ns 229 ns
9525442 ns 9525724 ns 282 ns
9525727 ns 9526012 ns 285 ns
9526007 ns 9526312 ns 305 ns
9534440 ns 9534660 ns 220 ns
9535242 ns 9535460 ns 218 ns
9535621 ns 9535904 ns 283 ns
9535799 ns 9536016 ns 217 ns
9537851 ns 9538080 ns 229 ns
9538523 ns 9538740 ns 217 ns
9540160 ns 9540376 ns 216 ns
9540979 ns 9541220 ns 241 ns
9541228 ns 9541472 ns 244 ns
9541620 ns 9541904 ns 284 ns
9545723 ns 9545940 ns 217 ns
9546540 ns 9546756 ns 216 ns
9547748 ns 9547964 ns 216 ns
9549775 ns 9550 us 225 ns
9552295 ns 9552528 ns 233 ns
9553442 ns 9553660 ns 218 ns
9555720 ns 9555936 ns 216 ns
9576328 ns 9576544 ns 216 ns
9580136 ns 9580352 ns 216 ns
9580803 ns 9581020 ns 217 ns
9581028 ns 9581244 ns 216 ns
9581721 ns 9581936 ns 215 ns
9609931 ns 9610148 ns 217 ns
9610361 ns 9610576 ns 215 ns
9612051 ns 9612268 ns 217 ns
9612404 ns 9612620 ns 216 ns
9612761 ns 9612976 ns 215 ns
9613076 ns 9613292 ns 216 ns
9613426 ns 9613644 ns 218 ns
9613746 ns 9613964 ns 218 ns
9614067 ns 9614284 ns 217 ns
9614386 ns 9614600 ns 214 ns
9614556 ns 9614772 ns 216 ns
9614731 ns 9614948 ns 217 ns
9614882 ns 9615108 ns 226 ns
9615060 ns 9615276 ns 216 ns
9615212 ns 9615428 ns 216 ns
9615390 ns 9615616 ns 226 ns
9615538 ns 9615756 ns 218 ns
9615713 ns 9615928 ns 215 ns
9616219 ns 9616436 ns 217 ns
9617690 ns 9618064 ns 374 ns
9617827 ns 9618084 ns 257 ns
9617961 ns 9618176 ns 215 ns
9618102 ns 9618320 ns 218 ns
9618260 ns 9618480 ns 220 ns
9618401 ns 9618616 ns 215 ns
9618560 ns 9618776 ns 216 ns
9618864 ns 9619080 ns 216 ns
9619152 ns 9619368 ns 216 ns
9619473 ns 9619688 ns 215 ns
9619795 ns 9620012 ns 217 ns
9619973 ns 9620188 ns 215 ns
9620137 ns 9620352 ns 215 ns
9620276 ns 9620492 ns 216 ns
9620446 ns 9620664 ns 218 ns
9620590 ns 9620804 ns 214 ns
9620758 ns 9620972 ns 214 ns
9620901 ns 9621116 ns 215 ns
9621073 ns 9621288 ns 215 ns
9621408 ns 9621624 ns 216 ns
9621694 ns 9621908 ns 214 ns
9622003 ns 9622220 ns 217 ns
9622311 ns 9622528 ns 217 ns
9622635 ns 9622852 ns 217 ns
9622643 ns 9622872 ns 229 ns
9622830 ns 9623044 ns 214 ns
9622931 ns 9623148 ns 217 ns
9623199 ns 9623416 ns 217 ns
9623228 ns 9623444 ns 216 ns
9623536 ns 9623760 ns 224 ns
9623706 ns 9623924 ns 218 ns
9623877 ns 9624092 ns 215 ns
9624019 ns 9624236 ns 217 ns
9624189 ns 9624472 ns 283 ns
9624341 ns 9624556 ns 215 ns
9624514 ns 9624804 ns 290 ns
9624658 ns 9624880 ns 222 ns
9624831 ns 9625048 ns 217 ns
9625181 ns 9625620 ns 439 ns
9625504 ns 9625720 ns 216 ns
9625690 ns 9625916 ns 226 ns
9625826 ns 9626108 ns 282 ns
9626084 ns 9626300 ns 216 ns
9626154 ns 9626380 ns 226 ns
9626500 ns 9626716 ns 216 ns
9626831 ns 9627064 ns 233 ns
9627155 ns 9627372 ns 217 ns
9627473 ns 9627708 ns 235 ns
9627799 ns 9628016 ns 217 ns
9628093 ns 9628312 ns 219 ns
9628393 ns 9628624 ns 231 ns
9628695 ns 9628912 ns 217 ns
9628878 ns 9629092 ns 214 ns
9629054 ns 9629272 ns 218 ns
9629201 ns 9629416 ns 215 ns
9629346 ns 9629560 ns 214 ns
9629497 ns 9629776 ns 279 ns
9629674 ns 9629964 ns 290 ns
9629821 ns 9630036 ns 215 ns
9629999 ns 9630216 ns 217 ns
9630091 ns 9630316 ns 225 ns
9630426 ns 9630644 ns 218 ns
9630759 ns 9630976 ns 217 ns
9630769 ns 9630996 ns 227 ns
9631066 ns 9631284 ns 218 ns
9631195 ns 9631424 ns 229 ns
9631366 ns 9631580 ns 214 ns
9631537 ns 9631752 ns 215 ns
9631715 ns 9631936 ns 221 ns
9631786 ns 9632004 ns 218 ns
9631896 ns 9632172 ns 276 ns
9632105 ns 9632320 ns 215 ns
9632429 ns 9632644 ns 215 ns
9632719 ns 9632940 ns 221 ns
9632723 ns 9632960 ns 237 ns
9633470 ns 9633704 ns 234 ns
9633772 ns 9633988 ns 216 ns
9634071 ns 9634288 ns 217 ns
9634365 ns 9634580 ns 215 ns
9634424 ns 9634640 ns 216 ns
9634737 ns 9634952 ns 215 ns
9635060 ns 9635276 ns 216 ns
9635374 ns 9635588 ns 214 ns
9636020 ns 9636240 ns 220 ns
9636327 ns 9636544 ns 217 ns
9636646 ns 9636860 ns 214 ns
9636974 ns 9637196 ns 222 ns
9638259 ns 9638476 ns 217 ns
9638593 ns 9638808 ns 215 ns
9638936 ns 9639160 ns 224 ns
9639232 ns 9639460 ns 228 ns
9639854 ns 9640072 ns 218 ns
9640166 ns 9640380 ns 214 ns
9640498 ns 9640752 ns 254 ns
9640808 ns 9641276 ns 468 ns
9643584 ns 9643800 ns 216 ns
9643884 ns 9644100 ns 216 ns
9644215 ns 9644452 ns 237 ns
9644515 ns 9644732 ns 217 ns
9645177 ns 9645404 ns 227 ns
9645497 ns 9645712 ns 215 ns
9645819 ns 9646044 ns 225 ns
9646005 ns 9646220 ns 215 ns
9646142 ns 9646356 ns 214 ns
9646638 ns 9646852 ns 214 ns
9647745 ns 9647960 ns 215 ns
9649835 ns 9650052 ns 217 ns
9650152 ns 9650380 ns 228 ns
9650477 ns 9650692 ns 215 ns
9650727 ns 9650944 ns 217 ns
9650798 ns 9651012 ns 214 ns
9651872 ns 9652088 ns 216 ns
9655109 ns 9655324 ns 215 ns
9656295 ns 9656512 ns 217 ns
9659729 ns 9659964 ns 235 ns
9660118 ns 9660348 ns 230 ns
9660274 ns 9660500 ns 226 ns
9660930 ns 9661192 ns 262 ns
9661210 ns 9661436 ns 226 ns
9661730 ns 9661944 ns 214 ns
9693504 ns 9693720 ns 216 ns
9693920 ns 9694188 ns 268 ns
9694877 ns 9695092 ns 215 ns
9700962 ns 9701176 ns 214 ns
9701793 ns 9702020 ns 227 ns
9702319 ns 9702536 ns 217 ns
9703159 ns 9703592 ns 433 ns
9704593 ns 9704864 ns 271 ns
9706683 ns 9706900 ns 217 ns
9729726 ns 9729944 ns 218 ns
9729912 ns 9730144 ns 232 ns
9732458 ns 9732676 ns 218 ns
9732874 ns 9733088 ns 214 ns
9736073 ns 9736288 ns 215 ns
9737462 ns 9737676 ns 214 ns
9740153 ns 9740368 ns 215 ns
9740789 ns 9741004 ns 215 ns
9740997 ns 9741212 ns 215 ns
9741691 ns 9741908 ns 217 ns
9776289 ns 9776504 ns 215 ns
9798032 ns 9798248 ns 216 ns
9800449 ns 9800664 ns 215 ns
9800822 ns 9801036 ns 214 ns
9801509 ns 9801724 ns 215 ns
9802322 ns 9802536 ns 214 ns
9802903 ns 9803120 ns 217 ns
9806695 ns 9806912 ns 217 ns
9812167 ns 9812384 ns 217 ns
9812342 ns 9812872 ns 530 ns
9815066 ns 9815280 ns 214 ns
9815488 ns 9815704 ns 216 ns
9816197 ns 9816428 ns 231 ns
9817251 ns 9817468 ns 217 ns
9817761 ns 9817980 ns 219 ns
9819883 ns 9820100 ns 217 ns
9820042 ns 9820260 ns 218 ns
9820212 ns 9820612 ns 400 ns
9820380 ns 9820660 ns 280 ns
9820340 ns 9820680 ns 340 ns
9820551 ns 9820768 ns 217 ns
9821125 ns 9821344 ns 219 ns
9821316 ns 9821532 ns 216 ns
9821359 ns 9821592 ns 233 ns
9821820 ns 9822036 ns 216 ns
9822667 ns 9822900 ns 233 ns
9823551 ns 9823768 ns 217 ns
9825722 ns 9825936 ns 214 ns
9856282 ns 9856500 ns 218 ns
9860125 ns 9860340 ns 215 ns
9860779 ns 9860996 ns 217 ns
9861009 ns 9861224 ns 215 ns
9861626 ns 9861840 ns 214 ns
9903432 ns 9903648 ns 216 ns
9905719 ns 9905936 ns 217 ns
9906124 ns 9906392 ns 268 ns
9906792 ns 9907008 ns 216 ns
9908647 ns 9908864 ns 217 ns
9909144 ns 9909360 ns 216 ns
9909503 ns 9909720 ns 217 ns
9909772 ns 9909988 ns 216 ns
9909953 ns 9910168 ns 215 ns
9910161 ns 9910376 ns 215 ns
9910368 ns 9910584 ns 216 ns
9915891 ns 9916112 ns 221 ns
9929909 ns 9930124 ns 215 ns
9930095 ns 9930312 ns 217 ns
9932828 ns 9933044 ns 216 ns
9933245 ns 9933460 ns 215 ns
9933952 ns 9934224 ns 272 ns
9936961 ns 9937176 ns 215 ns
9937502 ns 9937728 ns 226 ns
9940395 ns 9940612 ns 217 ns
9940957 ns 9941172 ns 215 ns
9941196 ns 9941412 ns 216 ns
9941741 ns 9941956 ns 215 ns
9976274 ns 9976612 ns 338 ns
9980128 ns 9980348 ns 220 ns
9980782 ns 9980996 ns 214 ns
9981050 ns 9981264 ns 214 ns
9981727 ns 9981944 ns 217 ns
9991304 ns 9991520 ns 216 ns
9991717 ns 9991932 ns 215 ns
9993905 ns 9994120 ns 215 ns
9994552 ns 9994768 ns 216 ns
9996321 ns 9996544 ns 223 ns
9996485 ns 9996700 ns 215 ns
9996790 ns 9997004 ns 214 ns
9997101 ns 9997316 ns 215 ns
9997787 ns 9998004 ns 217 ns
9997979 ns 9998196 ns 217 ns
9999904 ns 10000120 ns 216 ns
10000067 ns 10000312 ns 245 ns
10000739 ns 10001008 ns 269 ns
10001066 ns 10001284 ns 218 ns
10001246 ns 10001460 ns 214 ns
10001364 ns 10001580 ns 216 ns
10001777 ns 10001992 ns 215 ns
10002437 ns 10002668 ns 231 ns
10003230 ns 10003492 ns 262 ns
10003978 ns 10004192 ns 214 ns
10004400 ns 10004632 ns 232 ns
10004586 ns 10004944 ns 358 ns
10005101 ns 10005316 ns 215 ns
10005772 ns 10005988 ns 216 ns
10005865 ns 10006084 ns 219 ns
10006869 ns 10007084 ns 215 ns
10006835 ns 10007116 ns 281 ns
10007029 ns 10007244 ns 215 ns
10007197 ns 10007412 ns 215 ns
10007369 ns 10007808 ns 439 ns
10007406 ns 10007836 ns 430 ns
10007624 ns 10007872 ns 248 ns
10007798 ns 10008012 ns 214 ns
10008285 ns 10008500 ns 215 ns
10008613 ns 10008828 ns 215 ns
10008672 ns 10008888 ns 216 ns
10009526 ns 10009756 ns 230 ns
10009617 ns 10009832 ns 215 ns
10009774 ns 10009992 ns 218 ns
10010297 ns 10010512 ns 215 ns
10010573 ns 10010788 ns 215 ns
10010706 ns 10010924 ns 218 ns
10010836 ns 10011068 ns 232 ns
10010928 ns 10011220 ns 292 ns
10011021 ns 10011240 ns 219 ns
10011058 ns 10011276 ns 218 ns
10011223 ns 10011440 ns 217 ns
10011448 ns 10011664 ns 216 ns
10011752 ns 10011968 ns 216 ns
10012173 ns 10012388 ns 215 ns
10012245 ns 10012460 ns 215 ns
10012830 ns 10013052 ns 222 ns
10013139 ns 10013356 ns 217 ns
10013442 ns 10013660 ns 218 ns
10013703 ns 10013920 ns 217 ns
10014037 ns 10014252 ns 215 ns
10014178 ns 10014392 ns 214 ns
10014316 ns 10014532 ns 216 ns
10014514 ns 10014728 ns 214 ns
10015037 ns 10015252 ns 215 ns
10015239 ns 10015592 ns 353 ns
10016111 ns 10016328 ns 217 ns
10018789 ns 10019004 ns 215 ns
10019898 ns 10020184 ns 286 ns
10020346 ns 10020564 ns 218 ns
10021349 ns 10021564 ns 215 ns
10021862 ns 10022080 ns 218 ns
10023314 ns 10023552 ns 238 ns
10023878 ns 10024124 ns 246 ns
10025377 ns 10025592 ns 215 ns
10027128 ns 10027344 ns 216 ns
10029627 ns 10029844 ns 217 ns
10030129 ns 10030344 ns 215 ns
10030891 ns 10031192 ns 301 ns
10031789 ns 10032004 ns 215 ns
10033794 ns 10034008 ns 214 ns
10034192 ns 10034408 ns 216 ns
10035244 ns 10035460 ns 216 ns
10036915 ns 10037192 ns 277 ns
10037356 ns 10037572 ns 216 ns
10040278 ns 10040544 ns 266 ns
10042386 ns 10042600 ns 214 ns
10043459 ns 10043676 ns 217 ns
10044356 ns 10044572 ns 216 ns
10045912 ns 10046128 ns 216 ns
10047368 ns 10047584 ns 216 ns
10048176 ns 10048392 ns 216 ns
10049493 ns 10049708 ns 215 ns
10050008 ns 10050224 ns 216 ns
10050757 ns 10050988 ns 231 ns
10052332 ns 10052548 ns 216 ns
10053246 ns 10053460 ns 214 ns
10054147 ns 10054592 ns 445 ns
10055038 ns 10055252 ns 214 ns
10056002 ns 10056220 ns 218 ns
10056354 ns 10056568 ns 214 ns
10058035 ns 10058252 ns 217 ns
10058358 ns 10058576 ns 218 ns
10058778 ns 10059044 ns 266 ns
10058879 ns 10059096 ns 217 ns
10060384 ns 10060600 ns 216 ns
10061192 ns 10061408 ns 216 ns
10061699 ns 10061936 ns 237 ns
10062092 ns 10062392 ns 300 ns
10063211 ns 10063428 ns 217 ns
10063856 ns 10064072 ns 216 ns
10065053 ns 10065268 ns 215 ns
10067169 ns 10067384 ns 215 ns
10067933 ns 10068148 ns 215 ns
10070178 ns 10070432 ns 254 ns
10073111 ns 10073328 ns 217 ns
10074713 ns 10074928 ns 215 ns
10075319 ns 10075536 ns 217 ns
10076278 ns 10076496 ns 218 ns
10077901 ns 10078116 ns 215 ns
10080436 ns 10080652 ns 216 ns
10080569 ns 10080784 ns 215 ns
10080609 ns 10080840 ns 231 ns
10080720 ns 10080936 ns 216 ns
10080856 ns 10081072 ns 216 ns
10081175 ns 10081392 ns 217 ns
10081332 ns 10081548 ns 216 ns
10081500 ns 10081716 ns 216 ns
10081660 ns 10081876 ns 216 ns
10081662 ns 10081896 ns 234 ns
10081814 ns 10082032 ns 218 ns
10084660 ns 10084876 ns 216 ns
10084684 ns 10084956 ns 272 ns
10084870 ns 10085088 ns 218 ns
10085544 ns 10085812 ns 268 ns
10086073 ns 10086288 ns 215 ns
10086805 ns 10087020 ns 215 ns
10086946 ns 10087164 ns 218 ns
10087073 ns 10087288 ns 215 ns
10087253 ns 10087468 ns 215 ns
10088875 ns 10089092 ns 217 ns
10089523 ns 10089740 ns 217 ns
10090452 ns 10090728 ns 276 ns
10091733 ns 10091948 ns 215 ns
10092614 ns 10092832 ns 218 ns
10093983 ns 10094200 ns 217 ns
10095781 ns 10095996 ns 215 ns
10097381 ns 10097596 ns 215 ns
10098082 ns 10098300 ns 218 ns
10098827 ns 10099044 ns 217 ns
10099493 ns 10099736 ns 243 ns
10099897 ns 10100112 ns 215 ns
10101367 ns 10101584 ns 217 ns
10102999 ns 10103216 ns 217 ns
10104450 ns 10104668 ns 218 ns
10106047 ns 10106264 ns 217 ns
10107244 ns 10107460 ns 216 ns
10108349 ns 10108564 ns 215 ns
10109016 ns 10109368 ns 352 ns
10110941 ns 10111156 ns 215 ns
10111448 ns 10111664 ns 216 ns
10112117 ns 10112332 ns 215 ns
10112829 ns 10113044 ns 215 ns
10114850 ns 10115068 ns 218 ns
10115576 ns 10115792 ns 216 ns
10116336 ns 10116628 ns 292 ns
10118055 ns 10118296 ns 241 ns
10118711 ns 10118984 ns 273 ns
10120002 ns 10120220 ns 218 ns
10121248 ns 10121464 ns 216 ns
10121929 ns 10122144 ns 215 ns
10122700 ns 10122924 ns 224 ns
10123787 ns 10124004 ns 217 ns
10125420 ns 10125636 ns 216 ns
10126907 ns 10127132 ns 225 ns
10127448 ns 10127680 ns 232 ns
10128099 ns 10128316 ns 217 ns
10128721 ns 10128936 ns 215 ns
10129326 ns 10129672 ns 346 ns
10129765 ns 10129980 ns 215 ns
10130880 ns 10131096 ns 216 ns
10131273 ns 10131488 ns 215 ns
10134664 ns 10134892 ns 228 ns
10135299 ns 10135516 ns 217 ns
10136332 ns 10136548 ns 216 ns
10138154 ns 10138372 ns 218 ns
10138535 ns 10138752 ns 217 ns
10138568 ns 10138784 ns 216 ns
10139092 ns 10139308 ns 216 ns
10141682 ns 10141896 ns 214 ns
10145794 ns 10146012 ns 218 ns
10146018 ns 10146236 ns 218 ns
10146220 ns 10146436 ns 216 ns
10146255 ns 10146516 ns 261 ns
10147157 ns 10147372 ns 215 ns
10147679 ns 10147896 ns 217 ns
10147774 ns 10148192 ns 418 ns
10149066 ns 10149280 ns 214 ns
10150722 ns 10151016 ns 294 ns
10152475 ns 10152692 ns 217 ns
10154577 ns 10154792 ns 215 ns
10155189 ns 10155404 ns 215 ns
10155577 ns 10155992 ns 415 ns
10156272 ns 10156572 ns 300 ns
10157941 ns 10158156 ns 215 ns
10158303 ns 10158520 ns 217 ns
10159121 ns 10159336 ns 215 ns
10160061 ns 10160276 ns 215 ns
10160465 ns 10160680 ns 215 ns
10161067 ns 10161284 ns 217 ns
10161650 ns 10161868 ns 218 ns
10163985 ns 10164200 ns 215 ns
10164473 ns 10164696 ns 223 ns
10167559 ns 10167776 ns 217 ns
10169080 ns 10169296 ns 216 ns
10169967 ns 10170184 ns 217 ns
10171310 ns 10171592 ns 282 ns
10171523 ns 10171740 ns 217 ns
10171537 ns 10171760 ns 223 ns
10172323 ns 10172540 ns 217 ns
10172515 ns 10172732 ns 217 ns
10172679 ns 10172896 ns 217 ns
10172840 ns 10173056 ns 216 ns
10173 us 10173216 ns 216 ns
10173165 ns 10173380 ns 215 ns
10173326 ns 10173544 ns 218 ns
10173587 ns 10173804 ns 217 ns
10173987 ns 10174256 ns 269 ns
10174323 ns 10174540 ns 217 ns
10174619 ns 10174836 ns 217 ns
10174875 ns 10175092 ns 217 ns
10174881 ns 10175112 ns 231 ns
10175151 ns 10175368 ns 217 ns
10175421 ns 10175636 ns 215 ns
10175877 ns 10176092 ns 215 ns
10176464 ns 10176680 ns 216 ns
10177558 ns 10177776 ns 218 ns
10178085 ns 10178312 ns 227 ns
10178481 ns 10178696 ns 215 ns
10179971 ns 10180188 ns 217 ns
10180824 ns 10181040 ns 216 ns
10181723 ns 10181940 ns 217 ns
10181728 ns 10181960 ns 232 ns
10182121 ns 10182336 ns 215 ns
10182123 ns 10182356 ns 233 ns
10182569 ns 10182784 ns 215 ns
10183669 ns 10183884 ns 215 ns
10185945 ns 10186200 ns 255 ns
10187152 ns 10187424 ns 272 ns
10188049 ns 10188264 ns 215 ns
10189132 ns 10189348 ns 216 ns
10189659 ns 10189876 ns 217 ns
10189848 ns 10190064 ns 216 ns
10190025 ns 10190240 ns 215 ns
10191955 ns 10192172 ns 217 ns
10193133 ns 10193348 ns 215 ns
10193955 ns 10194172 ns 217 ns
10194597 ns 10195 us 403 ns
10195607 ns 10195824 ns 217 ns
10195995 ns 10196212 ns 217 ns
10196480 ns 10196712 ns 232 ns
10197672 ns 10197952 ns 280 ns
10198088 ns 10198356 ns 268 ns
10200512 ns 10200728 ns 216 ns
10202671 ns 10202888 ns 217 ns
10203247 ns 10203480 ns 233 ns
10204056 ns 10204272 ns 216 ns
10204411 ns 10204628 ns 217 ns
10204751 ns 10205024 ns 273 ns
10205203 ns 10205420 ns 217 ns
10206005 ns 10206236 ns 231 ns
10206961 ns 10207176 ns 215 ns
10207625 ns 10207840 ns 215 ns
10208378 ns 10208612 ns 234 ns
10210183 ns 10210752 ns 569 ns
10210834 ns 10211048 ns 214 ns
10211885 ns 10212120 ns 235 ns
10212678 ns 10212896 ns 218 ns
10213423 ns 10213680 ns 257 ns
10214465 ns 10214680 ns 215 ns
10214981 ns 10215212 ns 231 ns
10215709 ns 10215924 ns 215 ns
10216208 ns 10216424 ns 216 ns
10216639 ns 10216948 ns 309 ns
10217378 ns 10217608 ns 230 ns
10218563 ns 10218844 ns 281 ns
10219164 ns 10219440 ns 276 ns
10219407 ns 10219624 ns 217 ns
10219551 ns 10219840 ns 289 ns
10219938 ns 10220232 ns 294 ns
10220227 ns 10220504 ns 277 ns
10220561 ns 10220776 ns 215 ns
10220933 ns 10221148 ns 215 ns
10221557 ns 10221852 ns 295 ns
10222099 ns 10222316 ns 217 ns
10222373 ns 10222588 ns 215 ns
10223104 ns 10223336 ns 232 ns
10223936 ns 10224152 ns 216 ns
10224288 ns 10224504 ns 216 ns
10224866 ns 10225080 ns 214 ns
10226158 ns 10226472 ns 314 ns
10226521 ns 10226752 ns 231 ns
10226879 ns 10227164 ns 285 ns
10228645 ns 10228960 ns 315 ns
10229163 ns 10229380 ns 217 ns
10229941 ns 10230220 ns 279 ns
10230937 ns 10231172 ns 235 ns
10231264 ns 10231480 ns 216 ns
10232992 ns 10233208 ns 216 ns
10233312 ns 10233528 ns 216 ns
10233634 ns 10233992 ns 358 ns
10233969 ns 10234312 ns 343 ns
10234862 ns 10235076 ns 214 ns
10235583 ns 10235892 ns 309 ns
10236611 ns 10236828 ns 217 ns
10237068 ns 10237332 ns 264 ns
10237759 ns 10237976 ns 217 ns
10238287 ns 10238504 ns 217 ns
10239373 ns 10239588 ns 215 ns
10239895 ns 10240124 ns 229 ns
10241316 ns 10241532 ns 216 ns
10241718 ns 10241932 ns 214 ns
10243660 ns 10243876 ns 216 ns
10244421 ns 10244636 ns 215 ns
10245614 ns 10245876 ns 262 ns
10246951 ns 10247180 ns 229 ns
10248038 ns 10248284 ns 246 ns
10248361 ns 10248576 ns 215 ns
10249356 ns 10249688 ns 332 ns
10250229 ns 10250444 ns 215 ns
10251126 ns 10251344 ns 218 ns
10251442 ns 10251676 ns 234 ns
10251982 ns 10252200 ns 218 ns
10252486 ns 10252776 ns 290 ns
10253209 ns 10253496 ns 287 ns
10254118 ns 10254336 ns 218 ns
10254794 ns 10255012 ns 218 ns
10255301 ns 10255528 ns 227 ns
10255999 ns 10256228 ns 229 ns
10256293 ns 10256572 ns 279 ns
10256547 ns 10256836 ns 289 ns
10256872 ns 10257088 ns 216 ns
10257379 ns 10257596 ns 217 ns
10257721 ns 10257948 ns 227 ns
10258429 ns 10258656 ns 227 ns
10258775 ns 10259 us 225 ns
10259120 ns 10259348 ns 228 ns
10259234 ns 10259448 ns 214 ns
10259470 ns 10259776 ns 306 ns
10259783 ns 10260 us 217 ns
10259813 ns 10260124 ns 311 ns
10260156 ns 10260384 ns 228 ns
10260885 ns 10261100 ns 215 ns
10261999 ns 10262224 ns 225 ns
10262338 ns 10262564 ns 226 ns
10263185 ns 10263400 ns 215 ns
10264804 ns 10265288 ns 484 ns
10265960 ns 10266224 ns 264 ns
10266669 ns 10266884 ns 215 ns
10267191 ns 10267540 ns 349 ns
10267531 ns 10267856 ns 325 ns
10267866 ns 10268080 ns 214 ns
10268762 ns 10268988 ns 226 ns
10269659 ns 10269876 ns 217 ns
10270370 ns 10270588 ns 218 ns
10270706 ns 10270936 ns 230 ns
10271788 ns 10272016 ns 228 ns
10272511 ns 10273 us 489 ns
10272854 ns 10273160 ns 306 ns
10273192 ns 10273420 ns 228 ns
10273536 ns 10273844 ns 308 ns
10273879 ns 10274104 ns 225 ns
10274221 ns 10274448 ns 227 ns
10274562 ns 10274868 ns 306 ns
10274907 ns 10275128 ns 221 ns
10275254 ns 10275476 ns 222 ns
10275597 ns 10275820 ns 223 ns
10281233 ns 10281508 ns 275 ns
10281488 ns 10281704 ns 216 ns
10281658 ns 10281872 ns 214 ns
10282169 ns 10282384 ns 215 ns
10282301 ns 10282516 ns 215 ns
10282517 ns 10282732 ns 215 ns
10282686 ns 10282904 ns 218 ns
10282855 ns 10283080 ns 225 ns
10283025 ns 10283240 ns 215 ns
10283396 ns 10283612 ns 216 ns
10283524 ns 10283740 ns 216 ns
10283852 ns 10284068 ns 216 ns
10284126 ns 10284344 ns 218 ns
10285076 ns 10285292 ns 216 ns
10285437 ns 10285652 ns 215 ns
10285784 ns 10286 us 216 ns
10286856 ns 10287072 ns 216 ns
10287649 ns 10287864 ns 215 ns
10288185 ns 10288592 ns 407 ns
10289568 ns 10289784 ns 216 ns
10292040 ns 10292256 ns 216 ns
10292329 ns 10292544 ns 215 ns
10300025 ns 10300240 ns 215 ns
10299990 ns 10300260 ns 270 ns
10300251 ns 10300496 ns 245 ns
10300526 ns 10300740 ns 214 ns
10300700 ns 10300916 ns 216 ns
10300809 ns 10301076 ns 267 ns
10301104 ns 10301320 ns 216 ns
10301627 ns 10301844 ns 217 ns
10336248 ns 10336464 ns 216 ns
10340192 ns 10340408 ns 216 ns
10340819 ns 10341036 ns 217 ns
10341063 ns 10341280 ns 217 ns
10341485 ns 10341700 ns 215 ns
10379679 ns 10380012 ns 333 ns
10379863 ns 10380080 ns 217 ns
10379989 ns 10380276 ns 287 ns
10380645 ns 10380860 ns 215 ns
10382815 ns 10383032 ns 217 ns
10387321 ns 10387536 ns 215 ns
10388343 ns 10388560 ns 217 ns
10389069 ns 10389284 ns 215 ns
10397686 ns 10397904 ns 218 ns
10398032 ns 10398248 ns 216 ns
10416273 ns 10416488 ns 215 ns
10419634 ns 10419848 ns 214 ns
10420184 ns 10420400 ns 216 ns
10420534 ns 10420748 ns 214 ns
10421069 ns 10421284 ns 215 ns
10421235 ns 10421452 ns 217 ns
10421594 ns 10421812 ns 218 ns
10496271 ns 10496488 ns 217 ns
10499663 ns 10499880 ns 217 ns
10500188 ns 10500404 ns 216 ns
10500550 ns 10500772 ns 222 ns
10501084 ns 10501300 ns 216 ns
10501249 ns 10501464 ns 215 ns
10501595 ns 10501812 ns 217 ns
10576269 ns 10576484 ns 215 ns
10579605 ns 10579876 ns 271 ns
10580129 ns 10580344 ns 215 ns
10580490 ns 10580708 ns 218 ns
10581027 ns 10581244 ns 217 ns
10581191 ns 10581408 ns 217 ns
10581536 ns 10581752 ns 216 ns
10656267 ns 10656484 ns 217 ns
10659637 ns 10659852 ns 215 ns
10660195 ns 10660412 ns 217 ns
10660570 ns 10660788 ns 218 ns
10661145 ns 10661360 ns 215 ns
10661310 ns 10661524 ns 214 ns
10661658 ns 10661876 ns 218 ns
10736266 ns 10736484 ns 218 ns
10739554 ns 10739768 ns 214 ns
10740080 ns 10740312 ns 232 ns
10740447 ns 10740664 ns 217 ns
10741005 ns 10741220 ns 215 ns
10741163 ns 10741380 ns 217 ns
10741556 ns 10741772 ns 216 ns
10816264 ns 10816480 ns 216 ns
10819771 ns 10819988 ns 217 ns
10820299 ns 10820516 ns 217 ns
10820660 ns 10820880 ns 220 ns
10821202 ns 10821416 ns 214 ns
10821366 ns 10821580 ns 214 ns
10821705 ns 10821920 ns 215 ns
10896262 ns 10896476 ns 214 ns
10899555 ns 10899772 ns 217 ns
10900094 ns 10900308 ns 214 ns
10900458 ns 10900672 ns 214 ns
10900996 ns 10901212 ns 216 ns
10901165 ns 10901380 ns 215 ns
10901530 ns 10901748 ns 218 ns
10976259 ns 10976476 ns 217 ns
10979629 ns 10979844 ns 215 ns
10980183 ns 10980400 ns 217 ns
10980559 ns 10980776 ns 217 ns
10981110 ns 10981324 ns 214 ns
10981275 ns 10981492 ns 217 ns
10981628 ns 10981844 ns 216 ns
11056230 ns 11056444 ns 214 ns
11056696 ns 11056912 ns 216 ns
11059988 ns 11060204 ns 216 ns
11060340 ns 11060896 ns 556 ns
11060533 ns 11060936 ns 403 ns
11061030 ns 11061248 ns 218 ns
11061274 ns 11061492 ns 218 ns
11061796 ns 11062012 ns 216 ns
11062413 ns 11062628 ns 215 ns
11062597 ns 11062812 ns 215 ns
11063082 ns 11063296 ns 214 ns
11063243 ns 11063460 ns 217 ns
11064314 ns 11064528 ns 214 ns
11064415 ns 11064632 ns 217 ns
11064562 ns 11064776 ns 214 ns
11064679 ns 11064896 ns 217 ns
11064886 ns 11065104 ns 218 ns
11064987 ns 11065204 ns 217 ns
11065131 ns 11065348 ns 217 ns
11065239 ns 11065456 ns 217 ns
11099529 ns 11099884 ns 355 ns
11099714 ns 11099928 ns 214 ns
11099800 ns 11100204 ns 404 ns
11100234 ns 11100448 ns 214 ns
11101169 ns 11101460 ns 291 ns
11136260 ns 11136476 ns 216 ns
11139706 ns 11139924 ns 218 ns
11140022 ns 11140304 ns 282 ns
11140236 ns 11140452 ns 216 ns
11140650 ns 11140864 ns 214 ns
11140880 ns 11141096 ns 216 ns
11141304 ns 11141520 ns 216 ns
11141965 ns 11142180 ns 215 ns
11142254 ns 11142468 ns 214 ns
11142604 ns 11142820 ns 216 ns
11142850 ns 11143068 ns 218 ns
