64 ns 556 ns 492 ns
232 ns 784 ns 552 ns
416 ns 1012 ns 596 ns
756 ns 1392 ns 636 ns
1116 ns 1696 ns 580 ns
1548 ns 1932 ns 384 ns
1984 ns 2436 ns 452 ns
2508 ns 2892 ns 384 ns
3068 ns 3452 ns 384 ns
3644 ns 4028 ns 384 ns
4384 ns 4768 ns 384 ns
5132 ns 5552 ns 420 ns
5908 ns 6292 ns 384 ns
6712 ns 7196 ns 484 ns
7524 ns 7908 ns 384 ns
8348 ns 8732 ns 384 ns
9304 ns 9688 ns 384 ns
10392 ns 10836 ns 444 ns
11540 ns 11924 ns 384 ns
12736 ns 13120 ns 384 ns
13936 ns 14320 ns 384 ns
15160 ns 15544 ns 384 ns
16456 ns 16840 ns 384 ns
17792 ns 18176 ns 384 ns
19148 ns 19532 ns 384 ns
20588 ns 20972 ns 384 ns
22088 ns 22536 ns 448 ns
23632 ns 24016 ns 384 ns
25200 ns 25584 ns 384 ns
26780 ns 27164 ns 384 ns
28436 ns 28820 ns 384 ns
30140 ns 30524 ns 384 ns
31912 ns 32296 ns 384 ns
33696 ns 34080 ns 384 ns
35492 ns 35876 ns 384 ns
37312 ns 37696 ns 384 ns
39292 ns 39688 ns 396 ns
41496 ns 41880 ns 384 ns
43728 ns 44112 ns 384 ns
46088 ns 46472 ns 384 ns
48488 ns 48872 ns 384 ns
50932 ns 51316 ns 384 ns
53484 ns 53868 ns 384 ns
56060 ns 56444 ns 384 ns
58680 ns 59116 ns 436 ns
61424 ns 61840 ns 416 ns
64184 ns 64568 ns 384 ns
66984 ns 67368 ns 384 ns
69824 ns 70208 ns 384 ns
72688 ns 73072 ns 384 ns
75584 ns 75968 ns 384 ns
78760 ns 79144 ns 384 ns
81992 ns 82404 ns 412 ns
85300 ns 85684 ns 384 ns
88644 ns 89028 ns 384 ns
92 us 92384 ns 384 ns
95444 ns 95828 ns 384 ns
98892 ns 99276 ns 384 ns
102452 ns 102836 ns 384 ns
106020 ns 106404 ns 384 ns
109960 ns 110344 ns 384 ns
113928 ns 114312 ns 384 ns
117924 ns 118308 ns 384 ns
121940 ns 122324 ns 384 ns
125960 ns 126344 ns 384 ns
130016 ns 130400 ns 384 ns
134088 ns 134472 ns 384 ns
138168 ns 138552 ns 384 ns
142312 ns 142696 ns 384 ns
146476 ns 146860 ns 384 ns
150764 ns 151148 ns 384 ns
155116 ns 155500 ns 384 ns
159524 ns 159908 ns 384 ns
164036 ns 164420 ns 384 ns
168584 ns 168968 ns 384 ns
173168 ns 173552 ns 384 ns
177760 ns 178144 ns 384 ns
182428 ns 182812 ns 384 ns
187316 ns 187728 ns 412 ns
192224 ns 192608 ns 384 ns
197216 ns 197600 ns 384 ns
202268 ns 202652 ns 384 ns
207408 ns 207792 ns 384 ns
212612 ns 212996 ns 384 ns
217956 ns 218340 ns 384 ns
223304 ns 223688 ns 384 ns
228732 ns 229116 ns 384 ns
234180 ns 234564 ns 384 ns
239648 ns 240092 ns 444 ns
245140 ns 245524 ns 384 ns
250684 ns 251068 ns 384 ns
256340 ns 256776 ns 436 ns
262012 ns 262396 ns 384 ns
267780 ns 268164 ns 384 ns
273552 ns 273952 ns 400 ns
279452 ns 279836 ns 384 ns
285416 ns 285816 ns 400 ns
291396 ns 291832 ns 436 ns
297428 ns 297812 ns 384 ns
303620 ns 304004 ns 384 ns
309852 ns 310236 ns 384 ns
316092 ns 316476 ns 384 ns
322380 ns 322764 ns 384 ns
328720 ns 329104 ns 384 ns
335068 ns 335452 ns 384 ns
341524 ns 341908 ns 384 ns
348128 ns 348512 ns 384 ns
354736 ns 355120 ns 384 ns
361432 ns 361816 ns 384 ns
368176 ns 368632 ns 456 ns
375124 ns 375508 ns 384 ns
382168 ns 382780 ns 612 ns
389324 ns 389708 ns 384 ns
396624 ns 397008 ns 384 ns
404092 ns 404476 ns 384 ns
411592 ns 411976 ns 384 ns
419108 ns 419492 ns 384 ns
426684 ns 427068 ns 384 ns
434280 ns 434664 ns 384 ns
441916 ns 442300 ns 384 ns
449564 ns 449948 ns 384 ns
457268 ns 457652 ns 384 ns
464992 ns 465392 ns 400 ns
472740 ns 473124 ns 384 ns
480560 ns 480944 ns 384 ns
488392 ns 488788 ns 396 ns
496268 ns 496652 ns 384 ns
504244 ns 504628 ns 384 ns
512328 ns 512712 ns 384 ns
520424 ns 520808 ns 384 ns
528596 ns 528980 ns 384 ns
536840 ns 537224 ns 384 ns
545208 ns 545592 ns 384 ns
553580 ns 553964 ns 384 ns
561996 ns 562448 ns 452 ns
570424 ns 570808 ns 384 ns
578864 ns 579248 ns 384 ns
587316 ns 587700 ns 384 ns
595792 ns 596176 ns 384 ns
604288 ns 604672 ns 384 ns
612804 ns 613188 ns 384 ns
621356 ns 621740 ns 384 ns
629972 ns 630356 ns 384 ns
638596 ns 638980 ns 384 ns
647304 ns 647904 ns 600 ns
656036 ns 656420 ns 384 ns
664948 ns 665332 ns 384 ns
673940 ns 674324 ns 384 ns
682940 ns 683364 ns 424 ns
691976 ns 692360 ns 384 ns
701116 ns 701500 ns 384 ns
710268 ns 710652 ns 384 ns
719432 ns 719816 ns 384 ns
728708 ns 729092 ns 384 ns
738048 ns 738432 ns 384 ns
747496 ns 747880 ns 384 ns
756968 ns 757352 ns 384 ns
766484 ns 766868 ns 384 ns
776032 ns 776416 ns 384 ns
785620 ns 786004 ns 384 ns
795212 ns 795596 ns 384 ns
805060 ns 805444 ns 384 ns
814988 ns 815372 ns 384 ns
824948 ns 825332 ns 384 ns
834976 ns 835360 ns 384 ns
845036 ns 845420 ns 384 ns
855132 ns 855516 ns 384 ns
865232 ns 865616 ns 384 ns
875336 ns 875720 ns 384 ns
885480 ns 885864 ns 384 ns
896056 ns 896448 ns 392 ns
906716 ns 907100 ns 384 ns
917384 ns 917768 ns 384 ns
928116 ns 928704 ns 588 ns
938884 ns 939268 ns 384 ns
949896 ns 950280 ns 384 ns
960964 ns 961348 ns 384 ns
972068 ns 972452 ns 384 ns
983196 ns 983580 ns 384 ns
994340 ns 994724 ns 384 ns
1005512 ns 1005896 ns 384 ns
1016772 ns 1017156 ns 384 ns
1028064 ns 1028448 ns 384 ns
1039480 ns 1039864 ns 384 ns
1050900 ns 1051284 ns 384 ns
1062336 ns 1062720 ns 384 ns
1073952 ns 1074336 ns 384 ns
1085588 ns 1085972 ns 384 ns
1097308 ns 1097692 ns 384 ns
1109188 ns 1109572 ns 384 ns
1121084 ns 1121468 ns 384 ns
1133036 ns 1133420 ns 384 ns
1145004 ns 1145388 ns 384 ns
1157020 ns 1157404 ns 384 ns
1169072 ns 1169456 ns 384 ns
1181172 ns 1181556 ns 384 ns
1193328 ns 1193904 ns 576 ns
1205488 ns 1205872 ns 384 ns
1217756 ns 1218140 ns 384 ns
1230048 ns 1230432 ns 384 ns
1242356 ns 1242740 ns 384 ns
1254692 ns 1255120 ns 428 ns
1267160 ns 1267544 ns 384 ns
1279644 ns 1280028 ns 384 ns
1292148 ns 1292532 ns 384 ns
1304724 ns 1305108 ns 384 ns
1317312 ns 1317696 ns 384 ns
1329928 ns 1330312 ns 384 ns
1342576 ns 1342992 ns 416 ns
1355388 ns 1355772 ns 384 ns
1368264 ns 1368648 ns 384 ns
1381188 ns 1381572 ns 384 ns
1394156 ns 1394540 ns 384 ns
1407176 ns 1407560 ns 384 ns
1420216 ns 1420600 ns 384 ns
1433292 ns 1433676 ns 384 ns
1446476 ns 1446860 ns 384 ns
1459712 ns 1460096 ns 384 ns
1472992 ns 1473376 ns 384 ns
1486308 ns 1486692 ns 384 ns
1499632 ns 1500016 ns 384 ns
1513092 ns 1513704 ns 612 ns
1526596 ns 1526980 ns 384 ns
1540108 ns 1540492 ns 384 ns
1553656 ns 1554040 ns 384 ns
1567224 ns 1567608 ns 384 ns
1580832 ns 1581216 ns 384 ns
1594476 ns 1594860 ns 384 ns
1608240 ns 1608624 ns 384 ns
1622016 ns 1622400 ns 384 ns
1635964 ns 1636348 ns 384 ns
1649916 ns 1650300 ns 384 ns
1663976 ns 1664360 ns 384 ns
1678064 ns 1678448 ns 384 ns
1692204 ns 1692588 ns 384 ns
1706348 ns 1706732 ns 384 ns
1720524 ns 1720908 ns 384 ns
1734824 ns 1735208 ns 384 ns
1749148 ns 1749532 ns 384 ns
1763592 ns 1763976 ns 384 ns
1778048 ns 1778432 ns 384 ns
1792592 ns 1792976 ns 384 ns
1807212 ns 1807596 ns 384 ns
1822004 ns 1822388 ns 384 ns
1836884 ns 1837268 ns 384 ns
1851820 ns 1852204 ns 384 ns
1866812 ns 1867196 ns 384 ns
1881828 ns 1882212 ns 384 ns
1896864 ns 1897248 ns 384 ns
1911996 ns 1912380 ns 384 ns
1927144 ns 1927528 ns 384 ns
1942356 ns 1942740 ns 384 ns
1957620 ns 1958004 ns 384 ns
1972888 ns 1973272 ns 384 ns
1988164 ns 1988548 ns 384 ns
2003476 ns 2003860 ns 384 ns
2018828 ns 2019212 ns 384 ns
2034236 ns 2034620 ns 384 ns
2049756 ns 2050140 ns 384 ns
2065360 ns 2065744 ns 384 ns
2080992 ns 2081376 ns 384 ns
2096668 ns 2097052 ns 384 ns
2112520 ns 2112904 ns 384 ns
2128396 ns 2128780 ns 384 ns
2144300 ns 2144684 ns 384 ns
2160236 ns 2160620 ns 384 ns
2176176 ns 2176704 ns 528 ns
2192140 ns 2192524 ns 384 ns
2208144 ns 2208528 ns 384 ns
2224260 ns 2224644 ns 384 ns
2240452 ns 2240836 ns 384 ns
2256652 ns 2257036 ns 384 ns
2272872 ns 2273256 ns 384 ns
2289100 ns 2289484 ns 384 ns
2305368 ns 2305752 ns 384 ns
2321648 ns 2322032 ns 384 ns
2337936 ns 2338320 ns 384 ns
2354228 ns 2354612 ns 384 ns
2370616 ns 2371 us 384 ns
2387160 ns 2387544 ns 384 ns
2403780 ns 2404164 ns 384 ns
2420512 ns 2420896 ns 384 ns
2437268 ns 2437652 ns 384 ns
2454056 ns 2454440 ns 384 ns
2470892 ns 2471276 ns 384 ns
2487996 ns 2488380 ns 384 ns
2505124 ns 2505508 ns 384 ns
2522304 ns 2522688 ns 384 ns
2539500 ns 2539884 ns 384 ns
2556760 ns 2557144 ns 384 ns
2574204 ns 2574588 ns 384 ns
2591652 ns 2592036 ns 384 ns
2609244 ns 2609628 ns 384 ns
2626860 ns 2627244 ns 384 ns
2644508 ns 2644892 ns 384 ns
2662164 ns 2662548 ns 384 ns
2679828 ns 2680212 ns 384 ns
2697508 ns 2697892 ns 384 ns
2715280 ns 2715664 ns 384 ns
2733060 ns 2733444 ns 384 ns
2750856 ns 2751240 ns 384 ns
2768800 ns 2769184 ns 384 ns
2786772 ns 2787156 ns 384 ns
2804748 ns 2805132 ns 384 ns
2822728 ns 2823112 ns 384 ns
2840736 ns 2841120 ns 384 ns
2858772 ns 2859156 ns 384 ns
2876812 ns 2877196 ns 384 ns
2894956 ns 2895340 ns 384 ns
2913192 ns 2913576 ns 384 ns
2931476 ns 2931860 ns 384 ns
2949856 ns 2950240 ns 384 ns
2968240 ns 2968624 ns 384 ns
2986704 ns 2987088 ns 384 ns
3005220 ns 3005604 ns 384 ns
3023740 ns 3024124 ns 384 ns
3042300 ns 3042684 ns 384 ns
3061040 ns 3061424 ns 384 ns
3079808 ns 3080192 ns 384 ns
3098584 ns 3098968 ns 384 ns
3117436 ns 3117820 ns 384 ns
3136372 ns 3136756 ns 384 ns
3155320 ns 3155704 ns 384 ns
3174272 ns 3174656 ns 384 ns
3193244 ns 3193628 ns 384 ns
3212288 ns 3212672 ns 384 ns
3231340 ns 3231724 ns 384 ns
3250436 ns 3250820 ns 384 ns
3269588 ns 3269972 ns 384 ns
3288744 ns 3289128 ns 384 ns
3307980 ns 3308364 ns 384 ns
3327236 ns 3327620 ns 384 ns
3346612 ns 3346996 ns 384 ns
3366120 ns 3366504 ns 384 ns
3385736 ns 3386120 ns 384 ns
3405356 ns 3405740 ns 384 ns
3425004 ns 3425388 ns 384 ns
3444692 ns 3445076 ns 384 ns
3464388 ns 3464772 ns 384 ns
3484188 ns 3484572 ns 384 ns
3504072 ns 3504456 ns 384 ns
3523976 ns 3524360 ns 384 ns
3543896 ns 3544280 ns 384 ns
3563832 ns 3564216 ns 384 ns
