288 ns 1180 ns 892 ns
140 ns 1484 ns 1344 ns
524 ns 1864 ns 1340 ns
768 ns 1940 ns 1172 ns
1020 ns 2244 ns 1224 ns
1396 ns 2700 ns 1304 ns
1936 ns 3004 ns 1068 ns
2492 ns 3460 ns 968 ns
3132 ns 3840 ns 708 ns
3808 ns 4192 ns 384 ns
4552 ns 4936 ns 384 ns
5344 ns 5788 ns 444 ns
6344 ns 6728 ns 384 ns
7360 ns 7760 ns 400 ns
8468 ns 8912 ns 444 ns
9600 ns 9984 ns 384 ns
10856 ns 11240 ns 384 ns
12172 ns 12556 ns 384 ns
13496 ns 13880 ns 384 ns
14824 ns 15220 ns 396 ns
16240 ns 16624 ns 384 ns
17724 ns 18108 ns 384 ns
19264 ns 19648 ns 384 ns
20860 ns 21244 ns 384 ns
22488 ns 22872 ns 384 ns
24200 ns 24584 ns 384 ns
26056 ns 26480 ns 424 ns
27928 ns 28312 ns 384 ns
29848 ns 30232 ns 384 ns
31884 ns 32268 ns 384 ns
33928 ns 34312 ns 384 ns
36012 ns 36396 ns 384 ns
38108 ns 38492 ns 384 ns
40288 ns 40700 ns 412 ns
42508 ns 42892 ns 384 ns
44752 ns 45136 ns 384 ns
47068 ns 47452 ns 384 ns
49408 ns 49792 ns 384 ns
51872 ns 52256 ns 384 ns
54432 ns 54816 ns 384 ns
57020 ns 57404 ns 384 ns
59624 ns 60024 ns 400 ns
62260 ns 62644 ns 384 ns
64936 ns 65320 ns 384 ns
67812 ns 68196 ns 384 ns
70732 ns 71116 ns 384 ns
73736 ns 74120 ns 384 ns
76764 ns 77148 ns 384 ns
79876 ns 80260 ns 384 ns
82996 ns 83380 ns 384 ns
86124 ns 86508 ns 384 ns
89280 ns 89664 ns 384 ns
92480 ns 92864 ns 384 ns
95708 ns 96092 ns 384 ns
98980 ns 99364 ns 384 ns
102328 ns 102712 ns 384 ns
105752 ns 106136 ns 384 ns
109180 ns 109704 ns 524 ns
112680 ns 113064 ns 384 ns
116200 ns 116584 ns 384 ns
119724 ns 120108 ns 384 ns
123288 ns 123672 ns 384 ns
126912 ns 127296 ns 384 ns
130660 ns 131044 ns 384 ns
134420 ns 134804 ns 384 ns
138260 ns 138644 ns 384 ns
142108 ns 142492 ns 384 ns
146036 ns 146420 ns 384 ns
149992 ns 150376 ns 384 ns
153964 ns 154348 ns 384 ns
157944 ns 158328 ns 384 ns
161956 ns 162340 ns 384 ns
166020 ns 166404 ns 384 ns
170088 ns 170472 ns 384 ns
174188 ns 174572 ns 384 ns
178428 ns 178812 ns 384 ns
182812 ns 183196 ns 384 ns
187332 ns 187744 ns 412 ns
191860 ns 192244 ns 384 ns
196492 ns 196876 ns 384 ns
201164 ns 201596 ns 432 ns
206064 ns 206448 ns 384 ns
211060 ns 211444 ns 384 ns
216072 ns 216456 ns 384 ns
221148 ns 221532 ns 384 ns
226260 ns 226704 ns 444 ns
231380 ns 231764 ns 384 ns
236504 ns 236888 ns 384 ns
241660 ns 242044 ns 384 ns
246964 ns 247348 ns 384 ns
252280 ns 252664 ns 384 ns
257644 ns 258028 ns 384 ns
263052 ns 263436 ns 384 ns
268760 ns 269144 ns 384 ns
274512 ns 274896 ns 384 ns
280272 ns 280656 ns 384 ns
286060 ns 286444 ns 384 ns
291892 ns 292276 ns 384 ns
297832 ns 298216 ns 384 ns
303956 ns 304340 ns 384 ns
310096 ns 310480 ns 384 ns
316252 ns 316636 ns 384 ns
322468 ns 322852 ns 384 ns
328696 ns 329080 ns 384 ns
335032 ns 335416 ns 384 ns
341432 ns 341816 ns 384 ns
347844 ns 348228 ns 384 ns
354340 ns 354724 ns 384 ns
360872 ns 361256 ns 384 ns
367452 ns 367836 ns 384 ns
374100 ns 374524 ns 424 ns
380772 ns 381156 ns 384 ns
387448 ns 387832 ns 384 ns
394168 ns 394552 ns 384 ns
400916 ns 401300 ns 384 ns
407672 ns 408056 ns 384 ns
414512 ns 414896 ns 384 ns
421416 ns 421800 ns 384 ns
428352 ns 428736 ns 384 ns
435316 ns 435700 ns 384 ns
442316 ns 442700 ns 384 ns
449332 ns 449716 ns 384 ns
456524 ns 456908 ns 384 ns
463756 ns 464140 ns 384 ns
471060 ns 471444 ns 384 ns
478504 ns 478888 ns 384 ns
486292 ns 486676 ns 384 ns
494092 ns 494476 ns 384 ns
502 us 502384 ns 384 ns
509924 ns 510308 ns 384 ns
517888 ns 518272 ns 384 ns
525876 ns 526260 ns 384 ns
533888 ns 534272 ns 384 ns
541904 ns 542296 ns 392 ns
549956 ns 550340 ns 384 ns
558232 ns 558616 ns 384 ns
566520 ns 566904 ns 384 ns
574848 ns 575232 ns 384 ns
583404 ns 583788 ns 384 ns
592024 ns 592408 ns 384 ns
600668 ns 601104 ns 436 ns
609412 ns 609796 ns 384 ns
618220 ns 618604 ns 384 ns
627076 ns 627460 ns 384 ns
635952 ns 636336 ns 384 ns
644872 ns 645256 ns 384 ns
653828 ns 654212 ns 384 ns
662848 ns 663232 ns 384 ns
671952 ns 672336 ns 384 ns
681120 ns 681504 ns 384 ns
690356 ns 690740 ns 384 ns
699612 ns 699996 ns 384 ns
708988 ns 709372 ns 384 ns
718488 ns 718872 ns 384 ns
728064 ns 728448 ns 384 ns
737664 ns 738048 ns 384 ns
747292 ns 747676 ns 384 ns
757044 ns 757428 ns 384 ns
766820 ns 767204 ns 384 ns
776604 ns 776988 ns 384 ns
786480 ns 786864 ns 384 ns
796428 ns 796812 ns 384 ns
806440 ns 806824 ns 384 ns
816568 ns 816952 ns 384 ns
826764 ns 827304 ns 540 ns
837020 ns 837404 ns 384 ns
847400 ns 847784 ns 384 ns
857812 ns 858196 ns 384 ns
868288 ns 868672 ns 384 ns
878824 ns 879208 ns 384 ns
889376 ns 889760 ns 384 ns
899968 ns 900352 ns 384 ns
910564 ns 910948 ns 384 ns
921192 ns 921576 ns 384 ns
931920 ns 932304 ns 384 ns
942780 ns 943164 ns 384 ns
953676 ns 954060 ns 384 ns
964612 ns 964996 ns 384 ns
975592 ns 975976 ns 384 ns
986608 ns 986992 ns 384 ns
997648 ns 998032 ns 384 ns
1008756 ns 1009140 ns 384 ns
1019912 ns 1020296 ns 384 ns
1031112 ns 1031496 ns 384 ns
1042332 ns 1042716 ns 384 ns
1053792 ns 1054176 ns 384 ns
1065296 ns 1065680 ns 384 ns
1076892 ns 1077276 ns 384 ns
1088540 ns 1088924 ns 384 ns
1100196 ns 1100580 ns 384 ns
1111924 ns 1112308 ns 384 ns
1123956 ns 1124340 ns 384 ns
1136124 ns 1136508 ns 384 ns
1148296 ns 1148680 ns 384 ns
1160516 ns 1160900 ns 384 ns
1172760 ns 1173216 ns 456 ns
1185012 ns 1185396 ns 384 ns
1197276 ns 1197660 ns 384 ns
1209656 ns 1210040 ns 384 ns
1222060 ns 1222444 ns 384 ns
1234472 ns 1234856 ns 384 ns
1247068 ns 1247452 ns 384 ns
1259668 ns 1260052 ns 384 ns
1272296 ns 1272680 ns 384 ns
1284936 ns 1285320 ns 384 ns
1297792 ns 1298176 ns 384 ns
1310664 ns 1311048 ns 384 ns
1323552 ns 1323936 ns 384 ns
1336532 ns 1336916 ns 384 ns
1349548 ns 1349932 ns 384 ns
1362576 ns 1362960 ns 384 ns
1375612 ns 1375996 ns 384 ns
1388684 ns 1389068 ns 384 ns
1401776 ns 1402160 ns 384 ns
1414916 ns 1415300 ns 384 ns
1428076 ns 1428460 ns 384 ns
1441424 ns 1441808 ns 384 ns
1454836 ns 1455220 ns 384 ns
1468316 ns 1468700 ns 384 ns
1481812 ns 1482196 ns 384 ns
1495376 ns 1495760 ns 384 ns
1508956 ns 1509340 ns 384 ns
1522660 ns 1523044 ns 384 ns
1536392 ns 1536776 ns 384 ns
1550204 ns 1550588 ns 384 ns
1564020 ns 1564404 ns 384 ns
1577916 ns 1578300 ns 384 ns
1591848 ns 1592232 ns 384 ns
1605836 ns 1606220 ns 384 ns
1619932 ns 1620316 ns 384 ns
1634040 ns 1634424 ns 384 ns
1648196 ns 1648580 ns 384 ns
1662420 ns 1662804 ns 384 ns
1676712 ns 1677172 ns 460 ns
1691212 ns 1691596 ns 384 ns
1705780 ns 1706164 ns 384 ns
1720448 ns 1720832 ns 384 ns
1735268 ns 1735652 ns 384 ns
1750092 ns 1750476 ns 384 ns
1764948 ns 1765332 ns 384 ns
1779924 ns 1780308 ns 384 ns
1794908 ns 1795292 ns 384 ns
1810028 ns 1810412 ns 384 ns
1825256 ns 1825704 ns 448 ns
1840592 ns 1840976 ns 384 ns
1856040 ns 1856424 ns 384 ns
1871492 ns 1871876 ns 384 ns
1886996 ns 1887380 ns 384 ns
1902512 ns 1902896 ns 384 ns
1918080 ns 1918464 ns 384 ns
1933664 ns 1934048 ns 384 ns
1949284 ns 1949668 ns 384 ns
1964912 ns 1965296 ns 384 ns
1980560 ns 1980944 ns 384 ns
1996272 ns 1996656 ns 384 ns
2012004 ns 2012388 ns 384 ns
2027748 ns 2028132 ns 384 ns
2043552 ns 2044180 ns 628 ns
2059376 ns 2059760 ns 384 ns
2075224 ns 2075608 ns 384 ns
2091148 ns 2091532 ns 384 ns
2107244 ns 2107628 ns 384 ns
2123380 ns 2123764 ns 384 ns
2139524 ns 2139908 ns 384 ns
2155760 ns 2156144 ns 384 ns
2172008 ns 2172392 ns 384 ns
2188324 ns 2188708 ns 384 ns
2204692 ns 2205076 ns 384 ns
2221096 ns 2221480 ns 384 ns
2237608 ns 2237992 ns 384 ns
2254184 ns 2254768 ns 584 ns
2270776 ns 2271160 ns 384 ns
2287440 ns 2287824 ns 384 ns
2304200 ns 2304584 ns 384 ns
2321096 ns 2321480 ns 384 ns
2338112 ns 2338496 ns 384 ns
2355192 ns 2355576 ns 384 ns
2372308 ns 2372692 ns 384 ns
2389508 ns 2389892 ns 384 ns
2406716 ns 2407100 ns 384 ns
2423988 ns 2424372 ns 384 ns
2441428 ns 2441904 ns 476 ns
2458880 ns 2459264 ns 384 ns
2476428 ns 2476812 ns 384 ns
2494008 ns 2494392 ns 384 ns
2511652 ns 2512104 ns 452 ns
2529520 ns 2529904 ns 384 ns
2547400 ns 2547784 ns 384 ns
2565352 ns 2565736 ns 384 ns
2583320 ns 2583704 ns 384 ns
2601316 ns 2601700 ns 384 ns
2619328 ns 2619712 ns 384 ns
2637372 ns 2637756 ns 384 ns
2655464 ns 2655848 ns 384 ns
2673604 ns 2673988 ns 384 ns
2691788 ns 2692172 ns 384 ns
2710096 ns 2710480 ns 384 ns
2728432 ns 2728816 ns 384 ns
2746800 ns 2747184 ns 384 ns
2765196 ns 2765580 ns 384 ns
2783700 ns 2784084 ns 384 ns
2802268 ns 2802652 ns 384 ns
2820864 ns 2821248 ns 384 ns
2839464 ns 2839848 ns 384 ns
2858124 ns 2858508 ns 384 ns
2877080 ns 2877464 ns 384 ns
2896064 ns 2896448 ns 384 ns
2915092 ns 2915476 ns 384 ns
2934152 ns 2934536 ns 384 ns
2953252 ns 2953636 ns 384 ns
2972412 ns 2972796 ns 384 ns
2991684 ns 2992068 ns 384 ns
3010992 ns 3011376 ns 384 ns
3030444 ns 3030828 ns 384 ns
3050028 ns 3050412 ns 384 ns
3069628 ns 3070012 ns 384 ns
3089292 ns 3089676 ns 384 ns
3109020 ns 3109404 ns 384 ns
3128988 ns 3129372 ns 384 ns
