32 ns 420 ns 388 ns
116 ns 724 ns 608 ns
216 ns 1028 ns 812 ns
344 ns 1332 ns 988 ns
532 ns 1636 ns 1104 ns
800 ns 2092 ns 1292 ns
1072 ns 2320 ns 1248 ns
1372 ns 2548 ns 1176 ns
1676 ns 2852 ns 1176 ns
1996 ns 3080 ns 1084 ns
2324 ns 3308 ns 984 ns
2796 ns 3612 ns 816 ns
3332 ns 3916 ns 584 ns
3936 ns 4344 ns 408 ns
4580 ns 5012 ns 432 ns
5252 ns 5636 ns 384 ns
6032 ns 6416 ns 384 ns
6876 ns 7260 ns 384 ns
7780 ns 8304 ns 524 ns
8788 ns 9172 ns 384 ns
9816 ns 10200 ns 384 ns
10872 ns 11316 ns 444 ns
11952 ns 12336 ns 384 ns
13052 ns 13436 ns 384 ns
14228 ns 14612 ns 384 ns
15432 ns 15816 ns 384 ns
16832 ns 17216 ns 384 ns
18244 ns 18628 ns 384 ns
19672 ns 20056 ns 384 ns
21204 ns 21600 ns 396 ns
22768 ns 23176 ns 408 ns
24356 ns 24740 ns 384 ns
26020 ns 26404 ns 384 ns
27844 ns 28228 ns 384 ns
29688 ns 30072 ns 384 ns
31576 ns 31960 ns 384 ns
33472 ns 33856 ns 384 ns
35432 ns 35816 ns 384 ns
37396 ns 37780 ns 384 ns
39392 ns 39776 ns 384 ns
41528 ns 41912 ns 384 ns
43796 ns 44192 ns 396 ns
46088 ns 46472 ns 384 ns
48444 ns 48828 ns 384 ns
50868 ns 51252 ns 384 ns
53296 ns 53680 ns 384 ns
55860 ns 56244 ns 384 ns
58452 ns 58836 ns 384 ns
61084 ns 61468 ns 384 ns
63756 ns 64140 ns 384 ns
66452 ns 66836 ns 384 ns
69236 ns 69620 ns 384 ns
72044 ns 72428 ns 384 ns
74872 ns 75256 ns 384 ns
77808 ns 78192 ns 384 ns
80852 ns 81236 ns 384 ns
84044 ns 84428 ns 384 ns
87396 ns 87780 ns 384 ns
90924 ns 91308 ns 384 ns
94460 ns 94844 ns 384 ns
98 us 98384 ns 384 ns
101604 ns 101988 ns 384 ns
105216 ns 105600 ns 384 ns
108852 ns 109236 ns 384 ns
112544 ns 112928 ns 384 ns
116244 ns 116660 ns 416 ns
120048 ns 120432 ns 384 ns
123996 ns 124380 ns 384 ns
128024 ns 128408 ns 384 ns
132060 ns 132444 ns 384 ns
136164 ns 136548 ns 384 ns
140372 ns 140904 ns 532 ns
144604 ns 144988 ns 384 ns
148864 ns 149248 ns 384 ns
153276 ns 153672 ns 396 ns
157784 ns 158240 ns 456 ns
162384 ns 162768 ns 384 ns
167020 ns 167404 ns 384 ns
171816 ns 172200 ns 384 ns
176636 ns 177020 ns 384 ns
181464 ns 181848 ns 384 ns
186328 ns 186712 ns 384 ns
191208 ns 191592 ns 384 ns
196164 ns 196548 ns 384 ns
201136 ns 201520 ns 384 ns
206184 ns 206568 ns 384 ns
211332 ns 211716 ns 384 ns
216560 ns 216944 ns 384 ns
221848 ns 222232 ns 384 ns
227144 ns 227528 ns 384 ns
232480 ns 232864 ns 384 ns
238004 ns 238388 ns 384 ns
243556 ns 243940 ns 384 ns
249124 ns 249508 ns 384 ns
254764 ns 255148 ns 384 ns
260416 ns 260800 ns 384 ns
266084 ns 266468 ns 384 ns
271832 ns 272216 ns 384 ns
277588 ns 277972 ns 384 ns
283352 ns 283736 ns 384 ns
289268 ns 289652 ns 384 ns
295356 ns 295740 ns 384 ns
301544 ns 301928 ns 384 ns
307788 ns 308172 ns 384 ns
314088 ns 314472 ns 384 ns
320416 ns 320800 ns 384 ns
326820 ns 327204 ns 384 ns
333244 ns 333628 ns 384 ns
339736 ns 340120 ns 384 ns
346236 ns 346620 ns 384 ns
352944 ns 353328 ns 384 ns
359676 ns 360060 ns 384 ns
366496 ns 367104 ns 608 ns
373376 ns 373760 ns 384 ns
380264 ns 380648 ns 384 ns
387164 ns 387548 ns 384 ns
394084 ns 394468 ns 384 ns
401008 ns 401392 ns 384 ns
407936 ns 408320 ns 384 ns
414988 ns 415372 ns 384 ns
422120 ns 422504 ns 384 ns
429284 ns 429668 ns 384 ns
436560 ns 436944 ns 384 ns
443848 ns 444232 ns 384 ns
451160 ns 451544 ns 384 ns
458520 ns 458904 ns 384 ns
465884 ns 466268 ns 384 ns
473344 ns 473728 ns 384 ns
480856 ns 481240 ns 384 ns
488388 ns 488772 ns 384 ns
496132 ns 496516 ns 384 ns
503896 ns 504280 ns 384 ns
511664 ns 512048 ns 384 ns
519524 ns 519908 ns 384 ns
527492 ns 527876 ns 384 ns
535496 ns 535880 ns 384 ns
543520 ns 543904 ns 384 ns
551668 ns 552052 ns 384 ns
559900 ns 560284 ns 384 ns
568260 ns 568644 ns 384 ns
576640 ns 577024 ns 384 ns
585096 ns 585504 ns 408 ns
593604 ns 593988 ns 384 ns
602176 ns 602560 ns 384 ns
610892 ns 611276 ns 384 ns
619712 ns 620096 ns 384 ns
628596 ns 628980 ns 384 ns
637524 ns 637908 ns 384 ns
646528 ns 646912 ns 384 ns
655536 ns 655920 ns 384 ns
664584 ns 664968 ns 384 ns
673720 ns 674104 ns 384 ns
682900 ns 683284 ns 384 ns
692088 ns 692472 ns 384 ns
701280 ns 701664 ns 384 ns
710524 ns 710908 ns 384 ns
719844 ns 720228 ns 384 ns
729180 ns 729564 ns 384 ns
738692 ns 739076 ns 384 ns
748220 ns 748604 ns 384 ns
757752 ns 758136 ns 384 ns
767488 ns 767872 ns 384 ns
777332 ns 777716 ns 384 ns
787220 ns 787604 ns 384 ns
797396 ns 797780 ns 384 ns
807604 ns 807988 ns 384 ns
817908 ns 818292 ns 384 ns
828224 ns 828608 ns 384 ns
838572 ns 838956 ns 384 ns
848936 ns 849320 ns 384 ns
859312 ns 859696 ns 384 ns
869916 ns 870300 ns 384 ns
880628 ns 881012 ns 384 ns
891348 ns 891732 ns 384 ns
902096 ns 902480 ns 384 ns
912860 ns 913244 ns 384 ns
923636 ns 924020 ns 384 ns
934448 ns 934832 ns 384 ns
945296 ns 945680 ns 384 ns
956148 ns 956532 ns 384 ns
967156 ns 967704 ns 548 ns
978188 ns 978572 ns 384 ns
989476 ns 989860 ns 384 ns
1000776 ns 1001160 ns 384 ns
1012100 ns 1012484 ns 384 ns
1023444 ns 1023828 ns 384 ns
1034808 ns 1035192 ns 384 ns
1046216 ns 1046600 ns 384 ns
1057660 ns 1058044 ns 384 ns
1069176 ns 1069560 ns 384 ns
1080844 ns 1081228 ns 384 ns
1092560 ns 1092944 ns 384 ns
1104284 ns 1104668 ns 384 ns
1116124 ns 1116508 ns 384 ns
1127992 ns 1128376 ns 384 ns
1139940 ns 1140324 ns 384 ns
1152004 ns 1152388 ns 384 ns
1164156 ns 1164540 ns 384 ns
1176452 ns 1176836 ns 384 ns
1188848 ns 1189232 ns 384 ns
1201568 ns 1201952 ns 384 ns
1214300 ns 1214684 ns 384 ns
1227072 ns 1227456 ns 384 ns
1239852 ns 1240236 ns 384 ns
1252720 ns 1253104 ns 384 ns
1265648 ns 1266032 ns 384 ns
1278704 ns 1279088 ns 384 ns
1291924 ns 1292308 ns 384 ns
1305256 ns 1305640 ns 384 ns
1318744 ns 1319128 ns 384 ns
1332384 ns 1332768 ns 384 ns
1346072 ns 1346456 ns 384 ns
1359844 ns 1360228 ns 384 ns
1373636 ns 1374020 ns 384 ns
1387496 ns 1387880 ns 384 ns
1401360 ns 1401744 ns 384 ns
1415336 ns 1415720 ns 384 ns
1429368 ns 1429752 ns 384 ns
1443500 ns 1443884 ns 384 ns
1457652 ns 1458036 ns 384 ns
1471840 ns 1472224 ns 384 ns
1486032 ns 1486416 ns 384 ns
1500248 ns 1500632 ns 384 ns
1514480 ns 1514864 ns 384 ns
1528948 ns 1529332 ns 384 ns
1543508 ns 1543892 ns 384 ns
1558132 ns 1558516 ns 384 ns
1572776 ns 1573160 ns 384 ns
1587424 ns 1587808 ns 384 ns
1602224 ns 1602608 ns 384 ns
1617052 ns 1617436 ns 384 ns
1631904 ns 1632288 ns 384 ns
1646808 ns 1647192 ns 384 ns
1661732 ns 1662116 ns 384 ns
1676712 ns 1677096 ns 384 ns
1691700 ns 1692084 ns 384 ns
1706704 ns 1707088 ns 384 ns
1721760 ns 1722144 ns 384 ns
1736840 ns 1737224 ns 384 ns
1751936 ns 1752320 ns 384 ns
1767096 ns 1767480 ns 384 ns
1782384 ns 1782768 ns 384 ns
1797700 ns 1798084 ns 384 ns
1813164 ns 1813548 ns 384 ns
1828672 ns 1829056 ns 384 ns
1844200 ns 1844584 ns 384 ns
1859816 ns 1860200 ns 384 ns
1875452 ns 1875836 ns 384 ns
1891136 ns 1891520 ns 384 ns
1906836 ns 1907220 ns 384 ns
1922596 ns 1922980 ns 384 ns
1938404 ns 1938788 ns 384 ns
1954292 ns 1954676 ns 384 ns
1970220 ns 1970604 ns 384 ns
1986212 ns 1986596 ns 384 ns
2002212 ns 2002596 ns 384 ns
2018252 ns 2018636 ns 384 ns
2034336 ns 2034720 ns 384 ns
2050784 ns 2051168 ns 384 ns
2067252 ns 2067636 ns 384 ns
2083816 ns 2084200 ns 384 ns
2100464 ns 2100848 ns 384 ns
2117156 ns 2117540 ns 384 ns
2133860 ns 2134244 ns 384 ns
2150588 ns 2150972 ns 384 ns
2167328 ns 2167712 ns 384 ns
2184092 ns 2184504 ns 412 ns
2201060 ns 2201444 ns 384 ns
2218040 ns 2218424 ns 384 ns
2235024 ns 2235408 ns 384 ns
2252164 ns 2252548 ns 384 ns
2269376 ns 2269760 ns 384 ns
2286724 ns 2287108 ns 384 ns
2304096 ns 2304480 ns 384 ns
2321492 ns 2321876 ns 384 ns
2338984 ns 2339368 ns 384 ns
2356548 ns 2356932 ns 384 ns
2374144 ns 2374528 ns 384 ns
2391988 ns 2392372 ns 384 ns
2409904 ns 2410288 ns 384 ns
2428108 ns 2428492 ns 384 ns
2446368 ns 2446752 ns 384 ns
2464672 ns 2465304 ns 632 ns
2483064 ns 2483448 ns 384 ns
2501508 ns 2501892 ns 384 ns
2519996 ns 2520380 ns 384 ns
2538504 ns 2538888 ns 384 ns
2557092 ns 2557476 ns 384 ns
2575708 ns 2576092 ns 384 ns
2594408 ns 2594792 ns 384 ns
2613136 ns 2613520 ns 384 ns
2631944 ns 2632328 ns 384 ns
2650772 ns 2651156 ns 384 ns
2669612 ns 2669996 ns 384 ns
2688500 ns 2688884 ns 384 ns
2707468 ns 2707852 ns 384 ns
2726572 ns 2726956 ns 384 ns
2745708 ns 2746104 ns 396 ns
2764932 ns 2765316 ns 384 ns
2784192 ns 2784576 ns 384 ns
2803472 ns 2803856 ns 384 ns
2822812 ns 2823196 ns 384 ns
2842228 ns 2842612 ns 384 ns
2861664 ns 2862048 ns 384 ns
2881220 ns 2881604 ns 384 ns
2900824 ns 2901228 ns 404 ns
2920452 ns 2920836 ns 384 ns
2940132 ns 2940516 ns 384 ns
2959896 ns 2960280 ns 384 ns
2979668 ns 2980104 ns 436 ns
2999500 ns 2999884 ns 384 ns
3019388 ns 3019772 ns 384 ns
