0 s 384 ns 384 ns
20 ns 536 ns 516 ns
48 ns 688 ns 640 ns
160 ns 916 ns 756 ns
276 ns 992 ns 716 ns
468 ns 1372 ns 904 ns
676 ns 1600 ns 924 ns
940 ns 1828 ns 888 ns
1216 ns 2056 ns 840 ns
1616 ns 2360 ns 744 ns
2096 ns 2664 ns 568 ns
2660 ns 3044 ns 384 ns
3244 ns 3628 ns 384 ns
3832 ns 4216 ns 384 ns
4428 ns 4812 ns 384 ns
5056 ns 5440 ns 384 ns
5768 ns 6204 ns 436 ns
6732 ns 7116 ns 384 ns
7712 ns 8304 ns 592 ns
8816 ns 9200 ns 384 ns
9988 ns 10372 ns 384 ns
11224 ns 11608 ns 384 ns
12464 ns 12848 ns 384 ns
13716 ns 14100 ns 384 ns
14980 ns 15364 ns 384 ns
16300 ns 16684 ns 384 ns
17668 ns 18060 ns 392 ns
19072 ns 19456 ns 384 ns
20520 ns 20904 ns 384 ns
22028 ns 22412 ns 384 ns
23600 ns 24012 ns 412 ns
25184 ns 25568 ns 384 ns
26808 ns 27192 ns 384 ns
28576 ns 28960 ns 384 ns
30428 ns 30812 ns 384 ns
32292 ns 32676 ns 384 ns
34296 ns 34680 ns 384 ns
36316 ns 36700 ns 384 ns
38372 ns 38756 ns 384 ns
40496 ns 40880 ns 384 ns
42624 ns 43008 ns 384 ns
44832 ns 45280 ns 448 ns
47120 ns 47564 ns 444 ns
49508 ns 49892 ns 384 ns
51988 ns 52372 ns 384 ns
54544 ns 55104 ns 560 ns
57196 ns 57580 ns 384 ns
59924 ns 60308 ns 384 ns
62676 ns 63060 ns 384 ns
65520 ns 65904 ns 384 ns
68380 ns 68764 ns 384 ns
71248 ns 71676 ns 428 ns
74140 ns 74524 ns 384 ns
77040 ns 77424 ns 384 ns
79944 ns 80328 ns 384 ns
82984 ns 83368 ns 384 ns
86100 ns 86484 ns 384 ns
89260 ns 89644 ns 384 ns
92528 ns 92912 ns 384 ns
95864 ns 96248 ns 384 ns
99256 ns 99640 ns 384 ns
102656 ns 103080 ns 424 ns
106144 ns 106528 ns 384 ns
109804 ns 110188 ns 384 ns
113480 ns 113864 ns 384 ns
117292 ns 117676 ns 384 ns
121116 ns 121500 ns 384 ns
125076 ns 125468 ns 392 ns
129172 ns 129556 ns 384 ns
133296 ns 133680 ns 384 ns
137480 ns 137864 ns 384 ns
141692 ns 142076 ns 384 ns
145928 ns 146312 ns 384 ns
150232 ns 150616 ns 384 ns
154592 ns 154976 ns 384 ns
159032 ns 159416 ns 384 ns
163504 ns 163888 ns 384 ns
167980 ns 168368 ns 388 ns
172688 ns 173072 ns 384 ns
177448 ns 177832 ns 384 ns
182240 ns 182624 ns 384 ns
187100 ns 187704 ns 604 ns
192084 ns 192468 ns 384 ns
197216 ns 197600 ns 384 ns
202384 ns 202768 ns 384 ns
207692 ns 208076 ns 384 ns
213004 ns 213388 ns 384 ns
218356 ns 218904 ns 548 ns
223740 ns 224124 ns 384 ns
229200 ns 229584 ns 384 ns
234904 ns 235288 ns 384 ns
240620 ns 241004 ns 384 ns
246492 ns 246880 ns 388 ns
252468 ns 252852 ns 384 ns
258464 ns 258848 ns 384 ns
264548 ns 264932 ns 384 ns
270708 ns 271092 ns 384 ns
276916 ns 277300 ns 384 ns
283164 ns 283548 ns 384 ns
289432 ns 289816 ns 384 ns
295708 ns 296092 ns 384 ns
301988 ns 302372 ns 384 ns
308280 ns 308664 ns 384 ns
314632 ns 315016 ns 384 ns
321016 ns 321400 ns 384 ns
327496 ns 328104 ns 608 ns
334048 ns 334432 ns 384 ns
340616 ns 341 us 384 ns
347352 ns 347736 ns 384 ns
354164 ns 354548 ns 384 ns
361116 ns 361504 ns 388 ns
368096 ns 368500 ns 404 ns
375152 ns 375536 ns 384 ns
382236 ns 382704 ns 468 ns
389328 ns 389712 ns 384 ns
396648 ns 397032 ns 384 ns
404088 ns 404472 ns 384 ns
411652 ns 412036 ns 384 ns
419236 ns 419620 ns 384 ns
426824 ns 427208 ns 384 ns
434468 ns 434852 ns 384 ns
442156 ns 442540 ns 384 ns
449876 ns 450260 ns 384 ns
457632 ns 458016 ns 384 ns
465408 ns 465792 ns 384 ns
473188 ns 473572 ns 384 ns
480972 ns 481356 ns 384 ns
488808 ns 489192 ns 384 ns
496660 ns 497044 ns 384 ns
504544 ns 504928 ns 384 ns
512500 ns 512884 ns 384 ns
520564 ns 520948 ns 384 ns
528684 ns 529068 ns 384 ns
536812 ns 537196 ns 384 ns
545004 ns 545388 ns 384 ns
553232 ns 553616 ns 384 ns
561492 ns 562104 ns 612 ns
569772 ns 570156 ns 384 ns
578064 ns 578448 ns 384 ns
586368 ns 586752 ns 384 ns
594888 ns 595272 ns 384 ns
603496 ns 603880 ns 384 ns
612344 ns 612728 ns 384 ns
621212 ns 621596 ns 384 ns
630164 ns 630548 ns 384 ns
639144 ns 639528 ns 384 ns
648200 ns 648584 ns 384 ns
657308 ns 657692 ns 384 ns
666424 ns 666808 ns 384 ns
675620 ns 676004 ns 384 ns
684860 ns 685244 ns 384 ns
694152 ns 694704 ns 552 ns
703500 ns 703884 ns 384 ns
712880 ns 713264 ns 384 ns
722264 ns 722648 ns 384 ns
731868 ns 732252 ns 384 ns
741584 ns 741968 ns 384 ns
751352 ns 751736 ns 384 ns
761132 ns 761516 ns 384 ns
770940 ns 771324 ns 384 ns
780752 ns 781136 ns 384 ns
790620 ns 791004 ns 384 ns
800524 ns 800908 ns 384 ns
810504 ns 810888 ns 384 ns
820500 ns 820884 ns 384 ns
830536 ns 830920 ns 384 ns
840624 ns 841008 ns 384 ns
850856 ns 851240 ns 384 ns
861148 ns 861532 ns 384 ns
871616 ns 872 us 384 ns
882136 ns 882520 ns 384 ns
892748 ns 893132 ns 384 ns
903384 ns 903768 ns 384 ns
914108 ns 914492 ns 384 ns
924852 ns 925236 ns 384 ns
935684 ns 936068 ns 384 ns
946604 ns 946988 ns 384 ns
957624 ns 958008 ns 384 ns
968668 ns 969052 ns 384 ns
979760 ns 980144 ns 384 ns
990872 ns 991256 ns 384 ns
1002040 ns 1002424 ns 384 ns
1013264 ns 1013648 ns 384 ns
1024536 ns 1024920 ns 384 ns
1035840 ns 1036224 ns 384 ns
1047220 ns 1047604 ns 384 ns
1058676 ns 1059060 ns 384 ns
1070160 ns 1070544 ns 384 ns
1081672 ns 1082056 ns 384 ns
1093260 ns 1093644 ns 384 ns
1104940 ns 1105324 ns 384 ns
1116840 ns 1117224 ns 384 ns
1128756 ns 1129140 ns 384 ns
1140904 ns 1141288 ns 384 ns
1153204 ns 1153588 ns 384 ns
1165548 ns 1165932 ns 384 ns
1177900 ns 1178304 ns 404 ns
1190316 ns 1190700 ns 384 ns
1202812 ns 1203196 ns 384 ns
1215384 ns 1215768 ns 384 ns
1228004 ns 1228432 ns 428 ns
1240712 ns 1241096 ns 384 ns
1253428 ns 1253812 ns 384 ns
1266168 ns 1266560 ns 392 ns
1279028 ns 1279440 ns 412 ns
1291936 ns 1292344 ns 408 ns
1304852 ns 1305236 ns 384 ns
1317896 ns 1318280 ns 384 ns
1330984 ns 1331412 ns 428 ns
1344108 ns 1344492 ns 384 ns
1357280 ns 1357704 ns 424 ns
1370484 ns 1370868 ns 384 ns
1383776 ns 1384160 ns 384 ns
1397120 ns 1397504 ns 384 ns
1410480 ns 1410864 ns 384 ns
1423900 ns 1424284 ns 384 ns
1437372 ns 1437756 ns 384 ns
1450872 ns 1451304 ns 432 ns
1464492 ns 1464876 ns 384 ns
1478124 ns 1478508 ns 384 ns
1491872 ns 1492288 ns 416 ns
1505632 ns 1506016 ns 384 ns
1519416 ns 1519800 ns 384 ns
1533220 ns 1533612 ns 392 ns
1547068 ns 1547452 ns 384 ns
1561040 ns 1561424 ns 384 ns
1575036 ns 1575420 ns 384 ns
1589296 ns 1589680 ns 384 ns
1603632 ns 1604016 ns 384 ns
1618012 ns 1618396 ns 384 ns
1632568 ns 1632952 ns 384 ns
1647140 ns 1647524 ns 384 ns
1661744 ns 1662128 ns 384 ns
1676456 ns 1676840 ns 384 ns
1691224 ns 1691612 ns 388 ns
1706116 ns 1706500 ns 384 ns
1721084 ns 1721468 ns 384 ns
1736112 ns 1736496 ns 384 ns
1751224 ns 1751608 ns 384 ns
1766496 ns 1766880 ns 384 ns
1781788 ns 1782172 ns 384 ns
1797092 ns 1797476 ns 384 ns
1812456 ns 1812840 ns 384 ns
1827868 ns 1828252 ns 384 ns
1843620 ns 1844004 ns 384 ns
1859488 ns 1859872 ns 384 ns
1875608 ns 1875992 ns 384 ns
1891868 ns 1892252 ns 384 ns
1908200 ns 1908592 ns 392 ns
1924540 ns 1924924 ns 384 ns
1940936 ns 1941320 ns 384 ns
1957492 ns 1957876 ns 384 ns
1974088 ns 1974472 ns 384 ns
1990760 ns 1991144 ns 384 ns
2007476 ns 2007860 ns 384 ns
2024196 ns 2024580 ns 384 ns
2040992 ns 2041412 ns 420 ns
2057896 ns 2058280 ns 384 ns
2074844 ns 2075304 ns 460 ns
2092068 ns 2092452 ns 384 ns
2109312 ns 2109696 ns 384 ns
2126724 ns 2127108 ns 384 ns
2144152 ns 2144536 ns 384 ns
2161820 ns 2162204 ns 384 ns
2179508 ns 2179892 ns 384 ns
2197224 ns 2197608 ns 384 ns
2214944 ns 2215328 ns 384 ns
2232748 ns 2233132 ns 384 ns
2250772 ns 2251156 ns 384 ns
2268800 ns 2269184 ns 384 ns
2286856 ns 2287240 ns 384 ns
2305012 ns 2305396 ns 384 ns
2323220 ns 2323604 ns 384 ns
2341532 ns 2341916 ns 384 ns
2359848 ns 2360232 ns 384 ns
2378192 ns 2378576 ns 384 ns
2396564 ns 2396948 ns 384 ns
2415024 ns 2415408 ns 384 ns
2433496 ns 2434104 ns 608 ns
2452100 ns 2452484 ns 384 ns
2470772 ns 2471156 ns 384 ns
2489536 ns 2489920 ns 384 ns
2508524 ns 2508908 ns 384 ns
2527644 ns 2528028 ns 384 ns
2546976 ns 2547360 ns 384 ns
2566324 ns 2566784 ns 460 ns
2585748 ns 2586132 ns 384 ns
2605216 ns 2605704 ns 488 ns
2624700 ns 2625084 ns 384 ns
2644220 ns 2644704 ns 484 ns
2663772 ns 2664156 ns 384 ns
2683332 ns 2683720 ns 388 ns
2703024 ns 2703408 ns 384 ns
2722736 ns 2723120 ns 384 ns
2742488 ns 2742872 ns 384 ns
2762244 ns 2762628 ns 384 ns
2782064 ns 2782448 ns 384 ns
2801892 ns 2802276 ns 384 ns
2821732 ns 2822116 ns 384 ns
2841612 ns 2841996 ns 384 ns
2861512 ns 2861896 ns 384 ns
2881424 ns 2881808 ns 384 ns
2901352 ns 2901736 ns 384 ns
