36 ns 496 ns 460 ns
76 ns 572 ns 496 ns
288 ns 1104 ns 816 ns
180 ns 1256 ns 1076 ns
644 ns 1712 ns 1068 ns
440 ns 1788 ns 1348 ns
856 ns 2168 ns 1312 ns
1080 ns 2396 ns 1316 ns
1388 ns 2624 ns 1236 ns
1700 ns 2928 ns 1228 ns
2048 ns 3232 ns 1184 ns
2464 ns 3384 ns 920 ns
2888 ns 3688 ns 800 ns
3336 ns 3992 ns 656 ns
3848 ns 4268 ns 420 ns
4632 ns 5088 ns 456 ns
5572 ns 5956 ns 384 ns
6520 ns 6904 ns 384 ns
7556 ns 7940 ns 384 ns
8640 ns 9024 ns 384 ns
9820 ns 10276 ns 456 ns
11112 ns 11496 ns 384 ns
12568 ns 12952 ns 384 ns
14060 ns 14444 ns 384 ns
15580 ns 16104 ns 524 ns
17104 ns 17488 ns 384 ns
18936 ns 19320 ns 384 ns
20784 ns 21168 ns 384 ns
22664 ns 23100 ns 436 ns
24556 ns 24940 ns 384 ns
26564 ns 26948 ns 384 ns
28668 ns 29052 ns 384 ns
30856 ns 31240 ns 384 ns
33056 ns 33440 ns 384 ns
35356 ns 35740 ns 384 ns
37768 ns 38152 ns 384 ns
40240 ns 40624 ns 384 ns
42724 ns 43108 ns 384 ns
45392 ns 45776 ns 384 ns
48160 ns 48544 ns 384 ns
50948 ns 51332 ns 384 ns
53744 ns 54128 ns 384 ns
56616 ns 57 us 384 ns
59564 ns 59948 ns 384 ns
62564 ns 62996 ns 432 ns
65660 ns 66044 ns 384 ns
68796 ns 69180 ns 384 ns
71944 ns 72328 ns 384 ns
75108 ns 75492 ns 384 ns
78384 ns 78768 ns 384 ns
81684 ns 82092 ns 408 ns
85120 ns 85564 ns 444 ns
88624 ns 89008 ns 384 ns
92176 ns 92560 ns 384 ns
95752 ns 96168 ns 416 ns
99380 ns 99764 ns 384 ns
103044 ns 103428 ns 384 ns
106712 ns 107096 ns 384 ns
110444 ns 110828 ns 384 ns
114184 ns 114568 ns 384 ns
117928 ns 118312 ns 384 ns
121692 ns 122076 ns 384 ns
125484 ns 125868 ns 384 ns
129352 ns 129736 ns 384 ns
133228 ns 133612 ns 384 ns
137128 ns 137512 ns 384 ns
141064 ns 141448 ns 384 ns
145016 ns 145404 ns 388 ns
148980 ns 149364 ns 384 ns
152968 ns 153352 ns 384 ns
157076 ns 157460 ns 384 ns
161224 ns 161608 ns 384 ns
165476 ns 165860 ns 384 ns
169804 ns 170188 ns 384 ns
174204 ns 174648 ns 444 ns
178640 ns 179024 ns 384 ns
183124 ns 183508 ns 384 ns
187664 ns 188048 ns 384 ns
192208 ns 192592 ns 384 ns
196904 ns 197288 ns 384 ns
201772 ns 202156 ns 384 ns
206676 ns 207060 ns 384 ns
211864 ns 212248 ns 384 ns
217220 ns 217604 ns 384 ns
222728 ns 223112 ns 384 ns
228264 ns 228648 ns 384 ns
233884 ns 234504 ns 620 ns
239604 ns 239988 ns 384 ns
245336 ns 245720 ns 384 ns
251112 ns 251496 ns 384 ns
256972 ns 257356 ns 384 ns
262868 ns 263252 ns 384 ns
268772 ns 269220 ns 448 ns
274704 ns 275088 ns 384 ns
280660 ns 281044 ns 384 ns
286676 ns 287060 ns 384 ns
292704 ns 293088 ns 384 ns
298820 ns 299204 ns 384 ns
305140 ns 305524 ns 384 ns
311496 ns 311880 ns 384 ns
317904 ns 318288 ns 384 ns
324348 ns 324732 ns 384 ns
330864 ns 331248 ns 384 ns
337400 ns 337804 ns 404 ns
344036 ns 344420 ns 384 ns
350728 ns 351112 ns 384 ns
357468 ns 357852 ns 384 ns
364488 ns 364872 ns 384 ns
371696 ns 372080 ns 384 ns
378912 ns 379296 ns 384 ns
386140 ns 386524 ns 384 ns
393392 ns 393776 ns 384 ns
400664 ns 401048 ns 384 ns
408 us 408396 ns 396 ns
415388 ns 415772 ns 384 ns
422784 ns 423168 ns 384 ns
430188 ns 430572 ns 384 ns
437716 ns 438100 ns 384 ns
445268 ns 445652 ns 384 ns
452936 ns 453320 ns 384 ns
460612 ns 460996 ns 384 ns
468508 ns 468892 ns 384 ns
476440 ns 476824 ns 384 ns
484420 ns 484804 ns 384 ns
492460 ns 492844 ns 384 ns
500548 ns 500932 ns 384 ns
508716 ns 509100 ns 384 ns
516916 ns 517300 ns 384 ns
525168 ns 525552 ns 384 ns
533492 ns 533876 ns 384 ns
541836 ns 542220 ns 384 ns
550360 ns 550744 ns 384 ns
558892 ns 559276 ns 384 ns
567452 ns 567836 ns 384 ns
576120 ns 576504 ns 384 ns
584880 ns 585580 ns 700 ns
593644 ns 594064 ns 420 ns
602480 ns 602864 ns 384 ns
611416 ns 611800 ns 384 ns
620364 ns 620748 ns 384 ns
629332 ns 629716 ns 384 ns
638584 ns 638968 ns 384 ns
647940 ns 648324 ns 384 ns
657332 ns 657716 ns 384 ns
666788 ns 667172 ns 384 ns
676440 ns 676824 ns 384 ns
686128 ns 686512 ns 384 ns
695868 ns 696252 ns 384 ns
705640 ns 706024 ns 384 ns
715472 ns 715856 ns 384 ns
725308 ns 725920 ns 612 ns
735148 ns 735532 ns 384 ns
745032 ns 745416 ns 384 ns
754924 ns 755308 ns 384 ns
764824 ns 765208 ns 384 ns
774824 ns 775208 ns 384 ns
784904 ns 785288 ns 384 ns
794988 ns 795372 ns 384 ns
805156 ns 805540 ns 384 ns
815360 ns 815744 ns 384 ns
825576 ns 825960 ns 384 ns
835816 ns 836200 ns 384 ns
846092 ns 846476 ns 384 ns
856476 ns 856860 ns 384 ns
867092 ns 867476 ns 384 ns
877780 ns 878164 ns 384 ns
888720 ns 889104 ns 384 ns
899676 ns 900060 ns 384 ns
910732 ns 911116 ns 384 ns
921796 ns 922180 ns 384 ns
932928 ns 933312 ns 384 ns
944236 ns 944620 ns 384 ns
955620 ns 956004 ns 384 ns
967060 ns 967444 ns 384 ns
978528 ns 978912 ns 384 ns
990008 ns 990392 ns 384 ns
1001660 ns 1002044 ns 384 ns
1013324 ns 1013708 ns 384 ns
1025072 ns 1025456 ns 384 ns
1036828 ns 1037212 ns 384 ns
1048692 ns 1049076 ns 384 ns
1060616 ns 1061 us 384 ns
1072544 ns 1072928 ns 384 ns
1084508 ns 1084892 ns 384 ns
1096552 ns 1096936 ns 384 ns
1108660 ns 1109044 ns 384 ns
1120784 ns 1121168 ns 384 ns
1132924 ns 1133308 ns 384 ns
1145068 ns 1145452 ns 384 ns
1157392 ns 1157776 ns 384 ns
1169756 ns 1170140 ns 384 ns
1182128 ns 1182512 ns 384 ns
1194556 ns 1194940 ns 384 ns
1206988 ns 1207372 ns 384 ns
1219508 ns 1219892 ns 384 ns
1232092 ns 1232476 ns 384 ns
1244728 ns 1245112 ns 384 ns
1257472 ns 1257856 ns 384 ns
1270412 ns 1270796 ns 384 ns
1283384 ns 1283768 ns 384 ns
1296452 ns 1296836 ns 384 ns
1309696 ns 1310080 ns 384 ns
1323052 ns 1323436 ns 384 ns
1336416 ns 1336800 ns 384 ns
1349932 ns 1350316 ns 384 ns
1363508 ns 1363892 ns 384 ns
1377100 ns 1377488 ns 388 ns
1390696 ns 1391080 ns 384 ns
1404496 ns 1404880 ns 384 ns
1418400 ns 1418784 ns 384 ns
1432324 ns 1432708 ns 384 ns
1446292 ns 1446676 ns 384 ns
1460300 ns 1460684 ns 384 ns
1474460 ns 1474844 ns 384 ns
1488740 ns 1489124 ns 384 ns
1503052 ns 1503436 ns 384 ns
1517472 ns 1517856 ns 384 ns
1531896 ns 1532280 ns 384 ns
1546372 ns 1546756 ns 384 ns
1560964 ns 1561348 ns 384 ns
1575592 ns 1576104 ns 512 ns
1590280 ns 1590664 ns 384 ns
1604976 ns 1605360 ns 384 ns
1619680 ns 1620064 ns 384 ns
1634404 ns 1634788 ns 384 ns
1649400 ns 1649784 ns 384 ns
1664448 ns 1664832 ns 384 ns
1679520 ns 1679904 ns 384 ns
1694612 ns 1694996 ns 384 ns
1709768 ns 1710152 ns 384 ns
1724960 ns 1725344 ns 384 ns
1740156 ns 1740540 ns 384 ns
1755412 ns 1755796 ns 384 ns
1770812 ns 1771196 ns 384 ns
1786492 ns 1786876 ns 384 ns
1802212 ns 1802604 ns 392 ns
1817936 ns 1818320 ns 384 ns
1833700 ns 1834084 ns 384 ns
1849516 ns 1849900 ns 384 ns
1865428 ns 1865812 ns 384 ns
1881380 ns 1881764 ns 384 ns
1897360 ns 1897744 ns 384 ns
1913388 ns 1913772 ns 384 ns
1929528 ns 1929912 ns 384 ns
1945704 ns 1946088 ns 384 ns
1961900 ns 1962284 ns 384 ns
1978104 ns 1978488 ns 384 ns
1994408 ns 1994792 ns 384 ns
2010760 ns 2011144 ns 384 ns
2027168 ns 2027552 ns 384 ns
2043588 ns 2044104 ns 516 ns
2060048 ns 2060432 ns 384 ns
2076544 ns 2076928 ns 384 ns
2093188 ns 2093572 ns 384 ns
2109840 ns 2110224 ns 384 ns
2126516 ns 2126900 ns 384 ns
2143376 ns 2143760 ns 384 ns
2160240 ns 2160636 ns 396 ns
2177272 ns 2177656 ns 384 ns
2194320 ns 2194704 ns 384 ns
2211392 ns 2211776 ns 384 ns
2228476 ns 2228860 ns 384 ns
2245572 ns 2245956 ns 384 ns
2262704 ns 2263088 ns 384 ns
2279880 ns 2280264 ns 384 ns
2297180 ns 2297564 ns 384 ns
2314496 ns 2314880 ns 384 ns
2331824 ns 2332208 ns 384 ns
2349212 ns 2349596 ns 384 ns
2366684 ns 2367068 ns 384 ns
2384312 ns 2384696 ns 384 ns
2402016 ns 2402400 ns 384 ns
2419780 ns 2420164 ns 384 ns
2437548 ns 2437932 ns 384 ns
2455376 ns 2455760 ns 384 ns
2473264 ns 2473648 ns 384 ns
2491176 ns 2491560 ns 384 ns
2509196 ns 2509580 ns 384 ns
2527304 ns 2527704 ns 400 ns
2545760 ns 2546144 ns 384 ns
2564292 ns 2564676 ns 384 ns
2582928 ns 2583312 ns 384 ns
2601652 ns 2602036 ns 384 ns
2620396 ns 2620780 ns 384 ns
2639260 ns 2639644 ns 384 ns
2658160 ns 2658544 ns 384 ns
2677156 ns 2677540 ns 384 ns
2696236 ns 2696620 ns 384 ns
2715376 ns 2715760 ns 384 ns
2734524 ns 2734908 ns 384 ns
2753736 ns 2754120 ns 384 ns
2773020 ns 2773404 ns 384 ns
2792388 ns 2792904 ns 516 ns
2811868 ns 2812252 ns 384 ns
2831476 ns 2831904 ns 428 ns
2851116 ns 2851500 ns 384 ns
2870772 ns 2871156 ns 384 ns
2890492 ns 2890884 ns 392 ns
2910224 ns 2910608 ns 384 ns
2929964 ns 2930348 ns 384 ns
2949812 ns 2950196 ns 384 ns
2969684 ns 2970068 ns 384 ns
2989600 ns 2989984 ns 384 ns
3009584 ns 3009968 ns 384 ns
