24 ns 400 ns 376 ns
444 ns 1084 ns 640 ns
900 ns 1464 ns 564 ns
1360 ns 1844 ns 484 ns
1976 ns 2356 ns 380 ns
2640 ns 3016 ns 376 ns
3356 ns 3732 ns 376 ns
4156 ns 4540 ns 384 ns
5036 ns 5472 ns 436 ns
5996 ns 6372 ns 376 ns
6988 ns 7364 ns 376 ns
8048 ns 8452 ns 404 ns
9160 ns 9536 ns 376 ns
10380 ns 10756 ns 376 ns
11648 ns 12072 ns 424 ns
13224 ns 13600 ns 376 ns
14824 ns 15200 ns 376 ns
16468 ns 16912 ns 444 ns
18120 ns 18496 ns 376 ns
19808 ns 20184 ns 376 ns
21544 ns 21920 ns 376 ns
23336 ns 23900 ns 564 ns
25264 ns 25656 ns 392 ns
27208 ns 27584 ns 376 ns
29156 ns 29532 ns 376 ns
31172 ns 31700 ns 528 ns
33204 ns 33584 ns 380 ns
35264 ns 35640 ns 376 ns
37412 ns 37792 ns 380 ns
39568 ns 39944 ns 376 ns
41816 ns 42192 ns 376 ns
44080 ns 44456 ns 376 ns
46496 ns 46872 ns 376 ns
49076 ns 49452 ns 376 ns
51848 ns 52224 ns 376 ns
54668 ns 55116 ns 448 ns
57500 ns 57876 ns 376 ns
60388 ns 60764 ns 376 ns
63348 ns 63724 ns 376 ns
66412 ns 66788 ns 376 ns
69516 ns 69892 ns 376 ns
72728 ns 73144 ns 416 ns
75968 ns 76412 ns 444 ns
79344 ns 79720 ns 376 ns
82776 ns 83152 ns 376 ns
86288 ns 86664 ns 376 ns
90024 ns 90400 ns 376 ns
93968 ns 94344 ns 376 ns
97976 ns 98352 ns 376 ns
102016 ns 102392 ns 376 ns
106100 ns 106476 ns 376 ns
110216 ns 110592 ns 376 ns
114368 ns 114744 ns 376 ns
118756 ns 119132 ns 376 ns
123176 ns 123552 ns 376 ns
127624 ns 128064 ns 440 ns
132188 ns 132564 ns 376 ns
136796 ns 137172 ns 376 ns
141472 ns 141848 ns 376 ns
146172 ns 146548 ns 376 ns
150916 ns 151292 ns 376 ns
155696 ns 156072 ns 376 ns
160480 ns 160856 ns 376 ns
165328 ns 165704 ns 376 ns
170248 ns 170624 ns 376 ns
175264 ns 175640 ns 376 ns
180496 ns 180872 ns 376 ns
185780 ns 186156 ns 376 ns
191172 ns 191548 ns 376 ns
196588 ns 196964 ns 376 ns
202024 ns 202400 ns 376 ns
207476 ns 207864 ns 388 ns
212992 ns 213368 ns 376 ns
218616 ns 218992 ns 376 ns
224244 ns 224620 ns 376 ns
229940 ns 230316 ns 376 ns
235768 ns 236144 ns 376 ns
241652 ns 242028 ns 376 ns
247724 ns 248100 ns 376 ns
253820 ns 254196 ns 376 ns
260076 ns 260452 ns 376 ns
266388 ns 266764 ns 376 ns
272988 ns 273500 ns 512 ns
279688 ns 280064 ns 376 ns
286404 ns 286780 ns 376 ns
293204 ns 293580 ns 376 ns
300008 ns 300384 ns 376 ns
306840 ns 307216 ns 376 ns
313696 ns 314072 ns 376 ns
320560 ns 320936 ns 376 ns
327456 ns 327868 ns 412 ns
334412 ns 334788 ns 376 ns
341420 ns 341796 ns 376 ns
348432 ns 348808 ns 376 ns
355456 ns 355832 ns 376 ns
362632 ns 363008 ns 376 ns
369820 ns 370196 ns 376 ns
377232 ns 377608 ns 376 ns
384648 ns 385024 ns 376 ns
392112 ns 392488 ns 376 ns
399724 ns 400100 ns 376 ns
407376 ns 407752 ns 376 ns
415056 ns 415432 ns 376 ns
422880 ns 423256 ns 376 ns
430728 ns 431104 ns 376 ns
438596 ns 438972 ns 376 ns
446476 ns 446852 ns 376 ns
454388 ns 454764 ns 376 ns
462360 ns 462736 ns 376 ns
470404 ns 470780 ns 376 ns
478464 ns 478840 ns 376 ns
486624 ns 487 us 376 ns
494848 ns 495248 ns 400 ns
503112 ns 503488 ns 376 ns
511420 ns 511796 ns 376 ns
519768 ns 520144 ns 376 ns
528132 ns 528508 ns 376 ns
536540 ns 536916 ns 376 ns
544960 ns 545336 ns 376 ns
553448 ns 553824 ns 376 ns
561992 ns 562368 ns 376 ns
570580 ns 570956 ns 376 ns
579176 ns 579552 ns 376 ns
587804 ns 588180 ns 376 ns
596540 ns 596916 ns 376 ns
605312 ns 605688 ns 376 ns
614216 ns 614592 ns 376 ns
623296 ns 623672 ns 376 ns
632380 ns 632756 ns 376 ns
641480 ns 641856 ns 376 ns
650888 ns 651264 ns 376 ns
660340 ns 660716 ns 376 ns
669860 ns 670236 ns 376 ns
679400 ns 679776 ns 376 ns
689016 ns 689392 ns 376 ns
698672 ns 699048 ns 376 ns
708368 ns 708744 ns 376 ns
718068 ns 718444 ns 376 ns
727924 ns 728300 ns 376 ns
737784 ns 738160 ns 376 ns
747748 ns 748124 ns 376 ns
757804 ns 758180 ns 376 ns
768032 ns 768408 ns 376 ns
778344 ns 778720 ns 376 ns
788732 ns 789108 ns 376 ns
799128 ns 799504 ns 376 ns
809568 ns 809944 ns 376 ns
820116 ns 820492 ns 376 ns
830680 ns 831056 ns 376 ns
841352 ns 841728 ns 376 ns
852036 ns 852412 ns 376 ns
862736 ns 863112 ns 376 ns
873552 ns 874100 ns 548 ns
884484 ns 884860 ns 376 ns
895444 ns 895820 ns 376 ns
906584 ns 906960 ns 376 ns
917764 ns 918140 ns 376 ns
928960 ns 929376 ns 416 ns
940168 ns 940544 ns 376 ns
951416 ns 951792 ns 376 ns
962672 ns 963048 ns 376 ns
973948 ns 974324 ns 376 ns
985304 ns 985680 ns 376 ns
996676 ns 997052 ns 376 ns
1008184 ns 1008560 ns 376 ns
1019760 ns 1020136 ns 376 ns
1031364 ns 1031740 ns 376 ns
1042976 ns 1043352 ns 376 ns
1054600 ns 1054976 ns 376 ns
1066396 ns 1066772 ns 376 ns
1078200 ns 1078576 ns 376 ns
1090140 ns 1090516 ns 376 ns
1102096 ns 1102472 ns 376 ns
1114084 ns 1114460 ns 376 ns
1126084 ns 1126504 ns 420 ns
1138124 ns 1138500 ns 376 ns
1150172 ns 1150548 ns 376 ns
1162336 ns 1162712 ns 376 ns
1174608 ns 1174984 ns 376 ns
1187088 ns 1187464 ns 376 ns
1199604 ns 1199980 ns 376 ns
1212160 ns 1212536 ns 376 ns
1224768 ns 1225144 ns 376 ns
1237436 ns 1237812 ns 376 ns
1250256 ns 1250632 ns 376 ns
1263084 ns 1263460 ns 376 ns
1276032 ns 1276408 ns 376 ns
1289152 ns 1289528 ns 376 ns
1302300 ns 1302676 ns 376 ns
1315676 ns 1316052 ns 376 ns
1329060 ns 1329436 ns 376 ns
1342536 ns 1342912 ns 376 ns
1356092 ns 1356468 ns 376 ns
1369744 ns 1370120 ns 376 ns
1383404 ns 1383780 ns 376 ns
1397068 ns 1397444 ns 376 ns
1410740 ns 1411116 ns 376 ns
1424436 ns 1424812 ns 376 ns
1438172 ns 1438548 ns 376 ns
1452004 ns 1452380 ns 376 ns
1465944 ns 1466320 ns 376 ns
1479904 ns 1480280 ns 376 ns
1493928 ns 1494304 ns 376 ns
1507964 ns 1508340 ns 376 ns
1522012 ns 1522388 ns 376 ns
1536092 ns 1536468 ns 376 ns
1550184 ns 1550560 ns 376 ns
1564352 ns 1564728 ns 376 ns
1578596 ns 1578972 ns 376 ns
1592864 ns 1593240 ns 376 ns
1607168 ns 1607544 ns 376 ns
1621484 ns 1621860 ns 376 ns
1635824 ns 1636200 ns 376 ns
1650176 ns 1650552 ns 376 ns
1664592 ns 1664968 ns 376 ns
1679044 ns 1679420 ns 376 ns
1693792 ns 1694168 ns 376 ns
1708700 ns 1709076 ns 376 ns
1723708 ns 1724300 ns 592 ns
1738876 ns 1739252 ns 376 ns
1754052 ns 1754428 ns 376 ns
1769240 ns 1769616 ns 376 ns
1784484 ns 1784860 ns 376 ns
1799868 ns 1800244 ns 376 ns
1815340 ns 1815716 ns 376 ns
1830824 ns 1831200 ns 376 ns
1846360 ns 1846736 ns 376 ns
1861948 ns 1862324 ns 376 ns
1877548 ns 1877924 ns 376 ns
1893172 ns 1893548 ns 376 ns
1908812 ns 1909188 ns 376 ns
1924468 ns 1924844 ns 376 ns
1940136 ns 1940512 ns 376 ns
1955844 ns 1956220 ns 376 ns
1971632 ns 1972008 ns 376 ns
1987424 ns 1987800 ns 376 ns
2003392 ns 2003768 ns 376 ns
2019376 ns 2019752 ns 376 ns
2035384 ns 2035760 ns 376 ns
2051440 ns 2051900 ns 460 ns
2067516 ns 2067892 ns 376 ns
2084052 ns 2084428 ns 376 ns
2100604 ns 2100980 ns 376 ns
2117172 ns 2117548 ns 376 ns
2133784 ns 2134160 ns 376 ns
2150552 ns 2150928 ns 376 ns
2167324 ns 2167708 ns 384 ns
2184108 ns 2184500 ns 392 ns
2200936 ns 2201312 ns 376 ns
2217788 ns 2218164 ns 376 ns
2234644 ns 2235020 ns 376 ns
2251648 ns 2252024 ns 376 ns
2268708 ns 2269084 ns 376 ns
2285808 ns 2286184 ns 376 ns
2302916 ns 2303292 ns 376 ns
2320052 ns 2320428 ns 376 ns
2337200 ns 2337576 ns 376 ns
2354436 ns 2354812 ns 376 ns
2371676 ns 2372052 ns 376 ns
2389052 ns 2389428 ns 376 ns
2406512 ns 2406888 ns 376 ns
2424008 ns 2424384 ns 376 ns
2441560 ns 2441936 ns 376 ns
2459144 ns 2459520 ns 376 ns
2476872 ns 2477248 ns 376 ns
2494660 ns 2495036 ns 376 ns
2512484 ns 2512860 ns 376 ns
2530392 ns 2530768 ns 376 ns
2548320 ns 2548696 ns 376 ns
2566268 ns 2566700 ns 432 ns
2584396 ns 2584772 ns 376 ns
2602628 ns 2603004 ns 376 ns
2620880 ns 2621300 ns 420 ns
2639204 ns 2639580 ns 376 ns
2657580 ns 2657956 ns 376 ns
2676060 ns 2676436 ns 376 ns
2694652 ns 2695028 ns 376 ns
2713284 ns 2713660 ns 376 ns
2731952 ns 2732328 ns 376 ns
2750628 ns 2751004 ns 376 ns
2769384 ns 2769760 ns 376 ns
2788156 ns 2788532 ns 376 ns
2807004 ns 2807380 ns 376 ns
2825880 ns 2826256 ns 376 ns
2844912 ns 2845288 ns 376 ns
2863952 ns 2864328 ns 376 ns
2883140 ns 2883516 ns 376 ns
2902360 ns 2902736 ns 376 ns
2921748 ns 2922124 ns 376 ns
2941168 ns 2941544 ns 376 ns
2960704 ns 2961080 ns 376 ns
2980272 ns 2980648 ns 376 ns
2999848 ns 3000224 ns 376 ns
3019440 ns 3019816 ns 376 ns
3039248 ns 3039624 ns 376 ns
3059140 ns 3059516 ns 376 ns
