412 ns 1068 ns 656 ns
912 ns 1752 ns 840 ns
1432 ns 2208 ns 776 ns
2044 ns 2512 ns 468 ns
2712 ns 3196 ns 484 ns
3392 ns 3780 ns 388 ns
4100 ns 4484 ns 384 ns
4888 ns 5272 ns 384 ns
5744 ns 6128 ns 384 ns
6612 ns 6996 ns 384 ns
7644 ns 8028 ns 384 ns
8712 ns 9096 ns 384 ns
9900 ns 10284 ns 384 ns
11248 ns 11684 ns 436 ns
12708 ns 13092 ns 384 ns
14172 ns 14556 ns 384 ns
15640 ns 16104 ns 464 ns
17152 ns 17536 ns 384 ns
18704 ns 19088 ns 384 ns
20376 ns 20760 ns 384 ns
22072 ns 22488 ns 416 ns
23816 ns 24200 ns 384 ns
25596 ns 25980 ns 384 ns
27436 ns 27820 ns 384 ns
29296 ns 29680 ns 384 ns
31164 ns 31768 ns 604 ns
33064 ns 33448 ns 384 ns
35 us 35384 ns 384 ns
36952 ns 37336 ns 384 ns
38992 ns 39504 ns 512 ns
41060 ns 41444 ns 384 ns
43132 ns 43516 ns 384 ns
45240 ns 45624 ns 384 ns
47408 ns 47792 ns 384 ns
49600 ns 49984 ns 384 ns
51852 ns 52236 ns 384 ns
54132 ns 54516 ns 384 ns
56464 ns 56848 ns 384 ns
58832 ns 59216 ns 384 ns
61212 ns 61596 ns 384 ns
63608 ns 64056 ns 448 ns
66056 ns 66440 ns 384 ns
68532 ns 68916 ns 384 ns
71140 ns 71524 ns 384 ns
73788 ns 74172 ns 384 ns
76444 ns 76828 ns 384 ns
79160 ns 79544 ns 384 ns
82044 ns 82428 ns 384 ns
84952 ns 85336 ns 384 ns
87940 ns 88336 ns 396 ns
91032 ns 91416 ns 384 ns
94228 ns 94612 ns 384 ns
97508 ns 97892 ns 384 ns
100824 ns 101208 ns 384 ns
104188 ns 104572 ns 384 ns
107628 ns 108012 ns 384 ns
111088 ns 111472 ns 384 ns
114552 ns 114956 ns 404 ns
118048 ns 118432 ns 384 ns
121580 ns 121964 ns 384 ns
125276 ns 125660 ns 384 ns
128996 ns 129380 ns 384 ns
132796 ns 133180 ns 384 ns
136628 ns 137012 ns 384 ns
140544 ns 140928 ns 384 ns
144536 ns 144920 ns 384 ns
148536 ns 148920 ns 384 ns
152560 ns 152944 ns 384 ns
156652 ns 157092 ns 440 ns
160764 ns 161148 ns 384 ns
164956 ns 165340 ns 384 ns
169204 ns 169588 ns 384 ns
173472 ns 173856 ns 384 ns
177784 ns 178168 ns 384 ns
182132 ns 182516 ns 384 ns
186596 ns 186980 ns 384 ns
191096 ns 191480 ns 384 ns
195672 ns 196056 ns 384 ns
200268 ns 200652 ns 384 ns
204892 ns 205276 ns 384 ns
209604 ns 209988 ns 384 ns
214500 ns 214884 ns 384 ns
219468 ns 219852 ns 384 ns
224468 ns 224852 ns 384 ns
229500 ns 229884 ns 384 ns
234708 ns 235092 ns 384 ns
239948 ns 240332 ns 384 ns
245348 ns 245736 ns 388 ns
250804 ns 251188 ns 384 ns
256284 ns 256668 ns 384 ns
261768 ns 262152 ns 384 ns
267300 ns 267684 ns 384 ns
272864 ns 273504 ns 640 ns
278440 ns 278824 ns 384 ns
284024 ns 284408 ns 384 ns
289700 ns 290084 ns 384 ns
295400 ns 295784 ns 384 ns
301140 ns 301524 ns 384 ns
306920 ns 307304 ns 384 ns
312716 ns 313100 ns 384 ns
318528 ns 318912 ns 384 ns
324532 ns 324916 ns 384 ns
330556 ns 330940 ns 384 ns
336592 ns 336976 ns 384 ns
342756 ns 343140 ns 384 ns
348928 ns 349312 ns 384 ns
355252 ns 355636 ns 384 ns
361644 ns 362028 ns 384 ns
368040 ns 368424 ns 384 ns
374568 ns 374952 ns 384 ns
381116 ns 381516 ns 400 ns
387780 ns 388236 ns 456 ns
394460 ns 394844 ns 384 ns
401188 ns 401572 ns 384 ns
408316 ns 408700 ns 384 ns
415512 ns 415896 ns 384 ns
422768 ns 423152 ns 384 ns
430100 ns 430484 ns 384 ns
437484 ns 437868 ns 384 ns
444920 ns 445304 ns 384 ns
452408 ns 452904 ns 496 ns
459904 ns 460288 ns 384 ns
467460 ns 467844 ns 384 ns
475020 ns 475476 ns 456 ns
482620 ns 483004 ns 384 ns
490316 ns 490700 ns 384 ns
498068 ns 498452 ns 384 ns
505872 ns 506256 ns 384 ns
513760 ns 514144 ns 384 ns
521708 ns 522092 ns 384 ns
529700 ns 530084 ns 384 ns
537808 ns 538192 ns 384 ns
545988 ns 546504 ns 516 ns
554284 ns 554668 ns 384 ns
562684 ns 563068 ns 384 ns
571128 ns 571512 ns 384 ns
579720 ns 580104 ns 384 ns
588356 ns 588740 ns 384 ns
597108 ns 597492 ns 384 ns
605864 ns 606248 ns 384 ns
614824 ns 615208 ns 384 ns
623788 ns 624172 ns 384 ns
632884 ns 633268 ns 384 ns
642148 ns 642532 ns 384 ns
651472 ns 651856 ns 384 ns
660836 ns 661220 ns 384 ns
670232 ns 670616 ns 384 ns
679636 ns 680020 ns 384 ns
689204 ns 689588 ns 384 ns
698852 ns 699236 ns 384 ns
708532 ns 708916 ns 384 ns
718252 ns 718636 ns 384 ns
728008 ns 728392 ns 384 ns
737828 ns 738212 ns 384 ns
747700 ns 748084 ns 384 ns
757620 ns 758004 ns 384 ns
767552 ns 767936 ns 384 ns
777524 ns 777908 ns 384 ns
787616 ns 788 us 384 ns
797904 ns 798288 ns 384 ns
808228 ns 808612 ns 384 ns
818688 ns 819072 ns 384 ns
829320 ns 829704 ns 384 ns
839960 ns 840344 ns 384 ns
850608 ns 850992 ns 384 ns
861428 ns 861812 ns 384 ns
872420 ns 872804 ns 384 ns
883424 ns 883808 ns 384 ns
894472 ns 894856 ns 384 ns
905648 ns 906032 ns 384 ns
916964 ns 917348 ns 384 ns
928452 ns 928836 ns 384 ns
939952 ns 940336 ns 384 ns
951504 ns 952104 ns 600 ns
963112 ns 963496 ns 384 ns
974844 ns 975228 ns 384 ns
986776 ns 987160 ns 384 ns
998748 ns 999132 ns 384 ns
1010840 ns 1011224 ns 384 ns
1023016 ns 1023400 ns 384 ns
1035196 ns 1035580 ns 384 ns
1047400 ns 1047784 ns 384 ns
1059660 ns 1060044 ns 384 ns
1072044 ns 1072428 ns 384 ns
1084492 ns 1084876 ns 384 ns
1096948 ns 1097332 ns 384 ns
1109492 ns 1109876 ns 384 ns
1122192 ns 1122576 ns 384 ns
1134916 ns 1135300 ns 384 ns
1147676 ns 1148060 ns 384 ns
1160476 ns 1160860 ns 384 ns
1173308 ns 1173692 ns 384 ns
1186244 ns 1186628 ns 384 ns
1199220 ns 1199604 ns 384 ns
1212328 ns 1212712 ns 384 ns
1225484 ns 1225868 ns 384 ns
1238660 ns 1239044 ns 384 ns
1251892 ns 1252276 ns 384 ns
1265288 ns 1265672 ns 384 ns
1278720 ns 1279104 ns 384 ns
1292256 ns 1292640 ns 384 ns
1305884 ns 1306268 ns 384 ns
1319564 ns 1319948 ns 384 ns
1333316 ns 1333700 ns 384 ns
1347084 ns 1347468 ns 384 ns
1360872 ns 1361256 ns 384 ns
1374740 ns 1375124 ns 384 ns
1388616 ns 1389 us 384 ns
1402500 ns 1402884 ns 384 ns
1416388 ns 1416772 ns 384 ns
1430308 ns 1430692 ns 384 ns
1444320 ns 1444704 ns 384 ns
1458384 ns 1458768 ns 384 ns
1472452 ns 1472836 ns 384 ns
1486600 ns 1486984 ns 384 ns
1500780 ns 1501164 ns 384 ns
1514964 ns 1515348 ns 384 ns
1529184 ns 1529568 ns 384 ns
1543424 ns 1543808 ns 384 ns
1557784 ns 1558168 ns 384 ns
1572152 ns 1572536 ns 384 ns
1586704 ns 1587088 ns 384 ns
1601340 ns 1601724 ns 384 ns
1616060 ns 1616444 ns 384 ns
1630816 ns 1631200 ns 384 ns
1645620 ns 1646004 ns 384 ns
1660540 ns 1660924 ns 384 ns
1675468 ns 1675852 ns 384 ns
1690412 ns 1690796 ns 384 ns
1705360 ns 1705744 ns 384 ns
1720332 ns 1720716 ns 384 ns
1735344 ns 1735728 ns 384 ns
1750404 ns 1750788 ns 384 ns
1765512 ns 1765896 ns 384 ns
1780872 ns 1781256 ns 384 ns
1796240 ns 1796624 ns 384 ns
1811644 ns 1812028 ns 384 ns
1827236 ns 1827620 ns 384 ns
1842896 ns 1843280 ns 384 ns
1858636 ns 1859020 ns 384 ns
1874432 ns 1874816 ns 384 ns
1890304 ns 1890688 ns 384 ns
1906188 ns 1906572 ns 384 ns
1922184 ns 1922568 ns 384 ns
1938196 ns 1938580 ns 384 ns
1954268 ns 1954652 ns 384 ns
1970392 ns 1970776 ns 384 ns
1986544 ns 1986928 ns 384 ns
2002712 ns 2003096 ns 384 ns
2018900 ns 2019284 ns 384 ns
2035140 ns 2035524 ns 384 ns
2051644 ns 2052028 ns 384 ns
2068228 ns 2068612 ns 384 ns
2084832 ns 2085216 ns 384 ns
2101464 ns 2101848 ns 384 ns
2118100 ns 2118484 ns 384 ns
2134796 ns 2135180 ns 384 ns
2151672 ns 2152056 ns 384 ns
2168564 ns 2168948 ns 384 ns
2185576 ns 2185960 ns 384 ns
2202620 ns 2203004 ns 384 ns
2219688 ns 2220072 ns 384 ns
2236800 ns 2237184 ns 384 ns
2254048 ns 2254432 ns 384 ns
2271352 ns 2271736 ns 384 ns
2288672 ns 2289056 ns 384 ns
2306040 ns 2306424 ns 384 ns
2323420 ns 2323804 ns 384 ns
2340836 ns 2341220 ns 384 ns
2358424 ns 2358808 ns 384 ns
2376028 ns 2376412 ns 384 ns
2393724 ns 2394108 ns 384 ns
2411436 ns 2411820 ns 384 ns
2429172 ns 2429556 ns 384 ns
2447064 ns 2447448 ns 384 ns
2464968 ns 2465352 ns 384 ns
2482924 ns 2483308 ns 384 ns
2500988 ns 2501372 ns 384 ns
2519108 ns 2519492 ns 384 ns
2537240 ns 2537624 ns 384 ns
2555376 ns 2555760 ns 384 ns
2573740 ns 2574124 ns 384 ns
2592208 ns 2592592 ns 384 ns
2610760 ns 2611144 ns 384 ns
2629316 ns 2629700 ns 384 ns
2647924 ns 2648308 ns 384 ns
2666572 ns 2666956 ns 384 ns
2685368 ns 2685752 ns 384 ns
2704200 ns 2704584 ns 384 ns
2723116 ns 2723500 ns 384 ns
2742060 ns 2742444 ns 384 ns
2761076 ns 2761704 ns 628 ns
2780140 ns 2780524 ns 384 ns
2799228 ns 2799612 ns 384 ns
2818392 ns 2818776 ns 384 ns
2837588 ns 2837972 ns 384 ns
2856972 ns 2857356 ns 384 ns
2876380 ns 2876764 ns 384 ns
2895812 ns 2896216 ns 404 ns
2915252 ns 2915636 ns 384 ns
2934888 ns 2935272 ns 384 ns
2954532 ns 2954916 ns 384 ns
2974308 ns 2974692 ns 384 ns
2994120 ns 2994504 ns 384 ns
3014064 ns 3014448 ns 384 ns
3034012 ns 3034396 ns 384 ns
3054008 ns 3054392 ns 384 ns
