56 ns 556 ns 500 ns
212 ns 784 ns 572 ns
412 ns 1088 ns 676 ns
728 ns 1544 ns 816 ns
1096 ns 1848 ns 752 ns
1476 ns 2076 ns 600 ns
1940 ns 2380 ns 440 ns
2416 ns 2860 ns 444 ns
2944 ns 3328 ns 384 ns
3488 ns 3872 ns 384 ns
4108 ns 4504 ns 396 ns
4732 ns 5244 ns 512 ns
5392 ns 5776 ns 384 ns
6096 ns 6480 ns 384 ns
6904 ns 7288 ns 384 ns
7788 ns 8364 ns 576 ns
8704 ns 9088 ns 384 ns
9624 ns 10008 ns 384 ns
10612 ns 11040 ns 428 ns
11688 ns 12072 ns 384 ns
13020 ns 13444 ns 424 ns
14360 ns 14744 ns 384 ns
15836 ns 16228 ns 392 ns
17444 ns 17828 ns 384 ns
19128 ns 19536 ns 408 ns
20844 ns 21228 ns 384 ns
22648 ns 23032 ns 384 ns
24760 ns 25144 ns 384 ns
26876 ns 27260 ns 384 ns
29040 ns 29424 ns 384 ns
31252 ns 31896 ns 644 ns
33492 ns 33876 ns 384 ns
35752 ns 36136 ns 384 ns
38116 ns 38500 ns 384 ns
40604 ns 40988 ns 384 ns
43136 ns 43532 ns 396 ns
45800 ns 46184 ns 384 ns
48504 ns 48888 ns 384 ns
51244 ns 51628 ns 384 ns
54036 ns 54420 ns 384 ns
56952 ns 57336 ns 384 ns
59880 ns 60264 ns 384 ns
62876 ns 63260 ns 384 ns
65936 ns 66320 ns 384 ns
69144 ns 69528 ns 384 ns
72612 ns 72996 ns 384 ns
76128 ns 76512 ns 384 ns
79728 ns 80112 ns 384 ns
83376 ns 83760 ns 384 ns
87148 ns 87532 ns 384 ns
91004 ns 91388 ns 384 ns
94980 ns 95364 ns 384 ns
99116 ns 99500 ns 384 ns
103256 ns 103640 ns 384 ns
107428 ns 107812 ns 384 ns
111632 ns 112016 ns 384 ns
115896 ns 116280 ns 384 ns
120216 ns 120600 ns 384 ns
124632 ns 125016 ns 384 ns
129112 ns 129496 ns 384 ns
133604 ns 133988 ns 384 ns
138140 ns 138524 ns 384 ns
142844 ns 143228 ns 384 ns
147560 ns 147944 ns 384 ns
152328 ns 152712 ns 384 ns
157128 ns 157512 ns 384 ns
162004 ns 162404 ns 400 ns
166944 ns 167328 ns 384 ns
171920 ns 172304 ns 384 ns
176908 ns 177292 ns 384 ns
181944 ns 182328 ns 384 ns
187008 ns 187392 ns 384 ns
192096 ns 192480 ns 384 ns
197224 ns 197608 ns 384 ns
202404 ns 202788 ns 384 ns
207676 ns 208060 ns 384 ns
212956 ns 213340 ns 384 ns
218296 ns 218904 ns 608 ns
223656 ns 224040 ns 384 ns
229052 ns 229436 ns 384 ns
234472 ns 234856 ns 384 ns
239904 ns 240288 ns 384 ns
245400 ns 245784 ns 384 ns
250988 ns 251372 ns 384 ns
256580 ns 256964 ns 384 ns
262264 ns 262648 ns 384 ns
267992 ns 268376 ns 384 ns
273728 ns 274112 ns 384 ns
279520 ns 279904 ns 384 ns
285320 ns 285704 ns 384 ns
291124 ns 291508 ns 384 ns
296972 ns 297356 ns 384 ns
302900 ns 303284 ns 384 ns
308976 ns 309360 ns 384 ns
315156 ns 315540 ns 384 ns
321428 ns 321812 ns 384 ns
327732 ns 328120 ns 388 ns
334180 ns 334564 ns 384 ns
340700 ns 341084 ns 384 ns
347464 ns 347848 ns 384 ns
354288 ns 354672 ns 384 ns
361136 ns 361520 ns 384 ns
368020 ns 368404 ns 384 ns
374988 ns 375372 ns 384 ns
382068 ns 382704 ns 636 ns
389208 ns 389592 ns 384 ns
396380 ns 396764 ns 384 ns
403624 ns 404008 ns 384 ns
411044 ns 411428 ns 384 ns
418472 ns 418856 ns 384 ns
425944 ns 426328 ns 384 ns
433492 ns 433876 ns 384 ns
441060 ns 441444 ns 384 ns
448640 ns 449024 ns 384 ns
456232 ns 456616 ns 384 ns
463892 ns 464276 ns 384 ns
471556 ns 471940 ns 384 ns
479352 ns 479736 ns 384 ns
487304 ns 487688 ns 384 ns
495336 ns 495720 ns 384 ns
503392 ns 503776 ns 384 ns
511464 ns 511848 ns 384 ns
519556 ns 519940 ns 384 ns
527696 ns 528080 ns 384 ns
535932 ns 536316 ns 384 ns
544172 ns 544556 ns 384 ns
552608 ns 552992 ns 384 ns
561172 ns 561600 ns 428 ns
569740 ns 570124 ns 384 ns
578316 ns 578700 ns 384 ns
586972 ns 587356 ns 384 ns
596024 ns 596408 ns 384 ns
605136 ns 605520 ns 384 ns
614280 ns 614664 ns 384 ns
623528 ns 623912 ns 384 ns
632788 ns 633172 ns 384 ns
642056 ns 642440 ns 384 ns
651416 ns 651800 ns 384 ns
660904 ns 661336 ns 432 ns
670468 ns 670852 ns 384 ns
680064 ns 680448 ns 384 ns
689828 ns 690212 ns 384 ns
699744 ns 700128 ns 384 ns
709680 ns 710304 ns 624 ns
719620 ns 720004 ns 384 ns
729588 ns 729972 ns 384 ns
739576 ns 739960 ns 384 ns
749600 ns 749984 ns 384 ns
759844 ns 760228 ns 384 ns
770128 ns 770512 ns 384 ns
780480 ns 780864 ns 384 ns
790872 ns 791256 ns 384 ns
801328 ns 801712 ns 384 ns
811808 ns 812192 ns 384 ns
822292 ns 822676 ns 384 ns
832804 ns 833188 ns 384 ns
843384 ns 843800 ns 416 ns
853972 ns 854356 ns 384 ns
864580 ns 864964 ns 384 ns
875340 ns 875736 ns 396 ns
886144 ns 886528 ns 384 ns
896972 ns 897504 ns 532 ns
907900 ns 908284 ns 384 ns
918852 ns 919236 ns 384 ns
929840 ns 930224 ns 384 ns
940840 ns 941224 ns 384 ns
951956 ns 952340 ns 384 ns
963160 ns 963556 ns 396 ns
974440 ns 974824 ns 384 ns
985816 ns 986200 ns 384 ns
997288 ns 997672 ns 384 ns
1008820 ns 1009220 ns 400 ns
1020360 ns 1020744 ns 384 ns
1031920 ns 1032304 ns 384 ns
1043488 ns 1043872 ns 384 ns
1055120 ns 1055504 ns 384 ns
1066780 ns 1067164 ns 384 ns
1078452 ns 1078836 ns 384 ns
1090140 ns 1090524 ns 384 ns
1101992 ns 1102376 ns 384 ns
1113976 ns 1114360 ns 384 ns
1126032 ns 1126416 ns 384 ns
1138216 ns 1138600 ns 384 ns
1150408 ns 1150792 ns 384 ns
1162692 ns 1163076 ns 384 ns
1175012 ns 1175396 ns 384 ns
1187344 ns 1187728 ns 384 ns
1199684 ns 1200068 ns 384 ns
1212076 ns 1212460 ns 384 ns
1224476 ns 1225104 ns 628 ns
1236896 ns 1237280 ns 384 ns
1249356 ns 1249740 ns 384 ns
1262012 ns 1262396 ns 384 ns
1274684 ns 1275068 ns 384 ns
1287440 ns 1287824 ns 384 ns
1300236 ns 1300620 ns 384 ns
1313120 ns 1313516 ns 396 ns
1326032 ns 1326504 ns 472 ns
1338964 ns 1339348 ns 384 ns
1351916 ns 1352300 ns 384 ns
1364880 ns 1365504 ns 624 ns
1377960 ns 1378344 ns 384 ns
1391088 ns 1391472 ns 384 ns
1404252 ns 1404636 ns 384 ns
1417564 ns 1417948 ns 384 ns
1430992 ns 1431376 ns 384 ns
1444456 ns 1444840 ns 384 ns
1457940 ns 1458324 ns 384 ns
1471552 ns 1471936 ns 384 ns
1485220 ns 1485604 ns 384 ns
1498896 ns 1499280 ns 384 ns
1512636 ns 1513020 ns 384 ns
1526392 ns 1526776 ns 384 ns
1540172 ns 1540556 ns 384 ns
1553968 ns 1554352 ns 384 ns
1567904 ns 1568304 ns 400 ns
1582004 ns 1582388 ns 384 ns
1596256 ns 1596640 ns 384 ns
1610564 ns 1610948 ns 384 ns
1624908 ns 1625292 ns 384 ns
1639344 ns 1639728 ns 384 ns
1653908 ns 1654328 ns 420 ns
1668508 ns 1668892 ns 384 ns
1683268 ns 1683652 ns 384 ns
1698040 ns 1698424 ns 384 ns
1712820 ns 1713204 ns 384 ns
1727632 ns 1728016 ns 384 ns
1742492 ns 1742876 ns 384 ns
1757364 ns 1757748 ns 384 ns
1772240 ns 1772624 ns 384 ns
1787128 ns 1787512 ns 384 ns
1802204 ns 1802588 ns 384 ns
1817444 ns 1817904 ns 460 ns
1832744 ns 1833128 ns 384 ns
1848168 ns 1848552 ns 384 ns
1863624 ns 1864008 ns 384 ns
1879148 ns 1879532 ns 384 ns
1894704 ns 1895088 ns 384 ns
1910280 ns 1910664 ns 384 ns
1926196 ns 1926580 ns 384 ns
1942212 ns 1942704 ns 492 ns
1958232 ns 1958616 ns 384 ns
1974276 ns 1974660 ns 384 ns
1990364 ns 1990748 ns 384 ns
2006464 ns 2006848 ns 384 ns
2022572 ns 2022956 ns 384 ns
2038804 ns 2039188 ns 384 ns
2055080 ns 2055464 ns 384 ns
2071364 ns 2071748 ns 384 ns
2087660 ns 2088044 ns 384 ns
2104084 ns 2104468 ns 384 ns
2120512 ns 2120896 ns 384 ns
2137032 ns 2137416 ns 384 ns
2153648 ns 2154032 ns 384 ns
2170336 ns 2170720 ns 384 ns
2187204 ns 2187588 ns 384 ns
2204088 ns 2204472 ns 384 ns
2221008 ns 2221392 ns 384 ns
2237972 ns 2238356 ns 384 ns
2254992 ns 2255376 ns 384 ns
2272032 ns 2272416 ns 384 ns
2289200 ns 2289584 ns 384 ns
2306384 ns 2306768 ns 384 ns
2323680 ns 2324064 ns 384 ns
2341024 ns 2341408 ns 384 ns
2358456 ns 2358840 ns 384 ns
2375936 ns 2376320 ns 384 ns
2393468 ns 2393852 ns 384 ns
2411004 ns 2411388 ns 384 ns
2428612 ns 2428996 ns 384 ns
2446224 ns 2446608 ns 384 ns
2464072 ns 2464456 ns 384 ns
2481928 ns 2482312 ns 384 ns
2499988 ns 2500372 ns 384 ns
2518064 ns 2518448 ns 384 ns
2536240 ns 2536624 ns 384 ns
2554480 ns 2554864 ns 384 ns
2572724 ns 2573108 ns 384 ns
2590980 ns 2591364 ns 384 ns
2609260 ns 2609644 ns 384 ns
2627592 ns 2627976 ns 384 ns
2645992 ns 2646376 ns 384 ns
2664532 ns 2664916 ns 384 ns
2683144 ns 2683704 ns 560 ns
2701848 ns 2702232 ns 384 ns
2720960 ns 2721344 ns 384 ns
2740228 ns 2740612 ns 384 ns
2759540 ns 2759924 ns 384 ns
2778884 ns 2779268 ns 384 ns
2798288 ns 2798672 ns 384 ns
2817744 ns 2818128 ns 384 ns
2837232 ns 2837616 ns 384 ns
2856724 ns 2857108 ns 384 ns
2876236 ns 2876620 ns 384 ns
2895752 ns 2896136 ns 384 ns
2915332 ns 2915716 ns 384 ns
2935076 ns 2935460 ns 384 ns
2955028 ns 2955412 ns 384 ns
