68 ns 632 ns 564 ns
248 ns 860 ns 612 ns
480 ns 1164 ns 684 ns
720 ns 1316 ns 596 ns
980 ns 1544 ns 564 ns
1276 ns 1772 ns 496 ns
1612 ns 2008 ns 396 ns
1964 ns 2512 ns 548 ns
2404 ns 2788 ns 384 ns
2892 ns 3276 ns 384 ns
3484 ns 3888 ns 404 ns
4248 ns 4632 ns 384 ns
5016 ns 5400 ns 384 ns
5832 ns 6216 ns 384 ns
6696 ns 7120 ns 424 ns
7596 ns 7984 ns 388 ns
8524 ns 8908 ns 384 ns
9528 ns 9976 ns 448 ns
10540 ns 10924 ns 384 ns
11564 ns 12 us 436 ns
12608 ns 12992 ns 384 ns
13724 ns 14116 ns 392 ns
14864 ns 15284 ns 420 ns
16032 ns 16464 ns 432 ns
17292 ns 17676 ns 384 ns
18568 ns 18952 ns 384 ns
19876 ns 20264 ns 388 ns
21188 ns 21572 ns 384 ns
22540 ns 22924 ns 384 ns
23924 ns 24308 ns 384 ns
25360 ns 25812 ns 452 ns
26832 ns 27244 ns 412 ns
28320 ns 28704 ns 384 ns
29868 ns 30252 ns 384 ns
31500 ns 31884 ns 384 ns
33192 ns 33664 ns 472 ns
34952 ns 35336 ns 384 ns
36716 ns 37100 ns 384 ns
38552 ns 38936 ns 384 ns
40536 ns 40920 ns 384 ns
42616 ns 43 us 384 ns
44704 ns 45088 ns 384 ns
46876 ns 47304 ns 428 ns
49180 ns 49564 ns 384 ns
51508 ns 51892 ns 384 ns
53844 ns 54228 ns 384 ns
56188 ns 56572 ns 384 ns
58580 ns 58964 ns 384 ns
61072 ns 61456 ns 384 ns
63616 ns 64 us 384 ns
66212 ns 66596 ns 384 ns
69048 ns 69432 ns 384 ns
71896 ns 72280 ns 384 ns
74876 ns 75260 ns 384 ns
77884 ns 78504 ns 620 ns
80952 ns 81336 ns 384 ns
84032 ns 84416 ns 384 ns
87184 ns 87568 ns 384 ns
90404 ns 90788 ns 384 ns
93700 ns 94104 ns 404 ns
97208 ns 97592 ns 384 ns
100752 ns 101136 ns 384 ns
104308 ns 104692 ns 384 ns
107900 ns 108284 ns 384 ns
111684 ns 112068 ns 384 ns
115472 ns 115856 ns 384 ns
119364 ns 119748 ns 384 ns
123424 ns 123808 ns 384 ns
127604 ns 127988 ns 384 ns
131900 ns 132284 ns 384 ns
136200 ns 136584 ns 384 ns
140536 ns 140920 ns 384 ns
145004 ns 145388 ns 384 ns
149508 ns 149892 ns 384 ns
154080 ns 154464 ns 384 ns
158744 ns 159128 ns 384 ns
163436 ns 163820 ns 384 ns
168160 ns 168544 ns 384 ns
172888 ns 173272 ns 384 ns
177660 ns 178044 ns 384 ns
182492 ns 182888 ns 396 ns
187408 ns 187804 ns 396 ns
192464 ns 192848 ns 384 ns
197524 ns 197908 ns 384 ns
202604 ns 202988 ns 384 ns
207688 ns 208072 ns 384 ns
212860 ns 213244 ns 384 ns
218096 ns 218480 ns 384 ns
223372 ns 223764 ns 392 ns
228744 ns 229192 ns 448 ns
234184 ns 234644 ns 460 ns
239628 ns 240016 ns 388 ns
245148 ns 245600 ns 452 ns
250708 ns 251144 ns 436 ns
256316 ns 256700 ns 384 ns
261928 ns 262312 ns 384 ns
267672 ns 268056 ns 384 ns
273492 ns 273876 ns 384 ns
279368 ns 279752 ns 384 ns
285356 ns 285740 ns 384 ns
291368 ns 291752 ns 384 ns
297568 ns 297952 ns 384 ns
303852 ns 304236 ns 384 ns
310216 ns 310600 ns 384 ns
316584 ns 316968 ns 384 ns
323016 ns 323400 ns 384 ns
329452 ns 329836 ns 384 ns
335964 ns 336348 ns 384 ns
342504 ns 342888 ns 384 ns
349120 ns 349504 ns 384 ns
355900 ns 356284 ns 384 ns
362760 ns 363144 ns 384 ns
369628 ns 370016 ns 388 ns
376544 ns 376928 ns 384 ns
383540 ns 383924 ns 384 ns
390628 ns 391012 ns 384 ns
397728 ns 398304 ns 576 ns
404844 ns 405228 ns 384 ns
412064 ns 412448 ns 384 ns
419360 ns 419744 ns 384 ns
426736 ns 427144 ns 408 ns
434184 ns 434568 ns 384 ns
441660 ns 442044 ns 384 ns
449144 ns 449528 ns 384 ns
456904 ns 457288 ns 384 ns
464932 ns 465316 ns 384 ns
473068 ns 473452 ns 384 ns
481232 ns 481616 ns 384 ns
489408 ns 489792 ns 384 ns
497796 ns 498180 ns 384 ns
506344 ns 506736 ns 392 ns
514956 ns 515340 ns 384 ns
523704 ns 524088 ns 384 ns
532516 ns 532900 ns 384 ns
541332 ns 541716 ns 384 ns
550204 ns 550588 ns 384 ns
559192 ns 559576 ns 384 ns
568188 ns 568572 ns 384 ns
577260 ns 577704 ns 444 ns
586648 ns 587064 ns 416 ns
596116 ns 596500 ns 384 ns
605608 ns 605992 ns 384 ns
615112 ns 615496 ns 384 ns
624656 ns 625040 ns 384 ns
634324 ns 634708 ns 384 ns
644236 ns 644620 ns 384 ns
654268 ns 654652 ns 384 ns
664380 ns 664764 ns 384 ns
674500 ns 674884 ns 384 ns
684624 ns 685008 ns 384 ns
694764 ns 695148 ns 384 ns
704988 ns 705372 ns 384 ns
715224 ns 715608 ns 384 ns
725492 ns 725904 ns 412 ns
735832 ns 736216 ns 384 ns
746200 ns 746584 ns 384 ns
756672 ns 757104 ns 432 ns
767176 ns 767560 ns 384 ns
777748 ns 778132 ns 384 ns
788444 ns 788828 ns 384 ns
799252 ns 799636 ns 384 ns
810128 ns 810512 ns 384 ns
821124 ns 821508 ns 384 ns
832148 ns 832532 ns 384 ns
843244 ns 843628 ns 384 ns
854344 ns 854728 ns 384 ns
865560 ns 865944 ns 384 ns
876900 ns 877284 ns 384 ns
888288 ns 888672 ns 384 ns
899688 ns 900076 ns 388 ns
911116 ns 911500 ns 384 ns
922640 ns 923024 ns 384 ns
934168 ns 934552 ns 384 ns
945712 ns 946096 ns 384 ns
957284 ns 957668 ns 384 ns
968876 ns 969260 ns 384 ns
980696 ns 981080 ns 384 ns
992524 ns 992908 ns 384 ns
1004380 ns 1004764 ns 384 ns
1016284 ns 1016668 ns 384 ns
1028296 ns 1028680 ns 384 ns
1040320 ns 1040704 ns 384 ns
1052356 ns 1052740 ns 384 ns
1064468 ns 1064852 ns 384 ns
1076724 ns 1077108 ns 384 ns
1089004 ns 1089388 ns 384 ns
1101332 ns 1101716 ns 384 ns
1113680 ns 1114064 ns 384 ns
1126048 ns 1126432 ns 384 ns
1138492 ns 1138876 ns 384 ns
1150968 ns 1151352 ns 384 ns
1163496 ns 1163880 ns 384 ns
1176060 ns 1176444 ns 384 ns
1188640 ns 1189024 ns 384 ns
1201304 ns 1201704 ns 400 ns
1213984 ns 1214368 ns 384 ns
1226676 ns 1227060 ns 384 ns
1239412 ns 1239796 ns 384 ns
1252248 ns 1252632 ns 384 ns
1265088 ns 1265472 ns 384 ns
1277936 ns 1278320 ns 384 ns
1290856 ns 1291240 ns 384 ns
1303956 ns 1304340 ns 384 ns
1317072 ns 1317456 ns 384 ns
1330260 ns 1330644 ns 384 ns
1343484 ns 1343868 ns 384 ns
1356740 ns 1357124 ns 384 ns
1370008 ns 1370392 ns 384 ns
1383304 ns 1383688 ns 384 ns
1396604 ns 1396988 ns 384 ns
1409932 ns 1410316 ns 384 ns
1423336 ns 1423720 ns 384 ns
1436744 ns 1437128 ns 384 ns
1450200 ns 1450584 ns 384 ns
1463772 ns 1464156 ns 384 ns
1477496 ns 1477880 ns 384 ns
1491496 ns 1491880 ns 384 ns
1505572 ns 1505956 ns 384 ns
1519688 ns 1520072 ns 384 ns
1533892 ns 1534276 ns 384 ns
1548100 ns 1548484 ns 384 ns
1562376 ns 1562760 ns 384 ns
1576708 ns 1577092 ns 384 ns
1591100 ns 1591704 ns 604 ns
1605612 ns 1605996 ns 384 ns
1620284 ns 1620668 ns 384 ns
1635024 ns 1635408 ns 384 ns
1649920 ns 1650376 ns 456 ns
1664820 ns 1665204 ns 384 ns
1680100 ns 1680484 ns 384 ns
1695444 ns 1695828 ns 384 ns
1710820 ns 1711204 ns 384 ns
1726208 ns 1726592 ns 384 ns
1741604 ns 1741988 ns 384 ns
1757072 ns 1757456 ns 384 ns
1772560 ns 1772944 ns 384 ns
1788120 ns 1788512 ns 392 ns
1803692 ns 1804076 ns 384 ns
1819300 ns 1819684 ns 384 ns
1834912 ns 1835296 ns 384 ns
1850564 ns 1850948 ns 384 ns
1866256 ns 1866640 ns 384 ns
1882116 ns 1882500 ns 384 ns
1898064 ns 1898448 ns 384 ns
1914020 ns 1914404 ns 384 ns
1929980 ns 1930364 ns 384 ns
1946028 ns 1946412 ns 384 ns
1962108 ns 1962492 ns 384 ns
1978268 ns 1978652 ns 384 ns
1994492 ns 1994876 ns 384 ns
2010800 ns 2011184 ns 384 ns
2027252 ns 2027636 ns 384 ns
2043744 ns 2044128 ns 384 ns
2060244 ns 2060628 ns 384 ns
2076760 ns 2077144 ns 384 ns
2093388 ns 2093772 ns 384 ns
2110068 ns 2110452 ns 384 ns
2126816 ns 2127200 ns 384 ns
2143568 ns 2143952 ns 384 ns
2160368 ns 2160752 ns 384 ns
2177460 ns 2177844 ns 384 ns
2194584 ns 2194968 ns 384 ns
2211756 ns 2212140 ns 384 ns
2228972 ns 2229356 ns 384 ns
2246236 ns 2246620 ns 384 ns
2263520 ns 2263904 ns 384 ns
2280884 ns 2281268 ns 384 ns
2298404 ns 2298788 ns 384 ns
2315932 ns 2316316 ns 384 ns
2333492 ns 2333876 ns 384 ns
2351068 ns 2351452 ns 384 ns
2368740 ns 2369124 ns 384 ns
2386416 ns 2386800 ns 384 ns
2404172 ns 2404556 ns 384 ns
2421932 ns 2422316 ns 384 ns
2439744 ns 2440128 ns 384 ns
2457580 ns 2457964 ns 384 ns
2475444 ns 2475828 ns 384 ns
2493448 ns 2493832 ns 384 ns
2511464 ns 2512104 ns 640 ns
2529736 ns 2530120 ns 384 ns
2548092 ns 2548476 ns 384 ns
2566496 ns 2566880 ns 384 ns
2584904 ns 2585288 ns 384 ns
2603328 ns 2603712 ns 384 ns
2621840 ns 2622224 ns 384 ns
2640368 ns 2640752 ns 384 ns
2658996 ns 2659380 ns 384 ns
2677652 ns 2678036 ns 384 ns
2696368 ns 2696752 ns 384 ns
2715156 ns 2715540 ns 384 ns
2734024 ns 2734408 ns 384 ns
2752896 ns 2753280 ns 384 ns
2771820 ns 2772204 ns 384 ns
2790948 ns 2791332 ns 384 ns
2810132 ns 2810516 ns 384 ns
2829376 ns 2829760 ns 384 ns
2848640 ns 2849024 ns 384 ns
2867992 ns 2868376 ns 384 ns
2887384 ns 2887768 ns 384 ns
2906912 ns 2907296 ns 384 ns
2926452 ns 2926836 ns 384 ns
2946024 ns 2946408 ns 384 ns
2965700 ns 2966084 ns 384 ns
2985492 ns 2985876 ns 384 ns
3005288 ns 3005680 ns 392 ns
3025092 ns 3025476 ns 384 ns
3044916 ns 3045300 ns 384 ns
