16 ns 460 ns 444 ns
316 ns 936 ns 620 ns
88 ns 1012 ns 924 ns
572 ns 1316 ns 744 ns
852 ns 1620 ns 768 ns
1184 ns 1924 ns 740 ns
1548 ns 2228 ns 680 ns
1944 ns 2456 ns 512 ns
2476 ns 2936 ns 460 ns
3212 ns 3596 ns 384 ns
3964 ns 4352 ns 388 ns
4724 ns 5168 ns 444 ns
5544 ns 5936 ns 392 ns
6404 ns 6848 ns 444 ns
7312 ns 7700 ns 388 ns
8332 ns 8716 ns 384 ns
9452 ns 9884 ns 432 ns
10580 ns 10964 ns 384 ns
11724 ns 12148 ns 424 ns
12908 ns 13292 ns 384 ns
14140 ns 14524 ns 384 ns
15504 ns 16152 ns 648 ns
16896 ns 17280 ns 384 ns
18304 ns 18688 ns 384 ns
19748 ns 20132 ns 384 ns
21200 ns 21584 ns 384 ns
22728 ns 23184 ns 456 ns
24264 ns 24648 ns 384 ns
25856 ns 26240 ns 384 ns
27596 ns 27980 ns 384 ns
29372 ns 29756 ns 384 ns
31188 ns 31820 ns 632 ns
33092 ns 33528 ns 436 ns
35104 ns 35488 ns 384 ns
37132 ns 37516 ns 384 ns
39232 ns 39616 ns 384 ns
41372 ns 41756 ns 384 ns
43548 ns 43932 ns 384 ns
46052 ns 46436 ns 384 ns
48620 ns 49004 ns 384 ns
51248 ns 51704 ns 456 ns
53936 ns 54320 ns 384 ns
56628 ns 57012 ns 384 ns
59336 ns 59720 ns 384 ns
62056 ns 62440 ns 384 ns
64860 ns 65244 ns 384 ns
67876 ns 68260 ns 384 ns
70952 ns 71336 ns 384 ns
74256 ns 74640 ns 384 ns
77588 ns 77972 ns 384 ns
80968 ns 81352 ns 384 ns
84352 ns 84736 ns 384 ns
87756 ns 88140 ns 384 ns
91232 ns 91616 ns 384 ns
94848 ns 95232 ns 384 ns
98532 ns 98916 ns 384 ns
102328 ns 102712 ns 384 ns
106188 ns 106572 ns 384 ns
110060 ns 110444 ns 384 ns
114108 ns 114492 ns 384 ns
118184 ns 118568 ns 384 ns
122404 ns 122856 ns 452 ns
126744 ns 127128 ns 384 ns
131100 ns 131484 ns 384 ns
135560 ns 135944 ns 384 ns
140092 ns 140476 ns 384 ns
144696 ns 145080 ns 384 ns
149308 ns 149692 ns 384 ns
154044 ns 154428 ns 384 ns
158848 ns 159232 ns 384 ns
163672 ns 164304 ns 632 ns
168508 ns 168892 ns 384 ns
173360 ns 173744 ns 384 ns
178252 ns 178636 ns 384 ns
183164 ns 183548 ns 384 ns
188188 ns 188572 ns 384 ns
193228 ns 193612 ns 384 ns
198272 ns 198656 ns 384 ns
203388 ns 203772 ns 384 ns
208600 ns 208984 ns 384 ns
213816 ns 214200 ns 384 ns
219108 ns 219492 ns 384 ns
224484 ns 224868 ns 384 ns
229896 ns 230304 ns 408 ns
235396 ns 235780 ns 384 ns
240924 ns 241308 ns 384 ns
246480 ns 246864 ns 384 ns
252172 ns 252556 ns 384 ns
258040 ns 258424 ns 384 ns
263976 ns 264360 ns 384 ns
269924 ns 270308 ns 384 ns
275892 ns 276276 ns 384 ns
281876 ns 282260 ns 384 ns
287944 ns 288328 ns 384 ns
294128 ns 294512 ns 384 ns
300332 ns 300716 ns 384 ns
306568 ns 306988 ns 420 ns
312996 ns 313380 ns 384 ns
319456 ns 319840 ns 384 ns
326140 ns 326524 ns 384 ns
332892 ns 333276 ns 384 ns
339652 ns 340036 ns 384 ns
346440 ns 346824 ns 384 ns
353232 ns 353616 ns 384 ns
360144 ns 360528 ns 384 ns
367088 ns 367472 ns 384 ns
374060 ns 374444 ns 384 ns
381052 ns 381436 ns 384 ns
388056 ns 388440 ns 384 ns
395096 ns 395480 ns 384 ns
402240 ns 402624 ns 384 ns
409420 ns 409804 ns 384 ns
416656 ns 417040 ns 384 ns
423980 ns 424364 ns 384 ns
431320 ns 431704 ns 384 ns
438772 ns 439156 ns 384 ns
446276 ns 446660 ns 384 ns
453816 ns 454200 ns 384 ns
461524 ns 461908 ns 384 ns
469236 ns 469620 ns 384 ns
476968 ns 477352 ns 384 ns
484740 ns 485124 ns 384 ns
492552 ns 492936 ns 384 ns
500392 ns 500776 ns 384 ns
508284 ns 508668 ns 384 ns
516184 ns 516568 ns 384 ns
524144 ns 524528 ns 384 ns
532164 ns 532548 ns 384 ns
540288 ns 540672 ns 384 ns
548472 ns 548856 ns 384 ns
556740 ns 557124 ns 384 ns
565056 ns 565440 ns 384 ns
573460 ns 573844 ns 384 ns
581952 ns 582336 ns 384 ns
590556 ns 590940 ns 384 ns
599236 ns 599620 ns 384 ns
607932 ns 608316 ns 384 ns
616700 ns 617084 ns 384 ns
625476 ns 625860 ns 384 ns
634280 ns 634664 ns 384 ns
643108 ns 643492 ns 384 ns
651968 ns 652352 ns 384 ns
660876 ns 661260 ns 384 ns
669900 ns 670284 ns 384 ns
679024 ns 679408 ns 384 ns
688156 ns 688540 ns 384 ns
697360 ns 697744 ns 384 ns
706648 ns 707032 ns 384 ns
715964 ns 716348 ns 384 ns
725336 ns 725904 ns 568 ns
734796 ns 735180 ns 384 ns
744272 ns 744656 ns 384 ns
753808 ns 754192 ns 384 ns
763380 ns 763812 ns 432 ns
772964 ns 773348 ns 384 ns
782576 ns 782960 ns 384 ns
792196 ns 792580 ns 384 ns
801840 ns 802224 ns 384 ns
811568 ns 811952 ns 384 ns
821300 ns 821684 ns 384 ns
831044 ns 831428 ns 384 ns
840836 ns 841220 ns 384 ns
850636 ns 851020 ns 384 ns
860532 ns 860916 ns 384 ns
870440 ns 870824 ns 384 ns
880364 ns 880748 ns 384 ns
890412 ns 890796 ns 384 ns
900464 ns 900848 ns 384 ns
910784 ns 911168 ns 384 ns
921192 ns 921576 ns 384 ns
931620 ns 932004 ns 384 ns
942052 ns 942436 ns 384 ns
952540 ns 952924 ns 384 ns
963096 ns 963480 ns 384 ns
973680 ns 974064 ns 384 ns
984280 ns 984664 ns 384 ns
994900 ns 995284 ns 384 ns
1005552 ns 1005976 ns 424 ns
1016216 ns 1016600 ns 384 ns
1026932 ns 1027316 ns 384 ns
1037668 ns 1038052 ns 384 ns
1048440 ns 1048824 ns 384 ns
1059232 ns 1059616 ns 384 ns
1070032 ns 1070416 ns 384 ns
1080872 ns 1081256 ns 384 ns
1091728 ns 1092112 ns 384 ns
1102636 ns 1103020 ns 384 ns
1113772 ns 1114156 ns 384 ns
1125016 ns 1125400 ns 384 ns
1136352 ns 1136736 ns 384 ns
1147720 ns 1148104 ns 384 ns
1159112 ns 1159496 ns 384 ns
1170524 ns 1170908 ns 384 ns
1181976 ns 1182360 ns 384 ns
1193472 ns 1193904 ns 432 ns
1204992 ns 1205376 ns 384 ns
1216528 ns 1216912 ns 384 ns
1228112 ns 1228496 ns 384 ns
1239892 ns 1240276 ns 384 ns
1251776 ns 1252160 ns 384 ns
1263752 ns 1264136 ns 384 ns
1275820 ns 1276204 ns 384 ns
1287948 ns 1288332 ns 384 ns
1300080 ns 1300464 ns 384 ns
1312268 ns 1312652 ns 384 ns
1324464 ns 1324848 ns 384 ns
1336688 ns 1337072 ns 384 ns
1348920 ns 1349304 ns 384 ns
1361156 ns 1361540 ns 384 ns
1373432 ns 1373816 ns 384 ns
1385788 ns 1386172 ns 384 ns
1398280 ns 1398664 ns 384 ns
1410788 ns 1411172 ns 384 ns
1423320 ns 1423704 ns 384 ns
1435872 ns 1436256 ns 384 ns
1448568 ns 1448952 ns 384 ns
1461360 ns 1461744 ns 384 ns
1474304 ns 1474704 ns 400 ns
1487312 ns 1487696 ns 384 ns
1500408 ns 1500792 ns 384 ns
1513600 ns 1513984 ns 384 ns
1526908 ns 1527292 ns 384 ns
1540276 ns 1540660 ns 384 ns
1553744 ns 1554128 ns 384 ns
1567264 ns 1567648 ns 384 ns
1580792 ns 1581176 ns 384 ns
1594324 ns 1594708 ns 384 ns
1607980 ns 1608364 ns 384 ns
1621680 ns 1622064 ns 384 ns
1635488 ns 1635872 ns 384 ns
1649312 ns 1649696 ns 384 ns
1663256 ns 1663640 ns 384 ns
1677296 ns 1677680 ns 384 ns
1691424 ns 1691808 ns 384 ns
1705560 ns 1705944 ns 384 ns
1719732 ns 1720116 ns 384 ns
1734052 ns 1734436 ns 384 ns
1748440 ns 1748824 ns 384 ns
1762904 ns 1763304 ns 400 ns
1777376 ns 1777760 ns 384 ns
1791872 ns 1792256 ns 384 ns
1806380 ns 1806764 ns 384 ns
1820964 ns 1821348 ns 384 ns
1835580 ns 1835964 ns 384 ns
1850220 ns 1850604 ns 384 ns
1864872 ns 1865256 ns 384 ns
1879572 ns 1879956 ns 384 ns
1894336 ns 1894720 ns 384 ns
1909124 ns 1909508 ns 384 ns
1923960 ns 1924344 ns 384 ns
1938872 ns 1939256 ns 384 ns
1953804 ns 1954188 ns 384 ns
1968744 ns 1969128 ns 384 ns
1983704 ns 1984088 ns 384 ns
1998748 ns 1999132 ns 384 ns
2013832 ns 2014216 ns 384 ns
2028932 ns 2029316 ns 384 ns
2044072 ns 2044456 ns 384 ns
2059504 ns 2059888 ns 384 ns
2074964 ns 2075348 ns 384 ns
2090796 ns 2091180 ns 384 ns
2106676 ns 2107060 ns 384 ns
2122584 ns 2122968 ns 384 ns
2138560 ns 2138944 ns 384 ns
2154592 ns 2154976 ns 384 ns
2170628 ns 2171012 ns 384 ns
2186792 ns 2187176 ns 384 ns
2202972 ns 2203356 ns 384 ns
2219216 ns 2219600 ns 384 ns
2235544 ns 2235928 ns 384 ns
2251984 ns 2252368 ns 384 ns
2268460 ns 2268844 ns 384 ns
2284944 ns 2285328 ns 384 ns
2301472 ns 2301856 ns 384 ns
2318184 ns 2318568 ns 384 ns
2334964 ns 2335348 ns 384 ns
2351768 ns 2352152 ns 384 ns
2368608 ns 2368992 ns 384 ns
2385488 ns 2385872 ns 384 ns
2402404 ns 2402904 ns 500 ns
2419328 ns 2419712 ns 384 ns
2436260 ns 2436644 ns 384 ns
2453248 ns 2453632 ns 384 ns
2470324 ns 2470708 ns 384 ns
2487544 ns 2487928 ns 384 ns
2504776 ns 2505160 ns 384 ns
2522064 ns 2522448 ns 384 ns
2539388 ns 2539772 ns 384 ns
2556728 ns 2557112 ns 384 ns
2574192 ns 2574576 ns 384 ns
2591924 ns 2592308 ns 384 ns
2609664 ns 2610048 ns 384 ns
2627656 ns 2628052 ns 396 ns
2645688 ns 2646072 ns 384 ns
2663804 ns 2664188 ns 384 ns
2681964 ns 2682348 ns 384 ns
2700152 ns 2700536 ns 384 ns
2718380 ns 2718764 ns 384 ns
2736676 ns 2737060 ns 384 ns
2755004 ns 2755388 ns 384 ns
2773436 ns 2773820 ns 384 ns
2791888 ns 2792272 ns 384 ns
2810388 ns 2810772 ns 384 ns
2828936 ns 2829320 ns 384 ns
2847616 ns 2848 us 384 ns
2866328 ns 2866712 ns 384 ns
2885128 ns 2885512 ns 384 ns
2903932 ns 2904316 ns 384 ns
2922748 ns 2923132 ns 384 ns
2941592 ns 2941976 ns 384 ns
2960472 ns 2960856 ns 384 ns
2979476 ns 2980104 ns 628 ns
2998692 ns 2999076 ns 384 ns
3018016 ns 3018400 ns 384 ns
3037388 ns 3037772 ns 384 ns
3056864 ns 3057248 ns 384 ns
3076412 ns 3076796 ns 384 ns
3096 us 3096384 ns 384 ns
3115652 ns 3116036 ns 384 ns
3135356 ns 3135740 ns 384 ns
3155072 ns 3155456 ns 384 ns
3174832 ns 3175216 ns 384 ns
3194620 ns 3195004 ns 384 ns
3214456 ns 3214840 ns 384 ns
3234352 ns 3234736 ns 384 ns
3254324 ns 3254708 ns 384 ns
