120 ns 760 ns 640 ns
424 ns 1140 ns 716 ns
264 ns 1216 ns 952 ns
588 ns 1520 ns 932 ns
876 ns 1672 ns 796 ns
1200 ns 1976 ns 776 ns
1608 ns 2280 ns 672 ns
2060 ns 2584 ns 524 ns
2556 ns 2932 ns 376 ns
3256 ns 3700 ns 444 ns
3988 ns 4364 ns 376 ns
4744 ns 5120 ns 376 ns
5540 ns 5916 ns 376 ns
6388 ns 6764 ns 376 ns
7320 ns 7696 ns 376 ns
8392 ns 8768 ns 376 ns
9516 ns 9892 ns 376 ns
10788 ns 11164 ns 376 ns
12088 ns 12464 ns 376 ns
13476 ns 13852 ns 376 ns
14896 ns 15272 ns 376 ns
16400 ns 16776 ns 376 ns
17956 ns 18332 ns 376 ns
19684 ns 20060 ns 376 ns
21416 ns 21792 ns 376 ns
23216 ns 23592 ns 376 ns
25024 ns 25400 ns 376 ns
26908 ns 27320 ns 412 ns
28960 ns 29336 ns 376 ns
31052 ns 31428 ns 376 ns
33204 ns 33580 ns 376 ns
35432 ns 35880 ns 448 ns
37688 ns 38064 ns 376 ns
39984 ns 40360 ns 376 ns
42392 ns 42768 ns 376 ns
44824 ns 45200 ns 376 ns
47292 ns 47668 ns 376 ns
49864 ns 50280 ns 416 ns
52488 ns 52864 ns 376 ns
55128 ns 55504 ns 376 ns
57908 ns 58284 ns 376 ns
60720 ns 61096 ns 376 ns
63600 ns 63976 ns 376 ns
66568 ns 66944 ns 376 ns
69588 ns 69964 ns 376 ns
72624 ns 73008 ns 384 ns
75696 ns 76072 ns 376 ns
78804 ns 79180 ns 376 ns
81972 ns 82348 ns 376 ns
85144 ns 85520 ns 376 ns
88472 ns 88848 ns 376 ns
91860 ns 92236 ns 376 ns
95276 ns 95652 ns 376 ns
98756 ns 99172 ns 416 ns
102304 ns 102680 ns 376 ns
105892 ns 106268 ns 376 ns
109536 ns 109912 ns 376 ns
113192 ns 113568 ns 376 ns
116896 ns 117500 ns 604 ns
120612 ns 120988 ns 376 ns
124364 ns 124740 ns 376 ns
128180 ns 128556 ns 376 ns
132032 ns 132408 ns 376 ns
135912 ns 136288 ns 376 ns
139796 ns 140172 ns 376 ns
143692 ns 144068 ns 376 ns
147676 ns 148052 ns 376 ns
152020 ns 152396 ns 376 ns
156636 ns 157012 ns 376 ns
161276 ns 161652 ns 376 ns
165932 ns 166308 ns 376 ns
170652 ns 171028 ns 376 ns
175416 ns 175792 ns 376 ns
180232 ns 180608 ns 376 ns
185076 ns 185480 ns 404 ns
190 us 190376 ns 376 ns
195008 ns 195500 ns 492 ns
200152 ns 200528 ns 376 ns
205400 ns 205776 ns 376 ns
210652 ns 211100 ns 448 ns
215916 ns 216292 ns 376 ns
221248 ns 221624 ns 376 ns
226884 ns 227260 ns 376 ns
232700 ns 233076 ns 376 ns
238536 ns 238912 ns 376 ns
244416 ns 244792 ns 376 ns
250304 ns 250680 ns 376 ns
256212 ns 256588 ns 376 ns
262132 ns 262508 ns 376 ns
268056 ns 268452 ns 396 ns
274008 ns 274384 ns 376 ns
280056 ns 280432 ns 376 ns
286276 ns 286652 ns 376 ns
292608 ns 292984 ns 376 ns
298968 ns 299344 ns 376 ns
305388 ns 305764 ns 376 ns
311960 ns 312500 ns 540 ns
318556 ns 318984 ns 428 ns
325208 ns 325584 ns 376 ns
331920 ns 332296 ns 376 ns
338692 ns 339068 ns 376 ns
345468 ns 345844 ns 376 ns
352312 ns 352688 ns 376 ns
359340 ns 359716 ns 376 ns
366372 ns 366748 ns 376 ns
373480 ns 373856 ns 376 ns
380628 ns 381004 ns 376 ns
387780 ns 388156 ns 376 ns
394964 ns 395340 ns 376 ns
402176 ns 402552 ns 376 ns
409440 ns 409880 ns 440 ns
416784 ns 417160 ns 376 ns
424216 ns 424592 ns 376 ns
431840 ns 432216 ns 376 ns
439576 ns 439952 ns 376 ns
447496 ns 447872 ns 376 ns
455492 ns 455868 ns 376 ns
463604 ns 463980 ns 376 ns
472 us 472376 ns 376 ns
480464 ns 480840 ns 376 ns
488992 ns 489368 ns 376 ns
497656 ns 498032 ns 376 ns
506340 ns 506716 ns 376 ns
515032 ns 515408 ns 376 ns
523752 ns 524128 ns 376 ns
532492 ns 532868 ns 376 ns
541284 ns 541660 ns 376 ns
550108 ns 550484 ns 376 ns
559032 ns 559408 ns 376 ns
568008 ns 568384 ns 376 ns
576992 ns 577368 ns 376 ns
586004 ns 586380 ns 376 ns
595032 ns 595408 ns 376 ns
604064 ns 604440 ns 376 ns
613128 ns 613504 ns 376 ns
622256 ns 622632 ns 376 ns
631404 ns 631780 ns 376 ns
640564 ns 640940 ns 376 ns
649776 ns 650152 ns 376 ns
659072 ns 659448 ns 376 ns
668416 ns 668792 ns 376 ns
677912 ns 678288 ns 376 ns
687468 ns 687920 ns 452 ns
697076 ns 697452 ns 376 ns
706768 ns 707144 ns 376 ns
716476 ns 716852 ns 376 ns
726188 ns 726564 ns 376 ns
735936 ns 736312 ns 376 ns
745764 ns 746140 ns 376 ns
755628 ns 756004 ns 376 ns
765572 ns 765948 ns 376 ns
775580 ns 775956 ns 376 ns
785596 ns 785972 ns 376 ns
795668 ns 796100 ns 432 ns
805744 ns 806120 ns 376 ns
815900 ns 816276 ns 376 ns
826080 ns 826456 ns 376 ns
836328 ns 836704 ns 376 ns
846660 ns 847036 ns 376 ns
857076 ns 857452 ns 376 ns
867616 ns 867992 ns 376 ns
878184 ns 878560 ns 376 ns
888808 ns 889184 ns 376 ns
899516 ns 899892 ns 376 ns
910304 ns 910680 ns 376 ns
921148 ns 921524 ns 376 ns
932012 ns 932388 ns 376 ns
942956 ns 943332 ns 376 ns
953920 ns 954296 ns 376 ns
965 us 965376 ns 376 ns
976160 ns 976536 ns 376 ns
987324 ns 987700 ns 376 ns
998516 ns 998900 ns 384 ns
1009728 ns 1010104 ns 376 ns
1020964 ns 1021340 ns 376 ns
1032228 ns 1032604 ns 376 ns
1043496 ns 1043872 ns 376 ns
1054848 ns 1055224 ns 376 ns
1066428 ns 1066804 ns 376 ns
1078072 ns 1078448 ns 376 ns
1089756 ns 1090132 ns 376 ns
1101516 ns 1101892 ns 376 ns
1113288 ns 1113664 ns 376 ns
1125096 ns 1125472 ns 376 ns
1136912 ns 1137288 ns 376 ns
1148824 ns 1149200 ns 376 ns
1160828 ns 1161204 ns 376 ns
1172836 ns 1173212 ns 376 ns
1184856 ns 1185232 ns 376 ns
1196932 ns 1197308 ns 376 ns
1209012 ns 1209500 ns 488 ns
1221116 ns 1221492 ns 376 ns
1233236 ns 1233612 ns 376 ns
1245448 ns 1245824 ns 376 ns
1257836 ns 1258212 ns 376 ns
1270272 ns 1270648 ns 376 ns
1282808 ns 1283184 ns 376 ns
1295412 ns 1295788 ns 376 ns
1308024 ns 1308400 ns 376 ns
1320736 ns 1321112 ns 376 ns
1333540 ns 1333916 ns 376 ns
1346348 ns 1346724 ns 376 ns
1359192 ns 1359568 ns 376 ns
1372092 ns 1372468 ns 376 ns
1385076 ns 1385452 ns 376 ns
1398108 ns 1398484 ns 376 ns
1411192 ns 1411568 ns 376 ns
1424452 ns 1424828 ns 376 ns
1437724 ns 1438100 ns 376 ns
1451044 ns 1451420 ns 376 ns
1464628 ns 1465004 ns 376 ns
1478216 ns 1478592 ns 376 ns
1491832 ns 1492208 ns 376 ns
1505480 ns 1505900 ns 420 ns
1519200 ns 1519576 ns 376 ns
1533156 ns 1533532 ns 376 ns
1547136 ns 1547524 ns 388 ns
1561120 ns 1561496 ns 376 ns
1575204 ns 1575580 ns 376 ns
1589316 ns 1589752 ns 436 ns
1603480 ns 1603856 ns 376 ns
1617752 ns 1618128 ns 376 ns
1632036 ns 1632412 ns 376 ns
1646324 ns 1646700 ns 376 ns
1660620 ns 1660996 ns 376 ns
1674968 ns 1675344 ns 376 ns
1689364 ns 1689740 ns 376 ns
1703796 ns 1704172 ns 376 ns
1718284 ns 1718660 ns 376 ns
1732800 ns 1733176 ns 376 ns
1747320 ns 1747700 ns 380 ns
1761852 ns 1762228 ns 376 ns
1776460 ns 1776836 ns 376 ns
1791196 ns 1791572 ns 376 ns
1806036 ns 1806412 ns 376 ns
1820880 ns 1821256 ns 376 ns
1835728 ns 1836104 ns 376 ns
1850592 ns 1850968 ns 376 ns
1865544 ns 1865920 ns 376 ns
1880544 ns 1880920 ns 376 ns
1895632 ns 1896008 ns 376 ns
1910756 ns 1911132 ns 376 ns
1925936 ns 1926312 ns 376 ns
1941136 ns 1941512 ns 376 ns
1956356 ns 1956732 ns 376 ns
1971588 ns 1971964 ns 376 ns
1986928 ns 1987304 ns 376 ns
2002284 ns 2002660 ns 376 ns
2018012 ns 2018388 ns 376 ns
2033780 ns 2034156 ns 376 ns
2049552 ns 2049928 ns 376 ns
2065484 ns 2065860 ns 376 ns
2081552 ns 2081928 ns 376 ns
2097768 ns 2098144 ns 376 ns
2114112 ns 2114488 ns 376 ns
2130488 ns 2130864 ns 376 ns
2146900 ns 2147276 ns 376 ns
2163448 ns 2163824 ns 376 ns
2180132 ns 2180508 ns 376 ns
2196832 ns 2197208 ns 376 ns
2213648 ns 2214024 ns 376 ns
2230584 ns 2230960 ns 376 ns
2247592 ns 2247968 ns 376 ns
2264628 ns 2265004 ns 376 ns
2281716 ns 2282092 ns 376 ns
2298872 ns 2299248 ns 376 ns
2316036 ns 2316412 ns 376 ns
2333240 ns 2333616 ns 376 ns
2350548 ns 2350924 ns 376 ns
2367904 ns 2368280 ns 376 ns
2385288 ns 2385664 ns 376 ns
2402692 ns 2403068 ns 376 ns
2420160 ns 2420536 ns 376 ns
2437664 ns 2438040 ns 376 ns
2455172 ns 2455608 ns 436 ns
2472696 ns 2473100 ns 404 ns
2490268 ns 2490644 ns 376 ns
2507904 ns 2508280 ns 376 ns
2525596 ns 2525972 ns 376 ns
2543348 ns 2543724 ns 376 ns
2561148 ns 2561524 ns 376 ns
2579032 ns 2579408 ns 376 ns
2596956 ns 2597332 ns 376 ns
2614888 ns 2615264 ns 376 ns
2632824 ns 2633200 ns 376 ns
2650876 ns 2651252 ns 376 ns
2668956 ns 2669332 ns 376 ns
2687040 ns 2687416 ns 376 ns
2705236 ns 2705612 ns 376 ns
2723484 ns 2723860 ns 376 ns
2741748 ns 2742124 ns 376 ns
2760184 ns 2760560 ns 376 ns
2778668 ns 2779044 ns 376 ns
2797232 ns 2797608 ns 376 ns
2815804 ns 2816300 ns 496 ns
2834424 ns 2834800 ns 376 ns
2853048 ns 2853424 ns 376 ns
2871740 ns 2872116 ns 376 ns
2890488 ns 2890864 ns 376 ns
2909280 ns 2909900 ns 620 ns
2928188 ns 2928564 ns 376 ns
2947128 ns 2947504 ns 376 ns
2966120 ns 2966496 ns 376 ns
2985192 ns 2985568 ns 376 ns
3004300 ns 3004676 ns 376 ns
3023416 ns 3023792 ns 376 ns
3042656 ns 3043032 ns 376 ns
3062152 ns 3062528 ns 376 ns
3081676 ns 3082052 ns 376 ns
3101272 ns 3101648 ns 376 ns
3120884 ns 3121260 ns 376 ns
3140516 ns 3140892 ns 376 ns
3160188 ns 3160564 ns 376 ns
3179968 ns 3180344 ns 376 ns
3199892 ns 3200268 ns 376 ns
3219872 ns 3220248 ns 376 ns
