8 ns 460 ns 452 ns
20 ns 612 ns 592 ns
68 ns 840 ns 772 ns
160 ns 1296 ns 1136 ns
532 ns 1448 ns 916 ns
916 ns 1904 ns 988 ns
1344 ns 2132 ns 788 ns
2 us 2436 ns 436 ns
2688 ns 3120 ns 432 ns
3516 ns 3900 ns 384 ns
4428 ns 4888 ns 460 ns
5352 ns 5744 ns 392 ns
6288 ns 6672 ns 384 ns
7232 ns 7616 ns 384 ns
8208 ns 8592 ns 384 ns
9420 ns 9804 ns 384 ns
10648 ns 11032 ns 384 ns
11896 ns 12280 ns 384 ns
13184 ns 13568 ns 384 ns
14556 ns 14940 ns 384 ns
15932 ns 16316 ns 384 ns
17600 ns 17984 ns 384 ns
19348 ns 19732 ns 384 ns
21160 ns 21544 ns 384 ns
23128 ns 23512 ns 384 ns
25260 ns 25644 ns 384 ns
27444 ns 27896 ns 452 ns
29716 ns 30100 ns 384 ns
32028 ns 32412 ns 384 ns
34352 ns 34756 ns 404 ns
36792 ns 37176 ns 384 ns
39288 ns 39672 ns 384 ns
41804 ns 42188 ns 384 ns
44420 ns 44804 ns 384 ns
47104 ns 47488 ns 384 ns
49804 ns 50188 ns 384 ns
52656 ns 53040 ns 384 ns
55568 ns 55952 ns 384 ns
58580 ns 58964 ns 384 ns
61612 ns 61996 ns 384 ns
64736 ns 65120 ns 384 ns
67924 ns 68308 ns 384 ns
71160 ns 71600 ns 440 ns
74404 ns 74788 ns 384 ns
77688 ns 78072 ns 384 ns
81060 ns 81444 ns 384 ns
84456 ns 84840 ns 384 ns
87876 ns 88260 ns 384 ns
91332 ns 91716 ns 384 ns
95004 ns 95388 ns 384 ns
98716 ns 99100 ns 384 ns
102620 ns 103004 ns 384 ns
106532 ns 106916 ns 384 ns
110452 ns 110836 ns 384 ns
114496 ns 114880 ns 384 ns
118624 ns 119008 ns 384 ns
122868 ns 123252 ns 384 ns
127144 ns 127528 ns 384 ns
131428 ns 131812 ns 384 ns
135720 ns 136104 ns 384 ns
140028 ns 140412 ns 384 ns
144360 ns 144744 ns 384 ns
148724 ns 149108 ns 384 ns
153096 ns 153480 ns 384 ns
157540 ns 157924 ns 384 ns
161992 ns 162376 ns 384 ns
166488 ns 166872 ns 384 ns
171048 ns 171432 ns 384 ns
175692 ns 176076 ns 384 ns
180340 ns 180724 ns 384 ns
185024 ns 185408 ns 384 ns
189864 ns 190248 ns 384 ns
194796 ns 195180 ns 384 ns
199740 ns 200124 ns 384 ns
204744 ns 205128 ns 384 ns
209844 ns 210228 ns 384 ns
214948 ns 215332 ns 384 ns
220108 ns 220492 ns 384 ns
225272 ns 225656 ns 384 ns
230456 ns 230840 ns 384 ns
235648 ns 236032 ns 384 ns
240968 ns 241352 ns 384 ns
246564 ns 246956 ns 392 ns
252212 ns 252596 ns 384 ns
257936 ns 258320 ns 384 ns
263720 ns 264104 ns 384 ns
269560 ns 269944 ns 384 ns
275412 ns 275796 ns 384 ns
281268 ns 281652 ns 384 ns
287160 ns 287544 ns 384 ns
293212 ns 293596 ns 384 ns
299324 ns 299708 ns 384 ns
305460 ns 305844 ns 384 ns
311636 ns 312020 ns 384 ns
317848 ns 318232 ns 384 ns
324108 ns 324492 ns 384 ns
330404 ns 330788 ns 384 ns
336876 ns 337260 ns 384 ns
343352 ns 343736 ns 384 ns
349840 ns 350224 ns 384 ns
356344 ns 356728 ns 384 ns
362928 ns 363312 ns 384 ns
369552 ns 369936 ns 384 ns
376180 ns 376564 ns 384 ns
382948 ns 383332 ns 384 ns
389764 ns 390148 ns 384 ns
396656 ns 397108 ns 452 ns
403564 ns 403948 ns 384 ns
410496 ns 410880 ns 384 ns
417532 ns 417916 ns 384 ns
424580 ns 424964 ns 384 ns
431644 ns 432028 ns 384 ns
438764 ns 439148 ns 384 ns
445924 ns 446308 ns 384 ns
453148 ns 453532 ns 384 ns
460408 ns 460792 ns 384 ns
467688 ns 468072 ns 384 ns
475016 ns 475400 ns 384 ns
482368 ns 482752 ns 384 ns
489740 ns 490124 ns 384 ns
497196 ns 497580 ns 384 ns
504740 ns 505124 ns 384 ns
512312 ns 512696 ns 384 ns
519968 ns 520352 ns 384 ns
527660 ns 528044 ns 384 ns
535476 ns 535860 ns 384 ns
543340 ns 543724 ns 384 ns
551284 ns 551668 ns 384 ns
559360 ns 559744 ns 384 ns
567548 ns 567932 ns 384 ns
575744 ns 576128 ns 384 ns
583960 ns 584344 ns 384 ns
592208 ns 592592 ns 384 ns
600508 ns 601104 ns 596 ns
608848 ns 609232 ns 384 ns
617232 ns 617616 ns 384 ns
625744 ns 626128 ns 384 ns
634344 ns 634744 ns 400 ns
643044 ns 643428 ns 384 ns
651756 ns 652140 ns 384 ns
660540 ns 660924 ns 384 ns
669428 ns 669812 ns 384 ns
678372 ns 678756 ns 384 ns
687464 ns 687848 ns 384 ns
696640 ns 697024 ns 384 ns
705864 ns 706248 ns 384 ns
715136 ns 715520 ns 384 ns
724420 ns 724804 ns 384 ns
733788 ns 734172 ns 384 ns
743188 ns 743572 ns 384 ns
752624 ns 753008 ns 384 ns
762132 ns 762516 ns 384 ns
771804 ns 772188 ns 384 ns
781488 ns 781872 ns 384 ns
791368 ns 791752 ns 384 ns
801344 ns 801728 ns 384 ns
811328 ns 811712 ns 384 ns
821396 ns 821780 ns 384 ns
831556 ns 831940 ns 384 ns
841720 ns 842104 ns 384 ns
852016 ns 852400 ns 384 ns
862420 ns 862804 ns 384 ns
872840 ns 873224 ns 384 ns
883276 ns 883660 ns 384 ns
893956 ns 894340 ns 384 ns
904648 ns 905032 ns 384 ns
915432 ns 915816 ns 384 ns
926316 ns 926700 ns 384 ns
937204 ns 937588 ns 384 ns
948120 ns 948504 ns 384 ns
959240 ns 959624 ns 384 ns
970364 ns 970748 ns 384 ns
981548 ns 981932 ns 384 ns
992736 ns 993120 ns 384 ns
1003964 ns 1004348 ns 384 ns
1015248 ns 1015632 ns 384 ns
1026560 ns 1026944 ns 384 ns
1037892 ns 1038276 ns 384 ns
1049288 ns 1049672 ns 384 ns
1060736 ns 1061336 ns 600 ns
1072412 ns 1072796 ns 384 ns
1084104 ns 1084704 ns 600 ns
1095816 ns 1096200 ns 384 ns
1107592 ns 1108104 ns 512 ns
1119392 ns 1119776 ns 384 ns
1131224 ns 1131608 ns 384 ns
1143068 ns 1143452 ns 384 ns
1154928 ns 1155312 ns 384 ns
1166804 ns 1167188 ns 384 ns
1178796 ns 1179180 ns 384 ns
1190884 ns 1191268 ns 384 ns
1203020 ns 1203404 ns 384 ns
1215484 ns 1215868 ns 384 ns
1227972 ns 1228356 ns 384 ns
1240564 ns 1240948 ns 384 ns
1253316 ns 1253700 ns 384 ns
1266100 ns 1266484 ns 384 ns
1278980 ns 1279364 ns 384 ns
1291884 ns 1292268 ns 384 ns
1304888 ns 1305312 ns 424 ns
1317900 ns 1318356 ns 456 ns
1330952 ns 1331336 ns 384 ns
1344148 ns 1344568 ns 420 ns
1357356 ns 1357780 ns 424 ns
1370568 ns 1370952 ns 384 ns
1383816 ns 1384236 ns 420 ns
1397204 ns 1397588 ns 384 ns
1410696 ns 1411080 ns 384 ns
1424236 ns 1424620 ns 384 ns
1437836 ns 1438220 ns 384 ns
1451460 ns 1451844 ns 384 ns
1465144 ns 1465528 ns 384 ns
1479060 ns 1479444 ns 384 ns
1493024 ns 1493408 ns 384 ns
1507028 ns 1507412 ns 384 ns
1521048 ns 1521504 ns 456 ns
1535100 ns 1535484 ns 384 ns
1549296 ns 1549680 ns 384 ns
1563672 ns 1564056 ns 384 ns
1578056 ns 1578440 ns 384 ns
1592468 ns 1592852 ns 384 ns
1606916 ns 1607304 ns 388 ns
1621408 ns 1621792 ns 384 ns
1636088 ns 1636472 ns 384 ns
1650796 ns 1651180 ns 384 ns
1665524 ns 1665908 ns 384 ns
1680268 ns 1680652 ns 384 ns
1695020 ns 1695404 ns 384 ns
1709816 ns 1710200 ns 384 ns
1724700 ns 1725084 ns 384 ns
1739740 ns 1740124 ns 384 ns
1754804 ns 1755188 ns 384 ns
1769968 ns 1770352 ns 384 ns
1785228 ns 1785612 ns 384 ns
1800608 ns 1800992 ns 384 ns
1816048 ns 1816432 ns 384 ns
1831596 ns 1831980 ns 384 ns
1847148 ns 1847532 ns 384 ns
1862884 ns 1863268 ns 384 ns
1878664 ns 1879048 ns 384 ns
1894492 ns 1894876 ns 384 ns
1910480 ns 1910864 ns 384 ns
1926544 ns 1927104 ns 560 ns
1942752 ns 1943136 ns 384 ns
1959004 ns 1959388 ns 384 ns
1975268 ns 1975652 ns 384 ns
1991588 ns 1991972 ns 384 ns
2007988 ns 2008372 ns 384 ns
2024460 ns 2024844 ns 384 ns
2040948 ns 2041332 ns 384 ns
2057456 ns 2057840 ns 384 ns
2074036 ns 2074420 ns 384 ns
2090644 ns 2091028 ns 384 ns
2107420 ns 2107804 ns 384 ns
2124244 ns 2124628 ns 384 ns
2141088 ns 2141472 ns 384 ns
2157960 ns 2158344 ns 384 ns
2174860 ns 2175244 ns 384 ns
2191788 ns 2192304 ns 516 ns
2208732 ns 2209116 ns 384 ns
2225876 ns 2226260 ns 384 ns
2243028 ns 2243412 ns 384 ns
2260256 ns 2260640 ns 384 ns
2277588 ns 2278104 ns 516 ns
2295064 ns 2295448 ns 384 ns
2312564 ns 2312948 ns 384 ns
2330108 ns 2330492 ns 384 ns
2347664 ns 2348304 ns 640 ns
2365388 ns 2365772 ns 384 ns
2383208 ns 2383592 ns 384 ns
2401128 ns 2401512 ns 384 ns
2419112 ns 2419496 ns 384 ns
2437100 ns 2437484 ns 384 ns
2455148 ns 2455536 ns 388 ns
2473216 ns 2473600 ns 384 ns
2491428 ns 2491812 ns 384 ns
2509704 ns 2510088 ns 384 ns
2528004 ns 2528388 ns 384 ns
2546356 ns 2546740 ns 384 ns
2564716 ns 2565100 ns 384 ns
2583144 ns 2583528 ns 384 ns
2601852 ns 2602236 ns 384 ns
2620672 ns 2621304 ns 632 ns
2639496 ns 2639880 ns 384 ns
2658332 ns 2658716 ns 384 ns
2677216 ns 2677600 ns 384 ns
2696108 ns 2696492 ns 384 ns
2715040 ns 2715424 ns 384 ns
2734052 ns 2734436 ns 384 ns
2753076 ns 2753460 ns 384 ns
2772144 ns 2772528 ns 384 ns
2791236 ns 2791620 ns 384 ns
2810404 ns 2810788 ns 384 ns
2829584 ns 2829968 ns 384 ns
2848788 ns 2849172 ns 384 ns
2868016 ns 2868400 ns 384 ns
2887292 ns 2887676 ns 384 ns
2906620 ns 2907004 ns 384 ns
2926048 ns 2926432 ns 384 ns
2945492 ns 2945876 ns 384 ns
2964940 ns 2965324 ns 384 ns
2984404 ns 2984788 ns 384 ns
3004064 ns 3004448 ns 384 ns
3023928 ns 3024312 ns 384 ns
3043884 ns 3044268 ns 384 ns
3063848 ns 3064232 ns 384 ns
