104 ns 644 ns 540 ns
44 ns 796 ns 752 ns
180 ns 872 ns 692 ns
260 ns 948 ns 688 ns
356 ns 1404 ns 1048 ns
528 ns 1556 ns 1028 ns
812 ns 2012 ns 1200 ns
1104 ns 2468 ns 1364 ns
1508 ns 2772 ns 1264 ns
2012 ns 3152 ns 1140 ns
2520 ns 3532 ns 1012 ns
3036 ns 3760 ns 724 ns
3588 ns 4064 ns 476 ns
4360 ns 4736 ns 376 ns
5256 ns 5708 ns 452 ns
6208 ns 6584 ns 376 ns
7304 ns 7680 ns 376 ns
8456 ns 8832 ns 376 ns
9612 ns 10056 ns 444 ns
10772 ns 11148 ns 376 ns
11964 ns 12408 ns 444 ns
13324 ns 13700 ns 376 ns
14748 ns 15124 ns 376 ns
16468 ns 16844 ns 376 ns
18344 ns 18720 ns 376 ns
20368 ns 20744 ns 376 ns
22644 ns 23020 ns 376 ns
24928 ns 25304 ns 376 ns
27236 ns 27612 ns 376 ns
29584 ns 29960 ns 376 ns
32036 ns 32412 ns 376 ns
34492 ns 34868 ns 376 ns
37 us 37376 ns 376 ns
39536 ns 39912 ns 376 ns
42136 ns 42512 ns 376 ns
44780 ns 45208 ns 428 ns
47492 ns 47868 ns 376 ns
50240 ns 50616 ns 376 ns
53016 ns 53392 ns 376 ns
56 us 56376 ns 376 ns
59088 ns 59464 ns 376 ns
62188 ns 62564 ns 376 ns
65320 ns 65696 ns 376 ns
68504 ns 68880 ns 376 ns
71708 ns 72084 ns 376 ns
74964 ns 75340 ns 376 ns
78276 ns 78652 ns 376 ns
81636 ns 82012 ns 376 ns
85108 ns 85484 ns 376 ns
88688 ns 89080 ns 392 ns
92328 ns 92704 ns 376 ns
96016 ns 96392 ns 376 ns
99724 ns 100100 ns 376 ns
103448 ns 103824 ns 376 ns
107176 ns 107552 ns 376 ns
110996 ns 111372 ns 376 ns
114832 ns 115208 ns 376 ns
118864 ns 119240 ns 376 ns
122952 ns 123328 ns 376 ns
127084 ns 127460 ns 376 ns
131244 ns 131620 ns 376 ns
135524 ns 135900 ns 376 ns
139892 ns 140268 ns 376 ns
144272 ns 144648 ns 376 ns
148728 ns 149104 ns 376 ns
153216 ns 153592 ns 376 ns
157784 ns 158160 ns 376 ns
162524 ns 162900 ns 376 ns
167460 ns 167836 ns 376 ns
172488 ns 172864 ns 376 ns
177560 ns 177936 ns 376 ns
182656 ns 183032 ns 376 ns
187764 ns 188140 ns 376 ns
192900 ns 193276 ns 376 ns
198100 ns 198476 ns 376 ns
203320 ns 203696 ns 376 ns
208588 ns 208964 ns 376 ns
213912 ns 214288 ns 376 ns
219300 ns 219676 ns 376 ns
224724 ns 225100 ns 376 ns
230200 ns 230576 ns 376 ns
235704 ns 236080 ns 376 ns
241244 ns 241620 ns 376 ns
246816 ns 247192 ns 376 ns
252416 ns 252792 ns 376 ns
258224 ns 258600 ns 376 ns
264068 ns 264444 ns 376 ns
270012 ns 270388 ns 376 ns
275984 ns 276360 ns 376 ns
281984 ns 282360 ns 376 ns
288040 ns 288416 ns 376 ns
294132 ns 294508 ns 376 ns
300232 ns 300608 ns 376 ns
306336 ns 306712 ns 376 ns
312444 ns 312820 ns 376 ns
318572 ns 318948 ns 376 ns
324768 ns 325144 ns 376 ns
331032 ns 331408 ns 376 ns
337348 ns 337724 ns 376 ns
343736 ns 344112 ns 376 ns
350204 ns 350580 ns 376 ns
356688 ns 357064 ns 376 ns
363232 ns 363608 ns 376 ns
369788 ns 370164 ns 376 ns
376348 ns 376724 ns 376 ns
382960 ns 383344 ns 384 ns
389604 ns 389980 ns 376 ns
396260 ns 396636 ns 376 ns
402948 ns 403324 ns 376 ns
409756 ns 410132 ns 376 ns
416608 ns 416984 ns 376 ns
423712 ns 424088 ns 376 ns
430996 ns 431372 ns 376 ns
438396 ns 438772 ns 376 ns
445804 ns 446180 ns 376 ns
453324 ns 453700 ns 376 ns
460928 ns 461304 ns 376 ns
468536 ns 468964 ns 428 ns
476152 ns 476528 ns 376 ns
483780 ns 484156 ns 376 ns
491496 ns 491900 ns 404 ns
499236 ns 499700 ns 464 ns
507028 ns 507500 ns 472 ns
514836 ns 515300 ns 464 ns
522664 ns 523168 ns 504 ns
530568 ns 530944 ns 376 ns
538496 ns 538872 ns 376 ns
546564 ns 546940 ns 376 ns
554644 ns 555020 ns 376 ns
562760 ns 563144 ns 384 ns
570892 ns 571268 ns 376 ns
579100 ns 579476 ns 376 ns
587320 ns 587696 ns 376 ns
595604 ns 595980 ns 376 ns
603916 ns 604292 ns 376 ns
612236 ns 612612 ns 376 ns
620628 ns 621004 ns 376 ns
629060 ns 629436 ns 376 ns
637532 ns 637980 ns 448 ns
646112 ns 646488 ns 376 ns
654696 ns 655072 ns 376 ns
663348 ns 663724 ns 376 ns
672148 ns 672524 ns 376 ns
680980 ns 681356 ns 376 ns
689832 ns 690208 ns 376 ns
698732 ns 699108 ns 376 ns
707664 ns 708040 ns 376 ns
716708 ns 717084 ns 376 ns
725768 ns 726144 ns 376 ns
734844 ns 735220 ns 376 ns
744 us 744376 ns 376 ns
753208 ns 753584 ns 376 ns
762488 ns 762864 ns 376 ns
771792 ns 772168 ns 376 ns
781104 ns 781480 ns 376 ns
790516 ns 790892 ns 376 ns
799944 ns 800320 ns 376 ns
809428 ns 809804 ns 376 ns
819088 ns 819500 ns 412 ns
828792 ns 829168 ns 376 ns
838580 ns 839028 ns 448 ns
848376 ns 848752 ns 376 ns
858416 ns 858792 ns 376 ns
868460 ns 868836 ns 376 ns
878524 ns 878900 ns 376 ns
888640 ns 889016 ns 376 ns
898776 ns 899152 ns 376 ns
908964 ns 909340 ns 376 ns
919224 ns 919600 ns 376 ns
929488 ns 929864 ns 376 ns
939816 ns 940192 ns 376 ns
950172 ns 950548 ns 376 ns
960664 ns 961040 ns 376 ns
971192 ns 971568 ns 376 ns
981724 ns 982100 ns 376 ns
992284 ns 992660 ns 376 ns
1003152 ns 1003528 ns 376 ns
1014056 ns 1014500 ns 444 ns
1025108 ns 1025528 ns 420 ns
1036168 ns 1036544 ns 376 ns
1047256 ns 1047632 ns 376 ns
1058408 ns 1058784 ns 376 ns
1069640 ns 1070016 ns 376 ns
1080892 ns 1081300 ns 408 ns
1092220 ns 1092596 ns 376 ns
1103568 ns 1103944 ns 376 ns
1115 us 1115376 ns 376 ns
1126464 ns 1126840 ns 376 ns
1137956 ns 1138332 ns 376 ns
1149512 ns 1149888 ns 376 ns
1161132 ns 1161508 ns 376 ns
1172760 ns 1173136 ns 376 ns
1184500 ns 1184876 ns 376 ns
1196392 ns 1196768 ns 376 ns
1208352 ns 1208728 ns 376 ns
1220412 ns 1220788 ns 376 ns
1232628 ns 1233004 ns 376 ns
1244868 ns 1245244 ns 376 ns
1257156 ns 1257532 ns 376 ns
1269472 ns 1269848 ns 376 ns
1281944 ns 1282332 ns 388 ns
1294620 ns 1294996 ns 376 ns
1307384 ns 1307760 ns 376 ns
1320172 ns 1320548 ns 376 ns
1332996 ns 1333372 ns 376 ns
1345888 ns 1346264 ns 376 ns
1358848 ns 1359224 ns 376 ns
1371844 ns 1372220 ns 376 ns
1384904 ns 1385280 ns 376 ns
1397968 ns 1398344 ns 376 ns
1411072 ns 1411448 ns 376 ns
1424348 ns 1424724 ns 376 ns
1437632 ns 1438008 ns 376 ns
1450936 ns 1451316 ns 380 ns
1464272 ns 1464648 ns 376 ns
1477612 ns 1477988 ns 376 ns
1490964 ns 1491340 ns 376 ns
1504404 ns 1504780 ns 376 ns
1517852 ns 1518228 ns 376 ns
1531304 ns 1531680 ns 376 ns
1544848 ns 1545224 ns 376 ns
1558400 ns 1558776 ns 376 ns
1571960 ns 1572336 ns 376 ns
1585676 ns 1586052 ns 376 ns
1599404 ns 1599780 ns 376 ns
1613232 ns 1613608 ns 376 ns
1627260 ns 1627636 ns 376 ns
1641384 ns 1641760 ns 376 ns
1655620 ns 1655996 ns 376 ns
1669868 ns 1670244 ns 376 ns
1684272 ns 1684648 ns 376 ns
1698700 ns 1699076 ns 376 ns
1713240 ns 1713616 ns 376 ns
1727816 ns 1728192 ns 376 ns
1742396 ns 1742772 ns 376 ns
1757056 ns 1757432 ns 376 ns
1771720 ns 1772096 ns 376 ns
1786552 ns 1786948 ns 396 ns
1801576 ns 1801952 ns 376 ns
1816628 ns 1817004 ns 376 ns
1831812 ns 1832188 ns 376 ns
1847016 ns 1847392 ns 376 ns
1862240 ns 1862616 ns 376 ns
1877536 ns 1877912 ns 376 ns
1892864 ns 1893240 ns 376 ns
1908196 ns 1908572 ns 376 ns
1923568 ns 1923944 ns 376 ns
1939044 ns 1939420 ns 376 ns
1954524 ns 1954900 ns 376 ns
1970056 ns 1970432 ns 376 ns
1985600 ns 1985976 ns 376 ns
2001356 ns 2001732 ns 376 ns
2017176 ns 2017552 ns 376 ns
2033020 ns 2033396 ns 376 ns
2049080 ns 2049456 ns 376 ns
2065192 ns 2065568 ns 376 ns
2081364 ns 2081740 ns 376 ns
2097548 ns 2097924 ns 376 ns
2113760 ns 2114300 ns 540 ns
2130096 ns 2130472 ns 376 ns
2146468 ns 2146844 ns 376 ns
2162884 ns 2163260 ns 376 ns
2179524 ns 2179900 ns 376 ns
2196232 ns 2196608 ns 376 ns
2213052 ns 2213428 ns 376 ns
2230024 ns 2230400 ns 376 ns
2247016 ns 2247392 ns 376 ns
2264016 ns 2264392 ns 376 ns
2281044 ns 2281420 ns 376 ns
2298204 ns 2298580 ns 376 ns
2315392 ns 2315768 ns 376 ns
2332648 ns 2333024 ns 376 ns
2349924 ns 2350300 ns 376 ns
2367236 ns 2367612 ns 376 ns
2384572 ns 2384948 ns 376 ns
2401932 ns 2402308 ns 376 ns
2419500 ns 2419876 ns 376 ns
2437160 ns 2437536 ns 376 ns
2454844 ns 2455220 ns 376 ns
2472544 ns 2473100 ns 556 ns
2490292 ns 2490668 ns 376 ns
2508068 ns 2508444 ns 376 ns
2525920 ns 2526296 ns 376 ns
2543880 ns 2544256 ns 376 ns
2561984 ns 2562360 ns 376 ns
2580164 ns 2580540 ns 376 ns
2598380 ns 2598756 ns 376 ns
2616604 ns 2616980 ns 376 ns
2634872 ns 2635248 ns 376 ns
2653284 ns 2653660 ns 376 ns
2671780 ns 2672156 ns 376 ns
2690360 ns 2690736 ns 376 ns
2708944 ns 2709320 ns 376 ns
2727756 ns 2728132 ns 376 ns
2746616 ns 2746992 ns 376 ns
2765616 ns 2765992 ns 376 ns
2784664 ns 2785100 ns 436 ns
2803916 ns 2804292 ns 376 ns
2823216 ns 2823592 ns 376 ns
2842580 ns 2842956 ns 376 ns
2861960 ns 2862336 ns 376 ns
2881360 ns 2881736 ns 376 ns
2900772 ns 2901148 ns 376 ns
2920316 ns 2920692 ns 376 ns
2939880 ns 2940256 ns 376 ns
2959564 ns 2959940 ns 376 ns
2979272 ns 2979648 ns 376 ns
2998996 ns 2999372 ns 376 ns
3018732 ns 3019108 ns 376 ns
3038500 ns 3038876 ns 376 ns
3058344 ns 3058720 ns 376 ns
3078212 ns 3078588 ns 376 ns
3098088 ns 3098464 ns 376 ns
3118076 ns 3118452 ns 376 ns
3138068 ns 3138444 ns 376 ns
