4 ns 380 ns 376 ns
128 ns 704 ns 576 ns
348 ns 1236 ns 888 ns
692 ns 1464 ns 772 ns
1080 ns 1768 ns 688 ns
1472 ns 1996 ns 524 ns
1916 ns 2300 ns 384 ns
2400 ns 2780 ns 380 ns
3 us 3400 ns 400 ns
3632 ns 4008 ns 376 ns
4284 ns 4660 ns 376 ns
5008 ns 5384 ns 376 ns
5736 ns 6112 ns 376 ns
6568 ns 6944 ns 376 ns
7460 ns 7836 ns 376 ns
8432 ns 8808 ns 376 ns
9428 ns 9804 ns 376 ns
10468 ns 10844 ns 376 ns
11520 ns 11896 ns 376 ns
12728 ns 13104 ns 376 ns
13972 ns 14348 ns 376 ns
15256 ns 15632 ns 376 ns
16560 ns 16936 ns 376 ns
17956 ns 18348 ns 392 ns
19388 ns 19808 ns 420 ns
21008 ns 21384 ns 376 ns
22656 ns 23104 ns 448 ns
24316 ns 24720 ns 404 ns
25996 ns 26372 ns 376 ns
27696 ns 28072 ns 376 ns
29420 ns 29828 ns 408 ns
31208 ns 31740 ns 532 ns
33036 ns 33412 ns 376 ns
34968 ns 35344 ns 376 ns
36908 ns 37284 ns 376 ns
38900 ns 39500 ns 600 ns
40900 ns 41276 ns 376 ns
43020 ns 43396 ns 376 ns
45236 ns 45612 ns 376 ns
47460 ns 47836 ns 376 ns
49812 ns 50200 ns 388 ns
52184 ns 52560 ns 376 ns
54620 ns 55100 ns 480 ns
57080 ns 57456 ns 376 ns
59580 ns 59960 ns 380 ns
62104 ns 62512 ns 408 ns
64632 ns 65008 ns 376 ns
67172 ns 67548 ns 376 ns
69720 ns 70096 ns 376 ns
72304 ns 72680 ns 376 ns
74916 ns 75292 ns 376 ns
77648 ns 78044 ns 396 ns
80504 ns 80880 ns 376 ns
83444 ns 83832 ns 388 ns
86416 ns 86792 ns 376 ns
89408 ns 89784 ns 376 ns
92456 ns 92832 ns 376 ns
95512 ns 95888 ns 376 ns
98652 ns 99028 ns 376 ns
101796 ns 102172 ns 376 ns
104976 ns 105352 ns 376 ns
108200 ns 108576 ns 376 ns
111452 ns 111828 ns 376 ns
114772 ns 115148 ns 376 ns
118096 ns 118472 ns 376 ns
121580 ns 121956 ns 376 ns
125072 ns 125448 ns 376 ns
128656 ns 129032 ns 376 ns
132264 ns 132640 ns 376 ns
135944 ns 136320 ns 376 ns
139720 ns 140096 ns 376 ns
143584 ns 143960 ns 376 ns
147472 ns 147848 ns 376 ns
151396 ns 151772 ns 376 ns
155328 ns 155704 ns 376 ns
159516 ns 159892 ns 376 ns
163716 ns 164376 ns 660 ns
167972 ns 168348 ns 376 ns
172288 ns 172664 ns 376 ns
176664 ns 177040 ns 376 ns
181056 ns 181432 ns 376 ns
185572 ns 185948 ns 376 ns
190152 ns 190528 ns 376 ns
194740 ns 195116 ns 376 ns
199428 ns 199804 ns 376 ns
204160 ns 204536 ns 376 ns
208908 ns 209284 ns 376 ns
213664 ns 214040 ns 376 ns
218548 ns 218976 ns 428 ns
223496 ns 223872 ns 376 ns
228448 ns 228824 ns 376 ns
233428 ns 233804 ns 376 ns
238448 ns 238824 ns 376 ns
243624 ns 244 us 376 ns
248820 ns 249196 ns 376 ns
254148 ns 254524 ns 376 ns
259552 ns 259928 ns 376 ns
265016 ns 265392 ns 376 ns
270648 ns 271024 ns 376 ns
276360 ns 276736 ns 376 ns
282368 ns 282744 ns 376 ns
288388 ns 288764 ns 376 ns
294428 ns 294804 ns 376 ns
300472 ns 300848 ns 376 ns
306532 ns 306908 ns 376 ns
312652 ns 313028 ns 376 ns
318876 ns 319252 ns 376 ns
325128 ns 325504 ns 376 ns
331544 ns 331920 ns 376 ns
337984 ns 338360 ns 376 ns
344492 ns 344868 ns 376 ns
351068 ns 351500 ns 432 ns
357688 ns 358064 ns 376 ns
364524 ns 364900 ns 376 ns
371396 ns 371772 ns 376 ns
378464 ns 378840 ns 376 ns
385576 ns 385952 ns 376 ns
392744 ns 393120 ns 376 ns
399944 ns 400320 ns 376 ns
407184 ns 407560 ns 376 ns
414500 ns 414876 ns 376 ns
421848 ns 422224 ns 376 ns
429240 ns 429616 ns 376 ns
436720 ns 437300 ns 580 ns
444228 ns 444604 ns 376 ns
451764 ns 452140 ns 376 ns
459396 ns 459772 ns 376 ns
467068 ns 467444 ns 376 ns
474768 ns 475144 ns 376 ns
482496 ns 482872 ns 376 ns
490368 ns 490744 ns 376 ns
498308 ns 498684 ns 376 ns
506316 ns 506692 ns 376 ns
514352 ns 514728 ns 376 ns
522456 ns 522832 ns 376 ns
530660 ns 531036 ns 376 ns
538916 ns 539292 ns 376 ns
547252 ns 547628 ns 376 ns
555608 ns 555984 ns 376 ns
563984 ns 564360 ns 376 ns
572444 ns 572820 ns 376 ns
580980 ns 581356 ns 376 ns
589520 ns 589896 ns 376 ns
598152 ns 598528 ns 376 ns
606840 ns 607216 ns 376 ns
615568 ns 615944 ns 376 ns
624408 ns 624784 ns 376 ns
633272 ns 633648 ns 376 ns
642168 ns 642544 ns 376 ns
651140 ns 651516 ns 376 ns
660180 ns 660556 ns 376 ns
669248 ns 669624 ns 376 ns
678336 ns 678712 ns 376 ns
687520 ns 687896 ns 376 ns
696740 ns 697116 ns 376 ns
706068 ns 706444 ns 376 ns
715400 ns 715776 ns 376 ns
724840 ns 725216 ns 376 ns
734420 ns 734796 ns 376 ns
744044 ns 744420 ns 376 ns
753684 ns 754060 ns 376 ns
763348 ns 763732 ns 384 ns
773152 ns 773528 ns 376 ns
782968 ns 783344 ns 376 ns
792792 ns 793168 ns 376 ns
802748 ns 803124 ns 376 ns
812856 ns 813232 ns 376 ns
822988 ns 823364 ns 376 ns
833160 ns 833536 ns 376 ns
843344 ns 843720 ns 376 ns
853556 ns 853932 ns 376 ns
863836 ns 864212 ns 376 ns
874136 ns 874512 ns 376 ns
884472 ns 884848 ns 376 ns
894896 ns 895272 ns 376 ns
905344 ns 905720 ns 376 ns
915796 ns 916172 ns 376 ns
926260 ns 926636 ns 376 ns
936756 ns 937132 ns 376 ns
947300 ns 947676 ns 376 ns
958004 ns 958380 ns 376 ns
968744 ns 969120 ns 376 ns
979500 ns 979876 ns 376 ns
990392 ns 990768 ns 376 ns
1001360 ns 1001736 ns 376 ns
1012332 ns 1012708 ns 376 ns
1023480 ns 1023856 ns 376 ns
1034720 ns 1035096 ns 376 ns
1046040 ns 1046416 ns 376 ns
1057516 ns 1057892 ns 376 ns
1069212 ns 1069588 ns 376 ns
1080916 ns 1081328 ns 412 ns
1092684 ns 1093060 ns 376 ns
1104472 ns 1104848 ns 376 ns
1116320 ns 1116696 ns 376 ns
1128240 ns 1128616 ns 376 ns
1140176 ns 1140552 ns 376 ns
1152156 ns 1152532 ns 376 ns
1164184 ns 1164560 ns 376 ns
1176256 ns 1176632 ns 376 ns
1188352 ns 1188728 ns 376 ns
1200552 ns 1200928 ns 376 ns
1212864 ns 1213240 ns 376 ns
1225224 ns 1225600 ns 376 ns
1237632 ns 1238008 ns 376 ns
1250084 ns 1250460 ns 376 ns
1262608 ns 1262984 ns 376 ns
1275156 ns 1275532 ns 376 ns
1287724 ns 1288100 ns 376 ns
1300368 ns 1300744 ns 376 ns
1313056 ns 1313432 ns 376 ns
1325760 ns 1326136 ns 376 ns
1338508 ns 1338884 ns 376 ns
1351284 ns 1351660 ns 376 ns
1364136 ns 1364512 ns 376 ns
1377092 ns 1377468 ns 376 ns
1390080 ns 1390456 ns 376 ns
1403080 ns 1403456 ns 376 ns
1416212 ns 1416588 ns 376 ns
1429348 ns 1429724 ns 376 ns
1442516 ns 1442892 ns 376 ns
1455732 ns 1456108 ns 376 ns
1468984 ns 1469360 ns 376 ns
1482272 ns 1482648 ns 376 ns
1495796 ns 1496172 ns 376 ns
1509400 ns 1509776 ns 376 ns
1523236 ns 1523612 ns 376 ns
1537076 ns 1537452 ns 376 ns
1550968 ns 1551344 ns 376 ns
1564868 ns 1565244 ns 376 ns
1578796 ns 1579172 ns 376 ns
1592868 ns 1593256 ns 388 ns
1607096 ns 1607472 ns 376 ns
1621352 ns 1621728 ns 376 ns
1635616 ns 1635992 ns 376 ns
1649944 ns 1650320 ns 376 ns
1664300 ns 1664676 ns 376 ns
1678848 ns 1679224 ns 376 ns
1693524 ns 1693900 ns 376 ns
1708216 ns 1708700 ns 484 ns
1722948 ns 1723324 ns 376 ns
1737724 ns 1738100 ns 376 ns
1752640 ns 1753016 ns 376 ns
1767708 ns 1768084 ns 376 ns
1782812 ns 1783188 ns 376 ns
1797964 ns 1798340 ns 376 ns
1813136 ns 1813576 ns 440 ns
1828352 ns 1828728 ns 376 ns
1843600 ns 1843976 ns 376 ns
1858852 ns 1859228 ns 376 ns
1874172 ns 1874548 ns 376 ns
1889520 ns 1889896 ns 376 ns
1904912 ns 1905288 ns 376 ns
1920348 ns 1920724 ns 376 ns
1935844 ns 1936220 ns 376 ns
1951408 ns 1951784 ns 376 ns
1966988 ns 1967364 ns 376 ns
1982584 ns 1982960 ns 376 ns
1998228 ns 1998604 ns 376 ns
2013892 ns 2014288 ns 396 ns
2029608 ns 2029984 ns 376 ns
2045392 ns 2045768 ns 376 ns
2061192 ns 2061568 ns 376 ns
2077004 ns 2077380 ns 376 ns
2092840 ns 2093216 ns 376 ns
2108732 ns 2109108 ns 376 ns
2124704 ns 2125080 ns 376 ns
2140836 ns 2141212 ns 376 ns
2156984 ns 2157360 ns 376 ns
2173284 ns 2173660 ns 376 ns
2189640 ns 2190016 ns 376 ns
2206020 ns 2206400 ns 380 ns
2222456 ns 2222832 ns 376 ns
2238980 ns 2239356 ns 376 ns
2255636 ns 2256012 ns 376 ns
2272428 ns 2272804 ns 376 ns
2289236 ns 2289656 ns 420 ns
2306124 ns 2306500 ns 376 ns
2323032 ns 2323408 ns 376 ns
2339988 ns 2340500 ns 512 ns
2356984 ns 2357360 ns 376 ns
2374104 ns 2374480 ns 376 ns
2391296 ns 2391672 ns 376 ns
2408548 ns 2408924 ns 376 ns
2425816 ns 2426300 ns 484 ns
2443096 ns 2443472 ns 376 ns
2460388 ns 2460764 ns 376 ns
2477740 ns 2478116 ns 376 ns
2495140 ns 2495516 ns 376 ns
2512564 ns 2512940 ns 376 ns
2530076 ns 2530452 ns 376 ns
2547592 ns 2547968 ns 376 ns
2565192 ns 2565568 ns 376 ns
2582832 ns 2583208 ns 376 ns
2600540 ns 2600916 ns 376 ns
2618284 ns 2618660 ns 376 ns
2636100 ns 2636476 ns 376 ns
2653940 ns 2654316 ns 376 ns
2671816 ns 2672192 ns 376 ns
2689816 ns 2690192 ns 376 ns
2707912 ns 2708288 ns 376 ns
2726024 ns 2726400 ns 376 ns
2744176 ns 2744552 ns 376 ns
2762348 ns 2762724 ns 376 ns
2780548 ns 2780924 ns 376 ns
2798836 ns 2799212 ns 376 ns
2817176 ns 2817552 ns 376 ns
2835616 ns 2835992 ns 376 ns
2854092 ns 2854468 ns 376 ns
2872616 ns 2872992 ns 376 ns
2891268 ns 2891644 ns 376 ns
2909932 ns 2910308 ns 376 ns
2928620 ns 2928996 ns 376 ns
2947352 ns 2947728 ns 376 ns
2966088 ns 2966464 ns 376 ns
2984868 ns 2985244 ns 376 ns
3003652 ns 3004028 ns 376 ns
3022556 ns 3022932 ns 376 ns
3041476 ns 3041852 ns 376 ns
3060436 ns 3060812 ns 376 ns
3079520 ns 3079896 ns 376 ns
3098664 ns 3099040 ns 376 ns
3117840 ns 3118216 ns 376 ns
3137032 ns 3137408 ns 376 ns
3156336 ns 3156712 ns 376 ns
3175836 ns 3176212 ns 376 ns
3195504 ns 3195880 ns 376 ns
3215204 ns 3215580 ns 376 ns
3235060 ns 3235436 ns 376 ns
3254968 ns 3255344 ns 376 ns
3274900 ns 3275276 ns 376 ns
3294860 ns 3295236 ns 376 ns
3314836 ns 3315212 ns 376 ns
