88 ns 632 ns 544 ns
224 ns 860 ns 636 ns
420 ns 1164 ns 744 ns
668 ns 1392 ns 724 ns
1024 ns 1696 ns 672 ns
1492 ns 2152 ns 660 ns
2064 ns 2532 ns 468 ns
2672 ns 3100 ns 428 ns
3320 ns 3756 ns 436 ns
4012 ns 4428 ns 416 ns
4708 ns 5092 ns 384 ns
5544 ns 6012 ns 468 ns
6384 ns 6772 ns 388 ns
7236 ns 7620 ns 384 ns
8108 ns 8492 ns 384 ns
8984 ns 9368 ns 384 ns
9968 ns 10352 ns 384 ns
11348 ns 11732 ns 384 ns
12952 ns 13368 ns 416 ns
14568 ns 14952 ns 384 ns
16208 ns 16592 ns 384 ns
17884 ns 18268 ns 384 ns
19636 ns 20020 ns 384 ns
21392 ns 21780 ns 388 ns
23300 ns 23932 ns 632 ns
25212 ns 25596 ns 384 ns
27128 ns 27512 ns 384 ns
29052 ns 29500 ns 448 ns
31024 ns 31408 ns 384 ns
33184 ns 33604 ns 420 ns
35420 ns 35804 ns 384 ns
37740 ns 38124 ns 384 ns
40116 ns 40500 ns 384 ns
42500 ns 42884 ns 384 ns
45236 ns 45692 ns 456 ns
47992 ns 48376 ns 384 ns
50756 ns 51140 ns 384 ns
53572 ns 53956 ns 384 ns
56528 ns 56912 ns 384 ns
59504 ns 59888 ns 384 ns
62588 ns 62980 ns 392 ns
65804 ns 66188 ns 384 ns
69052 ns 69436 ns 384 ns
72340 ns 72760 ns 420 ns
75752 ns 76156 ns 404 ns
79324 ns 79708 ns 384 ns
82920 ns 83304 ns 384 ns
86552 ns 86936 ns 384 ns
90308 ns 90692 ns 384 ns
94076 ns 94460 ns 384 ns
97856 ns 98240 ns 384 ns
101684 ns 102068 ns 384 ns
105736 ns 106120 ns 384 ns
109856 ns 110240 ns 384 ns
114024 ns 114408 ns 384 ns
118200 ns 118644 ns 444 ns
122396 ns 122780 ns 384 ns
126612 ns 126996 ns 384 ns
130836 ns 131220 ns 384 ns
135064 ns 135448 ns 384 ns
139388 ns 139772 ns 384 ns
143812 ns 144196 ns 384 ns
148240 ns 148704 ns 464 ns
152672 ns 153056 ns 384 ns
157292 ns 157676 ns 384 ns
161944 ns 162328 ns 384 ns
166720 ns 167104 ns 384 ns
171576 ns 172104 ns 528 ns
176448 ns 176832 ns 384 ns
181408 ns 181792 ns 384 ns
186476 ns 186860 ns 384 ns
191628 ns 192012 ns 384 ns
196872 ns 197256 ns 384 ns
202128 ns 202512 ns 384 ns
207496 ns 207880 ns 384 ns
213044 ns 213428 ns 384 ns
218624 ns 219056 ns 432 ns
224228 ns 224612 ns 384 ns
229844 ns 230228 ns 384 ns
235488 ns 235872 ns 384 ns
241152 ns 241536 ns 384 ns
246976 ns 247360 ns 384 ns
252936 ns 253320 ns 384 ns
259 us 259384 ns 384 ns
265080 ns 265704 ns 624 ns
271228 ns 271612 ns 384 ns
277380 ns 277764 ns 384 ns
283548 ns 283932 ns 384 ns
289892 ns 290276 ns 384 ns
296264 ns 296904 ns 640 ns
302640 ns 303024 ns 384 ns
309020 ns 309436 ns 416 ns
315484 ns 315868 ns 384 ns
322048 ns 322432 ns 384 ns
328636 ns 329020 ns 384 ns
335268 ns 335904 ns 636 ns
341936 ns 342320 ns 384 ns
348660 ns 349044 ns 384 ns
355488 ns 355872 ns 384 ns
362464 ns 362848 ns 384 ns
369448 ns 369832 ns 384 ns
376524 ns 376908 ns 384 ns
383620 ns 384004 ns 384 ns
390756 ns 391140 ns 384 ns
397960 ns 398344 ns 384 ns
405268 ns 405652 ns 384 ns
412624 ns 413008 ns 384 ns
420004 ns 420388 ns 384 ns
427428 ns 427812 ns 384 ns
435068 ns 435452 ns 384 ns
442752 ns 443136 ns 384 ns
450688 ns 451072 ns 384 ns
458832 ns 459216 ns 384 ns
466988 ns 467372 ns 384 ns
475260 ns 475644 ns 384 ns
483592 ns 484104 ns 512 ns
492040 ns 492424 ns 384 ns
500520 ns 500904 ns 384 ns
509020 ns 509404 ns 384 ns
517660 ns 518044 ns 384 ns
526308 ns 526692 ns 384 ns
534980 ns 535364 ns 384 ns
543656 ns 544040 ns 384 ns
552360 ns 552744 ns 384 ns
561140 ns 561524 ns 384 ns
569936 ns 570320 ns 384 ns
578816 ns 579200 ns 384 ns
587936 ns 588320 ns 384 ns
597108 ns 597492 ns 384 ns
606308 ns 606692 ns 384 ns
615616 ns 616024 ns 408 ns
624968 ns 625352 ns 384 ns
634400 ns 634784 ns 384 ns
643844 ns 644228 ns 384 ns
653324 ns 653708 ns 384 ns
662876 ns 663504 ns 628 ns
672508 ns 672892 ns 384 ns
682268 ns 682652 ns 384 ns
692220 ns 692604 ns 384 ns
702224 ns 702608 ns 384 ns
712244 ns 712628 ns 384 ns
722392 ns 722776 ns 384 ns
732584 ns 732968 ns 384 ns
742784 ns 743168 ns 384 ns
753004 ns 753388 ns 384 ns
763276 ns 763660 ns 384 ns
773584 ns 773968 ns 384 ns
783944 ns 784328 ns 384 ns
794388 ns 794772 ns 384 ns
804888 ns 805272 ns 384 ns
815532 ns 815916 ns 384 ns
826188 ns 826572 ns 384 ns
836864 ns 837248 ns 384 ns
847660 ns 848044 ns 384 ns
858484 ns 858868 ns 384 ns
869320 ns 869704 ns 384 ns
880192 ns 880576 ns 384 ns
891072 ns 891456 ns 384 ns
901972 ns 902356 ns 384 ns
912884 ns 913268 ns 384 ns
923832 ns 924216 ns 384 ns
934816 ns 935200 ns 384 ns
945892 ns 946276 ns 384 ns
957188 ns 957572 ns 384 ns
968592 ns 968976 ns 384 ns
980016 ns 980400 ns 384 ns
991580 ns 991964 ns 384 ns
1003180 ns 1003564 ns 384 ns
1014820 ns 1015204 ns 384 ns
1026520 ns 1026904 ns 384 ns
1038228 ns 1038612 ns 384 ns
1049964 ns 1050348 ns 384 ns
1061708 ns 1062092 ns 384 ns
1073460 ns 1073844 ns 384 ns
1085224 ns 1085608 ns 384 ns
1097008 ns 1097412 ns 404 ns
1108820 ns 1109204 ns 384 ns
1120644 ns 1121028 ns 384 ns
1132480 ns 1132864 ns 384 ns
1144352 ns 1144736 ns 384 ns
1156240 ns 1156624 ns 384 ns
1168148 ns 1168532 ns 384 ns
1180092 ns 1180476 ns 384 ns
1192088 ns 1192472 ns 384 ns
1204172 ns 1204556 ns 384 ns
1216288 ns 1216672 ns 384 ns
1228536 ns 1228920 ns 384 ns
1240912 ns 1241296 ns 384 ns
1253336 ns 1253720 ns 384 ns
1265776 ns 1266160 ns 384 ns
1278276 ns 1278660 ns 384 ns
1290788 ns 1291172 ns 384 ns
1303348 ns 1303732 ns 384 ns
1316032 ns 1316416 ns 384 ns
1328760 ns 1329144 ns 384 ns
1341528 ns 1342104 ns 576 ns
1354344 ns 1354728 ns 384 ns
1367392 ns 1367776 ns 384 ns
1380536 ns 1381104 ns 568 ns
1393688 ns 1394072 ns 384 ns
1406928 ns 1407312 ns 384 ns
1420300 ns 1420684 ns 384 ns
1433692 ns 1434076 ns 384 ns
1447092 ns 1447476 ns 384 ns
1460508 ns 1460892 ns 384 ns
1473952 ns 1474336 ns 384 ns
1487588 ns 1487972 ns 384 ns
1501280 ns 1501664 ns 384 ns
1514992 ns 1515376 ns 384 ns
1528736 ns 1529304 ns 568 ns
1542580 ns 1542964 ns 384 ns
1556432 ns 1556816 ns 384 ns
1570288 ns 1570672 ns 384 ns
1584160 ns 1584544 ns 384 ns
1598040 ns 1598424 ns 384 ns
1611948 ns 1612332 ns 384 ns
1625860 ns 1626244 ns 384 ns
1639852 ns 1640236 ns 384 ns
1653868 ns 1654252 ns 384 ns
1667912 ns 1668296 ns 384 ns
1682032 ns 1682416 ns 384 ns
1696244 ns 1696628 ns 384 ns
1710616 ns 1711 us 384 ns
1725144 ns 1725528 ns 384 ns
1739732 ns 1740116 ns 384 ns
1754328 ns 1754712 ns 384 ns
1768940 ns 1769324 ns 384 ns
1783596 ns 1783980 ns 384 ns
1798312 ns 1798696 ns 384 ns
1813120 ns 1813504 ns 384 ns
1827936 ns 1828320 ns 384 ns
1842900 ns 1843284 ns 384 ns
1858036 ns 1858420 ns 384 ns
1873272 ns 1873656 ns 384 ns
1888596 ns 1888980 ns 384 ns
1904012 ns 1904396 ns 384 ns
1919432 ns 1919816 ns 384 ns
1934860 ns 1935244 ns 384 ns
1950304 ns 1950688 ns 384 ns
1965804 ns 1966188 ns 384 ns
1981344 ns 1981728 ns 384 ns
1997016 ns 1997400 ns 384 ns
2012704 ns 2013088 ns 384 ns
2028400 ns 2028784 ns 384 ns
2044104 ns 2044532 ns 428 ns
2059852 ns 2060236 ns 384 ns
2075876 ns 2076260 ns 384 ns
2091968 ns 2092352 ns 384 ns
2108096 ns 2108480 ns 384 ns
2124252 ns 2124636 ns 384 ns
2140524 ns 2140908 ns 384 ns
2156848 ns 2157232 ns 384 ns
2173196 ns 2173580 ns 384 ns
2189560 ns 2189944 ns 384 ns
2205944 ns 2206328 ns 384 ns
2222336 ns 2222720 ns 384 ns
2238768 ns 2239152 ns 384 ns
2255212 ns 2255596 ns 384 ns
2271676 ns 2272060 ns 384 ns
2288156 ns 2288540 ns 384 ns
2304744 ns 2305128 ns 384 ns
2321368 ns 2321752 ns 384 ns
2338216 ns 2338600 ns 384 ns
2355128 ns 2355512 ns 384 ns
2372080 ns 2372464 ns 384 ns
2389040 ns 2389424 ns 384 ns
2406064 ns 2406448 ns 384 ns
2423120 ns 2423504 ns 384 ns
2440184 ns 2440568 ns 384 ns
2457576 ns 2457960 ns 384 ns
2474984 ns 2475368 ns 384 ns
2492420 ns 2492804 ns 384 ns
2509876 ns 2510260 ns 384 ns
2527360 ns 2527744 ns 384 ns
2544900 ns 2545284 ns 384 ns
2562552 ns 2562936 ns 384 ns
2580344 ns 2580728 ns 384 ns
2598152 ns 2598536 ns 384 ns
2615984 ns 2616368 ns 384 ns
2633844 ns 2634228 ns 384 ns
2651808 ns 2652192 ns 384 ns
2669880 ns 2670264 ns 384 ns
2687968 ns 2688352 ns 384 ns
2706068 ns 2706452 ns 384 ns
2724260 ns 2724644 ns 384 ns
2742608 ns 2742992 ns 384 ns
2761152 ns 2761720 ns 568 ns
2779728 ns 2780112 ns 384 ns
2798368 ns 2798752 ns 384 ns
2817052 ns 2817436 ns 384 ns
2835772 ns 2836156 ns 384 ns
2854532 ns 2854916 ns 384 ns
2873388 ns 2873772 ns 384 ns
2892300 ns 2892684 ns 384 ns
2911228 ns 2911612 ns 384 ns
2930236 ns 2930620 ns 384 ns
2949360 ns 2949744 ns 384 ns
2968492 ns 2968876 ns 384 ns
2987692 ns 2988076 ns 384 ns
3006900 ns 3007284 ns 384 ns
3026132 ns 3026516 ns 384 ns
3045424 ns 3045808 ns 384 ns
3064740 ns 3065124 ns 384 ns
3084060 ns 3084444 ns 384 ns
3103396 ns 3103780 ns 384 ns
3122792 ns 3123176 ns 384 ns
3142252 ns 3142636 ns 384 ns
3162036 ns 3162420 ns 384 ns
3181852 ns 3182236 ns 384 ns
3201704 ns 3202088 ns 384 ns
