52 ns 480 ns 428 ns
184 ns 708 ns 524 ns
360 ns 936 ns 576 ns
576 ns 1240 ns 664 ns
1068 ns 1620 ns 552 ns
1616 ns 2084 ns 468 ns
2184 ns 2588 ns 404 ns
2764 ns 3176 ns 412 ns
3400 ns 3812 ns 412 ns
4084 ns 4468 ns 384 ns
4804 ns 5188 ns 384 ns
5692 ns 6076 ns 384 ns
6660 ns 7044 ns 384 ns
7708 ns 8380 ns 672 ns
8772 ns 9156 ns 384 ns
9864 ns 10248 ns 384 ns
11 us 11384 ns 384 ns
12164 ns 12548 ns 384 ns
13380 ns 13764 ns 384 ns
14660 ns 15044 ns 384 ns
16004 ns 16388 ns 384 ns
17484 ns 17868 ns 384 ns
18980 ns 19364 ns 384 ns
20496 ns 20880 ns 384 ns
22056 ns 22440 ns 384 ns
23668 ns 24092 ns 424 ns
25304 ns 25736 ns 432 ns
27012 ns 27404 ns 392 ns
28968 ns 29352 ns 384 ns
30944 ns 31328 ns 384 ns
32932 ns 33316 ns 384 ns
34980 ns 35412 ns 432 ns
37044 ns 37428 ns 384 ns
39120 ns 39520 ns 400 ns
41264 ns 41648 ns 384 ns
43460 ns 43844 ns 384 ns
45864 ns 46248 ns 384 ns
48284 ns 48668 ns 384 ns
50796 ns 51180 ns 384 ns
53316 ns 53700 ns 384 ns
55976 ns 56360 ns 384 ns
58656 ns 59040 ns 384 ns
61380 ns 61764 ns 384 ns
64204 ns 64644 ns 440 ns
67128 ns 67512 ns 384 ns
70060 ns 70444 ns 384 ns
73004 ns 73388 ns 384 ns
75956 ns 76340 ns 384 ns
78920 ns 79304 ns 384 ns
81944 ns 82328 ns 384 ns
84996 ns 85380 ns 384 ns
88256 ns 88640 ns 384 ns
91520 ns 91904 ns 384 ns
94812 ns 95196 ns 384 ns
98152 ns 98536 ns 384 ns
101520 ns 101904 ns 384 ns
104928 ns 105312 ns 384 ns
108380 ns 108764 ns 384 ns
112 us 112384 ns 384 ns
115652 ns 116036 ns 384 ns
119460 ns 119844 ns 384 ns
123304 ns 123688 ns 384 ns
127212 ns 127596 ns 384 ns
131216 ns 131600 ns 384 ns
135372 ns 135756 ns 384 ns
139644 ns 140028 ns 384 ns
144040 ns 144424 ns 384 ns
148444 ns 148828 ns 384 ns
152968 ns 153352 ns 384 ns
157520 ns 157904 ns 384 ns
162076 ns 162460 ns 384 ns
166704 ns 167088 ns 384 ns
171364 ns 171748 ns 384 ns
176044 ns 176428 ns 384 ns
180796 ns 181180 ns 384 ns
185584 ns 185968 ns 384 ns
190392 ns 190776 ns 384 ns
195204 ns 195588 ns 384 ns
200132 ns 200516 ns 384 ns
205096 ns 205480 ns 384 ns
210188 ns 210572 ns 384 ns
215412 ns 215796 ns 384 ns
220672 ns 221056 ns 384 ns
225972 ns 226356 ns 384 ns
231352 ns 231736 ns 384 ns
236824 ns 237208 ns 384 ns
242312 ns 242696 ns 384 ns
247824 ns 248208 ns 384 ns
253484 ns 253868 ns 384 ns
259164 ns 259548 ns 384 ns
264852 ns 265236 ns 384 ns
270716 ns 271100 ns 384 ns
276628 ns 277012 ns 384 ns
282620 ns 283004 ns 384 ns
288752 ns 289136 ns 384 ns
294896 ns 295280 ns 384 ns
301204 ns 301588 ns 384 ns
307656 ns 308040 ns 384 ns
314180 ns 314564 ns 384 ns
320772 ns 321156 ns 384 ns
327412 ns 327796 ns 384 ns
334072 ns 334456 ns 384 ns
340776 ns 341160 ns 384 ns
347560 ns 347944 ns 384 ns
354356 ns 354740 ns 384 ns
361232 ns 361616 ns 384 ns
368172 ns 368556 ns 384 ns
375132 ns 375584 ns 452 ns
382120 ns 382704 ns 584 ns
389180 ns 389564 ns 384 ns
396252 ns 396636 ns 384 ns
403376 ns 403760 ns 384 ns
410624 ns 411008 ns 384 ns
417892 ns 418276 ns 384 ns
425184 ns 425568 ns 384 ns
432552 ns 432936 ns 384 ns
440044 ns 440428 ns 384 ns
447568 ns 447952 ns 384 ns
455188 ns 455572 ns 384 ns
463032 ns 463416 ns 384 ns
470888 ns 471272 ns 384 ns
478804 ns 479188 ns 384 ns
486788 ns 487172 ns 384 ns
494788 ns 495172 ns 384 ns
502836 ns 503220 ns 384 ns
510936 ns 511320 ns 384 ns
519088 ns 519472 ns 384 ns
527300 ns 527684 ns 384 ns
535652 ns 536036 ns 384 ns
544064 ns 544448 ns 384 ns
552488 ns 552872 ns 384 ns
560956 ns 561340 ns 384 ns
569440 ns 569904 ns 464 ns
577944 ns 578328 ns 384 ns
586604 ns 586988 ns 384 ns
595328 ns 595712 ns 384 ns
604116 ns 604500 ns 384 ns
612960 ns 613344 ns 384 ns
621852 ns 622236 ns 384 ns
630768 ns 631152 ns 384 ns
639708 ns 640104 ns 396 ns
648724 ns 649108 ns 384 ns
657940 ns 658324 ns 384 ns
667168 ns 667552 ns 384 ns
676400 ns 676784 ns 384 ns
685700 ns 686084 ns 384 ns
695116 ns 695500 ns 384 ns
704536 ns 704920 ns 384 ns
713960 ns 714344 ns 384 ns
723424 ns 723808 ns 384 ns
732948 ns 733332 ns 384 ns
742508 ns 742892 ns 384 ns
752144 ns 752528 ns 384 ns
761820 ns 762204 ns 384 ns
771544 ns 771928 ns 384 ns
781396 ns 781780 ns 384 ns
791388 ns 791772 ns 384 ns
801540 ns 801924 ns 384 ns
811792 ns 812176 ns 384 ns
822136 ns 822520 ns 384 ns
832508 ns 832892 ns 384 ns
842908 ns 843292 ns 384 ns
853416 ns 853800 ns 384 ns
863932 ns 864316 ns 384 ns
874456 ns 874840 ns 384 ns
885208 ns 885592 ns 384 ns
895988 ns 896372 ns 384 ns
906912 ns 907296 ns 384 ns
917888 ns 918272 ns 384 ns
928916 ns 929300 ns 384 ns
939952 ns 940336 ns 384 ns
951024 ns 951408 ns 384 ns
962108 ns 962492 ns 384 ns
973468 ns 973852 ns 384 ns
985016 ns 985400 ns 384 ns
996808 ns 997192 ns 384 ns
1009016 ns 1009400 ns 384 ns
1021244 ns 1021628 ns 384 ns
1033548 ns 1033932 ns 384 ns
1046088 ns 1046472 ns 384 ns
1058712 ns 1059096 ns 384 ns
1071344 ns 1071728 ns 384 ns
1083996 ns 1084380 ns 384 ns
1096656 ns 1097040 ns 384 ns
1109520 ns 1109904 ns 384 ns
1122416 ns 1122800 ns 384 ns
1135408 ns 1135792 ns 384 ns
1148432 ns 1148816 ns 384 ns
1161544 ns 1161928 ns 384 ns
1174724 ns 1175108 ns 384 ns
1187924 ns 1188308 ns 384 ns
1201152 ns 1201780 ns 628 ns
1214416 ns 1214800 ns 384 ns
1227796 ns 1228180 ns 384 ns
1241220 ns 1241604 ns 384 ns
1254656 ns 1255040 ns 384 ns
1268164 ns 1268548 ns 384 ns
1281872 ns 1282256 ns 384 ns
1295692 ns 1296076 ns 384 ns
1309748 ns 1310132 ns 384 ns
1323852 ns 1324236 ns 384 ns
1338052 ns 1338436 ns 384 ns
1352416 ns 1352800 ns 384 ns
1366816 ns 1367200 ns 384 ns
1381224 ns 1381648 ns 424 ns
1395664 ns 1396048 ns 384 ns
1410124 ns 1410508 ns 384 ns
1424604 ns 1424988 ns 384 ns
1439088 ns 1439472 ns 384 ns
1453592 ns 1453976 ns 384 ns
1468116 ns 1468500 ns 384 ns
1482652 ns 1483036 ns 384 ns
1497284 ns 1497668 ns 384 ns
1511968 ns 1512352 ns 384 ns
1526752 ns 1527136 ns 384 ns
1541620 ns 1542004 ns 384 ns
1556576 ns 1556960 ns 384 ns
1571596 ns 1571980 ns 384 ns
1586628 ns 1587012 ns 384 ns
1601744 ns 1602128 ns 384 ns
1616872 ns 1617256 ns 384 ns
1632016 ns 1632400 ns 384 ns
1647224 ns 1647608 ns 384 ns
1662508 ns 1662892 ns 384 ns
1677816 ns 1678200 ns 384 ns
1693308 ns 1693692 ns 384 ns
1708820 ns 1709204 ns 384 ns
1724596 ns 1724980 ns 384 ns
1740436 ns 1740820 ns 384 ns
1756292 ns 1756676 ns 384 ns
1772156 ns 1772540 ns 384 ns
1788052 ns 1788436 ns 384 ns
1803952 ns 1804336 ns 384 ns
1819872 ns 1820256 ns 384 ns
1835816 ns 1836200 ns 384 ns
1851868 ns 1852280 ns 412 ns
1867972 ns 1868356 ns 384 ns
1884228 ns 1884612 ns 384 ns
1900540 ns 1900924 ns 384 ns
1916900 ns 1917284 ns 384 ns
1933356 ns 1933740 ns 384 ns
1949888 ns 1950504 ns 616 ns
1966428 ns 1966812 ns 384 ns
1982988 ns 1983372 ns 384 ns
1999560 ns 1999944 ns 384 ns
2016160 ns 2016544 ns 384 ns
2032820 ns 2033204 ns 384 ns
2049488 ns 2049872 ns 384 ns
2066212 ns 2066596 ns 384 ns
2082948 ns 2083332 ns 384 ns
2099692 ns 2100076 ns 384 ns
2116504 ns 2116888 ns 384 ns
2133336 ns 2133720 ns 384 ns
2150276 ns 2150660 ns 384 ns
2167252 ns 2167636 ns 384 ns
2184304 ns 2184688 ns 384 ns
2201724 ns 2202108 ns 384 ns
2219212 ns 2219596 ns 384 ns
2236832 ns 2237216 ns 384 ns
2254456 ns 2254840 ns 384 ns
2272088 ns 2272472 ns 384 ns
2289872 ns 2290256 ns 384 ns
2307744 ns 2308128 ns 384 ns
2325640 ns 2326024 ns 384 ns
2343540 ns 2343924 ns 384 ns
2361480 ns 2361864 ns 384 ns
2379604 ns 2379988 ns 384 ns
2397752 ns 2398136 ns 384 ns
2415916 ns 2416300 ns 384 ns
2434084 ns 2434468 ns 384 ns
2452304 ns 2452688 ns 384 ns
2470596 ns 2470980 ns 384 ns
2488916 ns 2489300 ns 384 ns
2507304 ns 2507688 ns 384 ns
2525720 ns 2526104 ns 384 ns
2544140 ns 2544524 ns 384 ns
2562588 ns 2562972 ns 384 ns
2581080 ns 2581464 ns 384 ns
2599616 ns 2600 us 384 ns
2618260 ns 2618644 ns 384 ns
2636956 ns 2637340 ns 384 ns
2655708 ns 2656092 ns 384 ns
2674604 ns 2674988 ns 384 ns
2693568 ns 2693952 ns 384 ns
2712544 ns 2712928 ns 384 ns
2731524 ns 2731908 ns 384 ns
2750544 ns 2750928 ns 384 ns
2769580 ns 2769964 ns 384 ns
2788636 ns 2789020 ns 384 ns
2807712 ns 2808096 ns 384 ns
2826884 ns 2827268 ns 384 ns
2846132 ns 2846516 ns 384 ns
2865420 ns 2865804 ns 384 ns
2884716 ns 2885100 ns 384 ns
2904072 ns 2904456 ns 384 ns
2923432 ns 2923816 ns 384 ns
2942904 ns 2943288 ns 384 ns
2962408 ns 2962792 ns 384 ns
2981940 ns 2982324 ns 384 ns
3001564 ns 3001948 ns 384 ns
3021312 ns 3021696 ns 384 ns
3041172 ns 3041556 ns 384 ns
3061112 ns 3061500 ns 388 ns
